<?xml version="1.0" encoding="UTF-8" standalone="no"?>
<project id="Project-ID" timestamp="2017/03/01 16:04:31">
  <ruleset id="IMGT-325">
    <target id="A-exon3">
      <parent id="A1B2C2G000038" sequence="GTTCTCACACCCTCCAGAGGGTGTATGGCTGCGACGTGGGGTCGGACTGGCGCTTCCTGCGCGGGTACCACCAGTACGCCTACGACGGCAAGGATTACATCGCCCTGAAAGAGGACCTGCGCTCTTGGACCGCGGCGGACATGGCAGCTCAGACCACCAAGCACAAGTGGGAGGCGGCCCATGTGGCGGAGCAGTGGAGAGCCTACCTGGAGGGCACGTGCGTGGAGTGGCTCCGCAGATACCTGGAGAACGGGAAGGAGACGCTGCAGCGCACGG"/>
      <parent id="A1B1C1G000019" sequence="GTTCTCACACCCTCCAGATGATGTTTGGCTGCGACGTGGGGTCGGACGGGCGCTTCCTCCGCGGGTACCACCAGTACGCCTACGACGGCAAGGATTACATCGCCCTGAAAGAGGACCTGCGCTCTTGGACCGCGGCGGACATGGCGGCTCAGATCACCAAGCGCAAGTGGGAGGCGGCCCATGTGGCGGAGCAGTGGAGAGCCTACCTGGAGGGCACGTGCGTGGAGTGGCTCCGCAGATACCTGGAGAACGGGAAGGAGACGCTGCAGCGCGCGG"/>
      <parent id="A1B2C2G000037" sequence="GGTCTAACAACCTCCAGATAATGTATGGCTGCGACTTGGGGCTGGAAGGGCGCCTCCTCCGCGGGTATGAACAGCACGCCAACGATGGCAAGGATTACATAGCCCGGAACTAGGACCTGCGCTCCTGGACCGCGGCGGACATGGCGGCTCAGATCACCAAGCGCAAGTGGGAGGCAGAAGAATTTGCAGAGCAGATCAGGGCCTACCTGGAGGGCACGTGCGTGGAGAGGCTCGCAGACACCTGGAGAACGGGAAGGAGATGCTGCAGCTCACGG"/>
      <parent id="A1B1C1G000017" sequence="GTTCTCACACCCTCCAGATGATGTTTGGCTGCGACGTGGGGTCGGACGGGCGCTTCCTCCGCGGGTACCACCAGTACGCCTACGACGGCAAGGATTACATCGCCCTGAAAGAGGACCTGCGCTCTTGGACCGCGGCGGACATGGCGGCTCAGATCACCCAGCGCAAGTGGGAGGCGGCCCGTGTGGCGGAGCAGTTGAGAGCCTACCTGGAGGGCACGTGCGTGGACGGGCTCCGCAGATACCTGGAGAACGGGAAGGAGACGCTGCAGCCCACGG"/>
      <parent id="A1B1C1G000018" sequence="GTTCTCACACCATCCAGAGGATGTATGCCTGCGACGTGGGGCCGGACGGGCGCTTCCTCCGCGGGTACCAGCAGGACGCTTACGACGGCAAGGATTACATCGCCCTGAACGAGGACCTGCGCTCTTGGACCGCGGCGGACATGGCGGCTCAGATCACCCAGCGCAAGTGGGAGACGGCCCATGAGGCGGAGCAGTGGAGAGCCTACCTGGAGGGCCGGTGCGTGGAGTGGCTCCGCAGATACCTGGAGAACGGGAAGGAGACGCTGCAGCGCACGG"/>
      <parent id="A1B2C2G000034" sequence="GTTCTCACACCATCCAGATAATGTATGGCTGCGACGTGGGGTCGGACGGGCGCTTCCTCCGCGCGTACCGGCAGGACGCTTACGACGGCAAGGATTACATCGCCCTGAACGAGGACCTGCGCTCTTGGACCGCGGCGGACATGGCGGCTCAGATCACCCAGCGCAAGTGGGAGACGGCCCATGAGGCGGAGCAGTTGAGAGCCTACCTGGAGGGCACGTGCGTGGAGTGGCTCCGCAGATACCTGGAGAACGGGAAGGAGACGCTGCAGCGCACGG"/>
      <parent id="A1B2C2G000036" sequence="GTTCTCACACCATCCAGATGATGTATGGCTGCGACGTGGGGTCGGACGGGCGCTTCCTCCGCGGGTACCAGCAGGACGCCTACGACGGCAAGGATTACATCGCCTTGAACGAGGACCTGCGCTCTTGGACCGCGGCGGACATGGCGGCTCAGATCACCCAGCGCAAGTGGGAGGCGGCCCGTGTGGCGGAGCAGCAGAGAGCCTACCTGGAGGGCACGTGCGTGGAGTGGCTCCGCAGATACCTGGAGAACGGGAAGGAGACGCTGCAGCGCACGG"/>
      <parent id="A1B2C2G000035" sequence="GTTCTCACACCGTCCAGAGGATGTATGGCTGCGACGTGGGGTCGGACTGGCGCTTCCTCCGCGGGTACCACCAGTACGCCTACGACGGCAAGGATTACATCGCCCTGAAAGAGGACCTGCGCTCTTGGACCGCGGCGGACATGGCAGCTCAGACCACCAAGCACAAGTGGGAGGCGGCCCATGTGGCGGAGCAGTTGAGAGCCTACCTGGAGGGCGAGTTCGTGGAGTGGCTCCGCAGATACCTGGAGAACGGGAAGGAGACGCTGCAGCGCACGG"/>
      <parent id="A1B1C1G000022" sequence="GTTCTCACACCATCCAGATAATGTATGGCTGCGACGTGGGGCCGGACGGGCGCTTCCTCCGCGGGTACCGGCAGGACGCCTACGACGGCAAGGATTACATCGCCCTGAACGAGGACCTGCGCTCTTGGACCGCGGCGGACATGGCAGCTCAGATCACCAAGCGCAAGTGGGAGGCGGTCCATGCGGCGGAGCAGCGGAGAGCCTACCTGGATGGCACGTGCGTGGAGTGGCTCCGCAGATACCTGGAGAACGGGAAGGAGACGCTGCAGCGCACGG"/>
      <parent id="A1B1C1G000023" sequence="GTTCTCACACCATCCAGATAATGTATGGCTGCGACGTGGGGCCGGACGGGCGCTTCCTCCGCGGGTACCGGCAGGACGCCTACGACGGCAAGGATTACATCGCCCTGAACGAGGACCTGCGCTCTTGGACCGCGGCGGACATGGCAGCTCAGATCACCAAGCGCAAGTGGGAGGCGGTCCATGCGGCGGGAGCAGCGGAGAGTCTACCTGGAGGGCCGGTGCGTGGACGGGCTCCGCAGATACCTGGAGAACGGGAAGGAGACGCTGCAGCGCACGG"/>
      <parent id="A1B1C1G000020" sequence="GTTCTCACACCCTCCAGATGATGTTTGGCTGCGACGTGGGGTCGGACGGGCGCTTCCTCCGCGGGTATGACCAGGACGCCTACGACGGCAAGGATTACATCGCCCTGAAAGAGGACCTGCGCTCTTGGACCGCGGCGGACATGGCGGCTCAGATCACCAAGCGCAAGTGGGAGGCGGCCCATGTGGCGGAGCAGCAGAGAGCCTACCTGGAGGGCACGTGCGTGGACGGGCTCCGCAGATACCTGGAGAACGGGAAGGAGACGCTGCAGCGCACGG"/>
      <parent id="A1B1C1G000021" sequence="GTTCTCACACCATCCAGATGATGTATGGCTGCGACGTGGGGTCGGACGGGCACTTCCTCCGCGGGTACCGGCAGGACGCCTACGACGGCAAGGATTACATCGCCCTGAAAGAGGACCTGCGCTCTTGGACCGCGGCGGACATGGCAGCTCAGACCACCAAGCACAAGTGGGAGGCGGCCCATGTGGCGGAGCAGTGGAGAGCCTACCTGGAGGGCACGTGCGTGGAGTGGCTCCGCAGATACCTGGAGAACGGGAAGGAGACGCTGCAGCGCACGG"/>
      <parent id="A1B1C1G000026" sequence="GTTCTCACACCATCCAGATAATGTATGGCTGCGACGTGGGGTCGGACGGGCGCTTCCTCCGCGGGTACCGGCAGGACGCCTACGACGGCAAGGATTACATCGCCCTGAAAGAGGACCTGCGCTCTTGGACCGCGGCGGACATGGCAGCTCAGACCACCAAGCACAAGTGGGAGGCGGCCCATGTGGCGGAGCAGTTGAGAGCCTACCTGGATGGCACGTGCGTGGAGTGGCTCCGCAGATACCTGGAGAACGGGAAGGAGACGCTGCAGCGCACGG"/>
      <parent id="A1B1C1G000027" sequence="GTTCTCACACCCTCCAGTGGATGATTGGCTGCGACCTGGGGTCCGACGGACGCCTCATCCGCGGGTATGAACAGTATGCCTACGATGGCAAGGATTACCTCGCCCTGAACGAGGACCTGCGCTCCTGGACCGCAGCGGACACTGCGGCTCAGATCTCCAAGCGCAAGTGTGAGGCGGCCAATGTGGCTGAACAAAGGAGAGCCTACCTGGAGGGCACGTGCGTGGAGTGGCTCCACAGATACCTGGAGAACGGGAAGGAGATGCTGCAGCGCGCGG"/>
      <parent id="A1B1C1G000024" sequence="GTTCTCACACCATCCAGATAATGTATGGCTGCGACGTGGGGCCGGACGGGCGCTTCCTCCGCGGGTACCGGCAGGACGCCTACGACGGCAAGGATTACATCGCCCTGAACGAGGACCTGCGCTCTTGGACCGCGGCGGACATGGCAGCTCAGATCACCAAGCGCAAGTGGGAGGCGGCCCATGTGGCGGAGCAGTTGAGAGCCTACCTGGAGGGCCGGTGCGTGGAGTGGCTCCGCAGATACCTGGAGAACGGGAAGGAGACGCTGCAGCGCACGG"/>
      <parent id="A2B2C2G000060" sequence="GTTCTCACACCGTCCAGAGGATGTGTGGCTGCGACGTGGGGTCGGACTGGCGCTTCCTCCGCGGGTACCACCAGTACGCCTACGACGGCAAGGATTACATCGCCCTGAAAGAGGACCTGCGCTCTTGGACCGCGGCGGACATGGCAGCTCAGACCACCAAGCACAAGTGGGAGACGGCCCATGAGGCGGAGCAGTGGAGAGCCTACCTGGAGGGCACGTGCGTGGAGTGGCTCCGCAGATACCTGGAGAACGGGAAGGAGACGCTGCAGCGCACGG"/>
      <parent id="A1B1C1G000025" sequence="GTTCTCACACCATCCAGATAATGTATGGCTGCGACGTGGGGTCGGACGGGCGCTTCCTCCGCGGGTACCAGCAGGACGCCTACGACGGCAAGGATTACATCGCCTTGAACGAGGACCTGCGCTCTTGGACCGCGGCGGACATGGCGGCTCAGATCACCCAGCGCAAGTGGGAGGCGGCCCGTGTGGCGGAGCAGTTGAGAGCCTACCTGGAGGGCACGTGCGTGGAGTGGCTCCGCAGACACCTGGAGAACGGGAAGGAGACGCTGCAGCGCACGG"/>
      <parent id="A1B2C2G000021" sequence="GTTCTCACACCATCCAGATGATGTATGGCTGCGACGTGGGGTCGGACGGGCGCTTCCTCCGCGGGTACCGGCAGGACGCCTACGACGGCAAGGATTACATCGCCCTGAAAGAGGACCTGCGCTCTTGGACCGCGGCGGACATGGCAGCTCAGACCACCAAGCACAAGTGGGAGGCGGCCCATGTGGCGGAGCAGCTGAGAGCCTACCTGGAGGGCACGTGCGTGGAGTGGCTCCGCAGATACCTGGAGAACGGGAAGGAGACGCTGCAGCGCACGG"/>
      <parent id="A1B2C2G000020" sequence="GTTCTCACACCCTCCAGATGATGTTTGGCTGCGACGTGGGGTCGGACGGGCGCTTCCTCCGCGGGTATGAACAGCACGCCTACGACGGCAAGGATTACATCGCCCTGAAAGAGGACCTGCGCTCTTGGACCGCGGCGGACATGGCGGCTCAGATCACCAAGCGCAAGTGGGAGGCGGCCCATGTGGCGGAGCAGCAGAGAGCCTACCTGGAGGGCACGTGCGTGGACGGGCTCCGCAGATACCTGGAGAACGGGAAGGAGACGCTGCAGCGCACGG"/>
      <parent id="A1B2C2G000027" sequence="GTTCTCATACCCTCCAGTGGATGATTGGCTGCGACCTGGGGTCCGACGGACGCCTCCTCCGCGGGTATGAACAGTATGCCTACGATGGCAAGGATTACCTCGCCCTGAACGAGGACCTGCGCTCCTGGACCGCAGCGGACACTGCGGCTCAGATCTCCAAGCGCAAGTGTGAGGCGGCCAATGTGGCTGAACAAAGGAGAGCCTACCTGGAGGGCACGTGCGTGGAGTGGCTCCACAGATACCTGGAGAACGGGAAGGAGATGCTGCAGCGCGCGG"/>
      <parent id="A1B1C1G000028" sequence="GTTCTCACACCATGCAGGTGATGTATGGCTGCGACGTGGGGCCCGACGGGCGCTTCCTCCGCGGGTATGAACAGCACGCCTACGACGGCAAGGATTACATCGCTCTGAACGAGGACCTGCGCTCCTGGACCGCGGCGGACATGGCAGCTCAGATCACCAAGCGCAAGTGGGAGGCGGCCCGTCGGGCGGAGCAGCTGAGAGCCTACCTGGAGGGCGAGTTCGTGGAGTGGCTCCGCAGATACCTGGAGAACGGGAAGGAGACGCTGCAGCGCGCGG"/>
      <parent id="A1B2C2G000028" sequence="GTTCCCACACCATGCAGGTGATGTATGGCTGCGACGTGGGGCCCGACGGGCGCTTCCTCCGCGGGTATGAACAGCACGCCTACGACGGCAAGGATTACATCGCTCTGAACGAGGACCTGCGCTCCTGGACCGCGGCGGACATGGCAGCTCAGATCACCAAGCGCAAGTGGGAGGCGGCCCGTGTGGCGGAGCAGCTGAGAGCCTACCTGGAGGGCGAGTTCGTGGAGTGGCTCCGCAGATACCTGGAGAACGGGAAGGAGACGCTGCAGCGCGCGG"/>
      <parent id="A1B1C1G000029" sequence="GTTCTCATACCCTCCAGTGGATGATTGGCTGCGACCTGGGGTCCGACGGACGCCTCCTCCGCGGGTATGAACAGTATGCCTACGATGGCAAGGATTACCTCGCCCTGAACGAGGACCTGCGCTCCTGGACCGCAGCGGACACTGCGGCTCAGATCTCCAAGCGCAAGTGTGAGGCGGCCAATGTGGCTGAACAAAGGAGAGCCTACCTGGAGGGCACGTGCGTGGAGTGGCTCCGCAGACACCTGGAGAACGGGAAGGAGATGCTGCAGCGCGCGG"/>
      <parent id="A1B2C2G000022" sequence="GTTCTCACACCATCCAGATAATGTATGGCTGCGACGTGGGGCCGGACGGGCGCTTCCTCCGCGGGTACCGGCAGGACGCCTACGACTGCAAGGATTACATCGCCCTGAACGAGGACCTGCGCTCTTGGACCGCGGCGGACATGGCAGCTCAGATCACCAAGCGCAAGTGGGAGGCGGTCCATGCGGCGGAGCAGCGGAGAGTCTACCTGGAGGGCACGTGCGTGGAGTGGCTCCGCAGATACCTGGAGAACGGGAAGGAGACGCTGCAGCGCACGG"/>
      <parent id="A1B2C2G000025" sequence="GTTCTCACACCATCCAGATGATGTATGGCTGCGACGTGGGGTCGGACGGGCGCTTCCTCCGCGGGTACCAGCAGGACGCCTACGACGGCAAGGATTACATCGCCCTGAACGAGGACCTGCGCTCTTGGACCGCGGCGGACATGGCGGCTCAGATCACCCAGCGCAAGTGGGAGGCGGCCCGTGTGGCGGAGCAGTTGAGAGCCTACCTGGAGGGCACGTGCGTGGAGTGGCTCCGCAGACACCTGGAGAACGGGAAGGAGACGCTGCAGCGCACGG"/>
      <parent id="A1B2C2G000024" sequence="GTTCTCACACCATCCAGATAATGTATGGCTGCGACGTGGGGCCGGACGGGCGCTTCCTCCGCGGGTACCGGCAGGACGCCTACGACGGCAAGGATTACATCGCCCTGAACGAGGACCTGCGCTCTTGGACCGCGGCGGACATGGCAGCTCAGACCACCAAGCGCAAGTGGGAGGCGGCCCATGTGGCGGAGCAGTTGAGAGCCTACCTGGAGGGCACGTGCGTGGAGTGGCTCCGCAGATACCTGGAGAACGGGAAGGAGACGCTGCAGCGCACGG"/>
      <parent id="A1B1C1G000033" sequence="GTTCTCACACCATCCAGATAATGTATGGCTGCGACGTGGGGTCGGACGGGCGCTTCCTCCGCGGGTACCGGCAGGACGCCTACGACGGCAAGGATTACATCGCCCTGAACGAGGACCTGCGCTCTTGGACCGCGGCGGACATGGCGGCTCAGATCACCAAGCGCAAGTGGGAGGCGGCCCGTCGGGCGGAGCAGCTGAGAGCCTACCTGGAGGGCGAGTGCGTGGACGGGCTCCGCAGATACCTGGAGAACGGGAAGGAGACGCTGCAGCGCACGG"/>
      <parent id="A1B1C1G000034" sequence="GTTCTCACACCATCCAGATAATGTATGGCTGCGACGTGGGGTCGGACGGGCGCTTCCTCCGCGGGTACCGGCAGGACGCTTACGACGGCAAGGATTACATCGCCCTGAACGAGGACCTGCGCTCTTGGACCGCGGCGGACATGGCGGCTCAGATCACCCAGCGCAAGTGGGAGACGGCCCATGAGGCGGAGCAGCTGAGAGCCTACCTGGAGGGCACGTGCGTGGAGTGGCTCCGCAGATACCTGGAGAACGGGAAGGAGACGCTGCAGCGCACGG"/>
      <parent id="A1B1C1G000031" sequence="GTTCTCACACCCTCCAGATGATGTTTGGCTGCGACGTGGGGTCGGACGGGCGCTTCCTCCGCGGGTATGAACAGCACGCCTACGACGGCAAGGATTACATCGCCCTGAAAGAGGACCTGCGCTCTTGGACCGCGGCGGACATGGCGGCTCAGATCACCCAGCGCAAGTGGGAGGCGGCCCGTGTGGCGGAGCAGTTGAGAGCCTACCTGGAGGGCACGTGCGTGGACGGGCTCCGCAGATACCTGGAGAACGGGAAGGAGACGCTGCAGCGCACGG"/>
      <parent id="A1B1C1G000032" sequence="GTTCTCACACCATCCAGATAATGTATGGCTGCGACGTGGGGCCGGACGGGCGCTTCCTCCGCGGGTACCACCAGTACGCCTACGACGGCAAGGATTACATCGCCCTGAAAGAGGACCTGCGCTCTTGGACCGCGGCGGACATGGCAGCTCAGACCACCAAGCACAAGTGGGAGGCGGCCCATGTGGCGGAGCAGTTGAGAGCCTACCTGGAGGGCACGTGCGTGGAGTGGCTCCGCAGATACCTGGAGAACGGGAAGGAGACGCTGCAGCGCACGG"/>
      <parent id="A1B1C1G000037" sequence="GGTCTAACACCCTCCAGATAATGTATGGCTGCGACTTGGGGCTGGAAGGGCGCCTCCTCCGCGGGTATGAACAGCACGCCAACGATGGCAAGGATTACATAGCCCGGAACTAGGACCTGCGCTCCTGGACCGCGGCGGACATGGCGGCTCAGATCACCAAGCGCAAGTGGGAGGCAGAAGAATTTGCAGAGCAGATCAGGGCCTACCTGGAGGGCACGTGCGTGGAGAGGCTCGCAGACACCTGGAGAACGGGAAGGAGACGCTGCAGCTCACGG"/>
      <parent id="A1B2C2G000019" sequence="GTTCTCACACCCTCCAGATGATGTTTGGCTGCGACGTGGGGTCGGACGGGCGCTTCCTCCGCGGGTACCACCAGTACGCCTACGACGGCAAGGATTACATCGCCCTGAAAGAGGACCTGCGCTCTTGGACCGCGGCGGACATGGCGGCTCAGATCACCAAGCGCAAGTGGGAGGCGGCCCATGTGGCGGAGCAGTTGAGAGCCTACCTGGAGGGCACGTGCGTGGAGTGGCTCCGCAGATACCTGGAGAACGGGAAGGAGACGCTGCAGCGCACGG"/>
      <parent id="A1B1C1G000038" sequence="GTTCTCACACCCTCCAGAGGATGTATGGCTGCGACGTGGGGTCGGACTGGCGCTTCCTGCGCGGGTACCACCAGTACGCCTACGACGGCAAGGATTACATCGCCCTGAAAGAGGACCTGCGCTCTTGGACCGCGGCGGACATGGCAGCTCAGACCACCAAGCACAAGTGGGAGGCGGCCCGTGAGGCGGAGCAGTGGAGAGCCTACCTGGAGGGCACGTGCGTGGAGTGGCTCCGCAGATACCTGGAGAACGGGAAGGAGACGCTGCAGCGCACGG"/>
      <parent id="A1B1C1G000035" sequence="GTTCTCACACCGTCCAGAGGATGTATGGCTGCGACGTGGGGTCGGACTGGCGCATCCTCCGCGGGTACCACCAGTACGCCTACGACGGCAAGGATTACATCGCCCTGAAAGAGGACCTGCGCTCTTGGACCGCGGCGGACATGGCAGCTCAGACCACCAAGCACAAGTGGGAGGCGGCCCATGTGGCGGAGCAGTTGAGAGCCTACCTGGAGGGCGAGTGCGTGGAGTGGCTCCGCAGATACCTGGAGAACGGGAAGGAGACGCTGCAGCGCACGG"/>
      <parent id="A1B1C1G000036" sequence="GTTCTCACACCATCCAGATGATGTATGGCTGCGACGTGGGGTCGGACGGGCGCTTCCTCCGCGGGTACCGGCAGGACGCCTACGACGGCAAGGATTACATCGCCTTGAACGAGGACCTGCGCTCTTGGACCGCGGCGGACATGGCGGCTCAGATCACCCAGCGCAAGTGGGAGGCGGCCCATGAGGCGGAGCAGCAGAGAGCCTACCTGGAGGGCACGTGCGTGGAGTGGCTCCGCAGATACCTGGAGAACGGGAAGGAGACGCTGCAGCGCACGG"/>
      <parent id="A1B1C2G000091" sequence="GGTATCACATCCTCCAGGGAATGTTTGGCTGCGACCTGGGGCCCGACGGGCGTCTCCTCCGCGGGTATGAGCAGTATGCCTACGACGGCAAGGATTACATCGCCCTGAACGAGGACCTGCGCTCCTGGACCGCCGCGGATACCGCGGCTCAGATTACCCAGCGCAAGTATGAGGCGGCCAATGTGGCTGAGCAAAGGAGAGCCTACCTGGAGGGCACCTGCATGGAGTGGCTCCGCAGACACCTGGAGAACGGGAAGGAGACGCTGCAGCGCGCGG"/>
      <parent id="A1B1C2G000097" sequence="GTTCTCACACCATCCAGATAATGTATGGCTGCGACGTGGGGTCGGACGGGCGCTTCCTCCGCGGGTATGAACAGCACGCCTACGACGGCAAGGATTACATCGCCCTGAACGAGGACCTGCGCTCTTGGACCGCGGCGGACATGGCGGCTCAGATCACCAAGCGCAAGTGGGAGGCGGCCCATGAGGCGGAGCAGTTGAGAGCCTACCTGGATGGCACGTGCGTGGAGTGGCTCCGCAGATACCTGGAGAACGGGAAGGAGACGCTGCAGCGCACGG"/>
      <parent id="A1B1C1G000030" sequence="GTTCTCATACCCTCCAGTGGATGATTGGCTGCGACCTGGGGTCCGACGGACGCCTCCTCCGCGGGTATGAACAGTATGCCTACGATGGCAAGGATTACCTCGCCCTGAACGAGGACTGCGCTCCTGGACCGCAGCGGACACTGCGGCTCAGATCTCCAAGCGCAAGTGTGAGGCGGCCAATGTGGCTGAACAAAGGAGAGCCTACCTGGAGGGCACGTGCGTGGAGTGGCTCCACAGATACCTGGAGAACGGGAAGGAGATGCTGCAGCGCGCGG"/>
      <parent id="A1B1C2G000095" sequence="GTTCTCACACCATCCAGAGGATGTATGGCTGCGACGTGGGGCCGGACGGGCGCTTCCTCCGCGGGTACCAGCAGGACGCTTACGACGGCAAGGATTACATCTCCCTGAACGAGGACCTGCGCTCTTGGACCGCGGCGGACATGGCGGCTCAGATCACCCAGCGCAAGTGGGAGACGGCCCATGAGGCGGAGCAGTGGAGAGCCTACCTGGAGGGCACGTGCGTGGAGTGGCTCCGCAGATACCTGGAGAACGGGAAGGAGACGCTGCAGCGCACGG"/>
      <parent id="A2B2C2G000057" sequence="GGTCTCACACCCTGCAGTGGATGCATGGCTGCGAGCTGGGGCCCGACGGGCGCTTCCTCCGCGGGTATGAACAGTTCGCCTACGACGGCAAGGATTATCTCACCCTGAATGAGGACCTGCGCTCCTGGACCGCGGTGGACACGGCGGCTCAGATCTCCGAGCAAAAGTCAAATGATGCTTCTGAGGCGGAGCACCAGAGAGCCTACCTGGAAGACACATGCGTGGAGTGGCTCCACAAATACCTGGAGAAGGGGAAGGAGACGCTGCTTCACCTGG"/>
      <parent id="A1B2C2G000010" sequence="GTTCTCACACCATCCAGAGGATGTATGGCTGCGACGTGGGGCCGGACGGGCGCTTCCTCCGCGGGTACCAGCAGGACGCTTACGACGGCAAGGATTACATCGCCCTGAACGAGGACCTGAGCTCTTGGACCGCGGCGGACATGGCGGCTCAGATCACCCAGCGCAAGTGGGAGACGGCCCATGAGGCGGAGCAGTGGAGAGCCTACCTGGAGGGCCGGTGCGTGGAGTGGCTCCGCAGATACCTGGAGAACGGGAAGGAGACGCTGCAGCGCACGG"/>
      <parent id="A2B1C1G000028" sequence="GTTCTCACACCATGCAGGTGATGTATGGCTGCGACGTGGGGCCCGACGGGCGCTTCCTCCGCGGGTATGAACAGCACGCCTACGACGGCAAGGATTACATCGCCCTGAACGAGGACCTGCGCTCCTGGACCGCGGCGGACATGGCAGCTCAGATCACCAAGCGCAAGTGGGAGGCGGCCCGTCGGGCGGAGCAGCTGAGAGCCTACCTGGAGGGCGAGTTCGTGGAGTGGCTCCGCAGATACCTGGAGAACGGGAAGGAGACGCTGCAGCGCGCGG"/>
      <parent id="A2B1C1G000024" sequence="GTTCTCACACCATCCAGATAATGTATGGCTGCGACGTGGGGCCGGACGGGCGCTTCCTCCGCGGGTACCGGCAGGACGCCTACGACGGCAAGGATTACATCGCCCTGAACGAGGACCTGCGCTCTTGGACCGCGGCGGACATGGCAGCTCAGATCACCAAGCGCAAGTGGGAGGCGGCCCATGTGGCGGAGCAGTGGAGAGCCTACCTGGAGGGCCGGTGCGTGGAGTGGCTCCGCAGATACCTGGAGAACGGGAAGGAGACGCTGCAGCGCACGG"/>
      <parent id="A1B1C1G000118" sequence="GTTCTCACACCATCCAGATGATGTATGGCTGCCACGTGGGGTCGGACGGGCGCTTCCTCCGCGGGTACCGGCAGGACGCCTACGACGGCAAGGATTACATCGCCTTGAACGAGGACCTGCGCTCTTGGACCGCGGCGGACATGGCGGCTCAGATCACCCAGCGCAAGTGGGAGGCGGCCCGTGTGGCGGAGCAGCGGAGAGCCTACCTGGAGGGCACGTGCGTGGAGTGGCTCCGCAGATACCTGGAGAACGGGAAGGAGACGCTGCAGCGCACGG"/>
      <parent id="A1B1C1G000119" sequence="GTTCTCACACCCTCCAGATGATGTATGGCTGCGACGTGGGGCCGGACGGGCGCTTCCTCCGCGGGTACCGGCAGGACGCCTACGACGGCAAGGATTACATCGCCCTGAACGAGGACCTGCGCTCTTGGACCGCGGCGGACATGGCAGCTCAGATCACCAAGCGCAAGTGGGAGGCGGTCCATGCGGCGGAGCAGCGGAGAGTCTACCTGGAGGGCACGTGCGTGGAGTGGCTCCGCAGATACCTGGAGAACGGGAAGGAGACGCTGCAGCGCACGG"/>
      <parent id="A1B2C2G000015" sequence="GTCCTCACACCATCCAGATAATGTATGGCTGCGACGTGGGGTCGGACGGGCGCTTCCTCCGCGGGTACCGGCAGGACGCCTACGACGGCAAGGATTACATCGCCCTGAACGAGGACCTGCGCTCTTGGACCGCGGCGGACATGGCGGCTCAGATCACCAAGCGCAAGTGGGAGGCGGCCCATGTGGCGGAGCAGCAGAGAGCCTACCTGGATGGCACGTGCGTGGAGTGGCTCCGCAGATACCTGGAGAACGGGAAGGAGACGCTGCAGCGCACGG"/>
      <parent id="A1B1C1G000116" sequence="GTTCTCACACCGTCCAGAGGATGTGTGGCTGCGACGTGGGGTCGGACTGGCGCTTCCTCCGCGGGTACCACCAGTACGCCTACGACGGCAAGGATTACATCGCCCTGAAAGAGGACCTGCGCTCTTGGACCGCGGCGGACATGGCAGCTCAGATCACCAAGCGCAAGTGGGAGGCGGCCCATGCGGCGGAGCAGTTGAGAGCCTACCTGGAGGGCACGTGCGTGGAGTGGCTCCGCAGATACCTGGAGAACGGGAAGGAGACGCTGCAGCGCACGG"/>
      <parent id="A1B2C2G000018" sequence="GTTCTCACACCATCCAGAGGATGTATGGCTGCGACGTGGGGCCGGACGGGCGCTTCCTCCGCGGGTACCAGCAGGACGCTTACGACGGCAAGGATTACATCGCCCTGAACGAGGACCTGCGCTCTTGGACCGCGGCGGACATGGCGGCTCAGATCACCCAGCGCAAGTGGGAGACGGCCCATGAGGCGGAGCAGTGGAGAGCCTACCTGGAGGGCACGTGCGTGGAGTGGCTCCGCAGATACCTGGAGAACGGGAAGGAGACGCTGCAGCGCACGG"/>
      <parent id="A1B2C2G000017" sequence="GTTCTCACACCCTCCAGATGATGTTTGGCTGCGACGTGGGGTCGGACGGGCACTTCCTCCGCGGGTACCACCAGTACGCCTACGACGGCAAGGATTACATCGCCCTGAAAGAGGACCTGCGCTCTTGGACCGCGGCGGACATGGCGGCTCAGATCACCCAGCGCAAGTGGGAGGCGGCCCGTGTGGCGGAGCAGTTGAGAGCCTACCTGGAGGGCACGTGCGTGGACGGGCTCCGCAGATACCTGGAGAACGGGAAGGAGACGCTGCAGCGCACGG"/>
      <parent id="A1B1C1G000117" sequence="GTTCTCACACCATCCAGAGGATGTATGGCTGCGACGTGGGGCCGGACGGGCGCTTCCTCCGCGGGTACCGGCAGGACGCCTACGACGGCAAGGATTACATCGCCCTGAACGAGGACCTGCGCTCTTGGACCGCGGCGGACATGGCGGCTCAGATCACCAAGCGCAAGTGGGAGGCGGCCCATGAGGCGGAGCAGTTGAGAGCCTACCTGGATGGCACGTGCGTGGAGTGGCTCCGCAGATACCTGGAGAACGGGAAGGAGACGCTGCAGCGCACGG"/>
      <parent id="A1B2C2G000011" sequence="GTTCTCACACCATCCAGATAATGTATGGCTGCGACGTGGGGCCGGACGGGCGCTTCCTCCGCGGGTACCGGCAGGACGCCTACGACGGCAAGGATTACATCGCCCTGAACGAGGACCTGCGCTCTTGGACCGCGGCGGACATGGCAGCTCAGATCACCAAGCGCAAGTGGGAGGCGGTCCATGCGGCGGAGCAGCGGAGAGTCTACCTGGAGGGCAGGTGCGTGGACGGGCTCCGCAGATACCTGGAGAACGGGAAGGAGACGCTGCAGCGCACGG"/>
      <parent id="A1B2C2G000014" sequence="GTTCTCACACCGTCCAGAGGATGTATGGCTGCGACGTGGGGCCGGACGGGCGCTTCCTCCGCGGGTACCGGCAGGACGCCTACGACGGCAAGGATTACATCGCCCTGAACGAGGACCTGCGCTCTTGGACCGCGGCGGACATGGCAGCTCAGATCACCAAGCGCAAGTGGGAGGCGGTCCATGCGGCGGAGCAGCGGAGAGTCTACCTGGAGGGCCGGTGCGTGGACGGGCTCCGCAGATACCTGGAGAACGGGAAGGAGACGCTGCAGCGCACGG"/>
      <parent id="A1B2C2G000013" sequence="GTTCTCACACCCTCCAGAGGATGTATGGCTGCGACGTGGGGTCGGACGGGCGCTTCCTCCGCGGGTACCGGCAGGACGCCTACGACGGCAAGGATTACATCGCCCTGAAAGAGGACCTGCGCTCTTGGACCGCGGCGGACATGGCAGCTCAGACCACCAAGCACAAGTGGGAGGCGGCCCATGTGGCGGAGCAGTGGAGAGCCTACCTGGAGGGCACGTGCGTGGAGTGGCTCCGCAGATACCTGGAGAACGGGAAGGAGACGCTGCAGCGCACGG"/>
      <parent id="A1B1C1G000121" sequence="GTTCTCACACCATGCAGGTGATGTATGGCTGCGACGTGGGGCCCGACGGGCCTTTCCTCCGCGGGTATGAACAGCACGCCTACGACGGCAAGGATTACATCGCCCTGAACGAGGACCTGCGCTCCTGGACCGCGGCGGACATGGCAGCTCAGATCACCAAGCGCAAGTGGGAGGCGGCCCGTCGGGCGGAGCAGCGGAGAGTCTACTTGGAGGGCGAGTTCGTGGAGTGGCTCCGCAGATACTTGGAGAACGGGAAGGAGACGCTGCAGCGCGCGG"/>
      <parent id="A1B1C1G000000" sequence="GTTCTCACACCCTCCAGATGATGTTTGGCTGCGACGTGGGGTCGGACGGGCGCTTCCTCCGCGGGTACCGGCAGGACGCCTACGACGGCAAGGATTACATCGCCCTGAACGAGGACCTGCGCTCTTGGACCGCGGCGGACATGGCGGCTCAGATCACCCAGCGCAAGTGGGAGGCGGCCCGTGTGGCGGAGCAGTTGAGAGCCTACCTGGAGGGCACGTGCGTGGACGGGCTCCGCAGATACCTGGAGAACGGGAAGGAGACGCTGCAGCGCACGG"/>
      <parent id="A1B1C1G000001" sequence="GTTCTCACACCCTCCAGATGATGTTTGGCTGCGACGTGGGGTCGGACGGGCGCTTCCTCCGCGGGTACCACCAGTACGCCTACGACGGCAAGGATTACATCGCCCTGAAAGAGGACCTGCGCTCTTGGACCGCGGCGGACATGGCGGCTCAGATCACCAAGCGCAAGTGGGAGGCGGCCCATGCGGCGGAGCAGCAGAGAGCCTACCTGGAGGGCCGGTGCGTGGAGTGGCTCCGCAGATACCTGGAGAACGGGAAGGAGACGCTGCAGCGCACGG"/>
      <parent id="A1B1C1G000122" sequence="GTTCTCACACCATCCAGATGATGTATGGCTGCGACGTGGGGTCGGACGGGCGCTTCCTCCGCGGGTACCAGCAGGACGCCTACGACGGCAAGGATTACATCGCCTTGAACGAGGACCTGCGCTCTTGGACCGCGGCGGACATGGCAGCTCAGATCACCAAGCGCAAGTGGGAGGCGGCCCATGCGGCGGAGCAGCAGAGAGCCTACCTGGAGGGCCGGTGCGTGGAGTGGCTCCGCAGATACCTGGAGAACGGGAAGGAGACGCTGCAGCGCACGG"/>
      <parent id="A1B1C1G000120" sequence="GTTCTCACACCATCCAGATAATGTATGGCTGCGACGTGGGGCCGGACGGGCGCTTCCTCCGCGGGTACCGGCAGGACGCCTACGACGGCAAGGATTACATCGCCCTGAACGAGGACCTGCGCTCTTGGACCGCGGCGGACATGGCAGCTCAGATCACCAAGCGCAAGTGGGAGGCGGTCCATGCGGCGGAGCAGCGGAGAGTCTACCTGGAGGGCCGGTGCGTGGACGGGCTCCGCAGATACCTGGAGAACGGGAAGGAGACGCTGAGCGCACGG"/>
      <parent id="A1B2C2G000009" sequence="GTTCTCACACCATCCAGATGATGTATGGCTGCCACGTGGGGTCGGACGGGCGCTTCCTCCGCGGGTACCGGCAGGACGCCTACGACGGCAAGGATTACATCGCCTTGAACGAGGACCTGCGCTCTTGGACCGCGGCGGACATGGCGGCTCAGATCACCCAGCGCAAGTGGGAGGCGGCCCGTGTGGCGGAGCAGTTGAGAGCCTACCTGGAGGGCACGTGCGTGGAGTGGCTCCGCAGATACCTGGAGAACGGGAAGGAGACGCTGCAGCGCACGG"/>
      <parent id="A1B1C1G000004" sequence="GTTCTCACACCATCCAGATAATGTATGGCTGCGACGTGGGGCCGGACGGGCGCTTCCTCCGCGGGTACCGGCAGGACGCCTACGACGGCAAGGATTACATCGCCCTGAACGAGGACCTGCGCTCTTGGACCGCGGCGGACATGGCAGCTCAGATCACCAAGCGCAAGTGGGAGGCGGCCCATGCGGCGGAGCAGCAGAGAGCCTACGTGGAGGGCCGGTGCGTGGAGTGGCTCCGCAGATACCTGGAGAACGGGAAGGAGACGCTGCAGCGCACGG"/>
      <parent id="A1B1C1G000125" sequence="GTTCTCACACCATCGACGTGATGTATGGCTGCGACGTGGGGCCCGACGGGCGCTTCCTCCGCGGGTATGAACAGTACGCCTACGACAGCAAGGATTACATCGCTCTGACCGAGGACCTGCGCTCCTGGACCGCGGCGGACATGGCAGCTCAGATCACCAAGCGCAAGTGGGAGGCGGCCCGTCAGGCGGAGCAGCTGAGAGCCTACCTGGAGGGCGAGTTCGTGGAGTGGCTCCGCAGATACCTGGAGAACGGGAAGGAGACGCTGCAGCGCGCGG"/>
      <parent id="A1B1C1G000126" sequence="GTTCTCACACCATCCAGAGGATGTATGGCTGCGACGTGGGGCCGGACGGGCGCTTCCTCCGCGGGTACCAGCAGGACGCTTACGACGGCAAGGATTACATCGCCCTGAACGAGGACCTGCGCTCTTGGACCGCGGCGGACATGGCGGCTCAGATCACCCAGCGCAAGTGGGAGACTCCGCCCATGAGGCGGAGCAGTGGAGAGCCTACCTGGAGGGCCGGTGCGTGGAGTGGCTCCGCAGATACCTGGAGAACGGGAAGGAGACGCTGCAGCGCACGG"/>
      <parent id="A1B1C1G000005" sequence="GTTCTCACACCATCCAGATAATGTATGGCTGCGACGTGGGGTCGGACGGGCGCTTCCTCCGCGGGTATGAACAGCACGCCTACGACGGCAAGGATTACATCGCCCTGAACGAGGACCTGCGCTCTTGGACCGCGGCGGACATGGCGGCTCAGATCACCCAGCGCAAGTGGGAGGCGGCCCGTCGGGCGGAGCAGTTGAGAGCCTACCTGGAGGGCACGTGCGTGGAGTGGCTCCGCAGATACCTGGAGAACGGGAAGGAGACGCTGCAGCGCACGG"/>
      <parent id="A1B2C2G000008" sequence="GTTCTCACACCCTCCAGATGATGTTTGGCTGCGACGTGGGGTCGGACGGGCGCTTCCTCCGCGGGTACCACCAGTACGCCTACGACGGCAAGGATTACATCGCCCTGAAAGAGGACCTGCGCTCTTGGACCGCGGCGGACATGGCGGCTCAGATCACCAAGCGCAAGTGGGAGGCGGCCCATGTGGCGGAGCAGCAGAGAGCCTACCTGGAGGGCACGTGCGTGGACGGGCTCCGCAGATACCTGGAGAACGGGAAGGAGACGCTGCAGCGCACGG"/>
      <parent id="A1B1C1G000123" sequence="GTTCTCACACCCTCAGATGATGTTTGGCTGCGACGTGGGGTCGGACGGGCGCTTCCTCCGCGGGTACCACCAGTACGCCTACGACGGCAAGGATTACATCGCCCTGAAAGAGGACCTGCGCTCTTGGACCGCGGCGGACATGGCGGCTCAGATCACCAAGCGCAAGTGGGAGGCGGCCCATGTGGCGGAGCAGCAGAGAGCCTACCTGGAGGGCACGTGCGTGGACGGGCTCCGCAGATACCTGGAGAACGGGAAGGAGACGCTGCAGCGCACGG"/>
      <parent id="A1B1C1G000002" sequence="GTTCTCACACCGTCCAGAGGATGTATGGCTGCGACGTGGGGACGGACTGGCGCTTCCTCCGCGGGTACCACCAGTACGCCTACGACGGCAAGGATTACATCGCCCTGAAAGAGGACCTGCGCTCTTGGACCGCGGCGGACATGGCAGCTCAGACCACCAAGCACAAGTGGGAGGCGGCCCATGTGGCGGAGCAGTTGAGAGCCTACCTGGAGGGCACGTGCGTGGAGTGGCTCCGCAGATACCTGGAGAACGGGAAGGAGACGCTGCAGCGCACGG"/>
      <parent id="A1B1C1G000003" sequence="GTTCTCACACCATCCAGAGGATGTATGGCTGCGACGTGGGGCCGGACGGGCGCTTCCTCCGCGGGTACCACCAGTACGCCTACGACGGCAAGGATTACATCGCCCTGAAAGAGGACCTGCGCTCTTGGACCGCAGCGGACATGGCAGCTCAGACCACCAAGCACAAGTGGGAGGCGGCCCATGTGGCGGAGCAGTGGAGAGCCTACCTGGAGGGCACGTGCGTGGAGTGGCTCCGCAGATACCTGGAGAACGGGAAGGAGACGCTGCAGCGCACGG"/>
      <parent id="A1B1C1G000124" sequence="GTTCTCACACCATCCAGATAATGTATGGCTGCGACGTGGGGTCGGACGGGCGCTTCCTCCGCGGGTACCGGCAGGACGCCTACGACGGCAAGGATTACATCGCCCTGAACGAGGACCTGCGCTCTTGGACCGCGGCGGACATGGCGGCTCAGATCACCAAGCGCAAGTGGGAGGCGGAGCAGTTGAGAGCCTACCTGGATGGCACGTGCGTGGAGTGGCTCCGCAGATACCTGGAGAACGGGAAGGAGACGCTGCAGCGCACGG"/>
      <parent id="A1B1C1G000008" sequence="GTTCTCACACCCTCCAGAAGATGTTTGGCTGCGACGTGGGGTCGGACGGGCGCTTCCTCCGCGGGTACCACCAGTACGCCTACGACGGCAAGGATTACATCGCCCTGAAAGAGGACCTGCGCTCTTGGACCGCGGCGGACATGGCGGCTCAGATCACCAAGCGCAAGTGGGAGGCGGCCCATGTGGCGGAGCAGCAGAGAGCCTACCTGGAGGGCACGTGCGTGGACGGGCTCCGCAGATACCTGGAGAACGGGAAGGAGACGCTGCAGCGCACGG"/>
      <parent id="A1B1C1G000129" sequence="GTTCTCACACCCTCCAGATAATGTATGGCTGCGACGTGGGGCCGGACGGGCGCTTCCTCCGCGGGTACCACCAGTACGCCTACGACGGCAAGGATTACATCGCCCTGAAAGAGGACCTGCGCTCTTGGACCGCGGCGGACATGGCGGCTCAGATCACCAAGCGCAAGTGGGAGGCGGCCCATGTGGCGGAGCAGCAGAGAGCCTACCTGGAGGGCACGTGCGTGGACGGGCTCCGCAGATACCTGGAGAACGGGAAGGAGACGCTGCAGCGCACGG"/>
      <parent id="A1B2C2G000005" sequence="GTTCTCACACCATCCAGATAATGTATGGCTGCGACGTGGGGTCGGACGGGCGCTTCCTCCGCGGGTATGAACAGCACGCCTACGACGGCAAGGATTACATCGCCCTGAACGAGGACCTGCGCTCTTGGACCGCGGCGGACATGGCGGCTCAGATCACCCAGAGCAAGTGGGAGGCGGCCCGTTGGGCGGAGCAGTTGAGAGCCTACCTGGAGGGCACGTGCGTGGAGTGGCTCCGCAGATACCTGGAGAACGGGAAGGAGACGCTGCAGCGCACGG"/>
      <parent id="A1B2C1G000102" sequence="GTTCTCACACCCTCCAGATGATGTTTGGCTGCGACGTGGGGCCGGACGGGCGCCTCCTCCGCGGGTACCAGCAGGACGCCTACGACGGCAAGGATTACATCGCCCTGAAAGAGGACCTGCGCTCTTGGACCGCGGCGGACATGGCGGCTCAGATCACCCAGCGCAAGTGGGAGGCGGCCCGTGTGGCGGAGCAGTTGAGAGCCTACCTGGAGGGCACGTGCGTGGACGGGCTCCGCAGATACCTGGAGAACGGGAAGGAGACGCTGCAGCGCACGG"/>
      <parent id="A1B1C1G000009" sequence="GTTCTCACACCATCCAGATGATGTATGGCTGCGACGTGGGGCCGGACGGGCGCTTCCTCCGCGGGTACCGGCAGGACGCCTACGACGGCAAGGATTACATCGCCTTGAACGAGGACCTGCGCTCTTGGACCGCGGCGGACATGGCGGCTCAGATCACCCAGCGCAAGTGGGAGGCGGCCCGTGTGGCGGAGCAGTTGAGAGCCTACCTGGAGGGCACGTGCGTGGAGTGGCTCCGCAGATACCTGGAGAACGGGAAGGAGACGCTGCAGCGCACGG"/>
      <parent id="A1B2C2G000004" sequence="GTTCTCACACCATCCAGATAATGTATGGCTGCGACGTGGGGCCGGACGGGCGCTTCCTCCGCGGGTACCGGCAGGACGCCTACGACGGCAAGGATTACATCGCCCTGAACGAGGACCTGCGCTCTTGGACCGCGGCGGACATGGCAGCTCAGATCACCAAGCGCAAGTGGGAGGCGGCCCATGCGGCGGAGCAGCAGAGAGCCTACCTGGAGGGCCGGTGCGTGGAGTGGCTCCGCAGATACCTGGAGAACGGGAAGGAGACGCTGCAGCGCACGG"/>
      <parent id="A1B1C1G000127" sequence="GTTCTCACACCATCCAGATAATGTATGGCTGCGACGTGGGGTCGGACGGGCGCTTCCTCCGCGGGTATGAACAGCACGCCTACGACGGCAAGGATTACATCGCCCTGAACGAGGACCTGCGCTCTTGGACCGCGGCGGACATGGCGGCTCAGATCACCCAGCGCAAGTGGGAGCGGACATGGCGGCTCAGATCACCCAGCGCAAGTGGGAGGCGGCCCGTTGGGCGGAGCAGTTGAGAGCCTACCTGGAGGGCACGTGCGTGGAGTGGCTCCGCAGATACCTGGAGAACGGGAAGGAGACGCTGCAGCGCACGG"/>
      <parent id="A1B2C2G000007" sequence="GTTCTCACACCATCCAGATGATGTATGGCTGCGACGTGGGGTCGGACGGGCGCTTCCTCCGCGGGTACCGGCAGGACGCCTACGACGGCAAGGATTACATCGCCCTGAACGAGGACCTGCGCTCTTGGACCGCGGCGGACATGGCGGCTCAGATCACCCAGCGCAAGTGGGAGGCGGCCCGTGTGGCGGAGCAGTTGAGAGCCTACCTGGAGGGCACGTGCGTGGAGTGGCTCCGCAGATACCTGGAGAACGGGAAGGAGACGCTGCAGCGCACGG"/>
      <parent id="A1B1C1G000006" sequence="GTTCTCACACCATCCAGATAATGTATGGCTGCGACGTGGGGTCGGACGGGCGCTTCCTCCGCGGGTACCGGCAGGACGCCTACGACGGCAAGGATTACATCGCCCTGAACGAGGACCTGCGCTCTTGGACCGCGGCGGACATGGCGGCTCAGATCACCAAGCGCAAGTGGGAGGCGGCCCATGAGGCGGAGCAGTTGAGAGCCTACCTGGATGCCACGTGCGTGGAGTGGCTCCGCAGATACCTGGAGAACGGGAAGGAGACGCTGCAGCGCACGG"/>
      <parent id="A1B1C1G000128" sequence="GTTCTCACACCCTCCAGATGATGTTTGGCTGCGACGTGGGGTCGGACGGGCGCTTCCTCCGCGGGTACCACCAGTACGCCTACGACGGCAAGGATTACATCGCCCTGAAAGAGGACCTGCGCTCTTGGACCGCGGCGGACATGGCGGCTCAGATCACCAAGCGCAAGTGGGAGGCGGCCCGTGAGGCGGAGCAGCGGAGAGCCTACCTGGAGGGCACGTGCGTGGAGTGGCTCCGCAGATACCTGGAGAACGGGAAGGAGACGCTGCAGCGCACGG"/>
      <parent id="A1B1C1G000007" sequence="GTTCTCACACCATCCAGATAATGTATGGCTGCGACGTGGGGTCGGACGGGCGCTTCCTCCGCGGGTACCGGCAGGACGCCTACGACGGCAAGGATTACATCGCCCTGAACGAGGACCTGCGCTCTTGGACCGCGGCGGACATGGCGGCTCAGATCACCCAGCGCAAGTGGGAGGCGGCCCGTTGGGCGGAGCAGTTGAGAGCCTACCTGGAGGGCACGTGCGTGGAGTGGCTCCGCAGATACCTGGAGAACGGGAAGGAGACGCTGCAGCGCACGG"/>
      <parent id="A1B2C2G000006" sequence="GTTCTCACACCATCCAGATAATGTATGGCTGCGACGTGGGGTCGGACGGGCGCTTCCTCCGCGGGTACCGGCAGGACGCCTACGACGGCAAGGATTACATCGCCCTGAACGAGGACCTGCGCTCTTGGACCGCGGCGGACATGGCGGCTCAGATCACCAAGCGCAAGTGGGAGGCGGCCCATGAGGCGGAGCAGCTGAGAGCCTACCTGGATGGCACGTGCGTGGAGTGGCTCCGCAGATACCTGGAGAACGGGAAGGAGACGCTGCAGCGCACGG"/>
      <parent id="A1B2C2G000001" sequence="GTTCTCACACCCTCCAGATGATGTTTGGCTGCGACGTGGGGTCGGACGGGCGCTTCCTCCGCGGGTACCACCAGTACGCCTACGACGGCAAGGATTACATCGCCCTGAAAGAGGACCTGCGCTCTTGGACCGCGGCGGACATGGCGGCTCAGATCACCAAGCGCAAGTGGGAGGCGGCCCATGTGGCGGAGCAGCAGAGAGCCTACCTGGAGGGCCGGTGCGTGGAGTGGCTCCGCAGATACCTGGAGAACGGGAAGGAGACGCTGCAGCGCACGG"/>
      <parent id="A1B2C2G000000" sequence="GTTCTCACACCCTCCAGATGATGTTTGGCTGCGACGTGGGGTCGGACGGGCGCTTCCTCCGCGGGTACCGGCAGGACGCCTACGACGGCAAGGATTACATCGCCTTGAACGAGGACCTGCGCTCTTGGACCGCGGCGGACATGGCGGCTCAGATCACCCAGCGCAAGTGGGAGGCGGCCCGTGTGGCGGAGCAGTTGAGAGCCTACCTGGAGGGCACGTGCGTGGAGTGGCTCCGCAGATACCTGGAGAACGGGAAGGAGACGCTGCAGCGCACGG"/>
      <parent id="A1B2C2G000003" sequence="GTTCTCACACCATCCAGAGGATGTATGGCTGCGACGTGGGGCCGGACGGGCGCTTCCTCCGCGGGTACCACCAGTACGCCTACGACGGCAAGGATTACATCGCCCTGAAAGAGGACCTGCGCTCTTGGACCGCGGCGGACATGGCAGCTCAGACCACCAAGCACAAGTGGGAGGCGGCCCATGTGGCGGAGCAGTGGAGAGCCTACCTGGAGGGCACGTGCGTGGAGTGGCTCCGCAGATACCTGGAGAACGGGAAGGAGATGCTGCAGCGCACGG"/>
      <parent id="A1B2C2G000002" sequence="GTTCTCACACCGTCCAGAGGATGTGTGGCTGCGACGTGGGGTCGGACTGGCGCTTCCTCCGCGGGTACCACCAGTACGCCTACGACGGCAAGGATTACATCGCCCTGAAAGAGGACCTGCGCTCTTGGACCGCGGCGGACATGGCAGCTCAGACCACCAAGCACAAGTGGGAGGCGGCCCATGTGGCGGAGCAGTTGAGAGCCTACCTGGAGGGCACGTGCGTGGAGTGGCTCCGCAGATACCTGGAGAACGGGAAGGAGACGCTGCAGCGCACGG"/>
      <parent id="A1B1C1G000011" sequence="GTTCTCACACCATCCAGATAATGTATGGCTGCGACGTGGGGCCGGACGGGCGCTTCCTCCGCGGGTACCGGCAGGACGCCTACGACGGCAAGGATTACATCGCCCTGAACGAGGACCCGCGCTCTTGGACCGCGGCGGACATGGCAGCTCAGATCACCAAGCGCAAGTGGGAGGCGGTCCATGCGGCGGAGCAGCGGAGAGTCTACCTGGAGGGCCGGTGCGTGGACGGGCTCCGCAGATACCTGGAGAACGGGAAGGAGACGCTGCAGCGCACGG"/>
      <parent id="A1B1C1G000132" sequence="GTTCTCACACCATCCAGATAATGTATGGCTGCGACGTGGGGTCGGACGGGCGCTTCCTCCGCGGGTACCGGCAGGACGCCTACGACGGCAAGGATTACATCGCCCTGAACGAGGACCTGCGCTCTTGGACCGCGGCGGACATGGCGGCTCAGATCACCAAGCGCAAGTGGGAGGCGGCCCGTGAGGCGGAGCAGCGGAGAGTCTACCTGGAGGGCCGGTGCGTGGACGGGCTCCGCAGATACCTGGAGAACGGGAAGGAGACGCTGCAGCGCACGG"/>
      <parent id="A1B1C1G000133" sequence="GTTCTCACACCATCCAGATGATGTATGGCTGCGACGTGGGGTCGGACGGGCGCTTCCTCCGCGGGTACCAGCAGGACGCCTACGACGGCAAGGATTACATCGCCTTGAACGAGGACCTGCGCTCTGGGACAGCGGCGGACATGGCGGCTCAGATCACCCAGCGCAAGTGGGAGGCGGCCCGTGTGGCGGAGCAGTTGAGAGCCTACCTGGAGGGCACGTGCGTGGAGTGGCTCCGCAGATACCTGGAGAACGGGAAGGAGACGCTGCAGCGCACGG"/>
      <parent id="A1B1C1G000012" sequence="GTTCTCACACCCTCCAGATGATGTTTGGCTGCGACGTGGGGTCGGACGGGCGCTTCCTCCGCGGGTACCAGCAGGACGCCTACGACGGCAAGGATTACATCGCCTTGAACGAGGACCTGCGCTCTTGGACCGCGGCGGACATGGCGGCTCAGATCACCCAGCGCAAGTGGGAGGCGGCCCGTGTGGCGGAGCAGTTGAGAGCCTACCTGGAGGGCACGTGCGTGGAGTGGCTCCGCAGATACCTGGAGAACGGGAAGGAGACGCTGCAGCGCACGG"/>
      <parent id="A1B1C1G000130" sequence="GTTCTCACACCCTCCAGATGATGTTTGGCTGCGACGTGGGGTCGGACGGGCGCTTCCTCCGCGGGTACCACCAGTACGCCTACGACGGCAAGGATTACATCGCCCTGAAAGGACCTGCGCTCTTGGACCGCGGCGGACATGGCGGCTCAGATCACCAAGCGCAAGTGGGAGGCGGCCCATGTGGCGGAGCAGCAGAGAGCCTACCTGGAGGGCACGTGCGTGGACGGGCTCCGCAGATACCTGGAGAACGGGAAGGAGACGCTGCAGCGCACGG"/>
      <parent id="A1B1C1G000131" sequence="GTTCTCACACCATCCAGATAATGTATGGCTGCGACGTGGGGCCGGACGGGCGCTTCCTCCGCGGGTATGAACAGCACGCCTACGACGGCAAGGATTACATCGCCCTGAACGAGGACCTGCGCTCTTGGACCGCGGCGGACATGGCAGCTCAGATCACCAAGCGCAAGTGGGAGGCGGCCCATGCGGCGGAGCAGCAGAGAGCCTACCTGGAGGGCCGGTGCGTGGAGTGGCTCCGCAGATACCTGGAGAACGGGAAGGAGACGCTGCAGCGCACGG"/>
      <parent id="A1B1C1G000010" sequence="GTTCTCACACCATCCAGAGGATGTATGGCTGCGACGTGGGGCCGGACGGGCGCTTCCTCCGCGGGTACCAGCAGGACGCTTACGACGGCAAGGATTACATCGCCCTGAACGAGGACCTGAGCTCCTGGACCGCGGCGGACACCGCGGCTCAGATCACCCAGCGCAAGTGGGAGACGGCCCATGAGGCGGAGCAGTGGAGAGCCTACCTGGAGGGCCGGTGCGTGGAGTGGCTCCGCAGATACCTGGAGAACGGGAAGGAGACGCTGCAGCGCACGG"/>
      <parent id="A1B1C1G000015" sequence="GTTCTCACACCATCCAGATAATGTATGGCTGCGACGTGGGGTCGGACGGGCGCTTCCTCCGCGGGTACCGGCAGGACGCCTACGACGGCAAGGATTACATCGCCCTGAACGAGGACCTGCGCTCTTGGACCGCGGCGGACATGGCGGCTCAGATCACCAAGCGCAAGTGGGAGGCGGCCCATGTGGCGGAGCAGCAGAGAGCCTACCTGGATGGCACGTGCGTGGAGTGGTTCCGCAGATACCTGGAGAACGGGAAGGAGACGCTGCAGCGCACGG"/>
      <parent id="A1B1C1G000016" sequence="GTTCTCACACCATCCAGATGATGTATGGCTGCGACGTGGGGTCGGACGGGCGCTTCCTCCGCGGGTACCAGCAGGACGCCTACGACGGCAAGGATTACATCGCCTTGAACGAGGACCTGCGCTCTTGGACCGCGGCGGACATGGCGGCTCAGATCACCCAGCGCAAGTGGGAGGCGGCCCGTGTGGCGGAGCAGTTGAGAGCCTACCTGGAGGGCACGTGCGTGGACGGGCTCCGCAGATACCTGGAGAACGGGAAGGAGACGCTGCAGCGCACGG"/>
      <parent id="A1B1C1G000134" sequence="GTTCTCACACCATCCAGATAATGTATGGCTGCGACGTGGGGCCGGACGGGCGCTTCCTCCGCGGGTACCGGCAGGACGCCTACGACGGCAAGGATTACATCGCCCTGAACGAGGACCTGCGCTCTTGGACCGCGGCGGACATGGCAGCTCAGATCACCAAGCGCAAGTGGGAGGCGGCCCATGCGGCGGAGCAGCAGAGAGCCTACCTGGAGGGCGAGTTCGTGGAGTGGCTCCGCAGATACCTGGAGAACGGGAAGGAGACGCTGCAGCGCACGG"/>
      <parent id="A1B1C1G000013" sequence="GTTCTCACACCGTCCAGAGGATGTATGGCTGCGACGTGGGGCCGGACGGGCGCTTCCTCCGCGGGTACCGGCAGGACGCCTACGACGGCAAGGATTACATCGCCCTGAAAGAGGACCTGCGCTCTTGGACCGCGGCGGACATGGCAGCTCAGACCACCAAGCACAAGTGGGAGGCGGCCCATGTGGCGGAGCAGTTGAGAGCCTACCTGGAGGGCACGTGCGTGGAGTGGCTCCGCAGATACCTGGAGAACGGGAAGGAGACGCTGCAGCGCACGG"/>
      <parent id="A1B1C1G000014" sequence="GTTCTCACACCCTCCAGAGGATGTATGGCTGCGACGTGGGGCCGGACGGGCGCTTCCTCCGCGGGTACCGGCAGGACGCCTACGACGGCAAGGATTACATCGCCCTGAACGAGGACCTGCGCTCTTGGACCGCGGCGGACATGGCAGCTCAGATCACCAAGCGCAAGTGGGAGGCGGTCCATGCGGCGGAGCAGCGGAGAGTCTACCTGGAGGGCCGGTGCGTGGACGGGCTCCGCAGATACCTGGAGAACGGGAAGGAGACGCTGCAGCGCACGG"/>
      <parent id="A2B1C1G000009" sequence="GTTCTCACACCATCCAGATGATGTATGGCTGCCACGTGGGGCCGGACGGGCGCTTCCTCCGCGGGTACCGGCAGGACGCCTACGACGGCAAGGATTACATCGCCTTGAACGAGGACCTGCGCTCTTGGACCGCGGCGGACATGGCGGCTCAGATCACCCAGCGCAAGTGGGAGGCGGCCCGTGTGGCGGAGCAGTTGAGAGCCTACCTGGAGGGCACGTGCGTGGAGTGGCTCCGCAGATACCTGGAGAACGGGAAGGAGACGCTGCAGCGCACGG"/>
      <parent id="A2B1C2G000005" sequence="GTTCTCACACCACCCAGATAATGTATGGCTGCGACGTGGGGTCGGACGGGCGCTTCCTCCGCGGGTATGAACAGCACGCCTACGACGGCAAGGATTACATCGCCCTGAACGAGGACCTGCGCTCTTGGACCGCGGCGGACATGGCGGCTCAGATCACCCAGCGCAAGTGGGAGGCGGCCCGTTGGGCGGAGCAGTTGAGAGCCTACCTGGAGGGCACGTGCGTGGAGTGGCTCCGCAGATACCTGGAGAACGGGAAGGAGACGCTGCAGCGCACGG"/>
      <parent id="A2B1C2G000007" sequence="GTTCTCACACCATCCAGATAATGTATGGCTGCGACGTGGGGTCGGACGGGCGCTTCCTCCGCGGGTACCGGCAGGACGCTTACGACGGCAAGGATTACATCGCCCTGAACGAGGACCTGCGCTCTTGGACCGCGGCGGACATGGCGGCTCAGATCACCCAGCGCAAGTGGGAGGCGGCCCGTGTGGCGGAGCAGTTGAGAGCCTACCTGGAGGGCACGTGCGTGGAGTGGCTCCGCAGATACCTGGAGAACGGGAAGGAGACGCTGCAGCGCACGG"/>
      <parent id="A2B1C2G000006" sequence="GTTCTCACACCATCCAGATAATGTATGGCTGCAACGTGGGGTCGGACGGGCGCTTCCTCCGCGGGTACCGGCAGGACGCCTACGACGGCAAGGATTACATCGCCCTGAACGAGGACCTGCGCTCTTGGACCGCGGCGGACATGGCGGCTCAGATCACCAAGCGCAAGTGGGAGGCGGCCCATGAGGCGGAGCAGTTGAGAGCCTACCTGGATGGCACGTGCGTGGAGTGGCTCCGCAGATACCTGGAGAACGGGAAGGAGACGCTGCAGCGCACGG"/>
      <parent id="A2B1C2G000003" sequence="GTTCTGACACCATCCAGAGGATGTATGGCTGCGACGTGGGGCCGGACGGGCGCTTCCTCCGCGGGTACCACCAGTACGCCTACGACGGCAAGGATTACATCGCCCTGAAAGAGGACCTGCGCTCTTGGACCGCGGCGGACATGGCAGCTCAGACCACCAAGCACAAGTGGGAGGCGGCCCATGTGGCGGAGCAGTGGAGAGCCTACCTGGAGGGCACGTGCGTGGAGTGGCTCCGCAGATACCTGGAGAACGGGAAGGAGACGCTGCAGCGCACGG"/>
      <parent id="A2B1C2G000002" sequence="GTTCTCACACCCTCCAGAGGATGTATGGCTGCGACGTGGGGTCGGACTGGCGCTTCCTGCGCGGGTACCACCAGTACGCCTACGACGGCAAGGATTACATCGCCCTGAAAGAGGACCTGCGCTCTTGGACCGCGGCGGACATGGCAGCTCAGACCACCAAGCACAAGTGGGAGGCGGCCCATGTGGCGGAGCAGTTGAGAGCCTACCTGGAGGGCACGTGCGTGGAGTGGCTCCGCAGATACCTGGAGAACGGGAAGGAGACGCTGCAGCGCACGG"/>
      <parent id="A1B2C1G000111" sequence="GTTCTCACACCATCCAGAGGATGTATGGCTGCGACGTGGGGCCGGACGGGCGCTTCCTCCGCGGGTACCAGCAGGACGCTTACGACGGCAAGGATTACATCGCCCTGAACGAGGACCTGCGCTCTTGGACCGCGGCGGACATGGCGGCTCAGATCACCCAGCGCAAGTGGGAGGCGGCCCGTGTGGCGGAGCAGTGGAGAGCCTACCTGGAGGGCCGGTGCGTGGAGTGGCTCCGCAGATACCTGGAGAACGGGAAGGAGACGCTGCAGCGCACGG"/>
      <parent id="A2B2C2G000021" sequence="GTTCTCACACCATCCAGATGATGTATGGCTGCGACGTGGGGTCGGACGGGCGCTTCCTCCGCGGGTACCGGCAGGACGCCTACGACGGCAAGGATTACATCGCCCTGAAAGAGGACCTGCGCTCTTGGACCGCGGCGGACATGGCAGCTCAGACCACCAAGCACAAGTGGGAGGCGGCCCATGTGGCGGAGCAGCAGAGAGCCTACCTGGAGGGCACGTGCGTGGAGTGGCTCCGCAGATACCTGGAGAACGGGAAGGAGACGCTGCAGCGCACGG"/>
      <parent id="A1B1C2G000068" sequence="GTTCTCACACCATCCAGATAATGTATGGCTGCGACGTGGGGCCGGACGGGCGCTTCCTCCGCGGGTACCGGCAGGACGCCTACGACGGCAAGGATTACATCGCCCTGAACGAGGACCTGCGCTCTTGGACCGCGGCGGACATGGCAGCTCAGATCACCAAGCGCAAGTGGGAGGCGGCCCATGTGGCGGAGCAGCAGAGAGCCTACCTGGAGGGCACGTGCGTGGACGGGCTCCGCAGATACCTGGAGAACGGGAAGGAGACGCTGCAGCGCACGG"/>
      <parent id="A1B1C1G000100" sequence="GTTCTCACACCATCCAGATAATGTATGGCTGCGACGTGGGGCCGGACGGGCGCTTCCTCCGCGGGTACCGGCAGGACGCCTACGACGGCAAGGATTACATCGCCCTGAACGAGGACCTGCGCTCTTGGACCGCGGCGGACATGGCAGCTCAGATCACCAAGCGCAAGTGGGAGGCGGCCCGTCGGGCGGAGCAGCGGAGAGTCTACCTGGAGGGCCGGTGCGTGGACGGGCTCCGCAGATACCTGGAGAACGGGAAGGAGACGCTGCAGCGCACGG"/>
      <parent id="A1B1C2G000067" sequence="GTTCTCACACCATCCAGATAATGTATGGCTGCGACGTGGGGTCGGACGGGCGCTTCCTCCGCGGGTACCGGCAGGACGCCTACGACGGCAAGGATTACATCGCCCTGAACGAGGACCTGCGCTCTTGGACCGCGGCGGACATGGCGGCTCAGATCACCAAGCGCAAGTGGGAGGCGGCCCATGAGGCGGAGCAGCAGAGAGCCTACCTGGAGGGCACGTGCGTGGACGGGCTCCGCAGATACCTGGAGAACGGGAAGGAGACGCTGCAGCGCACGG"/>
      <parent id="A2B2C2G000020" sequence="GTTCTCACACCCTCCAGATGATGTTTGGCTGCGACGTGGGGTCGGACGGGCGCTTCCTCCGCGGGTATGAACAGTATGCCTACGACGGCAAGGATTACATCGCCCTGAAAGAGGACCTGCGCTCTTGGACCGCGGCGGACATGGCGGCTCAGATCACCAAGCGCAAGTGGGAGGCGGCCCATGTGGCGGAGCAGCAGAGAGCCTACCTGGAGGGCACGTGCGTGGACGGGCTCCGCAGATACCTGGAGAACGGGAAGGAGACGCTGCAGCGCACGG"/>
      <parent id="A1B1C1G000103" sequence="GTTCTCACACCGTCCAGAGGATGTATGGCTGCGACGTGGGGTCGGACTGGCGCTTCCTCCGCGGGTACCACCAGTACGCCTACGACGGCAAGGATTACATCGCCCTGAAAGAGGACCTGCGCTCTTGGACCGCGGCGGACATGGCAGCTCAGACCACCAAGCACAAGTGGGAGGCGGAGCAGTTGAGAGCCTACCTGGAGGGCACGTGCGTGGAGTGGCTCCGCAGATACCTGGAGAACGGGAAGGAGACGCTGCAGCGCACGG"/>
      <parent id="A1B1C1G000104" sequence="GTTCTCACACCCTCCAGATGATGTTTGGCTGCGACGTGGGGTCGGACGGGCGCTTCCTCCGCGGGTACCACCAGTACGCCTACGACGGCAAGGATTACATCGCCCTGAAAGAGGACCTGCGCTCTTGGACCGCGGCGGACATGGCGGCTCAGACCACCAAGCACAAGTGGGAGGCGGCCCATGTGGCGGAGCAGTTGAGAGCCTACCTGGAGGGCACGTGCGTGGACGGGCTCCGCAGATACCTGGAGAACGGGAAGGAGACGCTGCAGCGCACGG"/>
      <parent id="A1B1C1G000101" sequence="GTTCTCACACCGTCCAGAGGATGTATGGCTGCGACGTGGGGTCGGACTGGCGCTTCCTCCGCGGGTATAACCAGTTCGCCTACGACGGCAAGGATTACATCGCCCTGAAAGAGGACCTGCGCTCTTGGACCGCGGCGGACATGGCAGCTCAGACCACCAAGCACAAGTGGGAGGCGGCCCATGTGGCGGAGCAGTTGAGAGCCTACCTGGAGGGCACGTGCGTGGAGTGGCTCCGCAGATACCTGGAGAACGGGAAGGAGACGCTGCAGCGCACGG"/>
      <parent id="A1B1C1G000102" sequence="GTTCTCACACCCTCCAGATGATGTTTGGCTGCGACGTGGGGCCGGACGGGCGCCTCCTCCGCGGGTATGACCAGGACGCCTACGACGGCAAGGATTACATCGCCCTGAAAGAGGACCTGCGCTCTTGGACCGCGGCGGACATGGCGGCTCAGATCACCCAGCGCAAGTGGGAGGCGGCCCGTGTGGCGGAGCAGTTGAGAGCCTACCTGGAGGGCACGTGCGTGGACGGGCTCCGCAGATACCTGGAGAACGGGAAGGAGACGCTGCAGCGCACGG"/>
      <parent id="A1B1C2G000060" sequence="GTTCTCACACCGTCCAGAGGATGTATGGCTGCGACGTGGGGTCGGACTGGCGCTTCCTCCGCGGGTACCACCAGTACGCCTACGACGGCAAGGATTACATCGCCCTGAAAGAGGACCTGCGCTCTTGGACCGCGGCGGACATGGCAGCTCAGACCACCAAGCACAAGTGGGAGACGGCCCATGAGGCGGAGCAGTGGAGAGCCTACCTGGAGGGCACGTGCGTGGAGTGGCTCCGCAGATACCTGGAGAACGGGAAGGAGACGCTGCAGCGCACGG"/>
      <parent id="A2B2C2G000027" sequence="GTTCTCATACCCTCCAGTGGATGATTGGTTGCGACCTGGGGTCCGACGGACGCCTCCTCCGCGGGTATGAACAGTATGCCTACGATGGCAAGGATTACCTCGCCCTGAACGAGGACCTGCGCTCCTGGACCGCAGCGGACACTGCGGCTCAGATCTCCAAGCGCAAGTGTGAGGCGGCCAATGTGGCTGAACAAAGGAGAGCCTACCTGGAGGGCACGTGCGTGGAGTGGCTCCACAGATACCTGGAGAACGGGAAGGAGATGCTGCAGCGCGCGG"/>
      <parent id="A2B2C2G000025" sequence="GTTCTCACACCATCCAGATGATGTATGGCTGCGACGTGGGGTCGGACGGGCGCTTCCTCCGCGGGTACCAGCAGGACGCCTACGACGGCAAGGATTACATAGCCTTGAACGAGGACCTGCGCTCTTGGACCGCGGCGGACATGGCGGCTCAGATCACCCAGCGCAAGTGGGAGGCGGCCCGTGTGGCGGAGCAGTTGAGAGCCTACCTGGAGGGCACGTGCGTGGAGTGGCTCCGCAGACACCTGGAGAACGGGAAGGAGACGCTGCAGCGCACGG"/>
      <parent id="A1B1C2G000062" sequence="GTTCTCACACCGTCCAGAGGATGTATGGCTGCGACGTGGGGTCGGACTGGCGCTTCCTCCGCGGGTACCACCAGTACGCCTACGACGGCAAGGATTACATCGCCCTGAAAGAGGACCTGCGCTCTTGGACCGCGGCGGACATGGCAGCTCAGACCACCAAGCACAAGTGGGAGGCGGCCCATGCGGCGGAGCAGCAGAGAGCCTACCTGGAGGGCACGTGCGTGGAGTGGCTCCGCAGATACCTGGAGAACGGGAAGGAGACGCTGCAGCGCACGG"/>
      <parent id="A1B1C2G000061" sequence="GTTCTCACACCATCCAGATAATGTATGGCTGCGACGTGGGGTCGGACGGGCGCTTCCTCCGCGGGTATGAACAGCACGCCTACGACGGCAAGGATTACATCGCCCTGAACGAGGACCTGCGCTCTTGGACCGCGGCGGACATGGCGGCTCAGATCACCCAGCGCAAGTGGGAGGCGGCCCATGTGGCGGAGCAGTGGAGAGCCTACCTGGAGGGCACGTGCGTGGAGTGGCTCCGCAGATACCTGGAGAACGGGAAGGAGACGCTGCAGCGCACGG"/>
      <parent id="A2B1C2G000015" sequence="GTTCTCACACCATCCAGATAATGTATGGCTGCGACGTGGGGTCGGACGGGCGCTTCCTCCGCGGGTACGGGCAGGACGCCTACGACGGCAAGGATTACATCGCCCTGAACGAGGACCTGCGCTCTTGGACCGCGGCGGACATGGCGGCTCAGATCACCAAGCGCAAGTGGGAGGCGGCCCATGTGGCGGAGCAGCAGAGAGCCTACCTGGATGGCACGTGCGTGGAGTGGCTCCGCAGATACCTGGAGAACGGGAAGGAGACGCTGCAGCGCACGG"/>
      <parent id="A2B1C2G000018" sequence="GTTCTCACACCATCCAGAGGATGTATGGCTGCGACGTGGGGCCGGACGGGCGCTTCCTCCGCGGGTACCAGCAGGACGCTTACGACGGCAAGGATTACATCGCCCTGAACGAGGACCTGCGCTCTTGGACCGCGGCGGACATGGCGGCTCAGATCACCCAGCGCAAGTGGGAGACGGCCCATGAGGCGGAGCAGCAGAGAGCCTACCTGGAGGGCCGGTGCGTGGAGTGGCTCCGCAGATACCTGGAGAACGGGAAGGAGACGCTGCAGCGCACGG"/>
      <parent id="A2B1C2G000017" sequence="GTTCTCACACCCTCCAGATGATGTTTGGCTGCGACGTGGGGTCGGACGGGCGCTTCCTCCGCGGGTACCACCAGTACGCCTACGACGGCAAGGATTACATCGCCCTGAAAGAGGACCTGCGCTCTTGGACCGCGGCGGACATGGCGGCTCAGATCACCCAGCGCAAGTGGGAGGCGGCCCATGTGGCGGAGCAGTTGAGAGCCTACCTGGAGGGCACGTGCGTGGACGGGCTCCGCAGATACCTGGAGAACGGGAAGGAGACGCTGCAGCGCACGG"/>
      <parent id="A2B1C2G000011" sequence="GTTCTCACACCATCCAGATAATGTATGGCTGCGACGTGGGGCCGGACGGGCGCTTCCTCCGCGGGTACCGGCAGGACGCCTACGACGGCAAGGATTACATCGCCCTGAACCAGGACCTGCGCTCTTGGACCGCGGCGGACATGGCAGCTCAGATCACCAAGCGCAAGTGGGAGGCGGTCCATGCGGCGGAGCAGCGGAGAGTCTACCTGGAGGGCCGGTGCGTGGACGGGCTCCGCAGATACCTGGAGAACGGGAAGGAGACGCTGCAGCGCACGG"/>
      <parent id="A2B2C2G000009" sequence="GTTCTCACACCATCCAGATGATGTATGGCTGCGACGTGGGGTCGGACGGGCGCTTCCTCCGCGGGTACCGGCAGGACGCCTACGACGGCAAGGATTACATCGCCTTGAACGAGGACCTGCGCTCTTGGACCGCGGCGGACATGGCGGCTCAGATCACCCAGCGCAAGTGGGAGGCGGCCCGTGTGGCGGAGCAGTTGAGAGCCTACCTGGAGGGCACGTGCGTGGAGTGGCTCCGCAGATACCTGGAGAACGGGAAGGAGACGCTGCAGCGCACGG"/>
      <parent id="A2B1C2G000013" sequence="GTTCTCACACCATCCAGATGATGTATGGCTGCGACGTGGGGTCGGACGGGCGCTTCCTCCGCGGGTACCGGCAGGACGCCTACGACGGCAAGGATTACATCGCCCTGAAAGAGGACCTGCGCTCTTGGACCGCGGCGGACATGGCAGCTCAGACCACCAAGCACAAGTGGGAGGCGGCCCATGTGGCGGAGCAGTTGAGAGCCTACCTGGAGGGCACGTGCGTGGAGTGGCTCCGCAGATACCTGGAGAACGGGAAGGAGACGCTGCAGCGCACGG"/>
      <parent id="A1B1C1G000107" sequence="GTTCTCACACCATCCAGAGGAAGCATGGCTGCGACGTGGGCCCGACAGGCGCCTCCTCCGCAGGTATGAACAGTTCGCCTACGATGGCAAGGATTACATCGCCCTGAACGAGGACCTGCACTCCTGGACCGCCGCGAACACAGCGGCTCAGATCTCCCAGCACAAGTGGGAAGCGGACAAATACTCAGAGCAGGTCAGGGCCTACCTGAGGGCAAGTGCATGGAGTGGCTCCGCAGACACCTGGAGAACGGGAAGGAGACGCTGCAGCACGCGG"/>
      <parent id="A1B1C1G000108" sequence="GTTCTCACACCGTCCAGAGGATGTATGGCTGCGACGTGGGGTCGGACGGGCGCTTCCTCCGCGGGTACCAGCAGGACGCCTACGACGGCAAGGATTACATCGCCCTGAAAGAGGACCTGCGCTCTTGGACCGCGGCGGACATGGCAGCTCAGACCACCAAGCACAAGTGGGAGACGGCCCATGAGGCGGAGCAGTGGAGAGCCTACCTGGAGGGCACGTGCGTGGAGTGGCTCCGCAGATACCTGGAGAACGGGAAGGAGACGCTGCAGCGCACGG"/>
      <parent id="A1B1C1G000105" sequence="GTTCTCACACCATGATGTATGGCTGCGACGTGGGGCCGGACGGGCGCCTCCTCCGCGGGTACCAGCAGGACGCCTACGACGGCAAGGATTACATCGCCTTGAACGAGGACCTGCGCTCTTGGACCGCGGCGGACATGGCGGCTCAGATCACCCAGCGCAAGTGGGAGGCGGCCCGTGTGGCGGAGCAGTTGAGAGCCTACCTGGAGGGCACGTGCGTGGAGTGGCTCCGCAGATACCTGGAGAACGGGAAGGAGACGCTGCAGCGCACGG"/>
      <parent id="A1B2C1G000005" sequence="GTTCTCACACCGTCCAGATAATGTATGGCTGCGACGTGGGGTCGGACGGGCGCTTCCTCCGCGGGTATGAACAGCACGCCTACGACGGCAAGGATTACATCGCCCTGAACGAGGACCTGCGCTCTTGGACCGCGGCGGACATGGCGGCTCAGATCACCCAGCGCAAGTGGGAGGCGGCCCGTCGGGCGGAGCAGTTGAGAGCCTACCTGGAGGGCACGTGCGTGGAGTGGCTCCGCAGATACCTGGAGAACGGGAAGGAGACGCTGCAGCGCACGG"/>
      <parent id="A1B1C1G000106" sequence="GTTCTCACACCATCCAGATAATGTATGGCGTGGGGTCGGACGGGCGCTTCCTCCGCGGGTACCGGCAGGACGCCTACGACGGCAAGGATTACATCGCCCTGAACGAGGACCTGCGCTCTTGGACCGCGGCGGACATGGCGGCTCAGATCACCAAGCGCAAGTGGGAGGCGGCCCATGAGGCGGAGCAGTTGAGAGCCTACCTGGATGGCACGTGCGTGGAGTGGCTCCGCAGATACCTGGAGAACGGGAAGGAGACGCTGCAGCGCACGG"/>
      <parent id="A1B2C1G000000" sequence="GTTCTCACACCCTCCAGATGATGTTTGGCTGCGACGTGGGGTCGGACGGGCGCTTCCTCCGCGGGTACCACCAGTACGCCTACGACGGCAAGGATTACATCGCCCTGAACGAGGACCTGCGCTCTTGGACCGCGGCGGACATGGCGGCTCAGATCACCCAGCGCAAGTGGGAGGCGGCCCGTGTGGCGGAGCAGTTGAGAGCCTACCTGGAGGGCACGTGCGTGGACGGGCTCCGCAGATACCTGGAGAACGGGAAGGAGACGCTGCAGCGCACGG"/>
      <parent id="A1B1C1G000109" sequence="GTTCTCACACCATGCAGGTGATGTATGGCTGCGACGTGGGGCCGGACGGGCGCTTCCTCCGCGGGTACCAGCAGGACGCTTACGACGGCAAGGATTACATCGCCCTGAACGAGGACCTGCGCTCTTGGACCGCGGCGGACATGGCGGCTCAGATCACCCAGCGCAAGTGGGAGACGGCCCATGAGGCGGAGCAGTGGAGAGCCTACCTGGAGGGCCGGTGCGTGGAGTGGCTCCGCAGATACCTGGAGAACGGGAAGGAGACGCTGCAGCGCACGG"/>
      <parent id="A2B2C2G000010" sequence="GTTCTCACACCATCCAGAGGATGTATGGCTGCGACGTGGGGCCGGACGGGCGCTTCCTCCGCGGGTACCAGCAGGACGCTTACGACGGCAAGGATTACATCGCCCTGAACGAGGACCTGCGCTCTTGGACCGCGGCGGACACGGCGGCTCAGATCACCCAGCGCAAGTGGGAGACGGCCCATGAGGCGGAGCAGTGGAGAGCCTACCTGGAGGGCCGGTGCGTGGAGTGGCTCCGCAGATACCTGGAGAACGGGAAGGAGACGCTGCAGCGCACGG"/>
      <parent id="A1B1C1G000110" sequence="GTTCTCACACCATCCAGATAATGTATGGCTGCGACGTGGGGCCGGACGGGCGCTTCCTCCGCGGGTACCGGCAGGACGCCTACGACGGCAAGGATTACATCGCCCTGAACGAGGACCTGCGCTCTTGGACCGCGGCGGACATGGCAGCTCAGATCACCAAGCGCAAGTGGGAGGCGGCCCGTCGGGCGGAGCAGCAGAGAGCCTACCTGGAGGGCCGGTGCGTGGAGTGGCTCCGCAGATACCTGGAGAACGGGAAGGAGACGCTGCAGCGCACGG"/>
      <parent id="A1B1C2G000057" sequence="GGTCTCACACCCTGCAGTGGATGCATGGCTGCGAGCTGGGGCCCGACAGGCGCTTCCTCCGCGGGTATGAACAGTTCGCCTACGACGGCAAGGATTATCTCACCCTGAATGAGGACCTGCGCTCCTGGACCGCGGTGGACACGGCGGCTCAGATCTCCGAGCAAAAGTCAAATGATGCCTCTGAGGCGGAGCACCAGAGAGCCTACCTGGAAGACACATGCGTGGAGTGGCTCCACAAATACCTGGAGAAGGGGAAGGAGACGCTGCTTCACCTGG"/>
      <parent id="A1B1C1G000111" sequence="GTTCTCACACCATCCAGAGGATGTATGGCTGCGACGTGGGGCCGGACGGGCGCTTCCTCCGCGGGTACCAGCAGGACGCTTACGACGGCAAGGATTACATCGCCCTGAACGAGGACCTGCGCTCTTGGACCGCGGCGGACATGGCGGCTCAGATCACCCAGCGCAAGTGGGAGGCGGCCCGTGTGGCGGAGCAGTTGAGAGCCTACCTGGAGGGCACGTGCGTGGAGTGGCTCCGCAGATACCTGGAGAACGGGAAGGAGACGCTGCAGCGCACGG"/>
      <parent id="A2B2C2G000011" sequence="GTTCTCACACCATCCAGATAATGTATGGCTGCGACGTGGGGCCGGACGGGCGCTTCCTCCGCGGGTACCGGCAGGACGCCTACGACGGCAAGGATTACATCGCCCTGAACGAGGACCTGCGCTCTTGGACCGCGGCGGACATGGCAGCTCAGATCACCAAGCGCAAGTGGGAGGCGGTCCATGCGGCGGAGCAGCGGAGAGTCTACCTGGAGGGCTGGTGCGTGGACGGGCTCCGCAGATACCTGGAGAACGGGAAGGAGACGCTGCAGCGCACGG"/>
      <parent id="A1B1C2G000056" sequence="GTTCTCACACCGTCCAGAGGATGTATGGCTGCGACGTGGGGTCGGACGGGCGCTTCCTCCGCGGGTATGAACAGCACGCCTACGACGGCAAGGATTACATCGCCCTGAAAGAGGACCTGCGCTCTTGGACCGCGGCGGACATGGCAGCTCAGACCACCAAGCACAAGTGGGAGGCGGCCCATGTGGCGGAGCAGTTGAGAGCCTACCTGGAGGGCACGTGCGTGGAGTGGCTCCGCAGATACCTGGAGAACGGGAAGGAGACGCTGCAGCGCACGG"/>
      <parent id="A1B1C2G000055" sequence="GTTCTCACACCATCCAGATGATGTATGGCTGCGACGTGGGGCCGGACGGGCGCCTCCTCCGCGGGTACCAGCAGGACGCCTACGACGGCAAGGATTACATCGCCTTGAACGAGGACCTGCGCTCTTGGACCGCGGCGGACATGGCGGCTCAGATCACCCAGCGCAAGTGGGAGGCGGCCCATGTGGCGGAGCAGCAGAGAGCCTACCTGGAGGGCACGTGCGTGGAGTGGCTCCGCAGATACCTGGAGAACGGGAAGGAGACGCTGCAGCGCACGG"/>
      <parent id="A1B1C1G000114" sequence="GTTCTCACACCATCCAGATAATGTATGGCTGCGACGTGGGGTCGGACGGGCGCTTCCTCCGCGGGTACCGGCAGGACGCCTACGACGGCAAGGATTACATCGCCCTGAACGAGGACCTGCGCTCTTGGACCGCGGCGGACATGGCGGCTCAGATCACCAAGCGCAAGTGGGAGGCGGCCCATGAGGCGGAGCAGTTGGCCTACCTGGATGGCACGTGCGTGGAGTGGCTCCGCAGATACCTGGAGAACGGGAAGGAGACGCTGCAGCGCACGG"/>
      <parent id="A1B1C1G000115" sequence="GTTCTCACACCATCCAGATAATGTATGGCTGCGACGTGGGGCCGGACGGGCGCTTCCTCCGCGGGTACCGGCAGGACGCCTACGACGGCAAGGATTACATCGCCCTGAACGAGGACCTGCGCTCTTGGACCGCGGCGGACATGGCAGCTCAGATCACCAAGCGCAAGTGGGAGGCGGTCCATGCGGCGGAGCAGTTGAGAGCCTACCTGGAGGGCCGGTGCGTGGACGGGCTCCGCAGATACCTGGAGAACGGGAAGGAGACGCTGCAGCGCACGG"/>
      <parent id="A1B1C1G000112" sequence="GTTCTCACACCGTCCAGAGGATGTGTGGCTGCGACGTGGGGTCGGACTGGCGCTTCCTCCGCGGGTACCACCAGTACGCCTACGACGGCAAGGATTACATCGCCCTGAAAGAGGACCTGCGCTCTTGGACCGCGGCGGACATGGCAGCTCAGACCACCAAGCACAAGTGGGAGGCGGCCCGTGAGGCGGAGCAGTTGAGAGCCTACCTGGAGGGCACGTGCGTGGAGTGGCTCCGCAGATACCTGGAGAACGGGAAGGAGACGCTGCAGCGCACGG"/>
      <parent id="A1B1C1G000113" sequence="GTTCTCACACCATCCAGATGATGTATGGCTGCGACGTGGGGTCGGACGGGCGCTTCCTCCGCGGGTACCAGCAGGACGCCTACGACGGCAAGGATTACATCGCCTTGAACGAGGACCTGAGCTCCTGGACCGCGGCGGACATGGCGGCTCAGATCACCCAGCGCAAGTGGGAGGCGGCCCGTGTGGCGGAGCAGTTGAGAGCCTACCTGGAGGGCACGTGCGTGGAGTGGCTCCGCAGATACCTGGAGAACGGGAAGGAGACGCTGCAGCGCACGG"/>
      <parent id="A1B1C2G000058" sequence="GTTCTCACACCCTCCAGATGATGTTTGGCTGCGACGTGGGGTCGGACGGGCGCTTCCTCCGCGGGTACCACCAGTACGCCTACGACGGCAAGGATTACATCGCCCTGAAAGAGGACCTGCGCTCTTGGACCGCGGCGGACATGGCGGCTCAGATCACCAAGCGCAAGTGGGAGGCGGCCCATGTGGCGGAGCAGCAGAGAGCCTACCTGGAGGGCACGTGCGTGGAGTGGCTCCGCAGATACCTGGAGAACGGGAAGGAGACGCTGCAGCGCACTG"/>
      <parent id="A2B2C2G000018" sequence="GTTCTCACACCATCCAGAGGATGTATGGCTGCGACGTGGGGCCGGACGGGCGCTTCCTCCGCGGGTACCAGCAGGACGCTTACGACGGCAAGGATTACATCGCCCTGAACGAGGACCTGCGCTCTTGGACCGCGGCGGACATGGCGGCTCAGATCACCCAGCGCAAGTGGGAGACGGCCCATGAGGCGGAGCAGTGGAGAGCCTACCTGGAGGGCGGGTGCGTGGAGTGGCTCCGCAGATACCTGGAGAACGGGAAGGAGACGCTGCAGCGCACGG"/>
      <parent id="A2B2C2G000019" sequence="GTTCTCACACCCTCCAGATGATGTTTGGCTGCGACGTGGGGTCGGACGGGCGCTTCCTCCGCGGGTACCACCAGTACGCCTACGACGGCAAGGATTACATCGCCCTGAAAGAGGACCTGCGCTCTTGGACCGCGGCGGACATGGCGGCTCAGATCACCAAGCACAAGTGGGAGGCGGCCCATGTGGCGGAGCAGTTGAGAGCCTACCTGGAGGGCACGTGCGTGGAGTGGCTCCGCAGATACCTGGAGAACGGGAAGGAGACGCTGCAGCGCACGG"/>
      <parent id="A2B2C2G000017" sequence="GTTCTCACACCCTCCAGATGATGTTTGGCTGCGACGTGGGGTCGGACGGGCCCTTCCTCCGCGGGTACCACCAGTACGCCTACGACGGCAAGGATTACATCGCCCTGAAAGAGGACCTGCGCTCTTGGACCGCGGCGGACATGGCGGCTCAGATCACCCAGCGCAAGTGGGAGGCGGCCCGTGTGGCGGAGCAGTTGAGAGCCTACCTGGAGGGCACGTGCGTGGACGGGCTCCGCAGATACCTGGAGAACGGGAAGGAGACGCTGCAGCGCACGG"/>
      <parent id="A2B1C2G000009" sequence="GTTCTCACACCATCCAGATGATGTATGGCTGCGACGTGGGGTCGGACGGGTGCTTCCTCCGCGGGTACCAGCAGGACGCCTACGACGGCAAGGATTACATCGCCTTGAACGAGGACCTGCGCTCTTGGACCGCGGCGGACATGGCGGCTCAGATCACCCAGCGCAAGTGGGAGGCGGCCCGTGTGGCGGAGCAGTTGAGAGCCTACCTGGAGGGCACGTGCGTGGAGTGGCTCCGCAGATACCTGGAGAACGGGAAGGAGACGCTGCAGCGCACGG"/>
      <parent id="A1B1C2G000053" sequence="GTTCTCACACCATCCAGAGGATGTATGGCTGCGACGTGGGGCCGGACGGGCGCTTCCTCCGCGGGTACCAGCAGGACGCTTACGACGGCAAGGATTACATCGCCCTGAACGAGGACCTGCGCTCTTGGACCGCGGCGGACATGGCGGCTCAGATCACCCAGCGCAAGTGGGAGGCGGCCCGTGTGGCGGAGCAGCTGAGAGCCTACCTGGAGGGCCGGTGCGTGGAGTGGCTCCGCAGATACCTGGAGAACGGGAAGGAGACGCTGCAGCGCACGG"/>
      <parent id="A1B1C2G000052" sequence="GTTCTCACACCATCCAGATGATGTATGGCTGCGACGTGGGGTCGGACGGGCGCTTCCTCCGCGGGTACCGGCAGGACGCCTACGACGGCAAGGATTACATCGCCCTGAAAGAGGACCTGCGCTCTTGGACCGCGGCGGACATGGCAGCTCAGACCACCAAGCACAAGTGGGAGGCGGCCCATGTGGCGGAGCAGCGGAGAGTCTACCTGGAGGGCACGTGCGTGGACGGGCTCCGCAGATACCTGGAGAACGGGAAGGAGACGCTGCAGCGCACGG"/>
      <parent id="A2B1C2G000008" sequence="GTTCTCACACCCTCCAGATGATGTTTGGCTGCGACGTGGGGTCGGACGGGCGCTTCCTCCGCGGGTACCACCAGTACGCCTACGACGGCAAGGATTACATCGCCCTGAAAGAGGACCTGCGCTCTTGGACCGCGGCGGACATGGCGGCTCAGATCACCAAGCGCAAGTGGGAGGCGGCCCATGTGGCGGAGCAGTTGAGAGCCTACCTGGAGGGCACGTGCGTGGACGGGCTCCGCAGATACCTGGAGAACGGGAAGGAGACGCTGCAGCGCACGG"/>
      <parent id="A1B1C2G000051" sequence="GTTCTCACACCCTCCAGATGATGTTTGGCTGCGACGTGGGGTCGGACGGGCGCTTCCTCCGCGGGTACCACCAGTACGCCTACGACGGCAAGGATTACATCGCCCTGAAAGAGGACCTGCGCTCTTGGACCGCGGCGGACATGGCAGCTCAGACCACCAAGCACAAGTGGGAGGCGGCCCATGTGGCGGAGCAGTTGAGAGCCTACCTGGAGGGCACGTGCGTGGAGTGGCTCCGCAGATACCTGGAGAACGGGAAGGAGACGCTGCAGCGCACGG"/>
      <parent id="A2B2C2G000013" sequence="GTTCTCACACCGTCCAGAGGATGTATGGCTGCGACGTGGGGTCGGACGGGCGCTTCCTCCGCGGGTACCGGCAGGACGCCTACGACGGCAAGGATTACATCGCCCTGAAAGAGGACCTGCGCTCTTGGACCGCGGCGGACATGGCAGCTCAGACCACCAAGCACAAGTGGGAGGCGGCCCATGTGGCGGAGCAGTGGAGAGCCTACCTGGAGGGCACGTGCGTGGAGTGGCTCCGCAGATACCTGGAGAACGGGAAGGAGACGCTGCAGCGCACGG"/>
      <parent id="A2B1C1G000062" sequence="GTTCTCACACCGTCCAGAGGATGTATGGCTGCGACGTGGGGTCGGACTGGCGCTTCCTCCGCGGGTACCACCAGTACGCCTACGACGGCAAGGATTACATCGCCCTGAAAGAGGACCTGCGCTCTTGGACCGCGGCGGACATGGCAGCTCAGACCACCAAGCACAAGTGGGAGACGGCCCATGAGGCGGAGCAGCAGAGAGCCTACCTGGAGGGCCGGTGCGTGGAGTGGCTCCGCAGATACCTGGAGAACGGGAAGGAGACGCTGCAGCGCACGG"/>
      <parent id="A1B2C1G000013" sequence="GTTCTCACACCATCCAGATGATGTATGGCTGCGACGTGGGGCCGGACGGGCGCTTCCTCCGCGGGTACCGGCAGGACGCCTACGACGGCAAGGATTACATCGCCCTGAAAGAGGACCTGCGCTCTTGGACCGCGGCGGACATGGCAGCTCAGACCACCAAGCACAAGTGGGAGGCGGCCCATGTGGCGGAGCAGTGGAGAGCCTACCTGGAGGGCACGTGCGTGGAGTGGCTCCGCAGATACCTGGAGAACGGGAAGGAGACGCTGCAGCGCACGG"/>
      <parent id="A1B1C2G000087" sequence="GTTCTCACACCATCCAGATAATGTATGGCTGCGACGTGGGGTCGGACGGGCGCTTCCTCCGCGGGTACCGGCAGGACGCCTACGACGGCAAGGATTACATCGCCCTGAACGAGGACCTGCGCTCTTGGACCGCGGCGGACATGGCGGCTCAGATCACCAAGCGCAAGTGGGAGGCGGTCCATGCGGCGGAGCAGCGGAGAGTCTACCTGGAGGGCACGTGCGTGGAGTGGCTCCGCAGATACCTGGAGAACGGGAAGGAGACGCTGCAGCGCACGG"/>
      <parent id="A1B2C1G000009" sequence="GTTCTCACACCATCCAGATGATGTATGGCTGCGACGTGGGGCCGGACGGGCGCCTCCTCCGCGGGTACCAGCAGGACGCCTACGACGGCAAGGATTACATCGCCTTGAACGAGGACCTGCGCTCTTGGACCGCGGCGGACATGGCGGCTCAGATCACCCAGCGCAAGTGGGAGGCGGCCCGTGTGGCGGAGCAGTTGAGAGCCTACCTGGAGGGCACGTGCGTGGAGTGGCTCCGCAGATACCTGGAGAACGGGAAGGAGACGCTGCAGCGCACGG"/>
      <parent id="A1B2C1G000027" sequence="GTTCTCACACCCTCCAGTGGATGATTGGCTGCGACCTGGTGTCCGACGGACGCCTCATCCGCGGGTATGAACAGTATGCCTACGATGGCAAGGATTACCTCGCCCTGAACGAGGACCTGCGCTCCTGGACCGCAGCGGACACTGCGGCTCAGATCTCCAAGCGCAAGTGTGAGGCGGCCAATGTGGCTGAACAAAGGAGAGCCTACCTGGAGGGCACGTGCGTGGAGTGGCTCCACAGATACCTGGAGAACGGGAAGGAGATGCTGCAGCGCGCGG"/>
      <parent id="A1B2C1G000028" sequence="GTTCTCACACCATGCAGGTGATGTATGGCTGCGACGTGGGGCCCGACGGGCGCTTCCTCTGCGGGTATGAACAGCACGCCTACGACGGCAAGGATTACATCGCTCTGAACGAGGACCTGCGCTCCTGGACCGCGGCGGACATGGCAGCTCAGATCACCAAGCGCAAGTGGGAGGCGGCCCGTCGGGCGGAGCAGCGGAGAGTCTACCTGGAGGGCGAGTTCGTGGAGTGGCTCCGCAGATACCTGGAGAACGGGAAGGAGACGCTGCAGCGCGCGG"/>
      <parent id="A1B2C1G000022" sequence="GTTCTCACACCATCCAGATAATGTATGGCTGCGACGTGGGGCCGGACGGGCGCTTCCTCCGCGGGTACCGGCAGGACGCCTACGACGGCAAGGATTACATCGCCCTGAACGAGGACCTGCGCTCTTGGACCGCGGCGGACATGGCAGCTCAGATCACCAAGCGCAAGTGGGAGGCGGCCCATGCGGCGGAGCAGCAGAGAGCCTACCTGGATGGCACGTGCGTGGAGTGGCTCCGCAGATACCTGGAGAACGGGAAGGAGACGCTGCAGCGCACGG"/>
      <parent id="A1B2C1G000024" sequence="GTTCTCACACCATCCAGATAATGTATGGCTGCGACGTGGGGCCGGACGGGCGCTTCCTCCGCGGGTACCGGCAGGACGCCTACGACGGCAAGGATTACATCGCCCTGAACGAGGACCTGCGCTCTTGGACCGCGGCGGACATGGCAGCTCAGATCACCAAGCGCAAGTGGGAGGCGGCCCATGAGGCGGAGCAGTTGAGAGCCTACCTGGAGGGCCGGTGCGTGGAGTGGCTCCGCAGATACCTGGAGAACGGGAAGGAGACGCTGCAGCGCACGG"/>
      <parent id="A1B1C2G000071" sequence="GTTCTCACACCATCCAGATGATGTATGGCTGCGACGTGGGGCCGGACGGGCGCCTCCTCCGCGGGTACCAGCAGGACGCCTACGACGGCAAGGATTACATCGCCCTGAAAGAGGACCTGCGCTCTTGGACCGCGGCGGACATGGCGGCTCAGATCACCCAGCGCAAGTGGGAGGCGGCCCGTGTGGCGGAGCAGTTGAGAGCCTACCTGGAGGGCACGTGCGTGGAGTGGCTCCGCAGATACCTGGAGAACGGGAAGGAGACGCTGCAGCGCACGG"/>
      <parent id="A2B2C2G000036" sequence="GTTCTCACACCATCCAGATGATGTATGGCTGCGACGTGGGGTCGGACGGGCGCTTCCTCCGCGGGTACCAGCAGGACGCCTACGACGGCAAGGATTACATCGCCTTGAACGAGGACCTGCGCTCTTGGACCGCGGCGGACATGGCGGCTCAGATCACCCAGCGCAAGTGGGAGGCGGCCCATGAGGCGGAGCAGTTGAGAGCCTACCTGGAGGGCACGTGCGTGGAGTGGCTCCGCAGATACCTGGAGAACGGGAAGGAGACGCTGCAGCGCACGG"/>
      <parent id="A1B1C2G000075" sequence="GTTCTCACACCGTCCAGAGGATGTATGGCTGCGACGTGGGGTCGGACTGGCGCTTCCTCCGCGGGCATGACCAGTACGCCTACGACGGCAAGGATTACATCGCCCTGAAAGAGGACCTGCGCTCTTGGACCGCGGCGGACATGGCAGCTCAGACCACCAAGCACAAGTGGGAGGCGGCCCATGTGGCGGAGCAGTTGAGAGCCTACCTGGAGGGCACGTGCGTGGAGTGGCTCCGCAGATACCTGGAGAACGGGAAGGAGACGCTGCAGCGCACGG"/>
      <parent id="A2B2C2G000037" sequence="GGTCTAACACCCTCCAGATAATGTATGGCTGCGACTCGGGGCTGGAACGGCGCCTCCTCCGCGGGTATGAACAGCACGCCAACGATGGCAAGGATTACATAGCCCGGAACTAGGACCTGCGCTCCTGGACCGCGGCGGACATGGCGGCTCAGATCACCAAGCGCAAGTGGGAGGCAGAAGAATTTGCAGAGCAGATCAGGGCCTACCTGGAGGGCACGTGCGTGGAGAGGCTCGCAGACACCTGGAGAACGGGAAGGAGATGCTGCAGCTCACGG"/>
      <parent id="A1B1C2G000073" sequence="GTTCTCACACCATCCAGATGATGTATGGCTGCCACGTGGGGTCGGACGGGCGCTTCCTCCGCGGGTACCGGCAGGACGCCTACGACGGCAAGGATTACATCGCCTTGAACGAGGACCTGCGCTCTTGGACCGCGGCGGACATGGCGGCTCAGATCACCCAGCGCAAGTGGGAGGCGGCCCGTGTGGCGGAGCAGTTGAGAGCCTACCTGGAGGGCCGGTGCGTGGAGTGGCTCCGCAGATACCTGGAGAACGGGAAGGAGACGCTGCAGCGCACGG"/>
      <parent id="A2B1C2G000045" sequence="GTTCTCACACCCTCCAGATGATGTTTGGCTGCGACGTGGGGCCGGACGGGCGCTTCCTCCGCGGGTACCGGCAGGACGCCTACGACGGCAAGGATTACATCGCCCTGAAAGAGGACCTGCGCTCTTGGACCGCGGCGGACATGGCGGCTCAGATCACCAAGCGCAAGTGGGAGGCGGCCCATGTGGCGGAGCAGCAGAGAGCCTACCTGGAGGGCACGTGCGTGGACGGGCTCCGCAGATACCTGGAGAACGGGAAGGAGACGCTGCAGCGCACGG"/>
      <parent id="A1B2C1G000036" sequence="GTTCTCACACCATCCAGATGATGTATGGCTGCCACGTGGGGTCGGACGGGCGCTTCCTCCGCGGGTACCGGCAGGACGCCTACGACGGCAAGGATTACATCGCCTTGAACGAGGACCTGCGCTCTTGGACCGCGGCGGACATGGCGGCTCAGATCACCCAGCGCAAGTGGGAGGCGGCCCGTGTGGCGGAGCAGCAGAGAGCCTACCTGGAGGGCACGTGCGTGGAGTGGCTCCGCAGATACCTGGAGAACGGGAAGGAGACGCTGCAGCGCACGG"/>
      <parent id="A1B2C1G000037" sequence="GGTCTAACACCCTCCAGATAATGTATGGCTGCGACTTGGGGCTGGAAGGGCGCCTCCTCCGCGGGTATGAACAGCACGCCAACGATGGCAAGGATTACATAGCCCGGAACTAGGACCTGCGCTCCTGGACCGCGGCGGACATGGCGGCTCAGATCATCAAGCGCAAGTGGGAGGCAGAAGAATTTGCAGAGCAGATCAGGGCCTACCTGGAGGGCACGTGCGTGGAGAGGCTCGCAGACACCTGGAGAACGGGAAGGAGACGCTGCAGCTCACTG"/>
      <parent id="A1B1C2G000019" sequence="GTTCTCACACCCTCCAGATGATGTTTGGCTGCGACGTGGGGTCGGACGGGCGCTTCCTCCGCGGGTACCACCAGTACGCCTACGACGGCAAGGATTACATCGCCCTGAAAGAGGACCTGCGCTCTTGGACCGCGGCGGACATGGCGGCTCAGATCACCAAGCGCAAGTGGGAGGCGGCCCATGTGGCGGAGCAGTGGAGAGCCTACCTGGAGGGCACGTGCGTGGAGTGGCTCCGCAGATACCTGGAGAACGGGAAGGAGACGCTGCAGCGCACGG"/>
      <parent id="A1B1C2G000018" sequence="GTTCTCACACCATCCAGAGGATGTATGGCTGCGACGTGGGGCCGGACGGGCGCTTCCTCCGCGGGTACCAGCAGGACGCTTACGACGGCAAGGATTACATCGCCCTGAACGAGGACCTGCGCTCTTGGACCGCGGCGGACATGGCGGCTCAGATCACCCAGCGCAAGTGGGAGACGGCCCATGAGGCGGAGCAGTGGAGAGCCTACCTGGAGGGCCGGTGCGTGGAGTGGCTCCGCAGATACCTGGAGAACGGGAAGGAGACGCTGCAGCGCACGG"/>
      <parent id="A1B1C2G000024" sequence="GTTCTCACACCATCCAGATAATGTATGGCTGCGACGTGGGGCCGGACGGGCGCTTCCTCCGCGGGTACCGGCAGGACGCCTACGACGGCAAGGATTACATCGCCCTGAACGAGGACCTGCGCTCTTGGACCGCGGCGGACATGGCAGCTCAGACCACCAAGCACAAGTGGGAGGCGGCCCATGTGGCGGAGCAGTTGAGAGCCTACCTGGAGGGCCGGTGCGTGGAGTGGCTCCGCAGATACCTGGAGAACGGGAAGGAGACGCTGCAGCGCACGG"/>
      <parent id="A1B1C2G000022" sequence="GTTCTCACACCATCCAGATAATGTATGGCTGCGACGTGGGGCCGGACGGGCGCTTCCTCCGCGGGTACCGGCAGGACGCCTACGACGGCAAGGATTACATCGCCCTGAACGAGGACCTGCGCTCTTGGACCGCGGCGGACATGGCAGCTCAGATCACCAAGCGCAAGTGGGAGGCGGTCCATGCGGCGGAGCAGCGGAGAGTCTACCTGGAGGGCACGTGCGTGGAGTGGCTCCGCAGATACCTGGAGAACGGGAAGGAGACGCTGCAGCGCACGG"/>
      <parent id="A1B1C2G000021" sequence="GTTCTCACACCATCCAGATGATGTATGGCTGCGACGTGGGGTCGGACGGGCGCTTCCTCCGCGGGTACCGGCAGGACGCCTACGACGGCAAGGATTACATCGCCCTGAAAGAGGACCTGCGCTCTTGGACCGCGGCGGACATGGCAGCTCAGACCACCAAGCACAAGTGGGAGGCGGCCCATGTGGCGGAGCAGTGGAGAGCCTACCTGGAGGGCACGTGCGTGGAGTGGCTCCGCAGATACCTGGAGAACGGGAAGGAGACGCTGCAGCGCACGG"/>
      <parent id="A1B1C2G000028" sequence="GTTCTCACACCATGCAGGTGATGTATGGCTGCGACGTGGGGCCCGACGGGCGCTTCCTCCGCGGGTATGAACAGCACGCCTACGACAGCAAGGATTACATCGCTCTGAACGAGGACCTGCGCTCCTGGACCGCGGCGGACATGGCAGCTCAGATCACCAAGCGCAAGTGGGAGGCGGCCCGTCAGGCGGAGCAGCTGAGAGCCTACCTGGAGGGCGAGTTCGTGGAGTGGCTCCGCAGATACCTGGAGAACGGGAAGGAGACGCTGCAGCGCGCGG"/>
      <parent id="A1B1C2G000027" sequence="GTTCTCACACCCTCCAGTGGATGATTGGCTGCGACCTGGGGTCCGACGGACGCCTCCTCCGCGGGTATGAACAGTATGCCTACGATGGCAAGGATTACCTCGCCCTGAACGAGGACCTGCGCTCCTGGACCGCAGCGGACACTGCGGCTCAGATCTCCAAGCGCAAGTGTGAGGCGGCCAATGTGGCTGAACAAAGGAGAGCCTACCTGGAGGGCACGTGCGTGGAGTGGCTCCACAGATACCTGGAGAACGGGAAGGAGATGCTGCAGCGCGCGG"/>
      <parent id="A1B1C2G000025" sequence="GTTCTCACACCATCCAGATGATGTATGGCTGCGACGTGGGGTCGGACGGACGCTTCCTCCGCGGGTACCAGCAGGACGCCTACGACGGCAAGGATTACATCGCCTTGAACGAGGACCTGCGCTCTTGGACCGCGGCGGACATGGCGGCTCAGATCACCCAGCGCAAGTGGGAGGCGGCCCGTGTGGCGGAGCAGTTGAGAGCCTACCTGGAGGGCACGTGCGTGGAGTGGCTCCGCAGACACCTGGAGAACGGGAAGGAGACGCTGCAGCGCACGG"/>
      <parent id="A1B1C2G000020" sequence="GTTCTCACACCCTCCAGATGATGTTTGGCTGCGACGTGGGGTCGGACGGGCGCTTCCTCCGCGGGTATGACCAGTCCGCCTACGACGGCAAGGATTACATCGCCCTGAAAGAGGACCTGCGCTCTTGGACCGCGGCGGACATGGCGGCTCAGATCACCAAGCGCAAGTGGGAGGCGGCCCATGTGGCGGAGCAGCAGAGAGCCTACCTGGAGGGCACGTGCGTGGACGGGCTCCGCAGATACCTGGAGAACGGGAAGGAGACGCTGCAGCGCACGG"/>
      <parent id="A2B1C2G000057" sequence="GGTCTCACACCCTGCAGTGGATGCATGGCTGCGAGCTGGGGCCCGACAGGCGCTTCCTCCGCGGGTATGAACAGTTCGCCTACGACGGCAAGGATTATCTCACCCTGAATGAGGACCTGCGCTCCTGGACCGCGGTGGACACGGCGGCTCAGATCTCCGAGCAAAAGTCAAATGATGCCTCTGAGGCGGAGCACCAGAGAGTCTACCTGGAAGACACATGCGTGGAGTGGCTCCACAAATACCTGGAGAAGGGGAAGGAGACGCTGCTTCACCTGG"/>
      <parent id="A1B1C2G000009" sequence="GTTCTCACACCATCCAGATGATGTATGGCTGCGACGTGGGGTCGGACGGGCGCTTCCTCCGCGGGTACCAGCAGGACGCCTACGACGGCAAGGATTACATCGCCTTGAACGAGGACCTGCGCTCTTGGACCGCGGCGGACATGGCGGCTCAGATCACCCAGCGCAAGTGGGAGGCGGCCCGTGTGGCGGAGCAGTTGAGAGCCTACCTGGAGGGCACGTGCGTGGAGTGGCTCCGCAGATACCTGGAGAACGGGAAGGAGACGCTGCAGCGCACGG"/>
      <parent id="A1B1C2G000129" sequence="GTTCTCACACCATCCAGATAATGTATGGCTGCGACGTGGGGCCGGACGGGCGCTTCCTCCGCGGGTACCACCAGTACGCCTACGACGGCAAGGATTACATCGCCCTGAAAGAGGACCTGCGCTCTTGGACCGCGGCGGACATGGCGGCTCAGATCACCAAGCGCAAGTGGGAGGCGGCCCATGTGGCGGAGCAGCAGAGAGCCTACCTGGAGGGCACGTGCGTGGACGGGCTCCGCAGATACCTGGAGAACGGGAAGGAGACGCTGCAGCGCACGG"/>
      <parent id="A1B1C2G000008" sequence="GTTCTCACACCCTCCAGATGATGTTTGGCTGCGACGTGGGGTCGGACGGGCGCTTCCTCCGCGGGTACCACCAGTACGCCTACGACGGCAAGGATTACATCGCCCTGAAAGAGGACCTGCGCTCTTGGACCGCGGCGGACATGGCGGCTCAGATCACCAAGCGCAAGTGGGAGGCGGCCCGTGTGGCGGAGCAGCTGAGAGCCTACCTGGAGGGCACGTGCGTGGACGGGCTCCGCAGATACCTGGAGAACGGGAAGGAGACGCTGCAGCGCACGG"/>
      <parent id="A1B1C2G000007" sequence="GTTCTCACACCATCCAGATAATGTATGGCTGCGACGTGGGGTCGGACGGGCGCTTCCTCCGCGGGTACCGGCAGGACGCCTACGACGGCAAGGATTACATCGCCCTGAACGAGGACCTGCGCTCTTGGACCGCGGCGGACATGGCGGCTCAGATCACCCAGCGCAAGTGGGAGGCGGCCCGTGTGGCGGAGCAGTTGAGAGCCTACCTGGAGGGCACGTGCGTGGAGTGGCTCCGCAGATACCTGGAGAACGGGAAGGAGACGCTGCAGCGCACGG"/>
      <parent id="A1B2C1G000044" sequence="GTTCTCACACCGTCCAGAGGATGTATGGCTGCGACGTGGGGTCGGACTGGCGCTTCCTCCGCGGGTACCACCAGTACGCCTACGACGGCAAGGATTACATCGCCCTGAAAGAGGACCTGCGCTCTTGGACCGCGGCGGACATGGCAGCTCAGACCACCAAGCACAAGTGGGAGGCGGCCCATGTGGCGGAGCAGCAGAGAGCCTACCTGGAGGGCACGTGCGTGGACGGGCTCCGCAGATACCTGGAGAACGGGAAGGAGACGCTGCAGCGCACGG"/>
      <parent id="A1B2C1G000045" sequence="GTTCTCACACCATCCAGATGATGTATGGCTGCCACGTGGGGTCGGACGGGCGCTTCCTCCGCGGGTACCGGCAGGACGCCTACGACGGCAAGGATTACATCGCCTTGAACGAGGACCTGCGCTCTTGGACCGCGGCGGACATGGCGGCTCAGATCACCAAGCGCAAGTGGGAGGCGGCCCATGTGGCGGAGCAGCAGAGAGCCTACCTGGAGGGCACGTGCGTGGACGGGCTCCGCAGATACCTGGAGAACGGGAAGGAGACGCTGCAGCGCACGG"/>
      <parent id="A1B2C1G000046" sequence="GTTCTCACACCCTCCAGATGATGTTTGGCTGCGACGTGGGGTCGGACGGGCGCTTCCTCCGCGGGTACCACCAGTACGCCTACGACGGCAAGGATTACATCGCCCTGAAAGAGGACCTGCGCTCTTGGACCGCGGCGGACATGGCGGCTCAGATCACCAAGCGCAAGTGGGAGGCGGCCCATGTGGCGGAGCAGCAGAGAGCCTACCTGGATGGCACGTGCGTGGAGTGGCTCCGCAGATACCTGGAGAACGGGAAGGAGACGCTGCAGCGCACGG"/>
      <parent id="A1B1C2G000013" sequence="GTTCTCACACCGTCCAGAGGATGTATGGCTGCGACGTGGGGTCGGACGGGCGCTTCCTCCGCGGGTACCGGCAGGACGCCTACGACGGCAAGGATTACATCGCCCTGAAAGAGGACCTGCGCTCTTGGACCGCGGCGGACATGGCAGCTCAGACCACCAAGCACAAGTGGGAGGCGGCCCATGTGGCGGAGCAGTTGAGAGCCTACCTGGAGGGCACGTGCGTGGAGTGGCTCCGCAGATACCTGGAGAACGGGAAGGAGACGCTGCAGCGCACGG"/>
      <parent id="A1B1C2G000012" sequence="GTTCTCACACCGTCCAGAGGATGTATGGCTGCGACGTGGGGTCGGACGGGCGCTTCCTCCGCGGGTACCAGCAGGACGCCTACGACGGCAAGGATTACATCGCCTTGAACGAGGACCTGCGCTCTTGGACCGCGGCGGACATGGCGGCTCAGATCACCCAGCGCAAGTGGGAGGCGGCCCGTGTGGCGGAGCAGTTGAGAGCCTACCTGGAGGGCACGTGCGTGGAGTGGCTCCGCAGATACCTGGAGAACGGGAAGGAGACGCTGCAGCGCACGG"/>
      <parent id="A1B1C2G000011" sequence="GTTCTCACACCATCCAGATAATGTATGGCTGCGACGTGGGGCCGGACGGGCGCTTCCTCCGCGGGTACCGGCAGGACGCCTACGACGGCAAGGATTACATCGCCCTGAACGAGGACCTGCGCTCTTGGACCGCGGCGGACATGGCAGCTCAGATCACCAAGCGCAAGTGGGAGGCGGTCCATGCGGCGGAGCAGCGGAGAGTCTACCTGGAGGGCCGGTGCGTGGACGGGCTCCGCAGATACCTGGAGAACGGGAAGGAGACGCTGCAGCGCACGG"/>
      <parent id="A1B1C2G000010" sequence="GTTCTCACACCATCCAGAGGATGTATGGCTGCGACGTGGGGCCGGACGGGCGCTTCCTCCGCGGGTACCAGCAGGACGCTTACGACGGCAAGGATTACATCGCCCTGAACGAGGACCTGCGCTCCTGGACCGCGGCGGACATGGCGGCTCAGATCACCCAGCGCAAGTGGGAGACGGCCCATGAGGCGGAGCAGTGGAGAGCCTACCTGGAGGGCCGGTGCGTGGAGTGGCTCCGCAGATACCTGGAGAACGGGAAGGAGACGCTGCAGCGCACGG"/>
      <parent id="A1B1C2G000017" sequence="GTTCTCACACCCTCCAGATGATGTTTGGCTGCGACGTGGGGTCGGACGGGCGCTTCCTCCGCGGGTACCACCAGTACGCCTACGACGGCAAGGATTACATCGCCCTGAAAGAGGACCTGCGCTCTTGGACCGCGGCGGACATGGCGGCTCAGATCACCCAGCGCAAGTGGGAGGCGGCCCGTGTGGCGGAGCAGTTGAGAGCCTACCTGGAGGGCACGTGCGTGGACGGGCTCCGCAGATACCTGGAGAACGGGAAGGAGACGCTGCAGCGCACGG"/>
      <parent id="A1B1C2G000016" sequence="GTTCTCACACCATCCAGATGATGTATGGCTGCGACGTGGGGCCGGACGGGCGCCTCCTCCGCGGGTACCAGCAGGACGCCTACGACGGCAAGGATTACATCGCCTTGAACGAGGACCTGCGCTCTTGGACCGCGGCGGACATGGCGGCTCAGATCACCCAGCGCAAGTGGGAGGCGGCCCGTGTGGCGGAGCAGTTGAGAGCCTACCTGGAGGGCACGTGCGTGGACGGGCTCCGCAGATACCTGGAGAACGGGAAGGAGACGCTGCAGCGCACGG"/>
      <parent id="A1B1C2G000015" sequence="GTTCTCACACCATCCAGATAATGTATGGCTGCGACGTGGGGTCGGACGGGCGCTTCCTCCGCGGGTACCGGCAGGACGCCTACGACGGCAAGGATTACATCGCCCTGAACGAGGACCTGCGCTCTTGGACCGCGGCGGACATGGCGGCTCAGATCACCAAGCGCAAGTGGGAGGCGGCCCATGTGGCGGAGCAGCAGAGAGCCTACCTGGATGGCACGTGCGTGGAGTGGCTCCGCAGATACCTGGAGAACGGGAAGGAGACGCTGCAGCGCACGG"/>
      <parent id="A1B1C2G000014" sequence="GTTCTCACACCGTCCAGAGGATGTGTGGCTGCGACGTGGGGCCGGACGGGCGCTTCCTCCGCGGGTACCGGCAGGACGCCTACGACGGCAAGGATTACATCGCCCTGAACGAGGACCTGCGCTCTTGGACCGCGGCGGACATGGCAGCTCAGATCACCAAGCGCAAGTGGGAGGCGGTCCATGCGGCGGAGCAGCGGAGAGTCTACCTGGAGGGCCGGTGCGTGGACGGGCTCCGCAGATACCTGGAGAACGGGAAGGAGACGCTGCAGCGCACGG"/>
      <parent id="A2B1C2G000027" sequence="GTTCTCACACCCTCCAGTGGATGATTGGCTGCGACCTGGGGTCCGACGGTCGCCTCCTCCGCGGGTATGAACAGTATGCCTACGATGGCAAGGATTACCTCGCCCTGAACGAGGACCTGCGCTCCTGGACCGCAGCGGACACTGCGGCTCAGATCTCCAAGCGCAAGTGTGAGGCGGCCAATGTGGCTGAACAAAGGAGAGCCTACCTGGAGGGCACGTGCGTGGAGTGGCTCCACAGATACCTGGAGAACGGGAAGGAGATGCTGCAGCGCGCGG"/>
      <parent id="A1B2C1G000053" sequence="GTTCTCACACCATCCAGAGGATGTATGGCTGCGACGTGGGGCCGGACGGGCGCTTCCTCCGCGGGTACCAGCAGGACGCTTACGACGGCAAGGATTACATCGCCCTGAACGAGGACCTGCGCTCTTGGACCGCGGCGGACATGGCGGCTCAGATCACCCAGCGCAAGTGGGAGACGGCCCATGTGGCGGAGCAGCAGAGAGCCTACCTGGAGGGCACGTGCGTGGAGTGGCTCCGCAGATACCTGGAGAACGGGAAGGAGACGCTGCAGCGCACGG"/>
      <parent id="A2B1C2G000021" sequence="GTTCTCACACCATCCAGATGATGTATGGCTGCGACGTGGGGTCGGACGGGCGCTTCCTCCGCGGGTACCGGCAGGACGCCTACGACGGCAAGGATTACATCGCCCTGAAAGAGGACCTGCGCTCTTGGACCGCGGCGGACATGGCAGCTCAGACCACCAAGCACAAGTGGGAGGCGGCCCATGTGGCGGAGCAGTGGAGAGCCTACCTGGAGGGCACGTGCGTGGAGTGGCTCCGCAGATACCTGGAGAACGGGAAGGAGACGCTGCAGCGCACCG"/>
      <parent id="A1B1C1G000088" sequence="GTTCTCACACCGTCCAGAGGATGTGTGGCTGCGACGTGGGGTCGGACTGGCGCTTCCTCCGCGGGTACCACCAGTACGCCTACGACGGCAAGGATTACATCGCCCTGAAAGAGGACCTGCGCTCTTGGACCGCGGCGGACATGGCAGCTCAGACCACCAAGCACAAGTGGGAGGCGGCCCATGTGGCGGAGCAGTTGAGAGCCTACCTGGAGGGCACGTGCGTGGACGGGCTCCGCAGATACCTGGAGAACGGGAAGGAGACGCTGCAGCGCACGG"/>
      <parent id="A1B1C2G000046" sequence="GTTCTCACACCATCCAGATAATGTTTGGCTGCGACGTGGGGTCGGACGGGCGCTTCCTCCGCGGGTACCACCAGTACGCCTACGACGGCAAGGATTACATCGCCCTGAACGAGGACCTGCGCTCTTGGACCGCGGCGGACATGGCGGCTCAGATCACCAAGCGCAAGTGGGAGGCGGCCCATGAGGCGGAGCAGTTGAGAGCCTACCTGGATGGCACGTGCGTGGAGTGGCTCCGCAGATACCTGGAGAACGGGAAGGAGACGCTGCAGCGCACGG"/>
      <parent id="A1B1C1G000089" sequence="GTTCTCACACCCTCCAGAGGATGTATGGCTGCGACGTGGGGTCGGACTGGCGCTTCCTGCGCGGGTACCACCAGTACGCCTACGACGGCAAGGATTACATCGCCCTGAAAGAGGACCTGCGCTCTTGGACCGCGGCGGACATGGCAGCTCAGACCACCAAGCACAAGTGGGAGGCGGCCCATGTGGCGGAGCAGCAGAGAGCCTACCTGGAGGGCACGTGCGTGGAGTGGCTCCGCAGATACCTGGAGAACGGGAAGGAGACGCTGCAGCGCACGG"/>
      <parent id="A1B1C2G000045" sequence="GTTCTCACACCCTCCAGATGATGTTTGGCTGCGACGTGGGGTCGGACGGGCGCTTCCTCCGCGGGTACCGGCAGGACGCCTACGACGGCAAGGATTACATCGCCCTGAAAGAGGACCTGCGCTCTTGGACCGCGGCGGACATGGCGGCTCAGATCACCAAGCGCAAGTGGGAGGCGGCCCATGTGGCGGAGCAGCAGAGAGCCTACCTGGAGGGCACGTGCGTGGACGGGCTCCGCAGATACCTGGAGAACGGGAAGGAGACGCTGCAGCGCACGG"/>
      <parent id="A1B1C2G000044" sequence="GTTCTCACACCGTCCAGAGGATGTATGGCTGCGACGTGGGGTCGGACTGGCGCTTCCTCCGCGGGTACCACCAGTACGCCTACGACGGCAAGGATTACATCGCCCTGAAAGAGGACCTGCGCTCTTGGACCGCGGCGGACATGGCGGCTCAGATCACCAAGCGCAAGTGGGAGGCGGCCCATGTGGCGGAGCAGCAGAGAGCCTACCTGGAGGGCACGTGCGTGGACGGGCTCCGCAGATACCTGGAGAACGGGAAGGAGACGCTGCAGCGCACGG"/>
      <parent id="A1B1C1G000086" sequence="GTTCTCACACCATCCAGATAATGTATGGCTGCGACGTGGGGTCGGACGGGCGCTTCCTCCGCGGGTACCGGCAGGACGCCTACGACGGCAAGGATTACATCGCCCTGAACGAGGACCTGCGCTCCTGGACCGCGGCGGACATGGCAGCTCAGATCACCAAGCGCAAGTGGGAGGCGGCCCGTCGGGCGGAGCAGCTGAGAGCCTACCTGGATGGCACGTGCGTGGAGTGGCTCCGCAGATACCTGGAGAACGGGAAGGAGACGCTGCAGCGCACGG"/>
      <parent id="A1B1C1G000087" sequence="GTTCTCACACCATCCAGATAATGTATGGCTGCGACGTGGGGTCGGACGGGCGCTTCCTCCGCGGGTACCGGCAGGACGCCTACGACGGCAAGGATTACATCGCCCTGAACGAGGACCTGCGCTCTTGGACCGCGGCGGACATGGCGGCTCAGATCACCAAGCGCAAGTGGGAGGCGGCCCATGAGGCGGAGCAGCGGAGAGTCTACCTGGATGGCACGTGCGTGGAGTGGCTCCGCAGATACCTGGAGAACGGGAAGGAGACGCTGCAGCGCACGG"/>
      <parent id="A1B1C2G000043" sequence="GTTCTCACACCCTCCAGAGGATGTATGGCTGCGACGTGGGGTCGGACTGGCGCTTCCTGCGCGGGTACCACCAGTACGCCTACGACGGCAAGGATTACATCGCCCTGAAAGAGGACCTGCGCTCTTGGACCGCGGCGGACATGGCAGCTCAGACCACCAAGCACAAGTGGGAGGCGGCCCATGTGGCGGAGCAGTGGAGAGCCTACCTGGAGGGCCGGTGCGTGGAGTGGCTCCGCAGATACCTGGAGAACGGGAAGGAGACGCTGCAGCGCACGG"/>
      <parent id="A1B1C2G000048" sequence="GTTCTCACACCATCCAGATGATGTATGGCTGCGACGTGGGGTCGGACGGGCGCTTCCTCCGCGGGTACCGGCAGGACGCCTACGACGGCAAGGATTACATCGCCCTGAAAGAGGACCTGCGCTCTTGGACCGCGGCGGACATGGCGGCTCAGATCACCAAGCGCAAGTGGGAGGCGGCCCATGTGGCGGAGCAGTGGAGAGCCTACCTGGAGGGCACGTGCGTGGAGTGGCTCCGCAGATACCTGGAGAACGGGAAGGAGACGCTGCAGCGCACGG"/>
      <parent id="A1B1C1G000080" sequence="GTTCTCACACCATCCAGATGATGTATGGCTGCGACGTGGGGTCGGACGGGCGCTTCCTCCGCGGGTACCAGCAGGACGCCTACGACGGCAAGGATTACATCGCCTTGAACGAGGACCTGCGCTCTTGGACCGCGGCGGACATGGCGGCTCAGATCACCCAGCGCAAGTGGGAGGCGGCCCATGTGGCGGAGCAGTGGAGAGCCTACCTGGAGGGCACGTGCGTGGAGTGGCTCCGCAGATACCTGGAGAACGGGAAGGAGACGCTGCAGCGCACGG"/>
      <parent id="A1B1C1G000081" sequence="GTTCTCACACCGTCCAGAGGATGTATGGCTGCGACGTGGGGTCGGACTGGCGCTTCCTCCGCGGGTACCAGCAGGACGCTTACGACGGCAAGGATTACATCGCCCTGAAAGAGGACCTGCGCTCTTGGACCGCGGCGGACATGGCAGCTCAGACCACCAAGCACAAGTGGGAGGCGGCCCATGTGGCGGAGCAGTTGAGAGCCTACCTGGAGGGCACGTGCGTGGAGTGGCTCCGCAGATACCTGGAGAACGGGAAGGAGACGCTGCAGCGCACGG"/>
      <parent id="A2B2C2G000008" sequence="GTTCTCACACCCTCCAGATGATGTTTGGCTGCGACGTGGGGTCGGACGGGCGCTTCCTCCGCGGGTACCACCAGTACGCCTACGACGGCAAGGATTACATCGCCCTGAAAGAGGACCTGCGCTCTTGGACCGCGGCGGACATGGCGGCTCAGATCACCAAGCGCAAGTGGGAGGCGGCCCGTGAGGCGGAGCAGCAGAGAGCCTACCTGGAGGGCACGTGCGTGGACGGGCTCCGCAGATACCTGGAGAACGGGAAGGAGACGCTGCAGCGCACGG"/>
      <parent id="A2B2C2G000005" sequence="GTTCTCACACCATCCAGATAATGTATGGCTGCGACGTGGGGTCGGACGGGCGCTTCCTCCGCGGGTATGAACAGCACGCCTACGACGGCAAGGATTACATCGCCCTGAACGAGGACCTGCGCTCTTGGACCGCGGCGGACATGGCGGCTCAGATCACCCAGTGCAAGTGGGAGGCGGCCCGTTGGGCGGAGCAGTTGAGAGCCTACCTGGAGGGCACGTGCGTGGAGTGGCTCCGCAGATACCTGGAGAACGGGAAGGAGACGCTGCAGCGCACGG"/>
      <parent id="A2B2C2G000006" sequence="GTTCTCACACCATCCAGATAATGTATGGCTGCGACGTGGGGTCGGACGGGCGCTTCCTCCGCGGGTACCGGCAGGACGCCTACGACGGCAAGGATTACATCGCCCTGAACGAGGACCTGCGCTCTTGGACCGCGGCGGACATGGCGGCTCAGATCACCAAGCGCAAGTGGGAGGCGGCCCATGAGGCGGAGCAGCAGAGAGCCTACCTGGATGGCACGTGCGTGGAGTGGCTCCGCAGATACCTGGAGAACGGGAAGGAGACGCTGCAGCGCACGG"/>
      <parent id="A1B1C1G000084" sequence="GTTCTCACACCATCCAGAGGATGTATGGCTGCGACGTGGGGCCGGACGGGCGCTTCCTCCGCGGGTACCACCAGTACGCCTACGACGGCAAGGATTACATCGCCCTGAAAGAGGACCTGCGCTCTTGGACCGCGGCGGACATGGCAGCTCAGACCACCAAGCACAAGTGGGAGGCGGCCCATGAGGCGGAGCAGTGGAGAGCCTACCTGGAGGGCCGGTGCGTGGAGTGGCTCCGCAGATACCTGGAGAACGGGAAGGAGACGCTGCAGCGCACGG"/>
      <parent id="A2B2C2G000003" sequence="GTTCTCACACCATCCAGAGGATGTATGGCTGCGACGTGGGGCCGGACGGGCGCTTCCTCCGCGGGTACCACCAGTACGCCTACGACGGCAAGGATTACATCGCCCTGAAAGAGGACCTGCGCTCTTGGACCGCGGCGGACATGGCAGCTCAGACCACCAAGCACAAGTGGGAGGCGGCCCATGTGGCGGAGCAGTGGAGAGCCTACCTGGAGGGCACGTGCGTGGAGTGGCTCCGCAGATACCTGGAGAACGGGAAGGAGAGGCTGCAGCGCACGG"/>
      <parent id="A1B1C2G000042" sequence="GTTCTCACACCATCCAGATGATGTATGGCTGCGACGTGGGGCCGGACGGGCGCCTCCTCCGCGGGTACCAGCAGGACGCCTACGACGGCAAGGATTACATCGCCCTGAACGAGGACCTGCGCTCTTGGACCGCGGCGGACATGGCGGCTCAGATCACCAAGCGCAAGTGGGAGGCGGCCCGTGTGGCGGAGCAGTTGAGAGCCTACCTGGAGGGCACGTGCGTGGAGTGGCTCCGCAGATACCTGGAGAACGGGAAGGAGACGCTGCAGCGCACGG"/>
      <parent id="A2B2C2G000004" sequence="GTTCTCACACCATCCAGATAATGTATGGCTGCGACGTGGGGCCGGACGGGCGCTTCCTCCGCGGGTACCGGCAGGACGCCTACGACGGCAAGGATTACATCGCCCTGAACGAGGACCTGCGCTCTTGGACCGCGGCGGACATGGCAGCTCAGATCACCAAGCGCAAGTGGGAGGCGGCCCATGAGGCGGAGCAGCGGAGAGCCTACCTGGAGGGCCGGTGCGTGGAGTGGCTCCGCAGATACCTGGAGAACGGGAAGGAGACGCTGCAGCGCACGG"/>
      <parent id="A1B1C2G000041" sequence="GTTCTCACACCATCCAGATGATGTATGGCTGCGACGTGGGGTCGGACGGGCGCTTCCTCCGCGGGTACCGGCAGGACGCCTACGACGGCAAGGATTACATCGCCTTGAACGAGGACCTGCGCTCTTGGACCGCGGCGGACATGGCAGCTCAGACCACCAAGCACAAGTGGGAGGCGGCCCGTGTGGCGGAGCAGTTGAGAGCCTACCTGGAGGGCACGTGCGTGGAGTGGCTCCGCAGATACCTGGAGAACGGGAAGGAGACGCTGCAGCGCACGG"/>
      <parent id="A2B1C2G000019" sequence="GTTCTCACACCCTCCAGATGATGTTTGGCTGCGACGTGGGGTCGGACGGGCGCTTCCTCCGCGGGTACCACCAGTACGCCTACGACGGCAAGGATTACATCGCCCTGAAAGAGGACCTGCGCTCTTGGACCGCGGCGGACATGGCGGCTCAGATCACCAAGCGCAAGTGGGAGGCGGCCCATGTGGCGGAGCAGTGGAGAGTCTACCTGGAGGGCACGTGCGTGGAGTGGCTCCGCAGATACCTGGAGAACGGGAAGGAGACGCTGCAGCGCACGG"/>
      <parent id="A1B1C1G000085" sequence="GTTCTCACACCGTCCAGAGGATGTATGGCTGCGACGTGGGGTCGGACTGGCGCTTCCTCCGCGGGTACCACCAGTACGCCTAGACGGCAAGGATTACATCGCCCTGAAAGAGGACCTGCGCTCTTGGACCGCGGCGGACATGGCAGCTCAGACCACCAAGCACAAGTGGGAGGCGGCCCATGTGGCGGAGCAGTTGAGAGCCTACCTGGAGGGCACGTGCGTGGAGTGGCTCCGCAGATACCTGGAGAACGGGAAGGAGACGCTGCAGCGCACGG"/>
      <parent id="A1B1C1G000082" sequence="GTTCTCACACCCTCCAGAGGATGTACGGCTGCGACGTGGGGTCGGACGGGCGCTTCCTCCGCGGGTATGAACAGCACGCCTACGACGGCAAGGATTACATCGCCCTGAACGAGGACCTGCGCTCTTGGACCGCGGCGGACATGGCGGCTCAGATCACCCAGCGCAAGTGGGAGGCGGCCCGTTGGGCGGAGCAGTTGAGAGCCTACCTGGAGGGCACGTGCGTGGAGTGGCTCCGCAGATACCTGGAGAACGGGAAGGAGACGCTGCAGCGCACGG"/>
      <parent id="A2B2C2G000001" sequence="GTTCTCACACCCTCCAGATGATGTTTGGCTGCGACGTGGGGTCGGACGGGCGCTTCCTCCGCGGGTACCACCAGTACGCCTACGACGGCAAGGATTACATCGCCCTGAAAGAGGACCTGCGCTCTTGGACCGCGGCGGACATGGGGGCTCAGATCACCAAGCGCAAGTGGGAGGCGGCCCATGTGGCGGAGCAGCAGAGAGCCTACCTGGAGGGCCGGTGCGTGGAGTGGCTCCGCAGATACCTGGAGAACGGGAAGGAGACGCTGCAGCGCACGG"/>
      <parent id="A2B2C2G000002" sequence="GTTCTCACACCGTCCAGAGGATGTTTGGCTGCGACGTGGGGTCGGACGGGCGCTTCCTCCGCGGGTACCACCAGTACGCCTACGACGGCAAGGATTACATCGCCCTGAAAGAGGACCTGCGCTCTTGGACCGCGGCGGACATGGCAGCTCAGACCACCAAGCACAAGTGGGAGGCGGCCCATGTGGCGGAGCAGTTGAGAGCCTACCTGGAGGGCACGTGCGTGGAGTGGCTCCGCAGATACCTGGAGAACGGGAAGGAGACGCTGCAGCGCACGG"/>
      <parent id="A1B1C1G000083" sequence="GTTCTCACACCATCCAGATAATGTATGGCTGCGACGTGGGGCCGGACGGGCGCTTCCTCCGCGGGTACCGGCAGGACGCCTACGACGGCAAGGATTACATCGCCCTGAACGAGGACCTGCGCTCTTGGACCGCGGCGGACATGGCAGCTCAGATCACCCAGCGCAAGTGGGAGACGGCCCATGAGGCGGAGCAGTGGAGAGCCTACCTGGAGGGCCGGTGCGTGGAGTGGCTCCGCAGATACCTGGAGAACGGGAAGGAGACGCTGCAGCGCACGG"/>
      <parent id="A2B1C2G000038" sequence="GTTCTCACACCCTCCAGAGGATGTATGGCTGCGATGTGGGGTCGGACTGGCGCTTCCTGCGCGGGTACCACCAGTACGCCTACGACGGCAAGGATTACATCGCCCTGAAAGAGGACCTGCGCTCTTGGACCGCGGCGGACATGGCAGCTCAGACCACCAAGCACAAGTGGGAGGCGGCCCATGTGGCGGAGCAGTGGAGAGCCTACCTGGAGGGCACGTGCGTGGAGTGGCTCCGCAGATACCTGGAGAACGGGAAGGAGACGCTGCAGCGCACGG"/>
      <parent id="A1B2C1G000061" sequence="GTTCTCACACCATCCAGATAATGTATGGCTGCGACGTGGGGTCGGACGGGCGCTTCCTCCGCGGGTATGAACAGCACGCCTACGACGGCAAGGATTACATCGCCCTGAACGAGGACCTGCGCTCTTGGACCGCGGCGGACATGGCGGCTCAGATCACCAAGCGCAAGTGGGAGGCGGCCCATGTGGCGGAGCAGCAGAGAGCCTACCTGGATGGCACGTGCGTGGAGTGGCTCCGCAGATACCTGGAGAACGGGAAGGAGACGCTGCAGCGCACGG"/>
      <parent id="A1B2C1G000062" sequence="GTTCTCACACCGTCCAGAGGATGTATGGCTGCGACGTGGGGTCGGACTGGCGCTTCCTCCGCGGGTACCACCAGTACGCCTACGACGGCAAGGATTACATCGCCCTGAAAGAGGACCTGCGCTCTTGGACCGCGGCGGACATGGCAGCTCAGACCACCAAGCACAAGTGGGAGACGGCCCATGAGGCGGAGCAGCTGAGAGCCTACCTGGAGGGCACGTGCGTGGAGTGGCTCCGCAGATACCTGGAGAACGGGAAGGAGACGCTGCAGCGCACGG"/>
      <parent id="A2B1C2G000034" sequence="GTTCTCACACCATCCAGATAATGTATGGCTGCGACGTGGGGTCGGACGGGCGCTTCCTCCGCGGGTACCGGTAGGACGCTTACGACGGCAAGGATTACATCGCCCTGAACGAGGACCTGCGCTCTTGGACCGCGGCGGACATGGCGGCTCAGATCACCCAGCGCAAGTGGGAGACGGCCCATGAGGCGGAGCAGTTGAGAGCCTACCTGGAGGGCACGTGCGTGGAGTGGCTCCGCAGATACCTGGAGAACGGGAAGGAGACGCTGCAGCGCACGG"/>
      <parent id="A1B2C1G000060" sequence="GTTCTCACACCGTCCAGAGGATGTATGGCTGCGACGTGGGGTCGGACTGGCGCTTCCTCCGCGGGTACCACCAGTACGCCTACGACGGCAAGGATTACATCGCCCTGAAAGAGGACCTGCGCTCTTGGACCGCGGCGGACATGGCGGCTCAGATCACCAAGCGCAAGTGGGAGGCGGCCCATGAGGCGGAGCAGTTGAGAGCCTACCTGGAGGGCACGTGCGTGGAGTGGCTCCGCAGATACCTGGAGAACGGGAAGGAGACGCTGCAGCGCACGG"/>
      <parent id="A1B1C1G000099" sequence="GTTCTCACACCATCCAGAGGATGTATGGCTGCGACGTGGGGCCGGACGGGCGCTTCCTCCGCGGGTACCAGCAGGACGCTTACGACGGCAAGGATTACATCGCCCTGAACGAGGACCTGCGCTCTTGGACCGCGGCGGACATGGCGGCTCAGATCACCCAGCGCAAGTGGGAGGCGGCCCGTCGGGCGGAGCAGCGGAGAGTCTACCTGGAGGGCGAGTTCGTGGAGTGGCTCCGCAGATACCTGGAGAACGGGAAGGAGACGCTGCAGCGCACGG"/>
      <parent id="A1B1C2G000035" sequence="GTTCTCACACCGTCCAGAGGATGTGTGGCTGCGACGTGGGGTCGGACTGGCGCTTCCTCCGCGGGTACCACCAGTACGCCTACGACGGCAAGGATTACATCGCCCTGAAAGAGGACCTGCGCTCTTGGACCGCGGCGGACATGGCAGCTCAGACCACCAAGCACAAGTGGGAGGCGGCCCATGTGGCGGAGCAGTTGAGAGCCTACCTGGAGGGCGAGTTCGTGGAGTGGCTCCGCAGATACCTGGAGAACGGGAAGGAGACGCTGCAGCGCACGG"/>
      <parent id="A1B1C2G000034" sequence="GTTCTCACACCATCCAGATAATGTATGGCTGCGACGTGGGGTCGGACGGGCGCTTCCTCCGCGGGTACCGGCAGGACGCTTACGACGGCAAGGATTACATCGCCCTGAACGAGGACCTGCGCTCTTGGACCGCGGCGGACATGGCGGCTCAGATCACCCAGCGCAAGTGGGAGACGGCCCATGAGGCGGAGCAGTTGAGAGCCTACCTGGAGGGCACGTGCGTGGAGTGGCTCCGCAGATACCTGGAGAACGGGAAGGAGACGCTGCAGCGCACGG"/>
      <parent id="A1B1C2G000033" sequence="GTTCTCACACCATCCAGATAATGTATGGCTGCGACGTGGGGTCGGACGGGCGCTTCCTCCGCGGGTACCGGCAGGACGCCTACGACGGCAAGGATTACATCGCCCTGAACGAGGACCTGCGCTCTTGGACCGCGGCGGACATGGCGGCTCAGATCACCAAGCGCAAGTGGGAGGCGGCCCGTCGGGCGGAGCAGCTGAGAGCCTACCTGGAGGGCACGTGCGTGGACGGGCTCCGCAGATACCTGGAGAACGGGAAGGAGACGCTGCAGCGCACGG"/>
      <parent id="A1B1C1G000097" sequence="GTTCTCACACCATCCAGATAATGTATGGCTGCGACGTGGGGCCCGACGGGCGCTTCCTCCGCGGGTATGAACAGCACGCCTACGACGGCAAGGATTACATCGCCCTGAACGAGGACCTGCGCTCTTGGACCGCGGCGGACATGGCGGCTCAGATCACCAAGCGCAAGTGGGAGGCGGCCCATGAGGCGGAGCAGTTGAGAGCCTACCTGGATGGCACGTGCGTGGAGTGGCTCCGCAGATACCTGGAGAACGGGAAGGAGACGCTGCAGCGCACGG"/>
      <parent id="A1B1C2G000032" sequence="GTTCTCACACCATCCAGATAATGTATGGCTGCGACGTGGGGTCGGACTGGCGCTTCCTCCGCGGGTACCACCAGTACGCCTACGACGGCAAGGATTACATCGCCCTGAAAGAGGACCTGCGCTCTTGGACCGCGGCGGACATGGCAGCTCAGACCACCAAGCACAAGTGGGAGGCGGCCCATGTGGCGGAGCAGTTGAGAGCCTACCTGGAGGGCACGTGCGTGGAGTGGCTCCGCAGATACCTGGAGAACGGGAAGGAGACGCTGCAGCGCACGG"/>
      <parent id="A1B1C1G000098" sequence="GTTCTCACACCCTCCAGATGATGTTTGGCTGCGACGTGGGGTCGGACGGGCGCTTCCTCCGCGGGTACCACCAGTACGCCTACGACGGCAAGGATTACATCGCCCTGAAAGAGGACCTGCGCTCTTGGACCGCGGCGGACATGCGGCTCAGATCACCAAGCGCAAGTGGGAGGCGGCCCATGTGGCGGAGCAGCAGAGAGCCTACCTGGAGGGCACGTGCGTGGACGGGCTCCGCAGATACCTGGAGAACGGGAAGGAGACGCTGCAGCGCACGG"/>
      <parent id="A1B1C2G000039" sequence="GTTCTCACACCATCCAGAGGATGTATGGCTGCGACGTGGGGCCGGACGGGCGCTTCCTCCGCGGGTACCAGCAGGACGCTTACGACGGCAAGGATTACATCGCCCTGAACGAGGACCTGCGCTCTTGGACCGCGGCGGACATGGCGGCTCAGATCACCCAGCGCAAGTGGGAGACGGCCCATGAGGCGGAGCAGTGGAGAGCCTACCTGGAGGGCGAGTGCGTGGAGTGGCTCCGCAGATACCTGGAGAACGGGAAGCAGACGCTGCAGCGCACGG"/>
      <parent id="A1B1C2G000038" sequence="GTTCTCACACCCTCCAGAGGATGTATGGCTGCGACGTGGGGTCGGACTGGCGCTTCCTGCGCGGGTACCACCAGTACGCCTACGACGGCAAGGATTACATCGCCCTGAAAGAGGACCTGCGCTCTTGGACCGCGGCGGACATGGCAGCTCAGACCACCAAGCACAAGTGGGAGGCGGCCCATGTGGCGGAGCAGTGGAGAGCCTACCTGGAGGGCACGTGCGTGGAGTGGCTCCGCAGATACCTGGAGAACGGGAAGGAGACGCTGCAGCGCACGG"/>
      <parent id="A1B1C2G000037" sequence="GGTCTAACACCCTCCAGATAATGTATGGCTGCGACTTGGGGCTGGAAGGGCGCCTCCTCCGCGGGTATGAACAGCACCCCAACGATGGCAAGGATTACATAGCCCGGAACTAGGACCTGCGCTCCTGGACCGCGGCGGACATGGAGGCTCAGATCACCAAGCGCAAGTGGGAGGCAGAAGAATTTGCAGAGCAGATCAGGGCCTACCTGGAGGGCACGTGCGTGGAGAGGCTCGCAGACACCTGGAGAACGGGAAGGAGATGCTGCAGCTCACGG"/>
      <parent id="A1B1C2G000036" sequence="GTTCTCACACCATCCAGATGATGTATGGCTGCGACGTGGGGTCGGACGGGCGCTTCCTCCGCGGGTACCAGCAGGACGCCTACGACGGCAAGGATTACATCGCCTTGAACGAGGACCTGCGCTCTTGGACCGCGGCGGACATGGCGGCTCAGATCACCCAGCGCAAGTGGGAGGCGGCCCGTGAGGCGGAGCAGCGGAGAGCCTACCTGGAGGGCACGTGCGTGGAGTGGCTCCGCAGATACCTGGAGAACGGGAAGGAGACGCTGCAGCGCACGG"/>
      <parent id="A1B1C1G000091" sequence="CGTATCACATCCTCCAGGGAATGTTTGGCTGCGACCTGGGGCCCGACGGGCGTCTCCTCCGCGGGTATGAGCAGTATGCCTACGACGGCAAGGATTACATCGCCCTGAACGAGGACCTGCGCTCCTGGACCGCCGCGGATACCGCGGCTCAGATTACCCAGCGCAAGTATGAGGCGGCCAATGTGGCTGAGCAAAGGAGAGCCTACCTGGAGGGCACCTGCATGGAGTGGCTCCGCAGACACCTGGAGAACGGGAAGGAGACGCTGCAGCGCGCGG"/>
      <parent id="A1B1C1G000092" sequence="GTTCTCACACCATCCAGATAATGTATGGCTGCGACGTGGGGCCGGACGGGCGCTTCCTCCGCGGGTACCACCAGTACGCCTACGACGGCAAGGATTACATCGCCCTGAACGAGGACCTGCGCTCTTGGACCGCGGCGGACATGGCAGCTCAGATCACCAAGCGCAAGTGGGAGGCGGTCCATGCGGCGGAGCAGCGGAGAGTCTACCTGGAGGGCCGGTGCGTGGACGGGCTCCGCAGATACCTGGAGAACGGGAAGGAGACGCTGCAGCGCACGG"/>
      <parent id="A1B1C1G000090" sequence="GTTCTCACACCCTCCAGATGATGTTTGGCTGCGACGTGGGGCCGGACGGGCGCTTCCTCCGCGGGTACCGGCAGGACGCCTACGACGGCAAGGATTACATCGCCCTGAACGAGGACCTGCGCTCTTGGACCGCGGCGGACATGGCAGCTCAGATCACCAAGCGCAAGTGGGAGGCGGCCCATGCGGCGGAGCAGCAGAGAGCCTACCTGGAGGGCCGGTGCGTGGAGTGGCTCCGCAGATACCTGGAGAACGGGAAGGAGACGCTGCAGCGCACGG"/>
      <parent id="A1B1C1G000095" sequence="GTTCTCACACCATCCAGAGGATGTATGGCTGCGACGTGGGGCCGGACGGGCGCTTCCTCCGCGGGTACCAGCAGGACGCTTACGACCGCAAGGATTACATCGCCCTGAACGAGGACCTGCGCTCTTGGACCGCGGCGGACATGGCGGCTCAGATCACCCAGCGCAAGTGGGAGACGGCCCATGAGGCGGAGCAGTGGAGAGCCTACCTGGAGGGCACGTGCGTGGAGTGGCTCCGCAGATACCTGGAGAACGGGAAGGAGACGCTGCAGCGCACGG"/>
      <parent id="A1B1C1G000096" sequence="GTTCTCACACCATCCAGATAATGTATGGCTGCGACGTGGGGCCGGACGGGCGCTTCCTCCGCGGGTACCGGCAGGACGCCTACGACGGCAAGGATTACATCGCCCTGAACGAGGACCTGCGCTCTTGGACCGCGGCGGACATGGCAGCTCAGATCACCAAGCGCAAGTGGGAGGCGGTCCATGCGGCGGAGCAGCGGAGAGTCTACCTGGAGGGCGGTGCGTGGACGGGCTCCGCAGATACCTGGAGAACGGGAAGGAGACGCTGCAGCGCACGG"/>
      <parent id="A1B1C1G000093" sequence="GTTCTCACACCGTCCAGAGGATGTATGGCTGCGACGTGGGGTCGGACTGGCGCTTCCTCCGCGGGTACCACCAGTACGCCTACGACGGCAAGGATTACATCGCCCTGAAAGAGGACCTGCGCTCTTGGACCGCGGCGGACATGGCAGCTCAGACCACCAAGCACAAGTGGGAGACGGCCCATGAGGCGGAGCAGTGGAGAGCCTACCTGGAGGGCCGGTGCGTGGAGTGGCTCCGCAGATACCTGGAGAACGGGAAGGAGACGCTGCAGCGCACGG"/>
      <parent id="A1B1C1G000094" sequence="GTTCTCACACCATCCAGATGATGTATGGCTGCGACGTGGGGCCGGACGGGCGCCTCCTCCGCGGGTACCAGCAGGACGCCTACGACGGCAAGGATTACATCGCCTTGAACGAGGACCTGCGCTCTTGGACCGCGGCGGACATGGCGGCTCAGATCACCCAGCGCAAGTGGGAGGCGGCCCGTGTGGCGGAGCAGTTGAGAGCCTACCTGGAGGGCGAGTTCGTGGAGTGGCTCCGCAGATACCTGGAGAACGGGAAGGAGACGCTGCAGCGCACGG"/>
      <parent id="A2B1C1G000005" sequence="GTTCTCACACCATCCAGATAATGTATGGCTGCGACGTGGGGTCGGACGGGCGCTTCCTCCGCGGGTATGAACAGCACGCCTACGACGGCAAGGATTACATCGCCCTGAATGAGGACCTGCGCTCTTGGACCGCGGCGGACATGGCGGCTCAGATCACCCAGCGCAAGTGGGAGGCGGCCCGTCGGGCGGAGCAGTTGAGAGCCTACCTGGAGGGCACGTGCGTGGAGTGGCTCCGCAGATACCTGGAGAACGGGAAGGAGACGCTGCAGCGCACGG"/>
      <parent id="A1B2C2G000075" sequence="GTTCTCACACCGTCCAGAGGATGTATGGCTGCGACGTGGGGTCGGACTGGCGCTTCCTCCGCGGGTATGACCAGTCCGCCTACGACGGCAAGGATTACATCGCCCTGAAAGAGGACCTGCGCTCTTGGACCGCGGCGGACATGGCAGCTCAGACCACCAAGCACAAGTGGGAGGCGGCCCATGTGGCGGAGCAGTTGAGAGCCTACCTGGAGGGCACGTGCGTGGAGTGGCTCCGCAGATACCTGGAGAACGGGAAGGAGACGCTGCAGCGCACGG"/>
      <parent id="A2B1C1G000000" sequence="GTTCTCACACCCTCCAGATGATGTTTGGCTGCGACGTGGGGTCGGACGGGCGCTTCCTCCGCGGGTACCGGCAGGACGCCTACGACGGCAAGGATTACATCGCCCTGAAAGAGGACCTGCGCTCTTGGACCGCGGCGGACATGGCGGCTCAGATCACCCAGCGCAAGTGGGAGGCGGCCCGTGTGGCGGAGCAGTTGAGAGCCTACCTGGAGGGCACGTGCGTGGACGGGCTCCGCAGATACCTGGAGAACGGGAAGGAGACGCTGCAGCGCACGG"/>
      <parent id="A1B2C1G000071" sequence="GTTCTCACACCATCCAGATGATGTATGGCTGCGACGTGGGGTCGGACGGGCGCTTCCTCCGCGGGTACCAGCAGGACGCCTACGACGGCAAGGATTACATCGCCCTGAAAGAGGACCTGCGCTCTTGGACCGCGGCGGACATGGCGGCTCAGATCACCAAGCGCAAGTGGGAGGCGGCCCGTGTGGCGGAGCAGTTGAGAGCCTACCTGGAGGGCACGTGCGTGGAGTGGCTCCGCAGATACCTGGAGAACGGGAAGGAGACGCTGCAGCGCACGG"/>
      <parent id="A1B1C1G000066" sequence="GTTCTCACACCCTCCAGATGATGTTTGGCTGCGACGTGGGGTCGGACGGGCGCTTCCTCCGCGGGTACCACCAGTACGCCTACGACGGCAAGGATTACATCGCCCTGAAAGAGGACCTGCGCTCTTGGACCGCGGCGGACATGGCGGCTCAGATCACCAAGCGCAAGTGGGAGGCGGCCCATGTGGCGGAGCAGCAGAGAGCCTACCTGGAGGGCACGTGCGTGGACGGGCTCCGCAGATACCTGGAGAACGGGAAGGAGACGCTGCAGCGAAGGAGACGCTGCAGCGCACGG"/>
      <parent id="A1B1C1G000067" sequence="GTTCTCACACCATCCAGATAATGTATGGCTGCGACGTGGGGTCGGACGGGCGCTTCCTCCGCGGGTACCGGCAGGACGCCTACGACGGCAAGGATTACATCGCCCTGAACGAGGACCTGCGCTCTTGGACCGCGGCGGACATGGCGGCTCAGATCACCAAGCGCAAGTGGGAGGCGGCCCATGAGGCGGAGCAGTTGAGAGCCTACCTGGAGGGCACGTGCGTGGACGGGCTCCGCAGATACCTGGAGAACGGGAAGGAGACGCTGCAGCGCACGG"/>
      <parent id="A1B1C1G000064" sequence="GTTCTCACACCGTCCAGAGGATGTATGGCTGCGACGTGGGGTCGGACTGGCGCTTCCTCCGCGGGTACCACCAGTACGCCTACGACGGCAAGGATTACATCGCCCTGAAAGAGGACCTGCGCTCTTGGACCGCGGCGGACATGGCAGCTCAGACCACCAAGCACAAGTGGGAGGCGGCCCATGTGGCGGAGCAGTTGAGAGCCTACCTGGAGGGCACGTGCGTGGAGTGGCTCCGCAGATACCTGGAGAACGGGAAGGAGACGCTGCAGCCGTGCG"/>
      <parent id="A1B1C1G000065" sequence="GTTCTCACACCGTCCAGAGGATGTTTGGCTGCGACGTGGGGTCGGACGGGCGCTTCCTCCGCGGGTACCACCAGTACGCCTACGACGGCAAGGATTACATCGCCCTGAAAGAGGACCTGCGCTCTTGGACCGCGGCGGACATGGCGGCTCAGATCACCAAGCACAAGTGGGAGGCGGCCCATGTGGCGGAGCAGTTGAGAGCCTACCTGGAGGGCACGTGCGTGGAGTGGCTCCGCAGATACCTGGAGAACGGGAAGGAGACGCTGCAGCGCACGG"/>
      <parent id="A1B1C2G000104" sequence="GTTCTCACACCCTCCAGATGATGTTTGGCTGCGACGTGGGGTCGGACGGGCGCTTCCTCCGCGGGTACCACCAGTACGCCTACGACGGCAAGGATTACATCGCCCTGAAAGAGGACCTGCGCTCTTGGACCGCGGCGGACATGGCGGCTCAGATCACCAAGCACAAGTGGGAGGCGGCCCATGTGGCGGAGCAGTTGAGAGCCTACCTGGAGGGCACGTGCGTGGACGGGCTCCGCAGATACCTGGAGAACGGGAAGGAGACGCTGCAGCGCACGG"/>
      <parent id="A1B1C1G000068" sequence="GTGCTCACACCATCCAGATAATGTATGGCTGCGACGTGGGGCCGGACGGGCGCTTCCTCCGCGGGTACCGGCAGGACGCCTACGACGGCAAGGATTACATCGCCCTGAACGAGGACCTGCGCTCTTGGACCGCGGCGGACATGGCAGCTCAGATCACCAAGCGCAAGTGGGAGGCGGCCCATGTGGCGGAGCAGCAGAGAGCCTACCTGGAGGGCACGTGCGTGGACGGGCTCCGCAGATACCTGGAGAACGGGAAGGAGACGCTGCAGCGCACGG"/>
      <parent id="A1B1C2G000102" sequence="GTTCTCACACCCTCCAGATGATGTTTGGCTGCGACGTGGGGTCGGACGGGCGCCTCCTCCGCGGGCATGACCAGTACGCCTACGACGGCAAGGATTACATCGCCCTGAAAGAGGACCTGCGCTCTTGGACCGCGGCGGACATGGCGGCTCAGATCACCCAGCGCAAGTGGGAGGCGGCCCGTGTGGCGGAGCAGTTGAGAGCCTACCTGGAGGGCACGTGCGTGGACGGGCTCCGCAGATACCTGGAGAACGGGAAGGAGACGCTGCAGCGCACGG"/>
      <parent id="A1B1C1G000069" sequence="GTTCTCACACCGTCCAGAGGATGTTTGGCTGCGACGTGGGGTCGGACGGGCGCTTCCTCCGCGGGTACCACCAGTACGCCTACGACGGCAAGGATTACATCGCCCTGAAAGAGGACCTGCGCTCTTGGACCGCGGCGGACATGGCAGCTCAGACCACCAAGCACAAGTGGGAGGCGGCCCATGTGGCGGAGCAGCAGAGAGCCTACCTGGAGGGCACGTGCGTGGAGTGGCTCCGCAGATACCTGGAGAACGGGAAGGAGACGCTGCAGCGCACGG"/>
      <parent id="A2B2C1G000028" sequence="GTTCTCACACCATGCAGGTGATGTATGGCTGCGACTTGGGGCCCGACGGGCGCTTCCTCCGCGGGTATGAACAGCACGCCTACGACGGCAAGGATTACATCGCTCTGAACGAGGACCTGCGCTCCTGGACCGCGGCGGACATGGCAGCTCAGATCACCAAGCGCAAGTGGGAGGCGGCCCGTCGGGCGGAGCAGCGGAGAGTCTACCTGGAGGGCGAGTTCGTGGAGTGGCTCCGCAGATACCTGGAGAACGGGAAGGAGACGCTGCAGCGCGCGG"/>
      <parent id="A1B1C1G000062" sequence="GTTCTCACACCGTCCAGAGGATGTATGGCTGCGACGTGGGGTCGGACTGGCGCTTCCTCCGCGGGTACCACCAGTACGCCTACGACGGCAAGGATTACATCGCCCTGAAAGAGGACCTGCGCTCTTGGACCGCGGCGGACATGGCAGCTCAGACCACCAAGCACAAGTGGGAGACGGCCCATGAGGCGGAGCAGCAGAGAGCCTACCTGGAGGGCACGTGCGTGGAGTGGCTCCGCAGATACCTGGAGAACGGGAAGGAGACGCTGCAGCGCACGG"/>
      <parent id="A1B1C1G000063" sequence="GTTCTCACACCATCCAGATAATGTATGGCTGCGACGTGGGGCCGGACGGGCGCTTCCTCCGCGGGTACCGGCAGGACGCCTACGACGGCAAGGATTACATCGCCCTGAACGAGGACCTGCGCTCCTGGACCGCGGCGGACATGGCAGCTCAGATCACCAAGCGCAAGTGGGAGGCGGCCCGTCGGGCGGAGCAGCGGAGAGTCTACCTGGAGGGCGAGTTCGTGGAGTGGCTCCGCAGATACCTGGAGAACGGGAAGGAGACGCTGCAGCGCGCGG"/>
      <parent id="A1B1C1G000060" sequence="GTTCTCACACCGTCCAGAGGATGTATGGCTGCGACGTGGGGTCGGACTGGCGCTTCCTCCGCGGGTACCACCAGTACGCCTACGACGGCAAGGATTACATCGCCCTGAAAGAGGACCTGCGCTCTTGGACCGCGGCGGACATGGCAGCTCAGACCACCAAGCGCAAGTGGGAGGCGGCCCATGAGGCGGAGCAGTGGAGAGCCTACCTGGAGGGCACGTGCGTGGAGTGGCTCCGCAGATACCTGGAGAACGGGAAGGAGACGCTGCAGCGCACGG"/>
      <parent id="A1B1C1G000061" sequence="GTTCTCACACCATCCAGATAATGTATGGCTGCGACGTGGGGTCGGACGGGCGCTTCCTCCGCGGGTATGAACAGCACGCCTACGACGGCAAGGATTACATCGCCCTGAACGAGGACCTGCGCTCTTGGACCGCGGCGGACATGGCGGCTCAGATCACCCAGCGCAAGTGGGAGGCGGCCCATGTGGCGGAGCAGCAGAGAGCCTACCTGGAGGGCACGTGCGTGGAGTGGCTCCGCAGATACCTGGAGAACGGGAAGGAGACGCTGCAGCGCACGG"/>
      <parent id="A1B2C2G000061" sequence="GTTCTCACACCATCCAGATAATGTATGGCTGCGACGTGGGGTCGGACGGGCGCTTCCTCCGCGGGTATGAACAGCACGCCTACGACGGCAAGGATTACATCGCCCTGAACGAGGACCTGCGCTCTTGGACCGCGGCGGACATGGCGGCTCAGATCACCCAGCGCAAGTGGGAGGCGGCCCATGTGGCGGAGCAGTGGAGAGCCTACCTGGAGGGCACGTGCGTGGAGTCGCTCCGCAGATACCTGGAGAACGGGAAGGAGACGCTGCAGCGCACGG"/>
      <parent id="A1B2C2G000060" sequence="GTTCTCACACCGTCCAGAGGATGTTTGGCTGCGACGTGGGGTCGGACTGGCGCTTCCTCCGCGGGTACCACCAGTACGCCTACGACGGCAAGGATTACATCGCCCTGAAAGAGGACCTGCGCTCTTGGACCGCGGCGGACATGGCAGCTCAGACCACCAAGCACAAGTGGGAGACGGCCCATGAGGCGGAGCAGTGGAGAGCCTACCTGGAGGGCACGTGCGTGGAGTGGCTCCGCAGATACCTGGAGAACGGGAAGGAGACGCTGCAGCGCACGG"/>
      <parent id="A1B2C2G000068" sequence="GTTCTCACACCATCCAGATAATGTATGGCTGCGACGTGGGGCCGGACGGGCGCTTCCTCCGCGGGTACCGGCAGGACGCCTACGACGGCAAGGATTACATCGCCCTGAAAGAGGACCTGCGCTCTTGGACCGCGGCGGACATGGCGGCTCAGATCACCAAGCGCAAGTGGGAGGCGGCCCATGTGGCGGAGCAGCAGAGAGCCTACCTGGAGGGCACGTGCGTGGACGGGCTCCGCAGATACCTGGAGAACGGGAAGGAGACGCTGCAGCGCACGG"/>
      <parent id="A1B1C1G000077" sequence="GTTCTCACACCCTCCAGAGGATGTATGGCTGCGACGTGGGGTCGGACTGGCGCTTCCTGCGCGGGTACCACCAGTACGCCTACGACGGCAAGGATTACATCGCCTTGAACGAGGACCTGCGCTCTTGGACCGCGGCGGACATGGCAGCTCAGACCACCAAGCACAAGTGGGAGGCGGCCCATGTGGCGGAGCAGTGGAGAGCCTACCTGGAGGGCACGTGCGTGGAGTGGCTCCGCAGATACCTGGAGAACGGGAAGGAGACGCTGCAGCGCACGG"/>
      <parent id="A1B1C1G000078" sequence="GTTCTCACACCATCCAGATGATGTATGGCTGCGACGTGGGGCCGGACGGGCGCCTCCTCCGCGGGTACCAGCAGGACGCCTACGACGGCAAGGATTACATCGCCTTGAACGAGGACCTGCGCTCTTGGACCGCGGCGGACATGGCGGCTCAGATCACCCAGCGCAAGTGGGAGGCGGCCCGTGTGGCGGAGCAGCAGAGAGCCTACCTGGAGGGCACGTGCGTGGAGTGGCTCCGCAGATACCTGGAGAACGGGAAGGAGACGCTGCAGCGCACGG"/>
      <parent id="A1B1C1G000075" sequence="GTTCTCACACCGTCCAGAGGATGTATGGCTGCGACGTGGGGTCGGACTGGCGCTTCCTCCGCGGGTATGAGCAGTATGCCTACGACGGCAAGGATTACATCGCCCTGAAAGAGGACCTGCGCTCTTGGACCGCGGCGGACATGGCAGCTCAGACCACCAAGCACAAGTGGGAGGCGGCCCATGTGGCGGAGCAGTTGAGAGCCTACCTGGAGGGCACGTGCGTGGAGTGGCTCCGCAGATACCTGGAGAACGGGAAGGAGACGCTGCAGCGCACGG"/>
      <parent id="A1B1C1G000076" sequence="GTTCTCACACCATCCAGATAATGTATGGCTGCGACGTGGGGTCGGACGGGCGCTTCCTCCGCGGGTACCGGCAGGACGCCTACGACGGCAAGGATTACATCGCCCTGAACGAGGACCTGCGCTCTTGGACCGCGGCGGACATGGCGGCTCAGATCACCCAGCGCAAGTGGGAGGCGGCCCGTGAGGCGGAGCAGCGGAGAGCCTACCTGGAGGGCACGTGCGTGGAGTGGCTCCGCAGATACCTGGAGAACGGGAAGGAGACGCTGCAGCGCACGG"/>
      <parent id="A1B1C1G000079" sequence="GTTCTCACACCGTCCAGAGGATGTATGGCTGCGACGTGGGGTCGGACTGGCGCTTCCTCCGCGGGTACCACCAGTACGCCTACGACGGCAAGGATTACATCGCCCTGAAAGAGGACCTGCGCTCTTGGACCGCGGCGGACATGGCAGCTCAGACCACCAAGCACAAGTGGGAGGCGGCCCATGTGGCGGAGCAGCAGAGAGCCTACCTGGAGGGCCGGTGCGTGGAGTGGCTCCGCAGATACCTGGAGAACGGGAAGGAGACGCTGCAGCGCACGG"/>
      <parent id="A1B1C1G000070" sequence="GTTCTCACACCGTCCAGAGGATGTATGGCTGCGACGTGGGGTCGGACGGGCGCCTCCTCCGCGGGCATGACCAGTTAGCCTACGACGGCAAGGATTACATCGCCCTGAAAGAGGACCTGCGCTCTTGGACCGCGGCGGACATGGCAGCTCAGACCACCAAGCACAAGTGGGAGGCGGCCCATGTGGCGGAGCAGTTGAGAGCCTACCTGGAGGGCACGTGCGTGGAGTGGCTCCGCAGATACCTGGAGAACGGGAAGGAGACGCTGCAGCGCACGG"/>
      <parent id="A1B1C1G000073" sequence="GTTCTCACACCATCCAGATGATGTATGGCTGCGACGTGGGGTCGGACGGGCGCTTCCTCCGCGGGTACCAGCAGGACGCCTACGACGGCAAGGATTACATCGCCTTGAACGAGGACCTGCGCTCTTGGACCGCGGCGGACATGGCGGCTCAGATCACCCAGCGCAAGTGGGAGGCGGCCCGTGTGGCGGAGCAGTTGAGAGCCTACCTGGAGGGCCGGTGCGTGGAGTGGCTCCGCAGATACCTGGAGAACGGGAAGGAGACGCTGCAGCGCACGG"/>
      <parent id="A1B1C1G000074" sequence="GTTCTCACACCATCCAGATGATGTATGGCTGCGACGTGGGGTCGGACGGGCGCTTCCTCCGCGGGTACCGGCAGGACGCCTACGACGGCAAGGATTACATCGCCCTGAAAGAGGACCTGCGCTCTTGGACCGCGGCGGACATGGCAGCTCAGACCACCAAGCACAAGTGGGAGGCGGCCCATGTGGCGGAGCAGCAGAGAGCCTACCTGGAGGGCCGGTGCGTGGAGTGGCTCCGCAGATACCTGGAGAACGGGAAGGAGACGCTGCAGCGCACGG"/>
      <parent id="A1B1C1G000071" sequence="GTTCTCACACCATCCAGATGATGTATGGCTGCGACGTGGGGTCGGACGGGCGCTTCCTCCGCGGGTACCAGCAGGACGCCTACGACGGCAAGGATTACATCGCCCTGAAAGAGGACCTGCGCTCTTGGACCGCGGCGGACATGGCGGCTCAGATCACCCAGCGCAAGTGGGAGGCGGCCCGTGTGGCGGAGCAGTTGAGAGCCTACCTGGAGGGCACGTGCGTGGAGTGGCTCCGCAGATACCTGGAGAACGGGAAGGAGACGCTGCAGCGCACGG"/>
      <parent id="A1B1C1G000072" sequence="GTTCTCACACCATCCAGATGATGTATGGCTGCGACGTGGGGTCGGACGGGCGCTTCCTCCGCGGGTACCAGCAGGACGCCTACGACGGCAAGGATTACATCGCCCTGAACGAGGACCTGCGCTCTTGGACCGCGGCGGACATGGCAGCTCAGATCACCAAGCGCAAGTGGGAGGCGGTCCATGCGGCGGAGCAGTTGAGAGCCTACCTGGAGGGCACGTGCGTGGAGTGGCTCCGCAGATACCTGGAGAACGGGAAGGAGACGCTGCAGCGCACGG"/>
      <parent id="A1B2C2G000052" sequence="GTTCTCACACCATCCAGATGATGTATGGCTGCGACGTGGGGTCGGACGGGCGCTTCCTCCGCGGGTACCGGCAGGACGCCTACGACGGCAAGGATTACATCGCCCTGAAAGAGGACCTGCGCTCTTGGACCGCGGCGGACATGGCAGCTCAGATCACCAAGCACAAGTGGGAGGCGGCCCATGTGGCGGAGCAGTGGAGAGCCTACCTGGAGGGCACGTGCGTGGACGGGCTCCGCAGATACCTGGAGAACGGGAAGGAGACGCTGCAGCGCACGG"/>
      <parent id="A1B2C2G000051" sequence="GTTCTCACACCCTCCAGATGATGTTTGGCTGCGACGTGGGGTCGGACGGGCGCTTCCTCCGCGGGTACCACCAGTACGCCTACGACGGCAAGGATTACATCGCCCTGAAAGAGGACCTGCGCTCTTGGACCGCGGCGGACATGGCAGCTCAGACCACCAAGCACAAGTGGGAGGCGGCCCATGTGGCGGAGCAGTGGAGAGCCTACCTGGAGGGCACGTGCGTGGAGTGGCTCCGCAGATACCTGGAGAACGGGAAGGAGACGCTGCAGCGCACGG"/>
      <parent id="A1B2C2G000053" sequence="GTTCTCACACCATCCAGAGGATGTATGGCTGCGACGTGGGGCCGGACGGGCGCTTCCTCCGCGGGTACCAGCAGGACGCTTACGACGGCAAGGATTACATCGCCCTGAACGAGGACCTGCGCTCTTGGACCGCGGCGGACATGGCGGCTCAGATCACCCAGCGCAAGTGGGAGGCGGCCCATGAGGCGGAGCAGCAGAGAGCCTACCTGGAGGGCAGGTGCGTGGAGTGGCTCCGCAGATACCTGGAGAACGGGAAGGAGACGCTGCAGCGCACGG"/>
      <parent id="A2B1C2G000068" sequence="GTTCTCACACCATCCAGATAATGTATGGCTGCGACGTGGGGCCGGACGGGCGCTTCCTCCGCGGGTACCGGCAGGACGCCTACGACGGCAAGGATTACATCGCCCTGAACGAGGACCTGCGCTCTTGGACCGCGGCGGACATGGCAGCTCAGATCACCAAGCGCAAGTGGGAGGCGGCCCATGCGGCGGAGCAGCAGAGAGCCTACCTGGAGGGCACGTGCGTGGACGGGCTCCGCAGATACCTGGAGAACGGGAAGGAGACGCTGCAGCGCACGG"/>
      <parent id="A1B1C1G000039" sequence="GTTCTCACACCATCCAGAGGATGTATGGCTGCGACGTGGGGCCGGACGGGCGCTTCCTCCGCGGGTACCAGCAGGACGCTTACGACGGCAAGGATTACATCGCCCTGAACGAGGACCTGCGCTCTTGGACCGCGGCGGACATGGCGGCTCAGATCACCCAGCGCAAGTGGGAGACGGTCCATGAGGCGGAGCAGTGGAGAGCCTACCTGGAGGGCGAGTGCGTGGAGTGGCTCCGCAGATACCTGGAGAACGGGAAGGAGACGCTGCAGCGCACGG"/>
      <parent id="A1B1C2G000117" sequence="GTTCTCACACCGTCCAGAGGATGTATGGCTGCGACGTGGGGTCGGACGGGCGCTTCCTCCGCGGGTACCGGCAGGACGCCTACGACGGCAAGGATTACATCGCCCTGAACGAGGACCTGCGCTCTTGGACCGCGGCGGACATGGCGGCTCAGATCACCAAGCGCAAGTGGGAGGCGGCCCATGAGGCGGAGCAGTTGAGAGCCTACCTGGATGGCACGTGCGTGGAGTGGCTCCGCAGATACCTGGAGAACGGGAAGGAGACGCTGCAGCGCACGG"/>
      <parent id="A1B2C2G000055" sequence="GTTCTCACACCATCCAGATGATGTATGGCTGCGACGTGGGGCCGGACGGGCGCCTCCTCCGCGGGTACCAGCAGGACGCCTACGACGGCAAGGATTACATCGCCTTGAACGAGGACCTGCGCTCTTGGACCGCGGCGGACATGGCGGCTCAGATCACCCAGCGCAAGTGGGAGGCGGCCCATGAGGCGGAGCAGTGGAGAGCCTACCTGGAGGGCACGTGCGTGGAGTGGCTCCGCAGATACCTGGAGAACGGGAAGGAGACGCTGCAGCGCACGG"/>
      <parent id="A1B2C2G000058" sequence="GTTCTCACACCCTCCAGATGATGTTTGGCTGCGACGTGGGGTCGGACGGGCGCTTCCTCCGCGGGTACCACCAGTACGCCTACGACGGCAAGGATTACATCGCCCTGAAAGAGGACCTGCGCTCTTGGACTGCGGCGGACATGGCGGCTCAGATCACCAAGCGCAAGTGGGAGGCGGCCCATGTGGCGGAGCAGCAGAGAGCCTACCTGGAGGGCACGTGCGTGGAGTGGCTCCGCAGATACCTGGAGAACGGGAAGGAGACGCTGCAGCGCACGG"/>
      <parent id="A2B1C2G000060" sequence="GGTCTCACACCGTCCAGAGGATGTATGGCTGCGACGTGGGGTCGGACTGGCGCTTCCTCCGCGGGTACCACCAGTACGCCTACGACGGCAAGGATTACATCGCCCTGAAAGAGGACCTGCGCTCTTGGACCGCGGCGGACATGGCAGCTCAGACCACCAAGCACAAGTGGGAGACGGCCCATGAGGCGGAGCAGTGGAGAGCCTACCTGGAGGGCACGTGCGTGGAGTGGCTCCGCAGATACCTGGAGAACGGGAAGGAGACGCTGCAGCGCACGG"/>
      <parent id="A1B2C2G000057" sequence="GGTCTCACACCCTGCAGTGGATGCATGGCTGCGAGCTGGGGCCCGACGGGCGCTTCCTCCGCGGGTATGAACAGTTCGCCTACGACGGCAAGGATTATCTCACCCTGAATGAGGACCTGCGCTCCTGGACCGCGGTGGACACGGCGGCTCAGATCTCCGAGCAAAAGTCAAATGATGCCTCTGAGGCGGAGCACCAGAGAGCCTACCTGGAAGACACATGCGTGGAGTGGCTCCACAAATACCTGGAGAAGGGGAAGGAGACGCTGCTTCACCTGG"/>
      <parent id="A1B1C1G000044" sequence="GTTCTCACACCGTCCAGAGGATGTATGGCTGCGACGTGGGGTCGGACTGGCGCTTCCTCCGCGGGTACCACCAGTACGCCTACGACGGCAAGGATTACATCGCCCTGAAAGAGGACCTGCGCTCTTGGACCGCGGCGGACATGGCAGCTCAGACCACCAAGCGCAAGTGGGAGGCGGCCCATGTGGCGGAGCAGCAGAGAGCCTACCTGGAGGGCACGTGCGTGGACGGGCTCCGCAGATACCTGGAGAACGGGAAGGAGACGCTGCAGCGCACGG"/>
      <parent id="A1B1C2G000002" sequence="GTTCTCACACCGTCCAGAGGATGTATGGCTGCGACGTGGGGTCGGACTGGCGCTTCCTCCGCGGGTACCACCAGTACGCCTACGACGGCAAGGATTACATCGCCCTGAAAGAGGACCTGCGCTCTTGGACCGCGGCGGACATGGCAGCTCAGACCACCAAGCACAAGTGGGAGGCGGCCCATGTGGCGGAGCAGTTGAGAGCCTACCTGGAGGGCACGTGCGTGGAGTGGCTCCGCAGATACCTGGAGAACGGGAAGGAGACGCTGCAGCGCACGG"/>
      <parent id="A1B1C1G000045" sequence="GTTCTCACACCCTCCAGATGATGTTTGGCTGCGACGTGGGGTCGGACGGGCGCTTCCTCCGCGGGTACCGGCAGGACGCCTACGACGGCAAGGATTACATCGCCTTGAACGAGGACCTGCGCTCTTGGACCGCGGCGGACATGGCGGCTCAGATCACCAAGCGCAAGTGGGAGGCGGCCCATGTGGCGGAGCAGCAGAGAGCCTACCTGGAGGGCACGTGCGTGGACGGGCTCCGCAGATACCTGGAGAACGGGAAGGAGACGCTGCAGCGCACGG"/>
      <parent id="A1B1C2G000001" sequence="GTTCTCACACCCTCCAGATGATGTTTGGCTGCGACGTGGGGTCGGACGGGCGCTTCCTCCGCGGGTACCACCAGTACGCCTACGACGGCAAGGATTACATCGCCCTGAAAGAGGACCTGCGCTCTTGGACCGCGGCGGACATGGCGGCTCAGATCACCAAGCGCAAGTGGGAGGCGGCCCATGTGGCGGAGCAGCAGAGAGCCTACCTGGAGGGCACGTGCGTGGAGTGGCTCCGCAGATACCTGGAGAACGGGAAGGAGACGCTGCAGCGCACGG"/>
      <parent id="A1B1C1G000042" sequence="GTTCTCACACCATCCAGATGATGTATGGCTGCGACGTGGGGCCGGACGGGCGCCTCCTCCGCGGGTACCAGCAGGACGCCTACGACGGCAAGGATTACATCGCCTTGAACGAGGACCTGCGCTCTTGGACCGCGGCGGACATGGCAGCTCAGATCACCAAGCGCAAGTGGGAGGCGGCCCGTGTGGCGGAGCAGTTGAGAGCCTACCTGGAGGGCACGTGCGTGGAGTGGCTCCGCAGATACCTGGAGAACGGGAAGGAGACGCTGCAGCGCACGG"/>
      <parent id="A1B1C2G000000" sequence="GTTCTCACACCATCCAGATGATGTATGGCTGCGACGTGGGGTCGGACGGGCGCTTCCTCCGCGGGTACCGGCAGGACGCCTACGACGGCAAGGATTACATCGCCTTGAACGAGGACCTGCGCTCTTGGACCGCGGCGGACATGGCGGCTCAGATCACCCAGCGCAAGTGGGAGGCGGCCCGTGTGGCGGAGCAGTTGAGAGCCTACCTGGAGGGCACGTGCGTGGACGGGCTCCGCAGATACCTGGAGAACGGGAAGGAGACGCTGCAGCGCACGG"/>
      <parent id="A1B1C1G000043" sequence="GTTCTCACACCCTCCAGAGGATGTATGGCTGCGACGTGGGGTCGGACTGGCGCTTCCTGCGCGGGTACCACCAGTACGCCTACGACGGCAAGGATTACATCGCCCTGAAAGAGGACCTGCGCTCTTGGACCGCGGCGGACATGGCAGCTCAGACCACCAAGCACAAGTGGGAGGCGGCCCATGTGGCGGAGCAGTGGAGAGCCTACCTGGAGGGCCTGTGCGTGGAGTGGCTCCGCAGATACCTGGAGAACGGGAAGGAGACGCTGCAGCGCACGG"/>
      <parent id="A1B1C2G000006" sequence="GTTCTCACACCATCCAGATAATGTATGGCTGCGACGTGGGGTCGGACGGGCGCTTCCTCCGCGGGTACCGGCAGGACGCCTACGACGGCAAGGATTACATCGCCCTGAACGAGGACCTGCGCTCTTGGACCGCGGCGGACATGGCGGCTCAGATCACCAAGCGCAAGTGGGAGGCGGCCCATGAGGCGGAGCAGTTGAGAGCCTACCTGGATGGCACGTGCGTGGAGTGGCTCCGCAGATACCTGGAGAACGGGAAGGAGACGCTGCAGCGCACGG"/>
      <parent id="A1B1C1G000048" sequence="GTTCTCACACCATCCAGATGATGTATGGCTGCGACGTGGGGTCGGACGGGCGCTTCCTCCGCGGGTACCGGCAGGACGCCTACGACGGCAAGGATTACATCGCCCTGAAAGAGGACCTGCGCTCTTGGACCGCGGCGGACATGGCGGCTCAGATCACCAAGCGCAAGTGGGAGGCGGCCCATGTGGCGGAGCAGCAGAGAGCCTACCTGGAGGGCACGTGCGTGGAGTGGCTCCGCAGATACCTGGAGAACGGGAAGGAGACGCTGCAGCGCACGG"/>
      <parent id="A1B1C2G000005" sequence="GTTCTCACACCATCCAGATAATGTATGGCTGCGACGTGGGGTCGGACGGGCGCTTCCTCCGCGGGTATGAACAGCACGCCTACGACGGCAAGGATTACATCGCCCTGAACGAGGACCTGCGCTCTTGGACCGCGGCGGACATGGCGGCTCAGATCACCCAGCGCAAGTGGGAGGCGGCCCGTTGGGCGGAGCAGTTGAGAGCCTACCTGGAGGGCACGTGCGTGGAGTGGCTCCGCAGATACCTGGAGAACGGGAAGGAGACGCTGCAGCGCACGG"/>
      <parent id="A1B1C1G000049" sequence="GTTCTCACACCGTCCAGAGGATGTATGGCTGCGACCTGGGGCCCGACGGGCGCCTCCTCCGCGGGTATAACCAGTTCGCCTACGACGGCAAGGATTACATCGCCCTGAAAGAGGACCTGCGCTCTTGGACCGCGGCGGACATGGCAGCTCAGACCACCAAGCACAAGTGGGAGGCGGCCCATGTGGCGGAGCAGTTGAGAGCCTACCTGGAGGGCACGTGCGTGGAGTGGCTCCGCAGATACCTGGAGAACGGGAAGGAGACGCTGCAGCGCACGG"/>
      <parent id="A1B1C1G000046" sequence="GTTCTCACACCCTCCAGATGATGTTTGGCTGCGACGTGGGGTCGGACGGGCGCTTCCTCCGCGGGTACCACCAGTACGCCTACGACGGCAAGGATTACATCGCCCTGAAAGAGGACCTGCGCTCTTGGACCGCGGCGGACATGGCGGCTCAGATCACCAAGCGCAAGTGGGAGGCGGCCCATGAGGCGGAGCAGTTGAGAGCCTACCTGGATGGCACGTGCGTGGAGTGGCTCCGCAGATACCTGGAGAACGGGAAGGAGACGCTGCAGCGCACGG"/>
      <parent id="A1B1C2G000004" sequence="GTTCTCACACCATCCAGATAATGTATGGCTGCGACGTGGGGCCGGACGGGCGCTTCCTCCGCGGGTACCGGCAGGACGCCTACGACGGCAAGGATTACATCGCCCTGAACGAGGACCTGCGCTCTTGGACCGCGGCGGACATGGCAGCTCAGATCACCAAGCGCAAGTGGGAGGCGGCCCATGCGGCGGAGCAGCAGAGAGCCTACCTGGAGGGCCGGTGCGTGGACGGGCTCCGCAGATACCTGGAGAACGGGAAGGAGACGCTGCAGCGCACGG"/>
      <parent id="A1B1C2G000003" sequence="GTTCTCACACCATCCAGAGGATGTATGGCTGCGACGTGGGGCCGGACGGGCGCTTCCTCCGCGGGTACCACCAGTACGCCTACGACGGCAAGGATTACATCGCCCTGAAAGAGGACCTGCGCTCTTGGACCGCGGCGGACATGGCAGCTCAGACCACCAAGCACAAGTGGGAGGCGGCCCATGTGGCGGAGCAGTGGAGAGCCTACCTGGAGGGCACGTGCGTGGAGTGGCTCCGCAGATACCTGGAGAACGGGAAGGAGACGCTGCAGCGCACGG"/>
      <parent id="A1B1C1G000047" sequence="GTTCTCACACCCTCCAGATGATGTTTGGCTGCGACGTGGGGTCGGACGGGCGCTTCCTCCGCGGGTACCACCAGTACGCCTACGACGGCAAGGATTACATCGCCCTGAAAGAGGACCTGCGCTCTTGGACCGCGGCGGACATGGCGGCTCAGATCACCAAGCGCAAGTGGGAGGCGGCCCGTGTGGCGGAGCAGCTGAGAGCCTACCTGGAGGGCGAGTGCGTGGAGTGGCTCCGCAGATACCTGGAGAACGGGAAGGAGACGCTGCAGCGCACGG"/>
      <parent id="A2B2C1G000005" sequence="GTTCTCACACCCTCCAGATAATGTATGGCTGCGACGTGGGGTCGGACGGGCGCTTCCTCCGCGGGTATGAACAGCACGCCTACGACGGCAAGGATTACATCGCCCTGAACGAGGACCTGCGCTCTTGGACCGCGGCGGACATGGCGGCTCAGATCACCCAGCGCAAGTGGGAGGCGGCCCGTCGGGCGGAGCAGTTGAGAGCCTACCTGGAGGGCACGTGCGTGGAGTGGCTCCGCAGATACCTGGAGAACGGGAAGGAGACGCTGCAGCGCACGG"/>
      <parent id="A1B1C1G000040" sequence="GTTCTCACACCCTCCAGATGATGTTTGGCTGCGACGTGGGGTCGGACGGGCGCTTCCTCCGCGGGTACCACCAGTACGCCTACGACGGCAAGGATTACATCGCCCTGAAAGAGGACCTGCGCTCTTGGACCGCGGCGGACATGGCGGCTCAGATCACCCAGCGCAAGTGGGAGGCGGCCCGTGTGGCGGAACGGGTGAGAGCCTACCTGGAGGGCACGTGCGTGGACGGGCTCCGCAGATACCTGGAGAACGGGAAGGAGACGCTGCAGCGCACGG"/>
      <parent id="A1B1C1G000041" sequence="GTTCTCACACCATCCAGATGATGTATGGCTGCGACGTGGGGTCGGACGGGCGCTTCCTCCGCGGGTACCGGCAGGACGCCTACGACGGCAAGGATTACATCGCCTTGAACGAGGACCTGCGCTCTTGGACCGCGGCGGACATGGCAGCTCAGACCACCAAGCACAAGTGGGAGGCGGCCCATGTGGCGGAGCAGTTGAGAGCCTACCTGGAGGGCACGTGCGTGGAGTGGCTCCGCAGATACCTGGAGAACGGGAAGGAGACGCTGCAGCGCACGG"/>
      <parent id="A1B2C2G000042" sequence="GTTCTCACACCATCCAGATGATGTATGGCTGCGACGTGGGGCCGGACGGGCGCCTCCTCCGCGGGTACCAGCAGGACGCCTACGACGGCAAGGATTACATCGCCCTGAAAGAGGACCTGCGCTCTTGGACCGCGGCGGACATGGCGGCTCAGATCACCAAGCGCAAGTGGGAGGCGGCCCGTGTGGCGGAGCAGTTGAGAGCCTACCTGGAGGGCACGTGCGTGGAGTGGCTCCGCAGATACCTGGAGAACGGGAAGGAGACGCTGCAGCGCACGG"/>
      <parent id="A2B2C1G000009" sequence="GTTCTCACACCATCCAGATCATGTATGGCTGCGACGTGGGGCCGGACGGGCGCCTCCTCCGCGGGTACCAGCAGGACGCCTACGACGGCAAGGATTACATCGCCTTGAACGAGGACCTGCGCTCTTGGACCGCGGCGGACATGGCGGCTCAGATCACCCAGCGCAAGTGGGAGGCGGCCCGTGTGGCGGAGCAGTTGAGAGCCTACCTGGAGGGCACGTGCGTGGAGTGGCTCCGCAGATACCTGGAGAACGGGAAGGAGACGCTGCAGCGCACGG"/>
      <parent id="A1B1C2G000107" sequence="GTTCTCACACCATCCAGAGGAAGCATGACTGCGACGTGGGCCCGACAGGCGCCTCCTCCGCAGGTATGAACAGTTCGCCTACGATGGCAAGGATTACATCGCCCTGAACGAGGACCTGCCCTCCTGGACCGCCGCGAACACAGCGGCTCAGATCTCCCAGCACAAGTGGGAAGCGGACAAATACTCAGAGCAGGTCAGGGCCTACCTGAGGGCAAGTGCATGGAGTGGCTCCGCAGACACCTGGAGAACGGGAAGGAGACGCTGCAGCGCGCGG"/>
      <parent id="A1B2C2G000045" sequence="GTTCTCACACCCTCCAGATGATGTATGGCTGCGACGTGGGGTCGGACGGGCGCTTCCTCCGCGGGTACCGGCAGGACGCCTACGACGGCAAGGATTACATCGCCCTGAAAGAGGACCTGCGCTCTTGGACCGCGGCGGACATGGCGGCTCAGATCACCAAGCGCAAGTGGGAGGCGGCCCATGTGGCGGAGCAGCAGAGAGCCTACCTGGAGGGCACGTGCGTGGACGGGCTCCGCAGATACCTGGAGAACGGGAAGGAGACGCTGCAGCGCACGG"/>
      <parent id="A1B2C2G000044" sequence="GTTCTCACACCGTCCAGAGGATGTATGGCTGCGACGTGGGGTCGGACTGGCGCTTCCTCCGCGGGTACCACCAGTACGCCTACGACGGCAAGGATTACATCGCCCTGAAAGAGGACCTGCGCTCTTGGACCGCGGCGGACATGGCAGCTCAGATCACCAAGCGCAAGTGGGAGGCGGCCCATGTGGCGGAGCAGCAGAGAGCCTACCTGGAGGGCACGTGCGTGGAGTGGCTCCGCAGATACCTGGAGAACGGGAAGGAGACGCTGCAGCGCACGG"/>
      <parent id="A1B1C1G000055" sequence="GTTCTCACACCATCCAGATGATGTATGGCTGCGACGTGGGGCCGGACGGGCGCCTCCTCCGCGGGTACCAGCAGGACGCCTACGACGGCAAGGATTACATCGCCTTGAACGAGGACCTGCGCTCTTGGACCGCGGCGGACATGGCGGCTCAGATCACCCAGCGCAAGTGGGAGGCGGCCCATGAGGCGGAGCAGTTGAGAGCCTACCTGGAGGGCACGTGCGTGGAGTGGCTCCGCAGATACCTGGAGAACGGGAAGGAGACGCTGCAGCGCACGG"/>
      <parent id="A1B1C1G000056" sequence="GTTCTCACACCATCCAGATGATGTATGGCTGCGACGTGGGGTCGGACGGGCGCTTCCTCCGCGGGTATGAACAGCACGCCTACGACGGCAAGGATTACATCGCCCTGAAAGAGGACCTGCGCTCTTGGACCGCGGCGGACATGGCAGCTCAGACCACCAAGCACAAGTGGGAGGCGGCCCATGTGGCGGAGCAGTGGAGAGCCTACCTGGAGGGCACGTGCGTGGAGTGGCTCCGCAGATACCTGGAGAACGGGAAGGAGACGCTGCAGCGCACGG"/>
      <parent id="A1B1C2G000111" sequence="GTTCTCACACCGTCCAGAGGATGTATGGCTGCGACGTGGGGTCGGACGGGCGCTTCCTCCGCGGGTACCAGCAGGACGCTTACGACGGCAAGGATTACATCGCCCTGAACGAGGACCTGCGCTCTTGGACCGCGGCGGACATGGCGGCTCAGATCACCCAGCGCAAGTGGGAGGCGGCCCATGTGGCGGAGCAGTTGAGAGCCTACCTGGAGGGCACGTGCGTGGAGTGGCTCCGCAGATACCTGGAGAACGGGAAGGAGACGCTGCAGCGCACGG"/>
      <parent id="A1B1C1G000053" sequence="GTTCTCACACCATCCAGAGGATGTATGGCTGCGACGTGGGGCCGGACGGGCGCTTCCTCCGCGGGTACCAGCAGGACGCTTACGACGGCAAGGATTACATCGCCCTGAACGAGGACCTGCGCTCTTGGACCGCGGCGGACATGGCGGCTCAGATCACCCAGCGCAAGTGGGAGACGGCCCATGTGGCGGAGCAGCAGAGAGCCTACCTGGAGGGCCGGTGCGTGGAGTGGCTCCGCAGATACCTGGAGAACGGGAAGGAGACGCTGCAGCGCACGG"/>
      <parent id="A1B1C1G000054" sequence="GGTCTCACACCCTCCAGGGAATGAATGGCTGCGACATGGGGCCCGACGGACGCCTCCTCCGCGGGTATCACCAGCACGCGTACGACGGCAAGGATTACATCTCCCTGAACGAGGACCTGCGCTCCTGGACCGCGGCGGACACCGTGGCTCAGATCACCCAGCGCTTCTATGAGGCAGAGGAATATGCAGAGGAGTTCAGGACCTACCTGGAGGGCGAGTGCCTGGAGTTGCTCCGCAGATACTTGGAGAATGGGAAGGAGACGCTACAGCGCGCAG"/>
      <parent id="A1B1C1G000059" sequence="GTTCTCACACCATCCAGATGATGTATGGCTGCGACGTGGGGTCGGACGGGCGCTTCCTCCGCGGGTACCAGCAGGACGCCTACGACGGCAAGGATTACATCGCCTTGAACGAGGACCTGCGCTCTTGGACCGCGGCGGACATGGCGGCTCAGATCACCCAGCGCAAGTGGGAGGCGGCCCGTCGGGCGGAGCAGTTGAGAGCCTACCTGGAGGGCACGTGCGTGGAGTGGCTCCGCAGATACCTGGAGAACGGGAAGGAGACGCTGCAGCGCACGG"/>
      <parent id="A1B1C2G000116" sequence="GTTCTCACACCGTCCAGAGGATGTATGGCTGCGACGTGGGGTCGGACTGGCGCTTCCTCCGCGGGTACCACCAGTACGCCTACGACGGCAAGGATTACATCGCCCTGAAAGAGGACCTGCGCTCTTGGACCGCGGCGGACATGGCAGCTCAGATCACCCAGCGCAAGTGGGAGGCGGCCCATGTGGCGGAGCAGTTGAGAGCCTACCTGGAGGGCACGTGCGTGGAGTGGCTCCGCAGATACCTGGAGAACGGGAAGGAGACGCTGCAGCGCACGG"/>
      <parent id="A1B1C1G000057" sequence="GGTCTCACACCCTGCAGTGGATGCATGGCTGCGAGCTGGGGCCCGACGGGCGCTTCCTCCGCGGGTATGAACAGTTCGCCTACGACGGCAAGGATTATCTCACCCTGAATGAGGACCTGCGCTCCTGGACCGCGGTGGACACGGCGGCTCAGATCTCCGAGCAAAAGTCAAATGATGCCTCTGAGGCGGAGCACCAGGGAGCCTACCTGGAAGACACATGCGTGGAGTGGCTCCACAAATACCTGGAGAAGGGGAAGGAGACGCTGCTTCACCTGG"/>
      <parent id="A1B1C1G000058" sequence="GTTCTCACACCCTCCAGATGATGTTTGGCTGCGACGTGGGGTCGGACGGGCGCTTCCTCCGCGGGTACCACCAGTACGCCTACGACGGCAAGGATTACATCGCCCTGAAAGAGGACCTGCGCTCTTGGACCGCGGCGGACATGGCGGCTCAGATCACCAAGCGCAAGTGGGAGGCGGCCCATGTGGCGGAGCAGCAGAGAGCCTACCTGAAGGGCACGTGCGTGGAGTGGCTCCGCAGATACCTGGAGAACGGGAAGGAGACGCTGCAGCGCACGG"/>
      <parent id="A1B1C1G000051" sequence="GTTCTCACACCCTCCAGATGATGTTTGGCTGCGACGTGGGGTCGGACTGGCGCTTCCTCCGCGGGTACCACCAGTACGCCTACGACGGCAAGGATTACATCGCCCTGAAAGAGGACCTGCGCTCTTGGACCGCGGCGGACATGGCAGCTCAGACCACCAAGCACAAGTGGGAGGCGGCCCATGTGGCGGAGCAGTTGAGAGCCTACCTGGAGGGCACGTGCGTGGAGTGGCTCCGCAGATACCTGGAGAACGGGAAGGAGACGCTGCAGCGCACGG"/>
      <parent id="A1B1C1G000052" sequence="GTTCTCACACCATCCAGATGATGTATGGCTGCGACGTGGGGTCGGACGGGCGCTTCCTCCGCGGGTACCGGCAGGACGCCTACGACGGCAAGGATTACATCGCCCTGAAAGAGGACCTGCGCTCTTGGACCGCGGCGGACATGGCAGCTCAGACCACCAAGCACAAGTGGGAGGCGGCCCATGTGGCGGAGCAGCAGAGAGCCTACCTGGAGGGCACGTGCGTGGACGGGCTCCGCAGATACCTGGAGAACGGGAAGGAGACGCTGCAGCGCACGG"/>
      <parent id="A1B1C1G000050" sequence="GTTCTCACACCATGCAGGTGATGTATGGCTGCGACGTGGGGTCGGACGGGCGCTTCCTCCGCGGGTACCGGCAGGACGCCTACGACGGCAAGGATTACATCGCCCTGAACGAGGACCTGCGCTCTTGGACCGCGGCGGACATGGCGGCTCAGATCACCAAGCGCAAGTGGGAGGCGGCCCATGAGGCGGAGCAGTTGAGAGCCTACCTGGATGGCACGTGCGTGGAGTGGCTCCGCAGATACCTGGAGAACGGGAAGGAGACGCTGCAGCGCACGG"/>
    </target>
  </ruleset>
</project>
