<?xml version="1.0" encoding="UTF-8" standalone="no"?>
<project id="Project-ID" timestamp="2017/03/02 15:12:17">
  <ruleset id="IMGT-325">
    <target id="A-exon3">
      <parent id="A1B2C2G000019" sequence="GTTCTCACACCCTCCAGATGATGTTTGGCTGCGACGTGGGGTCGGACGGGCGCTTCCTCCGCGGGTACCACCAGTACGCCTACGACGGCAAGGATTACATCGCCCTGAAAGAGGACCTGCGCTCTTGGACCGCGGCGGACATGGCGGCTCAGATCACCAAGCGCAAGTGGGAGGCGGCCCATGTGGCGGAGCAGTTGAGAGCCTACCTGGAGGGCACGTGCGTGGAGTGGCTCCGCAGATACCTGGAGAACGGGAAGGAGACGCTGCAGCGCACGG">
        <child id="" num-old-names="1"/>
      </parent>
      <parent id="A1B1C1G000074" sequence="GTTCTCACACCATCCAGATGATGTATGGCTGCGACGTGGGGTCGGACGGGCGCTTCCTCCGCGGGTACCGGCAGGACGCCTACGACGGCAAGGATTACATCGCCCTGAAAGAGGACCTGCGCTCTTGGACCGCGGCGGACATGGCAGCTCAGACCACCAAGCACAAGTGGGAGGCGGCCCATGTGGCGGAGCAGCAGAGAGCCTACCTGGAGGGCCGGTGCGTGGAGTGGCTCCGCAGATACCTGGAGAACGGGAAGGAGACGCTGCAGCGCACGG">
        <child id="" num-old-names="1"/>
      </parent>
      <parent id="A1B1C1G000046" sequence="GTTCTCACACCCTCCAGATGATGTTTGGCTGCGACGTGGGGTCGGACGGGCGCTTCCTCCGCGGGTACCACCAGTACGCCTACGACGGCAAGGATTACATCGCCCTGAAAGAGGACCTGCGCTCTTGGACCGCGGCGGACATGGCGGCTCAGATCACCAAGCGCAAGTGGGAGGCGGCCCATGAGGCGGAGCAGTTGAGAGCCTACCTGGATGGCACGTGCGTGGAGTGGCTCCGCAGATACCTGGAGAACGGGAAGGAGACGCTGCAGCGCACGG">
        <child id="" num-old-names="1"/>
      </parent>
      <parent id="A1B1C1G000107" sequence="GTTCTCACACCATCCAGAGGAAGCATGGCTGCGACGTGGGCCCGACAGGCGCCTCCTCCGCAGGTATGAACAGTTCGCCTACGATGGCAAGGATTACATCGCCCTGAACGAGGACCTGCACTCCTGGACCGCCGCGAACACAGCGGCTCAGATCTCCCAGCACAAGTGGGAAGCGGACAAATACTCAGAGCAGGTCAGGGCCTACCTGAGGGCAAGTGCATGGAGTGGCTCCGCAGACACCTGGAGAACGGGAAGGAGACGCTGCAGCACGCGG">
        <child id="" num-old-names="4"/>
      </parent>
      <parent id="A1B1C1G000008" sequence="GTTCTCACACCCTCCAGAAGATGTTTGGCTGCGACGTGGGGTCGGACGGGCGCTTCCTCCGCGGGTACCACCAGTACGCCTACGACGGCAAGGATTACATCGCCCTGAAAGAGGACCTGCGCTCTTGGACCGCGGCGGACATGGCGGCTCAGATCACCAAGCGCAAGTGGGAGGCGGCCCATGTGGCGGAGCAGCAGAGAGCCTACCTGGAGGGCACGTGCGTGGACGGGCTCCGCAGATACCTGGAGAACGGGAAGGAGACGCTGCAGCGCACGG">
        <child id="" num-old-names="1"/>
      </parent>
      <parent id="A1B1C1G000050" sequence="GTTCTCACACCATGCAGGTGATGTATGGCTGCGACGTGGGGTCGGACGGGCGCTTCCTCCGCGGGTACCGGCAGGACGCCTACGACGGCAAGGATTACATCGCCCTGAACGAGGACCTGCGCTCTTGGACCGCGGCGGACATGGCGGCTCAGATCACCAAGCGCAAGTGGGAGGCGGCCCATGAGGCGGAGCAGTTGAGAGCCTACCTGGATGGCACGTGCGTGGAGTGGCTCCGCAGATACCTGGAGAACGGGAAGGAGACGCTGCAGCGCACGG">
        <child id="" num-old-names="1"/>
      </parent>
      <parent id="A1B1C1G000120" sequence="GTTCTCACACCATCCAGATAATGTATGGCTGCGACGTGGGGCCGGACGGGCGCTTCCTCCGCGGGTACCGGCAGGACGCCTACGACGGCAAGGATTACATCGCCCTGAACGAGGACCTGCGCTCTTGGACCGCGGCGGACATGGCAGCTCAGATCACCAAGCGCAAGTGGGAGGCGGTCCATGCGGCGGAGCAGCGGAGAGTCTACCTGGAGGGCCGGTGCGTGGACGGGCTCCGCAGATACCTGGAGAACGGGAAGGAGACGCTGAGCGCACGG">
        <child id="" num-old-names="1"/>
      </parent>
      <parent id="A2B2C2G000060" sequence="GTTCTCACACCGTCCAGAGGATGTGTGGCTGCGACGTGGGGTCGGACTGGCGCTTCCTCCGCGGGTACCACCAGTACGCCTACGACGGCAAGGATTACATCGCCCTGAAAGAGGACCTGCGCTCTTGGACCGCGGCGGACATGGCAGCTCAGACCACCAAGCACAAGTGGGAGACGGCCCATGAGGCGGAGCAGTGGAGAGCCTACCTGGAGGGCACGTGCGTGGAGTGGCTCCGCAGATACCTGGAGAACGGGAAGGAGACGCTGCAGCGCACGG">
        <child id="" num-old-names="1"/>
      </parent>
      <parent id="A1B1C2G000129" sequence="GTTCTCACACCATCCAGATAATGTATGGCTGCGACGTGGGGCCGGACGGGCGCTTCCTCCGCGGGTACCACCAGTACGCCTACGACGGCAAGGATTACATCGCCCTGAAAGAGGACCTGCGCTCTTGGACCGCGGCGGACATGGCGGCTCAGATCACCAAGCGCAAGTGGGAGGCGGCCCATGTGGCGGAGCAGCAGAGAGCCTACCTGGAGGGCACGTGCGTGGACGGGCTCCGCAGATACCTGGAGAACGGGAAGGAGACGCTGCAGCGCACGG">
        <child id="" num-old-names="1"/>
      </parent>
      <parent id="A1B1C1G000084" sequence="GTTCTCACACCATCCAGAGGATGTATGGCTGCGACGTGGGGCCGGACGGGCGCTTCCTCCGCGGGTACCACCAGTACGCCTACGACGGCAAGGATTACATCGCCCTGAAAGAGGACCTGCGCTCTTGGACCGCGGCGGACATGGCAGCTCAGACCACCAAGCACAAGTGGGAGGCGGCCCATGAGGCGGAGCAGTGGAGAGCCTACCTGGAGGGCCGGTGCGTGGAGTGGCTCCGCAGATACCTGGAGAACGGGAAGGAGACGCTGCAGCGCACGG">
        <child id="" num-old-names="1"/>
      </parent>
      <parent id="A2B1C1G000009" sequence="GTTCTCACACCATCCAGATGATGTATGGCTGCCACGTGGGGCCGGACGGGCGCTTCCTCCGCGGGTACCGGCAGGACGCCTACGACGGCAAGGATTACATCGCCTTGAACGAGGACCTGCGCTCTTGGACCGCGGCGGACATGGCGGCTCAGATCACCCAGCGCAAGTGGGAGGCGGCCCGTGTGGCGGAGCAGTTGAGAGCCTACCTGGAGGGCACGTGCGTGGAGTGGCTCCGCAGATACCTGGAGAACGGGAAGGAGACGCTGCAGCGCACGG">
        <child id="" num-old-names="1"/>
      </parent>
      <parent id="A1B1C2G000022" sequence="GTTCTCACACCATCCAGATAATGTATGGCTGCGACGTGGGGCCGGACGGGCGCTTCCTCCGCGGGTACCGGCAGGACGCCTACGACGGCAAGGATTACATCGCCCTGAACGAGGACCTGCGCTCTTGGACCGCGGCGGACATGGCAGCTCAGATCACCAAGCGCAAGTGGGAGGCGGTCCATGCGGCGGAGCAGCGGAGAGTCTACCTGGAGGGCACGTGCGTGGAGTGGCTCCGCAGATACCTGGAGAACGGGAAGGAGACGCTGCAGCGCACGG">
        <child id="" num-old-names="1"/>
      </parent>
      <parent id="A1B2C2G000038" sequence="GTTCTCACACCCTCCAGAGGGTGTATGGCTGCGACGTGGGGTCGGACTGGCGCTTCCTGCGCGGGTACCACCAGTACGCCTACGACGGCAAGGATTACATCGCCCTGAAAGAGGACCTGCGCTCTTGGACCGCGGCGGACATGGCAGCTCAGACCACCAAGCACAAGTGGGAGGCGGCCCATGTGGCGGAGCAGTGGAGAGCCTACCTGGAGGGCACGTGCGTGGAGTGGCTCCGCAGATACCTGGAGAACGGGAAGGAGACGCTGCAGCGCACGG">
        <child id="" num-old-names="1"/>
      </parent>
      <parent id="A1B1C1G000080" sequence="GTTCTCACACCATCCAGATGATGTATGGCTGCGACGTGGGGTCGGACGGGCGCTTCCTCCGCGGGTACCAGCAGGACGCCTACGACGGCAAGGATTACATCGCCTTGAACGAGGACCTGCGCTCTTGGACCGCGGCGGACATGGCGGCTCAGATCACCCAGCGCAAGTGGGAGGCGGCCCATGTGGCGGAGCAGTGGAGAGCCTACCTGGAGGGCACGTGCGTGGAGTGGCTCCGCAGATACCTGGAGAACGGGAAGGAGACGCTGCAGCGCACGG">
        <child id="" num-old-names="1"/>
      </parent>
      <parent id="A1B1C2G000033" sequence="GTTCTCACACCATCCAGATAATGTATGGCTGCGACGTGGGGTCGGACGGGCGCTTCCTCCGCGGGTACCGGCAGGACGCCTACGACGGCAAGGATTACATCGCCCTGAACGAGGACCTGCGCTCTTGGACCGCGGCGGACATGGCGGCTCAGATCACCAAGCGCAAGTGGGAGGCGGCCCGTCGGGCGGAGCAGCTGAGAGCCTACCTGGAGGGCACGTGCGTGGACGGGCTCCGCAGATACCTGGAGAACGGGAAGGAGACGCTGCAGCGCACGG">
        <child id="" num-old-names="1"/>
      </parent>
      <parent id="A1B1C1G000129" sequence="GTTCTCACACCCTCCAGATAATGTATGGCTGCGACGTGGGGCCGGACGGGCGCTTCCTCCGCGGGTACCACCAGTACGCCTACGACGGCAAGGATTACATCGCCCTGAAAGAGGACCTGCGCTCTTGGACCGCGGCGGACATGGCGGCTCAGATCACCAAGCGCAAGTGGGAGGCGGCCCATGTGGCGGAGCAGCAGAGAGCCTACCTGGAGGGCACGTGCGTGGACGGGCTCCGCAGATACCTGGAGAACGGGAAGGAGACGCTGCAGCGCACGG">
        <child id="" num-old-names="1"/>
      </parent>
      <parent id="A1B1C1G000061" sequence="GTTCTCACACCATCCAGATAATGTATGGCTGCGACGTGGGGTCGGACGGGCGCTTCCTCCGCGGGTATGAACAGCACGCCTACGACGGCAAGGATTACATCGCCCTGAACGAGGACCTGCGCTCTTGGACCGCGGCGGACATGGCGGCTCAGATCACCCAGCGCAAGTGGGAGGCGGCCCATGTGGCGGAGCAGCAGAGAGCCTACCTGGAGGGCACGTGCGTGGAGTGGCTCCGCAGATACCTGGAGAACGGGAAGGAGACGCTGCAGCGCACGG">
        <child id="" num-old-names="1"/>
      </parent>
      <parent id="A1B1C1G000071" sequence="GTTCTCACACCATCCAGATGATGTATGGCTGCGACGTGGGGTCGGACGGGCGCTTCCTCCGCGGGTACCAGCAGGACGCCTACGACGGCAAGGATTACATCGCCCTGAAAGAGGACCTGCGCTCTTGGACCGCGGCGGACATGGCGGCTCAGATCACCCAGCGCAAGTGGGAGGCGGCCCGTGTGGCGGAGCAGTTGAGAGCCTACCTGGAGGGCACGTGCGTGGAGTGGCTCCGCAGATACCTGGAGAACGGGAAGGAGACGCTGCAGCGCACGG">
        <child id="" num-old-names="1"/>
      </parent>
      <parent id="A1B1C1G000105" sequence="GTTCTCACACCATGATGTATGGCTGCGACGTGGGGCCGGACGGGCGCCTCCTCCGCGGGTACCAGCAGGACGCCTACGACGGCAAGGATTACATCGCCTTGAACGAGGACCTGCGCTCTTGGACCGCGGCGGACATGGCGGCTCAGATCACCCAGCGCAAGTGGGAGGCGGCCCGTGTGGCGGAGCAGTTGAGAGCCTACCTGGAGGGCACGTGCGTGGAGTGGCTCCGCAGATACCTGGAGAACGGGAAGGAGACGCTGCAGCGCACGG">
        <child id="" num-old-names="1"/>
      </parent>
      <parent id="A1B1C1G000108" sequence="GTTCTCACACCGTCCAGAGGATGTATGGCTGCGACGTGGGGTCGGACGGGCGCTTCCTCCGCGGGTACCAGCAGGACGCCTACGACGGCAAGGATTACATCGCCCTGAAAGAGGACCTGCGCTCTTGGACCGCGGCGGACATGGCAGCTCAGACCACCAAGCACAAGTGGGAGACGGCCCATGAGGCGGAGCAGTGGAGAGCCTACCTGGAGGGCACGTGCGTGGAGTGGCTCCGCAGATACCTGGAGAACGGGAAGGAGACGCTGCAGCGCACGG">
        <child id="" num-old-names="1"/>
      </parent>
      <parent id="A1B1C1G000119" sequence="GTTCTCACACCCTCCAGATGATGTATGGCTGCGACGTGGGGCCGGACGGGCGCTTCCTCCGCGGGTACCGGCAGGACGCCTACGACGGCAAGGATTACATCGCCCTGAACGAGGACCTGCGCTCTTGGACCGCGGCGGACATGGCAGCTCAGATCACCAAGCGCAAGTGGGAGGCGGTCCATGCGGCGGAGCAGCGGAGAGTCTACCTGGAGGGCACGTGCGTGGAGTGGCTCCGCAGATACCTGGAGAACGGGAAGGAGACGCTGCAGCGCACGG">
        <child id="" num-old-names="1"/>
      </parent>
      <parent id="A1B1C1G000003" sequence="GTTCTCACACCATCCAGAGGATGTATGGCTGCGACGTGGGGCCGGACGGGCGCTTCCTCCGCGGGTACCACCAGTACGCCTACGACGGCAAGGATTACATCGCCCTGAAAGAGGACCTGCGCTCTTGGACCGCAGCGGACATGGCAGCTCAGACCACCAAGCACAAGTGGGAGGCGGCCCATGTGGCGGAGCAGTGGAGAGCCTACCTGGAGGGCACGTGCGTGGAGTGGCTCCGCAGATACCTGGAGAACGGGAAGGAGACGCTGCAGCGCACGG">
        <child id="" num-old-names="1"/>
      </parent>
      <parent id="A1B1C1G000096" sequence="GTTCTCACACCATCCAGATAATGTATGGCTGCGACGTGGGGCCGGACGGGCGCTTCCTCCGCGGGTACCGGCAGGACGCCTACGACGGCAAGGATTACATCGCCCTGAACGAGGACCTGCGCTCTTGGACCGCGGCGGACATGGCAGCTCAGATCACCAAGCGCAAGTGGGAGGCGGTCCATGCGGCGGAGCAGCGGAGAGTCTACCTGGAGGGCGGTGCGTGGACGGGCTCCGCAGATACCTGGAGAACGGGAAGGAGACGCTGCAGCGCACGG">
        <child id="" num-old-names="1"/>
      </parent>
      <parent id="A1B1C1G000042" sequence="GTTCTCACACCATCCAGATGATGTATGGCTGCGACGTGGGGCCGGACGGGCGCCTCCTCCGCGGGTACCAGCAGGACGCCTACGACGGCAAGGATTACATCGCCTTGAACGAGGACCTGCGCTCTTGGACCGCGGCGGACATGGCAGCTCAGATCACCAAGCGCAAGTGGGAGGCGGCCCGTGTGGCGGAGCAGTTGAGAGCCTACCTGGAGGGCACGTGCGTGGAGTGGCTCCGCAGATACCTGGAGAACGGGAAGGAGACGCTGCAGCGCACGG">
        <child id="" num-old-names="1"/>
      </parent>
      <parent id="A1B2C1G000053" sequence="GTTCTCACACCATCCAGAGGATGTATGGCTGCGACGTGGGGCCGGACGGGCGCTTCCTCCGCGGGTACCAGCAGGACGCTTACGACGGCAAGGATTACATCGCCCTGAACGAGGACCTGCGCTCTTGGACCGCGGCGGACATGGCGGCTCAGATCACCCAGCGCAAGTGGGAGACGGCCCATGTGGCGGAGCAGCAGAGAGCCTACCTGGAGGGCACGTGCGTGGAGTGGCTCCGCAGATACCTGGAGAACGGGAAGGAGACGCTGCAGCGCACGG">
        <child id="" num-old-names="1"/>
      </parent>
      <parent id="A1B1C2G000015" sequence="GTTCTCACACCATCCAGATAATGTATGGCTGCGACGTGGGGTCGGACGGGCGCTTCCTCCGCGGGTACCGGCAGGACGCCTACGACGGCAAGGATTACATCGCCCTGAACGAGGACCTGCGCTCTTGGACCGCGGCGGACATGGCGGCTCAGATCACCAAGCGCAAGTGGGAGGCGGCCCATGTGGCGGAGCAGCAGAGAGCCTACCTGGATGGCACGTGCGTGGAGTGGCTCCGCAGATACCTGGAGAACGGGAAGGAGACGCTGCAGCGCACGG">
        <child id="163C" num-old-names="1"/>
        <child id="75T" num-old-names="1"/>
        <child id="182C" num-old-names="1"/>
        <child id="212G" num-old-names="1"/>
        <child id="139C" num-old-names="1"/>
        <child id="" num-old-names="12"/>
        <child id="184A-199C" num-old-names="1"/>
      </parent>
      <parent id="A1B2C2G000052" sequence="GTTCTCACACCATCCAGATGATGTATGGCTGCGACGTGGGGTCGGACGGGCGCTTCCTCCGCGGGTACCGGCAGGACGCCTACGACGGCAAGGATTACATCGCCCTGAAAGAGGACCTGCGCTCTTGGACCGCGGCGGACATGGCAGCTCAGATCACCAAGCACAAGTGGGAGGCGGCCCATGTGGCGGAGCAGTGGAGAGCCTACCTGGAGGGCACGTGCGTGGACGGGCTCCGCAGATACCTGGAGAACGGGAAGGAGACGCTGCAGCGCACGG">
        <child id="" num-old-names="1"/>
      </parent>
      <parent id="A1B1C1G000065" sequence="GTTCTCACACCGTCCAGAGGATGTTTGGCTGCGACGTGGGGTCGGACGGGCGCTTCCTCCGCGGGTACCACCAGTACGCCTACGACGGCAAGGATTACATCGCCCTGAAAGAGGACCTGCGCTCTTGGACCGCGGCGGACATGGCGGCTCAGATCACCAAGCACAAGTGGGAGGCGGCCCATGTGGCGGAGCAGTTGAGAGCCTACCTGGAGGGCACGTGCGTGGAGTGGCTCCGCAGATACCTGGAGAACGGGAAGGAGACGCTGCAGCGCACGG">
        <child id="" num-old-names="1"/>
      </parent>
      <parent id="A2B2C1G000028" sequence="GTTCTCACACCATGCAGGTGATGTATGGCTGCGACTTGGGGCCCGACGGGCGCTTCCTCCGCGGGTATGAACAGCACGCCTACGACGGCAAGGATTACATCGCTCTGAACGAGGACCTGCGCTCCTGGACCGCGGCGGACATGGCAGCTCAGATCACCAAGCGCAAGTGGGAGGCGGCCCGTCGGGCGGAGCAGCGGAGAGTCTACCTGGAGGGCGAGTTCGTGGAGTGGCTCCGCAGATACCTGGAGAACGGGAAGGAGACGCTGCAGCGCGCGG">
        <child id="" num-old-names="1"/>
      </parent>
      <parent id="A1B1C1G000044" sequence="GTTCTCACACCGTCCAGAGGATGTATGGCTGCGACGTGGGGTCGGACTGGCGCTTCCTCCGCGGGTACCACCAGTACGCCTACGACGGCAAGGATTACATCGCCCTGAAAGAGGACCTGCGCTCTTGGACCGCGGCGGACATGGCAGCTCAGACCACCAAGCGCAAGTGGGAGGCGGCCCATGTGGCGGAGCAGCAGAGAGCCTACCTGGAGGGCACGTGCGTGGACGGGCTCCGCAGATACCTGGAGAACGGGAAGGAGACGCTGCAGCGCACGG">
        <child id="" num-old-names="1"/>
      </parent>
      <parent id="A1B1C1G000051" sequence="GTTCTCACACCCTCCAGATGATGTTTGGCTGCGACGTGGGGTCGGACTGGCGCTTCCTCCGCGGGTACCACCAGTACGCCTACGACGGCAAGGATTACATCGCCCTGAAAGAGGACCTGCGCTCTTGGACCGCGGCGGACATGGCAGCTCAGACCACCAAGCACAAGTGGGAGGCGGCCCATGTGGCGGAGCAGTTGAGAGCCTACCTGGAGGGCACGTGCGTGGAGTGGCTCCGCAGATACCTGGAGAACGGGAAGGAGACGCTGCAGCGCACGG">
        <child id="" num-old-names="6"/>
      </parent>
      <parent id="A1B1C1G000127" sequence="GTTCTCACACCATCCAGATAATGTATGGCTGCGACGTGGGGTCGGACGGGCGCTTCCTCCGCGGGTATGAACAGCACGCCTACGACGGCAAGGATTACATCGCCCTGAACGAGGACCTGCGCTCTTGGACCGCGGCGGACATGGCGGCTCAGATCACCCAGCGCAAGTGGGAGCGGACATGGCGGCTCAGATCACCCAGCGCAAGTGGGAGGCGGCCCGTTGGGCGGAGCAGTTGAGAGCCTACCTGGAGGGCACGTGCGTGGAGTGGCTCCGCAGATACCTGGAGAACGGGAAGGAGACGCTGCAGCGCACGG">
        <child id="" num-old-names="2"/>
      </parent>
      <parent id="A1B1C1G000082" sequence="GTTCTCACACCCTCCAGAGGATGTACGGCTGCGACGTGGGGTCGGACGGGCGCTTCCTCCGCGGGTATGAACAGCACGCCTACGACGGCAAGGATTACATCGCCCTGAACGAGGACCTGCGCTCTTGGACCGCGGCGGACATGGCGGCTCAGATCACCCAGCGCAAGTGGGAGGCGGCCCGTTGGGCGGAGCAGTTGAGAGCCTACCTGGAGGGCACGTGCGTGGAGTGGCTCCGCAGATACCTGGAGAACGGGAAGGAGACGCTGCAGCGCACGG">
        <child id="" num-old-names="1"/>
      </parent>
      <parent id="A1B2C1G000111" sequence="GTTCTCACACCATCCAGAGGATGTATGGCTGCGACGTGGGGCCGGACGGGCGCTTCCTCCGCGGGTACCAGCAGGACGCTTACGACGGCAAGGATTACATCGCCCTGAACGAGGACCTGCGCTCTTGGACCGCGGCGGACATGGCGGCTCAGATCACCCAGCGCAAGTGGGAGGCGGCCCGTGTGGCGGAGCAGTGGAGAGCCTACCTGGAGGGCCGGTGCGTGGAGTGGCTCCGCAGATACCTGGAGAACGGGAAGGAGACGCTGCAGCGCACGG">
        <child id="" num-old-names="1"/>
      </parent>
      <parent id="A1B1C1G000052" sequence="GTTCTCACACCATCCAGATGATGTATGGCTGCGACGTGGGGTCGGACGGGCGCTTCCTCCGCGGGTACCGGCAGGACGCCTACGACGGCAAGGATTACATCGCCCTGAAAGAGGACCTGCGCTCTTGGACCGCGGCGGACATGGCAGCTCAGACCACCAAGCACAAGTGGGAGGCGGCCCATGTGGCGGAGCAGCAGAGAGCCTACCTGGAGGGCACGTGCGTGGACGGGCTCCGCAGATACCTGGAGAACGGGAAGGAGACGCTGCAGCGCACGG">
        <child id="" num-old-names="1"/>
      </parent>
      <parent id="A1B1C1G000111" sequence="GTTCTCACACCATCCAGAGGATGTATGGCTGCGACGTGGGGCCGGACGGGCGCTTCCTCCGCGGGTACCAGCAGGACGCTTACGACGGCAAGGATTACATCGCCCTGAACGAGGACCTGCGCTCTTGGACCGCGGCGGACATGGCGGCTCAGATCACCCAGCGCAAGTGGGAGGCGGCCCGTGTGGCGGAGCAGTTGAGAGCCTACCTGGAGGGCACGTGCGTGGAGTGGCTCCGCAGATACCTGGAGAACGGGAAGGAGACGCTGCAGCGCACGG">
        <child id="" num-old-names="1"/>
      </parent>
      <parent id="A1B2C2G000027" sequence="GTTCTCATACCCTCCAGTGGATGATTGGCTGCGACCTGGGGTCCGACGGACGCCTCCTCCGCGGGTATGAACAGTATGCCTACGATGGCAAGGATTACCTCGCCCTGAACGAGGACCTGCGCTCCTGGACCGCAGCGGACACTGCGGCTCAGATCTCCAAGCGCAAGTGTGAGGCGGCCAATGTGGCTGAACAAAGGAGAGCCTACCTGGAGGGCACGTGCGTGGAGTGGCTCCACAGATACCTGGAGAACGGGAAGGAGATGCTGCAGCGCGCGG">
        <child id="236T" num-old-names="1"/>
        <child id="204C" num-old-names="1"/>
        <child id="" num-old-names="12"/>
        <child id="43G" num-old-names="1"/>
        <child id="50T" num-old-names="1"/>
      </parent>
      <parent id="A1B2C2G000035" sequence="GTTCTCACACCGTCCAGAGGATGTATGGCTGCGACGTGGGGTCGGACTGGCGCTTCCTCCGCGGGTACCACCAGTACGCCTACGACGGCAAGGATTACATCGCCCTGAAAGAGGACCTGCGCTCTTGGACCGCGGCGGACATGGCAGCTCAGACCACCAAGCACAAGTGGGAGGCGGCCCATGTGGCGGAGCAGTTGAGAGCCTACCTGGAGGGCGAGTTCGTGGAGTGGCTCCGCAGATACCTGGAGAACGGGAAGGAGACGCTGCAGCGCACGG">
        <child id="" num-old-names="1"/>
      </parent>
      <parent id="A1B2C2G000060" sequence="GTTCTCACACCGTCCAGAGGATGTTTGGCTGCGACGTGGGGTCGGACTGGCGCTTCCTCCGCGGGTACCACCAGTACGCCTACGACGGCAAGGATTACATCGCCCTGAAAGAGGACCTGCGCTCTTGGACCGCGGCGGACATGGCAGCTCAGACCACCAAGCACAAGTGGGAGACGGCCCATGAGGCGGAGCAGTGGAGAGCCTACCTGGAGGGCACGTGCGTGGAGTGGCTCCGCAGATACCTGGAGAACGGGAAGGAGACGCTGCAGCGCACGG">
        <child id="" num-old-names="1"/>
      </parent>
      <parent id="A2B1C2G000034" sequence="GTTCTCACACCATCCAGATAATGTATGGCTGCGACGTGGGGTCGGACGGGCGCTTCCTCCGCGGGTACCGGTAGGACGCTTACGACGGCAAGGATTACATCGCCCTGAACGAGGACCTGCGCTCTTGGACCGCGGCGGACATGGCGGCTCAGATCACCCAGCGCAAGTGGGAGACGGCCCATGAGGCGGAGCAGTTGAGAGCCTACCTGGAGGGCACGTGCGTGGAGTGGCTCCGCAGATACCTGGAGAACGGGAAGGAGACGCTGCAGCGCACGG">
        <child id="" num-old-names="1"/>
      </parent>
      <parent id="A1B1C1G000001" sequence="GTTCTCACACCCTCCAGATGATGTTTGGCTGCGACGTGGGGTCGGACGGGCGCTTCCTCCGCGGGTACCACCAGTACGCCTACGACGGCAAGGATTACATCGCCCTGAAAGAGGACCTGCGCTCTTGGACCGCGGCGGACATGGCGGCTCAGATCACCAAGCGCAAGTGGGAGGCGGCCCATGCGGCGGAGCAGCAGAGAGCCTACCTGGAGGGCCGGTGCGTGGAGTGGCTCCGCAGATACCTGGAGAACGGGAAGGAGACGCTGCAGCGCACGG">
        <child id="" num-old-names="1"/>
      </parent>
      <parent id="A1B2C2G000000" sequence="GTTCTCACACCCTCCAGATGATGTTTGGCTGCGACGTGGGGTCGGACGGGCGCTTCCTCCGCGGGTACCGGCAGGACGCCTACGACGGCAAGGATTACATCGCCTTGAACGAGGACCTGCGCTCTTGGACCGCGGCGGACATGGCGGCTCAGATCACCCAGCGCAAGTGGGAGGCGGCCCGTGTGGCGGAGCAGTTGAGAGCCTACCTGGAGGGCACGTGCGTGGAGTGGCTCCGCAGATACCTGGAGAACGGGAAGGAGACGCTGCAGCGCACGG">
        <child id="" num-old-names="1"/>
      </parent>
      <parent id="A1B1C1G000058" sequence="GTTCTCACACCCTCCAGATGATGTTTGGCTGCGACGTGGGGTCGGACGGGCGCTTCCTCCGCGGGTACCACCAGTACGCCTACGACGGCAAGGATTACATCGCCCTGAAAGAGGACCTGCGCTCTTGGACCGCGGCGGACATGGCGGCTCAGATCACCAAGCGCAAGTGGGAGGCGGCCCATGTGGCGGAGCAGCAGAGAGCCTACCTGAAGGGCACGTGCGTGGAGTGGCTCCGCAGATACCTGGAGAACGGGAAGGAGACGCTGCAGCGCACGG">
        <child id="" num-old-names="1"/>
      </parent>
      <parent id="A1B1C1G000056" sequence="GTTCTCACACCATCCAGATGATGTATGGCTGCGACGTGGGGTCGGACGGGCGCTTCCTCCGCGGGTATGAACAGCACGCCTACGACGGCAAGGATTACATCGCCCTGAAAGAGGACCTGCGCTCTTGGACCGCGGCGGACATGGCAGCTCAGACCACCAAGCACAAGTGGGAGGCGGCCCATGTGGCGGAGCAGTGGAGAGCCTACCTGGAGGGCACGTGCGTGGAGTGGCTCCGCAGATACCTGGAGAACGGGAAGGAGACGCTGCAGCGCACGG">
        <child id="" num-old-names="1"/>
      </parent>
      <parent id="A1B1C1G000126" sequence="GTTCTCACACCATCCAGAGGATGTATGGCTGCGACGTGGGGCCGGACGGGCGCTTCCTCCGCGGGTACCAGCAGGACGCTTACGACGGCAAGGATTACATCGCCCTGAACGAGGACCTGCGCTCTTGGACCGCGGCGGACATGGCGGCTCAGATCACCCAGCGCAAGTGGGAGACTCCGCCCATGAGGCGGAGCAGTGGAGAGCCTACCTGGAGGGCCGGTGCGTGGAGTGGCTCCGCAGATACCTGGAGAACGGGAAGGAGACGCTGCAGCGCACGG">
        <child id="" num-old-names="1"/>
      </parent>
      <parent id="A1B2C2G000017" sequence="GTTCTCACACCCTCCAGATGATGTTTGGCTGCGACGTGGGGTCGGACGGGCACTTCCTCCGCGGGTACCACCAGTACGCCTACGACGGCAAGGATTACATCGCCCTGAAAGAGGACCTGCGCTCTTGGACCGCGGCGGACATGGCGGCTCAGATCACCCAGCGCAAGTGGGAGGCGGCCCGTGTGGCGGAGCAGTTGAGAGCCTACCTGGAGGGCACGTGCGTGGACGGGCTCCGCAGATACCTGGAGAACGGGAAGGAGACGCTGCAGCGCACGG">
        <child id="" num-old-names="1"/>
      </parent>
      <parent id="A1B1C1G000121" sequence="GTTCTCACACCATGCAGGTGATGTATGGCTGCGACGTGGGGCCCGACGGGCCTTTCCTCCGCGGGTATGAACAGCACGCCTACGACGGCAAGGATTACATCGCCCTGAACGAGGACCTGCGCTCCTGGACCGCGGCGGACATGGCAGCTCAGATCACCAAGCGCAAGTGGGAGGCGGCCCGTCGGGCGGAGCAGCGGAGAGTCTACTTGGAGGGCGAGTTCGTGGAGTGGCTCCGCAGATACTTGGAGAACGGGAAGGAGACGCTGCAGCGCGCGG">
        <child id="" num-old-names="1"/>
      </parent>
      <parent id="A1B1C1G000089" sequence="GTTCTCACACCCTCCAGAGGATGTATGGCTGCGACGTGGGGTCGGACTGGCGCTTCCTGCGCGGGTACCACCAGTACGCCTACGACGGCAAGGATTACATCGCCCTGAAAGAGGACCTGCGCTCTTGGACCGCGGCGGACATGGCAGCTCAGACCACCAAGCACAAGTGGGAGGCGGCCCATGTGGCGGAGCAGCAGAGAGCCTACCTGGAGGGCACGTGCGTGGAGTGGCTCCGCAGATACCTGGAGAACGGGAAGGAGACGCTGCAGCGCACGG">
        <child id="" num-old-names="1"/>
      </parent>
      <parent id="A1B1C2G000038" sequence="GTTCTCACACCCTCCAGAGGATGTATGGCTGCGACGTGGGGTCGGACTGGCGCTTCCTGCGCGGGTACCACCAGTACGCCTACGACGGCAAGGATTACATCGCCCTGAAAGAGGACCTGCGCTCTTGGACCGCGGCGGACATGGCAGCTCAGACCACCAAGCACAAGTGGGAGGCGGCCCATGTGGCGGAGCAGTGGAGAGCCTACCTGGAGGGCACGTGCGTGGAGTGGCTCCGCAGATACCTGGAGAACGGGAAGGAGACGCTGCAGCGCACGG">
        <child id="135A" num-old-names="1"/>
        <child id="160G" num-old-names="1"/>
        <child id="136T" num-old-names="1"/>
        <child id="99G" num-old-names="1"/>
        <child id="62T" num-old-names="1"/>
        <child id="42C" num-old-names="1"/>
        <child id="139C" num-old-names="1"/>
        <child id="43G" num-old-names="1"/>
        <child id="244C" num-old-names="1"/>
        <child id="" num-old-names="30"/>
        <child id="187G" num-old-names="1"/>
        <child id="171T" num-old-names="1"/>
        <child id="248A" num-old-names="1"/>
        <child id="70G" num-old-names="1"/>
        <child id="273G" num-old-names="1"/>
      </parent>
      <parent id="A1B1C1G000077" sequence="GTTCTCACACCCTCCAGAGGATGTATGGCTGCGACGTGGGGTCGGACTGGCGCTTCCTGCGCGGGTACCACCAGTACGCCTACGACGGCAAGGATTACATCGCCTTGAACGAGGACCTGCGCTCTTGGACCGCGGCGGACATGGCAGCTCAGACCACCAAGCACAAGTGGGAGGCGGCCCATGTGGCGGAGCAGTGGAGAGCCTACCTGGAGGGCACGTGCGTGGAGTGGCTCCGCAGATACCTGGAGAACGGGAAGGAGACGCTGCAGCGCACGG">
        <child id="" num-old-names="1"/>
      </parent>
      <parent id="A1B1C2G000051" sequence="GTTCTCACACCCTCCAGATGATGTTTGGCTGCGACGTGGGGTCGGACGGGCGCTTCCTCCGCGGGTACCACCAGTACGCCTACGACGGCAAGGATTACATCGCCCTGAAAGAGGACCTGCGCTCTTGGACCGCGGCGGACATGGCAGCTCAGACCACCAAGCACAAGTGGGAGGCGGCCCATGTGGCGGAGCAGTTGAGAGCCTACCTGGAGGGCACGTGCGTGGAGTGGCTCCGCAGATACCTGGAGAACGGGAAGGAGACGCTGCAGCGCACGG">
        <child id="" num-old-names="2"/>
      </parent>
      <parent id="A2B2C2G000036" sequence="GTTCTCACACCATCCAGATGATGTATGGCTGCGACGTGGGGTCGGACGGGCGCTTCCTCCGCGGGTACCAGCAGGACGCCTACGACGGCAAGGATTACATCGCCTTGAACGAGGACCTGCGCTCTTGGACCGCGGCGGACATGGCGGCTCAGATCACCCAGCGCAAGTGGGAGGCGGCCCATGAGGCGGAGCAGTTGAGAGCCTACCTGGAGGGCACGTGCGTGGAGTGGCTCCGCAGATACCTGGAGAACGGGAAGGAGACGCTGCAGCGCACGG">
        <child id="184C-195C-196A" num-old-names="1"/>
        <child id="" num-old-names="1"/>
      </parent>
      <parent id="A1B1C2G000032" sequence="GTTCTCACACCATCCAGATAATGTATGGCTGCGACGTGGGGTCGGACTGGCGCTTCCTCCGCGGGTACCACCAGTACGCCTACGACGGCAAGGATTACATCGCCCTGAAAGAGGACCTGCGCTCTTGGACCGCGGCGGACATGGCAGCTCAGACCACCAAGCACAAGTGGGAGGCGGCCCATGTGGCGGAGCAGTTGAGAGCCTACCTGGAGGGCACGTGCGTGGAGTGGCTCCGCAGATACCTGGAGAACGGGAAGGAGACGCTGCAGCGCACGG">
        <child id="" num-old-names="1"/>
      </parent>
      <parent id="A2B2C2G000021" sequence="GTTCTCACACCATCCAGATGATGTATGGCTGCGACGTGGGGTCGGACGGGCGCTTCCTCCGCGGGTACCGGCAGGACGCCTACGACGGCAAGGATTACATCGCCCTGAAAGAGGACCTGCGCTCTTGGACCGCGGCGGACATGGCAGCTCAGACCACCAAGCACAAGTGGGAGGCGGCCCATGTGGCGGAGCAGCAGAGAGCCTACCTGGAGGGCACGTGCGTGGAGTGGCTCCGCAGATACCTGGAGAACGGGAAGGAGACGCTGCAGCGCACGG">
        <child id="195A-196G" num-old-names="1"/>
        <child id="" num-old-names="1"/>
      </parent>
      <parent id="A1B1C1G000016" sequence="GTTCTCACACCATCCAGATGATGTATGGCTGCGACGTGGGGTCGGACGGGCGCTTCCTCCGCGGGTACCAGCAGGACGCCTACGACGGCAAGGATTACATCGCCTTGAACGAGGACCTGCGCTCTTGGACCGCGGCGGACATGGCGGCTCAGATCACCCAGCGCAAGTGGGAGGCGGCCCGTGTGGCGGAGCAGTTGAGAGCCTACCTGGAGGGCACGTGCGTGGACGGGCTCCGCAGATACCTGGAGAACGGGAAGGAGACGCTGCAGCGCACGG">
        <child id="" num-old-names="2"/>
      </parent>
      <parent id="A1B1C2G000075" sequence="GTTCTCACACCGTCCAGAGGATGTATGGCTGCGACGTGGGGTCGGACTGGCGCTTCCTCCGCGGGCATGACCAGTACGCCTACGACGGCAAGGATTACATCGCCCTGAAAGAGGACCTGCGCTCTTGGACCGCGGCGGACATGGCAGCTCAGACCACCAAGCACAAGTGGGAGGCGGCCCATGTGGCGGAGCAGTTGAGAGCCTACCTGGAGGGCACGTGCGTGGAGTGGCTCCGCAGATACCTGGAGAACGGGAAGGAGACGCTGCAGCGCACGG">
        <child id="" num-old-names="1"/>
      </parent>
      <parent id="A1B1C1G000063" sequence="GTTCTCACACCATCCAGATAATGTATGGCTGCGACGTGGGGCCGGACGGGCGCTTCCTCCGCGGGTACCGGCAGGACGCCTACGACGGCAAGGATTACATCGCCCTGAACGAGGACCTGCGCTCCTGGACCGCGGCGGACATGGCAGCTCAGATCACCAAGCGCAAGTGGGAGGCGGCCCGTCGGGCGGAGCAGCGGAGAGTCTACCTGGAGGGCGAGTTCGTGGAGTGGCTCCGCAGATACCTGGAGAACGGGAAGGAGACGCTGCAGCGCGCGG">
        <child id="" num-old-names="1"/>
      </parent>
      <parent id="A1B1C1G000011" sequence="GTTCTCACACCATCCAGATAATGTATGGCTGCGACGTGGGGCCGGACGGGCGCTTCCTCCGCGGGTACCGGCAGGACGCCTACGACGGCAAGGATTACATCGCCCTGAACGAGGACCCGCGCTCTTGGACCGCGGCGGACATGGCAGCTCAGATCACCAAGCGCAAGTGGGAGGCGGTCCATGCGGCGGAGCAGCGGAGAGTCTACCTGGAGGGCCGGTGCGTGGACGGGCTCCGCAGATACCTGGAGAACGGGAAGGAGACGCTGCAGCGCACGG">
        <child id="" num-old-names="1"/>
      </parent>
      <parent id="A1B1C1G000131" sequence="GTTCTCACACCATCCAGATAATGTATGGCTGCGACGTGGGGCCGGACGGGCGCTTCCTCCGCGGGTATGAACAGCACGCCTACGACGGCAAGGATTACATCGCCCTGAACGAGGACCTGCGCTCTTGGACCGCGGCGGACATGGCAGCTCAGATCACCAAGCGCAAGTGGGAGGCGGCCCATGCGGCGGAGCAGCAGAGAGCCTACCTGGAGGGCCGGTGCGTGGAGTGGCTCCGCAGATACCTGGAGAACGGGAAGGAGACGCTGCAGCGCACGG">
        <child id="" num-old-names="2"/>
      </parent>
      <parent id="A1B2C1G000028" sequence="GTTCTCACACCATGCAGGTGATGTATGGCTGCGACGTGGGGCCCGACGGGCGCTTCCTCTGCGGGTATGAACAGCACGCCTACGACGGCAAGGATTACATCGCTCTGAACGAGGACCTGCGCTCCTGGACCGCGGCGGACATGGCAGCTCAGATCACCAAGCGCAAGTGGGAGGCGGCCCGTCGGGCGGAGCAGCGGAGAGTCTACCTGGAGGGCGAGTTCGTGGAGTGGCTCCGCAGATACCTGGAGAACGGGAAGGAGACGCTGCAGCGCGCGG">
        <child id="" num-old-names="2"/>
      </parent>
      <parent id="A1B1C1G000025" sequence="GTTCTCACACCATCCAGATAATGTATGGCTGCGACGTGGGGTCGGACGGGCGCTTCCTCCGCGGGTACCAGCAGGACGCCTACGACGGCAAGGATTACATCGCCTTGAACGAGGACCTGCGCTCTTGGACCGCGGCGGACATGGCGGCTCAGATCACCCAGCGCAAGTGGGAGGCGGCCCGTGTGGCGGAGCAGTTGAGAGCCTACCTGGAGGGCACGTGCGTGGAGTGGCTCCGCAGACACCTGGAGAACGGGAAGGAGACGCTGCAGCGCACGG">
        <child id="" num-old-names="1"/>
      </parent>
      <parent id="A1B1C1G000023" sequence="GTTCTCACACCATCCAGATAATGTATGGCTGCGACGTGGGGCCGGACGGGCGCTTCCTCCGCGGGTACCGGCAGGACGCCTACGACGGCAAGGATTACATCGCCCTGAACGAGGACCTGCGCTCTTGGACCGCGGCGGACATGGCAGCTCAGATCACCAAGCGCAAGTGGGAGGCGGTCCATGCGGCGGGAGCAGCGGAGAGTCTACCTGGAGGGCCGGTGCGTGGACGGGCTCCGCAGATACCTGGAGAACGGGAAGGAGACGCTGCAGCGCACGG">
        <child id="" num-old-names="1"/>
      </parent>
      <parent id="A2B1C2G000060" sequence="GGTCTCACACCGTCCAGAGGATGTATGGCTGCGACGTGGGGTCGGACTGGCGCTTCCTCCGCGGGTACCACCAGTACGCCTACGACGGCAAGGATTACATCGCCCTGAAAGAGGACCTGCGCTCTTGGACCGCGGCGGACATGGCAGCTCAGACCACCAAGCACAAGTGGGAGACGGCCCATGAGGCGGAGCAGTGGAGAGCCTACCTGGAGGGCACGTGCGTGGAGTGGCTCCGCAGATACCTGGAGAACGGGAAGGAGACGCTGCAGCGCACGG">
        <child id="" num-old-names="1"/>
      </parent>
      <parent id="A2B1C2G000007" sequence="GTTCTCACACCATCCAGATAATGTATGGCTGCGACGTGGGGTCGGACGGGCGCTTCCTCCGCGGGTACCGGCAGGACGCTTACGACGGCAAGGATTACATCGCCCTGAACGAGGACCTGCGCTCTTGGACCGCGGCGGACATGGCGGCTCAGATCACCCAGCGCAAGTGGGAGGCGGCCCGTGTGGCGGAGCAGTTGAGAGCCTACCTGGAGGGCACGTGCGTGGAGTGGCTCCGCAGATACCTGGAGAACGGGAAGGAGACGCTGCAGCGCACGG">
        <child id="" num-old-names="2"/>
      </parent>
      <parent id="A1B1C2G000104" sequence="GTTCTCACACCCTCCAGATGATGTTTGGCTGCGACGTGGGGTCGGACGGGCGCTTCCTCCGCGGGTACCACCAGTACGCCTACGACGGCAAGGATTACATCGCCCTGAAAGAGGACCTGCGCTCTTGGACCGCGGCGGACATGGCGGCTCAGATCACCAAGCACAAGTGGGAGGCGGCCCATGTGGCGGAGCAGTTGAGAGCCTACCTGGAGGGCACGTGCGTGGACGGGCTCCGCAGATACCTGGAGAACGGGAAGGAGACGCTGCAGCGCACGG">
        <child id="" num-old-names="1"/>
      </parent>
      <parent id="A2B1C2G000068" sequence="GTTCTCACACCATCCAGATAATGTATGGCTGCGACGTGGGGCCGGACGGGCGCTTCCTCCGCGGGTACCGGCAGGACGCCTACGACGGCAAGGATTACATCGCCCTGAACGAGGACCTGCGCTCTTGGACCGCGGCGGACATGGCAGCTCAGATCACCAAGCGCAAGTGGGAGGCGGCCCATGCGGCGGAGCAGCAGAGAGCCTACCTGGAGGGCACGTGCGTGGACGGGCTCCGCAGATACCTGGAGAACGGGAAGGAGACGCTGCAGCGCACGG">
        <child id="" num-old-names="1"/>
      </parent>
      <parent id="A1B1C1G000059" sequence="GTTCTCACACCATCCAGATGATGTATGGCTGCGACGTGGGGTCGGACGGGCGCTTCCTCCGCGGGTACCAGCAGGACGCCTACGACGGCAAGGATTACATCGCCTTGAACGAGGACCTGCGCTCTTGGACCGCGGCGGACATGGCGGCTCAGATCACCCAGCGCAAGTGGGAGGCGGCCCGTCGGGCGGAGCAGTTGAGAGCCTACCTGGAGGGCACGTGCGTGGAGTGGCTCCGCAGATACCTGGAGAACGGGAAGGAGACGCTGCAGCGCACGG">
        <child id="" num-old-names="1"/>
      </parent>
      <parent id="A1B1C1G000132" sequence="GTTCTCACACCATCCAGATAATGTATGGCTGCGACGTGGGGTCGGACGGGCGCTTCCTCCGCGGGTACCGGCAGGACGCCTACGACGGCAAGGATTACATCGCCCTGAACGAGGACCTGCGCTCTTGGACCGCGGCGGACATGGCGGCTCAGATCACCAAGCGCAAGTGGGAGGCGGCCCGTGAGGCGGAGCAGCGGAGAGTCTACCTGGAGGGCCGGTGCGTGGACGGGCTCCGCAGATACCTGGAGAACGGGAAGGAGACGCTGCAGCGCACGG">
        <child id="" num-old-names="1"/>
      </parent>
      <parent id="A1B1C1G000101" sequence="GTTCTCACACCGTCCAGAGGATGTATGGCTGCGACGTGGGGTCGGACTGGCGCTTCCTCCGCGGGTATAACCAGTTCGCCTACGACGGCAAGGATTACATCGCCCTGAAAGAGGACCTGCGCTCTTGGACCGCGGCGGACATGGCAGCTCAGACCACCAAGCACAAGTGGGAGGCGGCCCATGTGGCGGAGCAGTTGAGAGCCTACCTGGAGGGCACGTGCGTGGAGTGGCTCCGCAGATACCTGGAGAACGGGAAGGAGACGCTGCAGCGCACGG">
        <child id="" num-old-names="1"/>
      </parent>
      <parent id="A1B1C1G000031" sequence="GTTCTCACACCCTCCAGATGATGTTTGGCTGCGACGTGGGGTCGGACGGGCGCTTCCTCCGCGGGTATGAACAGCACGCCTACGACGGCAAGGATTACATCGCCCTGAAAGAGGACCTGCGCTCTTGGACCGCGGCGGACATGGCGGCTCAGATCACCCAGCGCAAGTGGGAGGCGGCCCGTGTGGCGGAGCAGTTGAGAGCCTACCTGGAGGGCACGTGCGTGGACGGGCTCCGCAGATACCTGGAGAACGGGAAGGAGACGCTGCAGCGCACGG">
        <child id="" num-old-names="1"/>
      </parent>
      <parent id="A2B2C2G000019" sequence="GTTCTCACACCCTCCAGATGATGTTTGGCTGCGACGTGGGGTCGGACGGGCGCTTCCTCCGCGGGTACCACCAGTACGCCTACGACGGCAAGGATTACATCGCCCTGAAAGAGGACCTGCGCTCTTGGACCGCGGCGGACATGGCGGCTCAGATCACCAAGCACAAGTGGGAGGCGGCCCATGTGGCGGAGCAGTTGAGAGCCTACCTGGAGGGCACGTGCGTGGAGTGGCTCCGCAGATACCTGGAGAACGGGAAGGAGACGCTGCAGCGCACGG">
        <child id="" num-old-names="1"/>
      </parent>
      <parent id="A1B1C2G000061" sequence="GTTCTCACACCATCCAGATAATGTATGGCTGCGACGTGGGGTCGGACGGGCGCTTCCTCCGCGGGTATGAACAGCACGCCTACGACGGCAAGGATTACATCGCCCTGAACGAGGACCTGCGCTCTTGGACCGCGGCGGACATGGCGGCTCAGATCACCCAGCGCAAGTGGGAGGCGGCCCATGTGGCGGAGCAGTGGAGAGCCTACCTGGAGGGCACGTGCGTGGAGTGGCTCCGCAGATACCTGGAGAACGGGAAGGAGACGCTGCAGCGCACGG">
        <child id="" num-old-names="7"/>
      </parent>
      <parent id="A1B1C1G000019" sequence="GTTCTCACACCCTCCAGATGATGTTTGGCTGCGACGTGGGGTCGGACGGGCGCTTCCTCCGCGGGTACCACCAGTACGCCTACGACGGCAAGGATTACATCGCCCTGAAAGAGGACCTGCGCTCTTGGACCGCGGCGGACATGGCGGCTCAGATCACCAAGCGCAAGTGGGAGGCGGCCCATGTGGCGGAGCAGTGGAGAGCCTACCTGGAGGGCACGTGCGTGGAGTGGCTCCGCAGATACCTGGAGAACGGGAAGGAGACGCTGCAGCGCGCGG">
        <child id="" num-old-names="1"/>
      </parent>
      <parent id="A2B1C2G000027" sequence="GTTCTCACACCCTCCAGTGGATGATTGGCTGCGACCTGGGGTCCGACGGTCGCCTCCTCCGCGGGTATGAACAGTATGCCTACGATGGCAAGGATTACCTCGCCCTGAACGAGGACCTGCGCTCCTGGACCGCAGCGGACACTGCGGCTCAGATCTCCAAGCGCAAGTGTGAGGCGGCCAATGTGGCTGAACAAAGGAGAGCCTACCTGGAGGGCACGTGCGTGGAGTGGCTCCACAGATACCTGGAGAACGGGAAGGAGATGCTGCAGCGCGCGG">
        <child id="" num-old-names="4"/>
        <child id="262C" num-old-names="1"/>
      </parent>
      <parent id="A2B1C2G000006" sequence="GTTCTCACACCATCCAGATAATGTATGGCTGCAACGTGGGGTCGGACGGGCGCTTCCTCCGCGGGTACCGGCAGGACGCCTACGACGGCAAGGATTACATCGCCCTGAACGAGGACCTGCGCTCTTGGACCGCGGCGGACATGGCGGCTCAGATCACCAAGCGCAAGTGGGAGGCGGCCCATGAGGCGGAGCAGTTGAGAGCCTACCTGGATGGCACGTGCGTGGAGTGGCTCCGCAGATACCTGGAGAACGGGAAGGAGACGCTGCAGCGCACGG">
        <child id="33C" num-old-names="1"/>
        <child id="33T" num-old-names="1"/>
        <child id="" num-old-names="1"/>
      </parent>
      <parent id="A1B1C2G000044" sequence="GTTCTCACACCGTCCAGAGGATGTATGGCTGCGACGTGGGGTCGGACTGGCGCTTCCTCCGCGGGTACCACCAGTACGCCTACGACGGCAAGGATTACATCGCCCTGAAAGAGGACCTGCGCTCTTGGACCGCGGCGGACATGGCGGCTCAGATCACCAAGCGCAAGTGGGAGGCGGCCCATGTGGCGGAGCAGCAGAGAGCCTACCTGGAGGGCACGTGCGTGGACGGGCTCCGCAGATACCTGGAGAACGGGAAGGAGACGCTGCAGCGCACGG">
        <child id="" num-old-names="3"/>
      </parent>
      <parent id="A2B1C1G000024" sequence="GTTCTCACACCATCCAGATAATGTATGGCTGCGACGTGGGGCCGGACGGGCGCTTCCTCCGCGGGTACCGGCAGGACGCCTACGACGGCAAGGATTACATCGCCCTGAACGAGGACCTGCGCTCTTGGACCGCGGCGGACATGGCAGCTCAGATCACCAAGCGCAAGTGGGAGGCGGCCCATGTGGCGGAGCAGTGGAGAGCCTACCTGGAGGGCCGGTGCGTGGAGTGGCTCCGCAGATACCTGGAGAACGGGAAGGAGACGCTGCAGCGCACGG">
        <child id="" num-old-names="1"/>
      </parent>
      <parent id="A1B1C2G000011" sequence="GTTCTCACACCATCCAGATAATGTATGGCTGCGACGTGGGGCCGGACGGGCGCTTCCTCCGCGGGTACCGGCAGGACGCCTACGACGGCAAGGATTACATCGCCCTGAACGAGGACCTGCGCTCTTGGACCGCGGCGGACATGGCAGCTCAGATCACCAAGCGCAAGTGGGAGGCGGTCCATGCGGCGGAGCAGCGGAGAGTCTACCTGGAGGGCCGGTGCGTGGACGGGCTCCGCAGATACCTGGAGAACGGGAAGGAGACGCTGCAGCGCACGG">
        <child id="254A" num-old-names="1"/>
        <child id="170C" num-old-names="1"/>
        <child id="231T" num-old-names="1"/>
        <child id="131G" num-old-names="1"/>
        <child id="22C" num-old-names="1"/>
        <child id="106A" num-old-names="1"/>
        <child id="227A" num-old-names="1"/>
        <child id="221G" num-old-names="1"/>
        <child id="6G" num-old-names="1"/>
        <child id="142C" num-old-names="1"/>
        <child id="96G" num-old-names="1"/>
        <child id="39T" num-old-names="1"/>
        <child id="48C" num-old-names="1"/>
        <child id="196A-202C" num-old-names="1"/>
        <child id="146G" num-old-names="1"/>
        <child id="128C" num-old-names="1"/>
        <child id="14T" num-old-names="1"/>
        <child id="228T" num-old-names="1"/>
        <child id="99G" num-old-names="1"/>
        <child id="182C" num-old-names="1"/>
        <child id="184T" num-old-names="1"/>
        <child id="261C" num-old-names="1"/>
        <child id="254T" num-old-names="1"/>
        <child id="20G-178C" num-old-names="1"/>
        <child id="243T" num-old-names="1"/>
        <child id="137A" num-old-names="1"/>
        <child id="110G" num-old-names="1"/>
        <child id="121C" num-old-names="1"/>
        <child id="212A" num-old-names="1"/>
        <child id="262T" num-old-names="1"/>
        <child id="21G" num-old-names="1"/>
        <child id="227G-228T" num-old-names="2"/>
        <child id="230T" num-old-names="1"/>
        <child id="273G" num-old-names="1"/>
        <child id="104T-125C" num-old-names="1"/>
        <child id="271T" num-old-names="1"/>
        <child id="102T" num-old-names="1"/>
        <child id="178C-184T" num-old-names="1"/>
        <child id="219G" num-old-names="1"/>
        <child id="167C" num-old-names="1"/>
        <child id="141G" num-old-names="1"/>
        <child id="40C" num-old-names="1"/>
        <child id="43G" num-old-names="1"/>
        <child id="36C" num-old-names="1"/>
        <child id="139C-146G" num-old-names="1"/>
        <child id="60T" num-old-names="1"/>
        <child id="223C" num-old-names="1"/>
        <child id="237T" num-old-names="1"/>
        <child id="184A" num-old-names="1"/>
        <child id="188A" num-old-names="1"/>
        <child id="84C" num-old-names="1"/>
        <child id="176T" num-old-names="1"/>
        <child id="260A" num-old-names="1"/>
        <child id="179T" num-old-names="1"/>
        <child id="128A" num-old-names="1"/>
        <child id="134T" num-old-names="1"/>
        <child id="49A" num-old-names="1"/>
        <child id="222A" num-old-names="1"/>
        <child id="220A" num-old-names="1"/>
        <child id="205G" num-old-names="1"/>
        <child id="10T" num-old-names="1"/>
        <child id="202C" num-old-names="1"/>
        <child id="131A" num-old-names="1"/>
        <child id="196A" num-old-names="1"/>
        <child id="77A" num-old-names="1"/>
        <child id="40A" num-old-names="1"/>
        <child id="187A" num-old-names="1"/>
        <child id="157G" num-old-names="1"/>
        <child id="61C" num-old-names="1"/>
        <child id="272T" num-old-names="1"/>
        <child id="233T" num-old-names="1"/>
        <child id="87A" num-old-names="1"/>
        <child id="253A" num-old-names="1"/>
        <child id="58C" num-old-names="1"/>
        <child id="20G" num-old-names="1"/>
        <child id="35G" num-old-names="1"/>
        <child id="252C" num-old-names="1"/>
        <child id="122T" num-old-names="1"/>
        <child id="192T" num-old-names="1"/>
        <child id="275A" num-old-names="1"/>
        <child id="54C" num-old-names="1"/>
        <child id="44C" num-old-names="1"/>
        <child id="136T" num-old-names="1"/>
        <child id="47T" num-old-names="1"/>
        <child id="275C" num-old-names="1"/>
        <child id="221A" num-old-names="1"/>
        <child id="12C" num-old-names="1"/>
        <child id="211C" num-old-names="1"/>
        <child id="147T" num-old-names="1"/>
        <child id="84A" num-old-names="1"/>
        <child id="85G" num-old-names="1"/>
        <child id="133T" num-old-names="1"/>
        <child id="94G" num-old-names="1"/>
        <child id="218T" num-old-names="1"/>
        <child id="70C" num-old-names="1"/>
        <child id="90G" num-old-names="1"/>
        <child id="50A" num-old-names="1"/>
        <child id="127A" num-old-names="1"/>
        <child id="3G" num-old-names="1"/>
        <child id="134A" num-old-names="1"/>
        <child id="80T" num-old-names="1"/>
        <child id="17C" num-old-names="1"/>
        <child id="134C" num-old-names="1"/>
        <child id="270G" num-old-names="1"/>
        <child id="139C" num-old-names="1"/>
        <child id="26C" num-old-names="1"/>
        <child id="125C" num-old-names="1"/>
        <child id="159C" num-old-names="1"/>
        <child id="81C" num-old-names="1"/>
        <child id="64A" num-old-names="1"/>
        <child id="74A" num-old-names="1"/>
        <child id="103G" num-old-names="1"/>
        <child id="70A" num-old-names="1"/>
        <child id="43T" num-old-names="1"/>
        <child id="210T" num-old-names="1"/>
        <child id="141T" num-old-names="1"/>
        <child id="206A" num-old-names="1"/>
        <child id="214A" num-old-names="1"/>
        <child id="" num-old-names="137"/>
        <child id="42T-146G" num-old-names="1"/>
        <child id="155T" num-old-names="1"/>
        <child id="120A" num-old-names="1"/>
        <child id="61A" num-old-names="1"/>
        <child id="162T" num-old-names="1"/>
        <child id="51A" num-old-names="1"/>
        <child id="213A" num-old-names="1"/>
        <child id="118G" num-old-names="1"/>
        <child id="105G" num-old-names="1"/>
        <child id="110T" num-old-names="1"/>
        <child id="275T" num-old-names="1"/>
        <child id="178C" num-old-names="2"/>
      </parent>
      <parent id="A1B1C1G000098" sequence="GTTCTCACACCCTCCAGATGATGTTTGGCTGCGACGTGGGGTCGGACGGGCGCTTCCTCCGCGGGTACCACCAGTACGCCTACGACGGCAAGGATTACATCGCCCTGAAAGAGGACCTGCGCTCTTGGACCGCGGCGGACATGCGGCTCAGATCACCAAGCGCAAGTGGGAGGCGGCCCATGTGGCGGAGCAGCAGAGAGCCTACCTGGAGGGCACGTGCGTGGACGGGCTCCGCAGATACCTGGAGAACGGGAAGGAGACGCTGCAGCGCACGG">
        <child id="" num-old-names="1"/>
      </parent>
      <parent id="A1B1C1G000115" sequence="GTTCTCACACCATCCAGATAATGTATGGCTGCGACGTGGGGCCGGACGGGCGCTTCCTCCGCGGGTACCGGCAGGACGCCTACGACGGCAAGGATTACATCGCCCTGAACGAGGACCTGCGCTCTTGGACCGCGGCGGACATGGCAGCTCAGATCACCAAGCGCAAGTGGGAGGCGGTCCATGCGGCGGAGCAGTTGAGAGCCTACCTGGAGGGCCGGTGCGTGGACGGGCTCCGCAGATACCTGGAGAACGGGAAGGAGACGCTGCAGCGCACGG">
        <child id="" num-old-names="1"/>
      </parent>
      <parent id="A1B2C2G000009" sequence="GTTCTCACACCATCCAGATGATGTATGGCTGCCACGTGGGGTCGGACGGGCGCTTCCTCCGCGGGTACCGGCAGGACGCCTACGACGGCAAGGATTACATCGCCTTGAACGAGGACCTGCGCTCTTGGACCGCGGCGGACATGGCGGCTCAGATCACCCAGCGCAAGTGGGAGGCGGCCCGTGTGGCGGAGCAGTTGAGAGCCTACCTGGAGGGCACGTGCGTGGAGTGGCTCCGCAGATACCTGGAGAACGGGAAGGAGACGCTGCAGCGCACGG">
        <child id="111C" num-old-names="1"/>
        <child id="25T" num-old-names="1"/>
        <child id="203T" num-old-names="1"/>
        <child id="196G" num-old-names="1"/>
        <child id="202G" num-old-names="1"/>
        <child id="136T" num-old-names="1"/>
        <child id="125G" num-old-names="1"/>
        <child id="" num-old-names="14"/>
        <child id="69G" num-old-names="1"/>
        <child id="71C" num-old-names="1"/>
        <child id="139C" num-old-names="1"/>
        <child id="176A" num-old-names="1"/>
        <child id="141G" num-old-names="1"/>
        <child id="187T" num-old-names="1"/>
        <child id="184A" num-old-names="1"/>
        <child id="22C" num-old-names="1"/>
        <child id="132A" num-old-names="1"/>
        <child id="105C" num-old-names="1"/>
      </parent>
      <parent id="A1B1C2G000095" sequence="GTTCTCACACCATCCAGAGGATGTATGGCTGCGACGTGGGGCCGGACGGGCGCTTCCTCCGCGGGTACCAGCAGGACGCTTACGACGGCAAGGATTACATCTCCCTGAACGAGGACCTGCGCTCTTGGACCGCGGCGGACATGGCGGCTCAGATCACCCAGCGCAAGTGGGAGACGGCCCATGAGGCGGAGCAGTGGAGAGCCTACCTGGAGGGCACGTGCGTGGAGTGGCTCCGCAGATACCTGGAGAACGGGAAGGAGACGCTGCAGCGCACGG">
        <child id="" num-old-names="1"/>
      </parent>
      <parent id="A1B1C2G000024" sequence="GTTCTCACACCATCCAGATAATGTATGGCTGCGACGTGGGGCCGGACGGGCGCTTCCTCCGCGGGTACCGGCAGGACGCCTACGACGGCAAGGATTACATCGCCCTGAACGAGGACCTGCGCTCTTGGACCGCGGCGGACATGGCAGCTCAGACCACCAAGCACAAGTGGGAGGCGGCCCATGTGGCGGAGCAGTTGAGAGCCTACCTGGAGGGCCGGTGCGTGGAGTGGCTCCGCAGATACCTGGAGAACGGGAAGGAGACGCTGCAGCGCACGG">
        <child id="" num-old-names="1"/>
      </parent>
      <parent id="A1B1C1G000100" sequence="GTTCTCACACCATCCAGATAATGTATGGCTGCGACGTGGGGCCGGACGGGCGCTTCCTCCGCGGGTACCGGCAGGACGCCTACGACGGCAAGGATTACATCGCCCTGAACGAGGACCTGCGCTCTTGGACCGCGGCGGACATGGCAGCTCAGATCACCAAGCGCAAGTGGGAGGCGGCCCGTCGGGCGGAGCAGCGGAGAGTCTACCTGGAGGGCCGGTGCGTGGACGGGCTCCGCAGATACCTGGAGAACGGGAAGGAGACGCTGCAGCGCACGG">
        <child id="" num-old-names="1"/>
      </parent>
      <parent id="A1B1C1G000005" sequence="GTTCTCACACCATCCAGATAATGTATGGCTGCGACGTGGGGTCGGACGGGCGCTTCCTCCGCGGGTATGAACAGCACGCCTACGACGGCAAGGATTACATCGCCCTGAACGAGGACCTGCGCTCTTGGACCGCGGCGGACATGGCGGCTCAGATCACCCAGCGCAAGTGGGAGGCGGCCCGTCGGGCGGAGCAGTTGAGAGCCTACCTGGAGGGCACGTGCGTGGAGTGGCTCCGCAGATACCTGGAGAACGGGAAGGAGACGCTGCAGCGCACGG">
        <child id="" num-old-names="24"/>
        <child id="275C" num-old-names="1"/>
        <child id="192T" num-old-names="1"/>
        <child id="24C" num-old-names="2"/>
        <child id="101A" num-old-names="1"/>
        <child id="80T" num-old-names="1"/>
        <child id="206T" num-old-names="1"/>
        <child id="50A" num-old-names="1"/>
        <child id="125C" num-old-names="1"/>
        <child id="236A" num-old-names="1"/>
        <child id="227C" num-old-names="1"/>
        <child id="141C" num-old-names="1"/>
        <child id="65T" num-old-names="1"/>
        <child id="120A" num-old-names="1"/>
        <child id="79G" num-old-names="1"/>
        <child id="107C" num-old-names="1"/>
        <child id="18G" num-old-names="1"/>
        <child id="143A" num-old-names="1"/>
        <child id="252A" num-old-names="1"/>
        <child id="195C" num-old-names="1"/>
        <child id="273G" num-old-names="1"/>
      </parent>
      <parent id="A1B1C2G000067" sequence="GTTCTCACACCATCCAGATAATGTATGGCTGCGACGTGGGGTCGGACGGGCGCTTCCTCCGCGGGTACCGGCAGGACGCCTACGACGGCAAGGATTACATCGCCCTGAACGAGGACCTGCGCTCTTGGACCGCGGCGGACATGGCGGCTCAGATCACCAAGCGCAAGTGGGAGGCGGCCCATGAGGCGGAGCAGCAGAGAGCCTACCTGGAGGGCACGTGCGTGGACGGGCTCCGCAGATACCTGGAGAACGGGAAGGAGACGCTGCAGCGCACGG">
        <child id="" num-old-names="1"/>
      </parent>
      <parent id="A2B1C2G000018" sequence="GTTCTCACACCATCCAGAGGATGTATGGCTGCGACGTGGGGCCGGACGGGCGCTTCCTCCGCGGGTACCAGCAGGACGCTTACGACGGCAAGGATTACATCGCCCTGAACGAGGACCTGCGCTCTTGGACCGCGGCGGACATGGCGGCTCAGATCACCCAGCGCAAGTGGGAGACGGCCCATGAGGCGGAGCAGCAGAGAGCCTACCTGGAGGGCCGGTGCGTGGAGTGGCTCCGCAGATACCTGGAGAACGGGAAGGAGACGCTGCAGCGCACGG">
        <child id="184T-195T-196T" num-old-names="2"/>
        <child id="195T-196T" num-old-names="3"/>
        <child id="" num-old-names="6"/>
        <child id="196T" num-old-names="1"/>
      </parent>
      <parent id="A1B1C1G000134" sequence="GTTCTCACACCATCCAGATAATGTATGGCTGCGACGTGGGGCCGGACGGGCGCTTCCTCCGCGGGTACCGGCAGGACGCCTACGACGGCAAGGATTACATCGCCCTGAACGAGGACCTGCGCTCTTGGACCGCGGCGGACATGGCAGCTCAGATCACCAAGCGCAAGTGGGAGGCGGCCCATGCGGCGGAGCAGCAGAGAGCCTACCTGGAGGGCGAGTTCGTGGAGTGGCTCCGCAGATACCTGGAGAACGGGAAGGAGACGCTGCAGCGCACGG">
        <child id="" num-old-names="1"/>
      </parent>
      <parent id="A1B1C1G000064" sequence="GTTCTCACACCGTCCAGAGGATGTATGGCTGCGACGTGGGGTCGGACTGGCGCTTCCTCCGCGGGTACCACCAGTACGCCTACGACGGCAAGGATTACATCGCCCTGAAAGAGGACCTGCGCTCTTGGACCGCGGCGGACATGGCAGCTCAGACCACCAAGCACAAGTGGGAGGCGGCCCATGTGGCGGAGCAGTTGAGAGCCTACCTGGAGGGCACGTGCGTGGAGTGGCTCCGCAGATACCTGGAGAACGGGAAGGAGACGCTGCAGCCGTGCG">
        <child id="" num-old-names="1"/>
      </parent>
      <parent id="A2B1C2G000045" sequence="GTTCTCACACCCTCCAGATGATGTTTGGCTGCGACGTGGGGCCGGACGGGCGCTTCCTCCGCGGGTACCGGCAGGACGCCTACGACGGCAAGGATTACATCGCCCTGAAAGAGGACCTGCGCTCTTGGACCGCGGCGGACATGGCGGCTCAGATCACCAAGCGCAAGTGGGAGGCGGCCCATGTGGCGGAGCAGCAGAGAGCCTACCTGGAGGGCACGTGCGTGGACGGGCTCCGCAGATACCTGGAGAACGGGAAGGAGACGCTGCAGCGCACGG">
        <child id="" num-old-names="1"/>
      </parent>
      <parent id="A1B1C2G000052" sequence="GTTCTCACACCATCCAGATGATGTATGGCTGCGACGTGGGGTCGGACGGGCGCTTCCTCCGCGGGTACCGGCAGGACGCCTACGACGGCAAGGATTACATCGCCCTGAAAGAGGACCTGCGCTCTTGGACCGCGGCGGACATGGCAGCTCAGACCACCAAGCACAAGTGGGAGGCGGCCCATGTGGCGGAGCAGCGGAGAGTCTACCTGGAGGGCACGTGCGTGGACGGGCTCCGCAGATACCTGGAGAACGGGAAGGAGACGCTGCAGCGCACGG">
        <child id="" num-old-names="1"/>
      </parent>
      <parent id="A1B1C1G000123" sequence="GTTCTCACACCCTCAGATGATGTTTGGCTGCGACGTGGGGTCGGACGGGCGCTTCCTCCGCGGGTACCACCAGTACGCCTACGACGGCAAGGATTACATCGCCCTGAAAGAGGACCTGCGCTCTTGGACCGCGGCGGACATGGCGGCTCAGATCACCAAGCGCAAGTGGGAGGCGGCCCATGTGGCGGAGCAGCAGAGAGCCTACCTGGAGGGCACGTGCGTGGACGGGCTCCGCAGATACCTGGAGAACGGGAAGGAGACGCTGCAGCGCACGG">
        <child id="" num-old-names="1"/>
      </parent>
      <parent id="A1B1C1G000128" sequence="GTTCTCACACCCTCCAGATGATGTTTGGCTGCGACGTGGGGTCGGACGGGCGCTTCCTCCGCGGGTACCACCAGTACGCCTACGACGGCAAGGATTACATCGCCCTGAAAGAGGACCTGCGCTCTTGGACCGCGGCGGACATGGCGGCTCAGATCACCAAGCGCAAGTGGGAGGCGGCCCGTGAGGCGGAGCAGCGGAGAGCCTACCTGGAGGGCACGTGCGTGGAGTGGCTCCGCAGATACCTGGAGAACGGGAAGGAGACGCTGCAGCGCACGG">
        <child id="" num-old-names="1"/>
      </parent>
      <parent id="A1B1C1G000021" sequence="GTTCTCACACCATCCAGATGATGTATGGCTGCGACGTGGGGTCGGACGGGCACTTCCTCCGCGGGTACCGGCAGGACGCCTACGACGGCAAGGATTACATCGCCCTGAAAGAGGACCTGCGCTCTTGGACCGCGGCGGACATGGCAGCTCAGACCACCAAGCACAAGTGGGAGGCGGCCCATGTGGCGGAGCAGTGGAGAGCCTACCTGGAGGGCACGTGCGTGGAGTGGCTCCGCAGATACCTGGAGAACGGGAAGGAGACGCTGCAGCGCACGG">
        <child id="" num-old-names="1"/>
      </parent>
      <parent id="A1B1C1G000095" sequence="GTTCTCACACCATCCAGAGGATGTATGGCTGCGACGTGGGGCCGGACGGGCGCTTCCTCCGCGGGTACCAGCAGGACGCTTACGACCGCAAGGATTACATCGCCCTGAACGAGGACCTGCGCTCTTGGACCGCGGCGGACATGGCGGCTCAGATCACCCAGCGCAAGTGGGAGACGGCCCATGAGGCGGAGCAGTGGAGAGCCTACCTGGAGGGCACGTGCGTGGAGTGGCTCCGCAGATACCTGGAGAACGGGAAGGAGACGCTGCAGCGCACGG">
        <child id="" num-old-names="1"/>
      </parent>
      <parent id="A1B1C1G000013" sequence="GTTCTCACACCGTCCAGAGGATGTATGGCTGCGACGTGGGGCCGGACGGGCGCTTCCTCCGCGGGTACCGGCAGGACGCCTACGACGGCAAGGATTACATCGCCCTGAAAGAGGACCTGCGCTCTTGGACCGCGGCGGACATGGCAGCTCAGACCACCAAGCACAAGTGGGAGGCGGCCCATGTGGCGGAGCAGTTGAGAGCCTACCTGGAGGGCACGTGCGTGGAGTGGCTCCGCAGATACCTGGAGAACGGGAAGGAGACGCTGCAGCGCACGG">
        <child id="" num-old-names="1"/>
      </parent>
      <parent id="A1B2C1G000005" sequence="GTTCTCACACCGTCCAGATAATGTATGGCTGCGACGTGGGGTCGGACGGGCGCTTCCTCCGCGGGTATGAACAGCACGCCTACGACGGCAAGGATTACATCGCCCTGAACGAGGACCTGCGCTCTTGGACCGCGGCGGACATGGCGGCTCAGATCACCCAGCGCAAGTGGGAGGCGGCCCGTCGGGCGGAGCAGTTGAGAGCCTACCTGGAGGGCACGTGCGTGGAGTGGCTCCGCAGATACCTGGAGAACGGGAAGGAGACGCTGCAGCGCACGG">
        <child id="" num-old-names="1"/>
      </parent>
      <parent id="A1B1C2G000073" sequence="GTTCTCACACCATCCAGATGATGTATGGCTGCCACGTGGGGTCGGACGGGCGCTTCCTCCGCGGGTACCGGCAGGACGCCTACGACGGCAAGGATTACATCGCCTTGAACGAGGACCTGCGCTCTTGGACCGCGGCGGACATGGCGGCTCAGATCACCCAGCGCAAGTGGGAGGCGGCCCGTGTGGCGGAGCAGTTGAGAGCCTACCTGGAGGGCCGGTGCGTGGAGTGGCTCCGCAGATACCTGGAGAACGGGAAGGAGACGCTGCAGCGCACGG">
        <child id="" num-old-names="1"/>
      </parent>
      <parent id="A1B1C1G000028" sequence="GTTCTCACACCATGCAGGTGATGTATGGCTGCGACGTGGGGCCCGACGGGCGCTTCCTCCGCGGGTATGAACAGCACGCCTACGACGGCAAGGATTACATCGCTCTGAACGAGGACCTGCGCTCCTGGACCGCGGCGGACATGGCAGCTCAGATCACCAAGCGCAAGTGGGAGGCGGCCCGTCGGGCGGAGCAGCTGAGAGCCTACCTGGAGGGCGAGTTCGTGGAGTGGCTCCGCAGATACCTGGAGAACGGGAAGGAGACGCTGCAGCGCGCGG">
        <child id="" num-old-names="2"/>
      </parent>
      <parent id="A1B1C2G000060" sequence="GTTCTCACACCGTCCAGAGGATGTATGGCTGCGACGTGGGGTCGGACTGGCGCTTCCTCCGCGGGTACCACCAGTACGCCTACGACGGCAAGGATTACATCGCCCTGAAAGAGGACCTGCGCTCTTGGACCGCGGCGGACATGGCAGCTCAGACCACCAAGCACAAGTGGGAGACGGCCCATGAGGCGGAGCAGTGGAGAGCCTACCTGGAGGGCACGTGCGTGGAGTGGCTCCGCAGATACCTGGAGAACGGGAAGGAGACGCTGCAGCGCACGG">
        <child id="184C" num-old-names="1"/>
        <child id="76C" num-old-names="1"/>
        <child id="217T" num-old-names="1"/>
        <child id="40C" num-old-names="1"/>
        <child id="" num-old-names="21"/>
        <child id="174G-195C-196A" num-old-names="1"/>
        <child id="275T" num-old-names="1"/>
        <child id="41A" num-old-names="1"/>
        <child id="144A" num-old-names="1"/>
        <child id="107A" num-old-names="1"/>
        <child id="136T" num-old-names="1"/>
        <child id="218A" num-old-names="1"/>
      </parent>
      <parent id="A1B1C1G000133" sequence="GTTCTCACACCATCCAGATGATGTATGGCTGCGACGTGGGGTCGGACGGGCGCTTCCTCCGCGGGTACCAGCAGGACGCCTACGACGGCAAGGATTACATCGCCTTGAACGAGGACCTGCGCTCTGGGACAGCGGCGGACATGGCGGCTCAGATCACCCAGCGCAAGTGGGAGGCGGCCCGTGTGGCGGAGCAGTTGAGAGCCTACCTGGAGGGCACGTGCGTGGAGTGGCTCCGCAGATACCTGGAGAACGGGAAGGAGACGCTGCAGCGCACGG">
        <child id="" num-old-names="1"/>
      </parent>
      <parent id="A1B1C1G000018" sequence="GTTCTCACACCATCCAGAGGATGTATGCCTGCGACGTGGGGCCGGACGGGCGCTTCCTCCGCGGGTACCAGCAGGACGCTTACGACGGCAAGGATTACATCGCCCTGAACGAGGACCTGCGCTCTTGGACCGCGGCGGACATGGCGGCTCAGATCACCCAGCGCAAGTGGGAGACGGCCCATGAGGCGGAGCAGTGGAGAGCCTACCTGGAGGGCCGGTGCGTGGAGTGGCTCCGCAGATACCTGGAGAACGGGAAGGAGACGCTGCAGCGCACGG">
        <child id="" num-old-names="1"/>
      </parent>
      <parent id="A2B2C2G000010" sequence="GTTCTCACACCATCCAGAGGATGTATGGCTGCGACGTGGGGCCGGACGGGCGCTTCCTCCGCGGGTACCAGCAGGACGCTTACGACGGCAAGGATTACATCGCCCTGAACGAGGACCTGCGCTCTTGGACCGCGGCGGACACGGCGGCTCAGATCACCCAGCGCAAGTGGGAGACGGCCCATGAGGCGGAGCAGTGGAGAGCCTACCTGGAGGGCCGGTGCGTGGAGTGGCTCCGCAGATACCTGGAGAACGGGAAGGAGACGCTGCAGCGCACGG">
        <child id="" num-old-names="1"/>
      </parent>
      <parent id="A1B1C2G000021" sequence="GTTCTCACACCATCCAGATGATGTATGGCTGCGACGTGGGGTCGGACGGGCGCTTCCTCCGCGGGTACCGGCAGGACGCCTACGACGGCAAGGATTACATCGCCCTGAAAGAGGACCTGCGCTCTTGGACCGCGGCGGACATGGCAGCTCAGACCACCAAGCACAAGTGGGAGGCGGCCCATGTGGCGGAGCAGTGGAGAGCCTACCTGGAGGGCACGTGCGTGGAGTGGCTCCGCAGATACCTGGAGAACGGGAAGGAGACGCTGCAGCGCACGG">
        <child id="28A" num-old-names="1"/>
        <child id="54G" num-old-names="1"/>
        <child id="" num-old-names="80"/>
        <child id="76T" num-old-names="1"/>
        <child id="163G" num-old-names="1"/>
        <child id="181C" num-old-names="1"/>
        <child id="142A" num-old-names="1"/>
        <child id="110C" num-old-names="1"/>
        <child id="63C" num-old-names="1"/>
        <child id="33A" num-old-names="1"/>
        <child id="184A-196T" num-old-names="1"/>
        <child id="136T" num-old-names="1"/>
        <child id="117T" num-old-names="1"/>
        <child id="142G" num-old-names="1"/>
        <child id="212T" num-old-names="1"/>
        <child id="36A" num-old-names="1"/>
        <child id="252C" num-old-names="1"/>
        <child id="181T" num-old-names="1"/>
        <child id="20A" num-old-names="2"/>
        <child id="143A" num-old-names="1"/>
        <child id="1A" num-old-names="1"/>
        <child id="107A-110G" num-old-names="1"/>
        <child id="114T" num-old-names="1"/>
        <child id="203T" num-old-names="1"/>
        <child id="180T" num-old-names="1"/>
        <child id="75T" num-old-names="1"/>
        <child id="178T" num-old-names="1"/>
        <child id="188A" num-old-names="2"/>
        <child id="36C" num-old-names="2"/>
        <child id="258A" num-old-names="1"/>
        <child id="169A" num-old-names="1"/>
        <child id="252A" num-old-names="1"/>
        <child id="271A" num-old-names="1"/>
        <child id="42C-54C" num-old-names="1"/>
        <child id="120A" num-old-names="1"/>
        <child id="273G" num-old-names="1"/>
        <child id="246A" num-old-names="1"/>
        <child id="40A" num-old-names="1"/>
        <child id="50A" num-old-names="1"/>
        <child id="79T" num-old-names="1"/>
        <child id="84A" num-old-names="1"/>
        <child id="87A" num-old-names="1"/>
        <child id="184A" num-old-names="1"/>
        <child id="219A" num-old-names="1"/>
        <child id="75C" num-old-names="1"/>
        <child id="201A" num-old-names="1"/>
        <child id="17A" num-old-names="1"/>
        <child id="145G" num-old-names="1"/>
        <child id="43A" num-old-names="1"/>
        <child id="146G" num-old-names="1"/>
        <child id="132C" num-old-names="1"/>
        <child id="227C-228G" num-old-names="1"/>
        <child id="202T" num-old-names="1"/>
        <child id="154T" num-old-names="2"/>
        <child id="243T" num-old-names="1"/>
      </parent>
      <parent id="A1B1C2G000045" sequence="GTTCTCACACCCTCCAGATGATGTTTGGCTGCGACGTGGGGTCGGACGGGCGCTTCCTCCGCGGGTACCGGCAGGACGCCTACGACGGCAAGGATTACATCGCCCTGAAAGAGGACCTGCGCTCTTGGACCGCGGCGGACATGGCGGCTCAGATCACCAAGCGCAAGTGGGAGGCGGCCCATGTGGCGGAGCAGCAGAGAGCCTACCTGGAGGGCACGTGCGTGGACGGGCTCCGCAGATACCTGGAGAACGGGAAGGAGACGCTGCAGCGCACGG">
        <child id="" num-old-names="1"/>
      </parent>
      <parent id="A2B1C2G000038" sequence="GTTCTCACACCCTCCAGAGGATGTATGGCTGCGATGTGGGGTCGGACTGGCGCTTCCTGCGCGGGTACCACCAGTACGCCTACGACGGCAAGGATTACATCGCCCTGAAAGAGGACCTGCGCTCTTGGACCGCGGCGGACATGGCAGCTCAGACCACCAAGCACAAGTGGGAGGCGGCCCATGTGGCGGAGCAGTGGAGAGCCTACCTGGAGGGCACGTGCGTGGAGTGGCTCCGCAGATACCTGGAGAACGGGAAGGAGACGCTGCAGCGCACGG">
        <child id="" num-old-names="1"/>
      </parent>
      <parent id="A1B1C1G000027" sequence="GTTCTCACACCCTCCAGTGGATGATTGGCTGCGACCTGGGGTCCGACGGACGCCTCATCCGCGGGTATGAACAGTATGCCTACGATGGCAAGGATTACCTCGCCCTGAACGAGGACCTGCGCTCCTGGACCGCAGCGGACACTGCGGCTCAGATCTCCAAGCGCAAGTGTGAGGCGGCCAATGTGGCTGAACAAAGGAGAGCCTACCTGGAGGGCACGTGCGTGGAGTGGCTCCACAGATACCTGGAGAACGGGAAGGAGATGCTGCAGCGCGCGG">
        <child id="" num-old-names="8"/>
      </parent>
      <parent id="A1B1C1G000045" sequence="GTTCTCACACCCTCCAGATGATGTTTGGCTGCGACGTGGGGTCGGACGGGCGCTTCCTCCGCGGGTACCGGCAGGACGCCTACGACGGCAAGGATTACATCGCCTTGAACGAGGACCTGCGCTCTTGGACCGCGGCGGACATGGCGGCTCAGATCACCAAGCGCAAGTGGGAGGCGGCCCATGTGGCGGAGCAGCAGAGAGCCTACCTGGAGGGCACGTGCGTGGACGGGCTCCGCAGATACCTGGAGAACGGGAAGGAGACGCTGCAGCGCACGG">
        <child id="" num-old-names="1"/>
      </parent>
      <parent id="A1B1C2G000003" sequence="GTTCTCACACCATCCAGAGGATGTATGGCTGCGACGTGGGGCCGGACGGGCGCTTCCTCCGCGGGTACCACCAGTACGCCTACGACGGCAAGGATTACATCGCCCTGAAAGAGGACCTGCGCTCTTGGACCGCGGCGGACATGGCAGCTCAGACCACCAAGCACAAGTGGGAGGCGGCCCATGTGGCGGAGCAGTGGAGAGCCTACCTGGAGGGCACGTGCGTGGAGTGGCTCCGCAGATACCTGGAGAACGGGAAGGAGACGCTGCAGCGCACGG">
        <child id="163G" num-old-names="1"/>
        <child id="104T" num-old-names="1"/>
        <child id="209C" num-old-names="1"/>
        <child id="12C" num-old-names="1"/>
        <child id="251A" num-old-names="1"/>
        <child id="" num-old-names="22"/>
        <child id="142G" num-old-names="1"/>
        <child id="184A" num-old-names="1"/>
        <child id="169A-171T" num-old-names="1"/>
        <child id="65T" num-old-names="1"/>
        <child id="275T" num-old-names="1"/>
        <child id="25G" num-old-names="1"/>
        <child id="181G" num-old-names="1"/>
        <child id="269A" num-old-names="1"/>
        <child id="146G" num-old-names="1"/>
        <child id="33A" num-old-names="1"/>
        <child id="139G" num-old-names="1"/>
        <child id="235C" num-old-names="1"/>
        <child id="110C" num-old-names="1"/>
        <child id="217T" num-old-names="1"/>
        <child id="273G" num-old-names="1"/>
        <child id="19T-42T" num-old-names="2"/>
        <child id="124G" num-old-names="1"/>
        <child id="252A" num-old-names="1"/>
        <child id="131A" num-old-names="1"/>
        <child id="87C" num-old-names="1"/>
        <child id="195C" num-old-names="1"/>
      </parent>
      <parent id="A1B2C1G000071" sequence="GTTCTCACACCATCCAGATGATGTATGGCTGCGACGTGGGGTCGGACGGGCGCTTCCTCCGCGGGTACCAGCAGGACGCCTACGACGGCAAGGATTACATCGCCCTGAAAGAGGACCTGCGCTCTTGGACCGCGGCGGACATGGCGGCTCAGATCACCAAGCGCAAGTGGGAGGCGGCCCGTGTGGCGGAGCAGTTGAGAGCCTACCTGGAGGGCACGTGCGTGGAGTGGCTCCGCAGATACCTGGAGAACGGGAAGGAGACGCTGCAGCGCACGG">
        <child id="" num-old-names="1"/>
      </parent>
      <parent id="A1B1C2G000017" sequence="GTTCTCACACCCTCCAGATGATGTTTGGCTGCGACGTGGGGTCGGACGGGCGCTTCCTCCGCGGGTACCACCAGTACGCCTACGACGGCAAGGATTACATCGCCCTGAAAGAGGACCTGCGCTCTTGGACCGCGGCGGACATGGCGGCTCAGATCACCCAGCGCAAGTGGGAGGCGGCCCGTGTGGCGGAGCAGTTGAGAGCCTACCTGGAGGGCACGTGCGTGGACGGGCTCCGCAGATACCTGGAGAACGGGAAGGAGACGCTGCAGCGCACGG">
        <child id="159A" num-old-names="1"/>
        <child id="150G" num-old-names="1"/>
        <child id="160T" num-old-names="1"/>
        <child id="33T" num-old-names="1"/>
        <child id="105T-110C" num-old-names="1"/>
        <child id="216C-217G" num-old-names="1"/>
        <child id="142C" num-old-names="1"/>
        <child id="64C" num-old-names="1"/>
        <child id="196G" num-old-names="1"/>
        <child id="187T" num-old-names="1"/>
        <child id="218A" num-old-names="1"/>
        <child id="42C" num-old-names="1"/>
        <child id="155T" num-old-names="1"/>
        <child id="272T" num-old-names="1"/>
        <child id="276A" num-old-names="1"/>
        <child id="234G" num-old-names="1"/>
        <child id="" num-old-names="50"/>
        <child id="252C" num-old-names="1"/>
        <child id="36A" num-old-names="1"/>
        <child id="221A" num-old-names="1"/>
        <child id="137C" num-old-names="1"/>
        <child id="195C" num-old-names="1"/>
        <child id="120A-125C" num-old-names="1"/>
        <child id="227G-228T" num-old-names="1"/>
        <child id="228A" num-old-names="1"/>
        <child id="87C" num-old-names="1"/>
        <child id="273G" num-old-names="1"/>
        <child id="76G" num-old-names="1"/>
        <child id="175A" num-old-names="1"/>
        <child id="141G" num-old-names="1"/>
        <child id="194A" num-old-names="1"/>
        <child id="54C" num-old-names="1"/>
      </parent>
      <parent id="A2B2C2G000005" sequence="GTTCTCACACCATCCAGATAATGTATGGCTGCGACGTGGGGTCGGACGGGCGCTTCCTCCGCGGGTATGAACAGCACGCCTACGACGGCAAGGATTACATCGCCCTGAACGAGGACCTGCGCTCTTGGACCGCGGCGGACATGGCGGCTCAGATCACCCAGTGCAAGTGGGAGGCGGCCCGTTGGGCGGAGCAGTTGAGAGCCTACCTGGAGGGCACGTGCGTGGAGTGGCTCCGCAGATACCTGGAGAACGGGAAGGAGACGCTGCAGCGCACGG">
        <child id="" num-old-names="1"/>
      </parent>
      <parent id="A1B1C2G000025" sequence="GTTCTCACACCATCCAGATGATGTATGGCTGCGACGTGGGGTCGGACGGACGCTTCCTCCGCGGGTACCAGCAGGACGCCTACGACGGCAAGGATTACATCGCCTTGAACGAGGACCTGCGCTCTTGGACCGCGGCGGACATGGCGGCTCAGATCACCCAGCGCAAGTGGGAGGCGGCCCGTGTGGCGGAGCAGTTGAGAGCCTACCTGGAGGGCACGTGCGTGGAGTGGCTCCGCAGACACCTGGAGAACGGGAAGGAGACGCTGCAGCGCACGG">
        <child id="" num-old-names="1"/>
      </parent>
      <parent id="A1B2C2G000005" sequence="GTTCTCACACCATCCAGATAATGTATGGCTGCGACGTGGGGTCGGACGGGCGCTTCCTCCGCGGGTATGAACAGCACGCCTACGACGGCAAGGATTACATCGCCCTGAACGAGGACCTGCGCTCTTGGACCGCGGCGGACATGGCGGCTCAGATCACCCAGAGCAAGTGGGAGGCGGCCCGTTGGGCGGAGCAGTTGAGAGCCTACCTGGAGGGCACGTGCGTGGAGTGGCTCCGCAGATACCTGGAGAACGGGAAGGAGACGCTGCAGCGCACGG">
        <child id="" num-old-names="1"/>
      </parent>
      <parent id="A1B1C2G000102" sequence="GTTCTCACACCCTCCAGATGATGTTTGGCTGCGACGTGGGGTCGGACGGGCGCCTCCTCCGCGGGCATGACCAGTACGCCTACGACGGCAAGGATTACATCGCCCTGAAAGAGGACCTGCGCTCTTGGACCGCGGCGGACATGGCGGCTCAGATCACCCAGCGCAAGTGGGAGGCGGCCCGTGTGGCGGAGCAGTTGAGAGCCTACCTGGAGGGCACGTGCGTGGACGGGCTCCGCAGATACCTGGAGAACGGGAAGGAGACGCTGCAGCGCACGG">
        <child id="" num-old-names="1"/>
      </parent>
      <parent id="A1B1C1G000067" sequence="GTTCTCACACCATCCAGATAATGTATGGCTGCGACGTGGGGTCGGACGGGCGCTTCCTCCGCGGGTACCGGCAGGACGCCTACGACGGCAAGGATTACATCGCCCTGAACGAGGACCTGCGCTCTTGGACCGCGGCGGACATGGCGGCTCAGATCACCAAGCGCAAGTGGGAGGCGGCCCATGAGGCGGAGCAGTTGAGAGCCTACCTGGAGGGCACGTGCGTGGACGGGCTCCGCAGATACCTGGAGAACGGGAAGGAGACGCTGCAGCGCACGG">
        <child id="" num-old-names="1"/>
      </parent>
      <parent id="A1B2C1G000013" sequence="GTTCTCACACCATCCAGATGATGTATGGCTGCGACGTGGGGCCGGACGGGCGCTTCCTCCGCGGGTACCGGCAGGACGCCTACGACGGCAAGGATTACATCGCCCTGAAAGAGGACCTGCGCTCTTGGACCGCGGCGGACATGGCAGCTCAGACCACCAAGCACAAGTGGGAGGCGGCCCATGTGGCGGAGCAGTGGAGAGCCTACCTGGAGGGCACGTGCGTGGAGTGGCTCCGCAGATACCTGGAGAACGGGAAGGAGACGCTGCAGCGCACGG">
        <child id="" num-old-names="2"/>
      </parent>
      <parent id="A2B1C2G000017" sequence="GTTCTCACACCCTCCAGATGATGTTTGGCTGCGACGTGGGGTCGGACGGGCGCTTCCTCCGCGGGTACCACCAGTACGCCTACGACGGCAAGGATTACATCGCCCTGAAAGAGGACCTGCGCTCTTGGACCGCGGCGGACATGGCGGCTCAGATCACCCAGCGCAAGTGGGAGGCGGCCCATGTGGCGGAGCAGTTGAGAGCCTACCTGGAGGGCACGTGCGTGGACGGGCTCCGCAGATACCTGGAGAACGGGAAGGAGACGCTGCAGCGCACGG">
        <child id="" num-old-names="1"/>
        <child id="196G" num-old-names="1"/>
      </parent>
      <parent id="A2B2C2G000027" sequence="GTTCTCATACCCTCCAGTGGATGATTGGTTGCGACCTGGGGTCCGACGGACGCCTCCTCCGCGGGTATGAACAGTATGCCTACGATGGCAAGGATTACCTCGCCCTGAACGAGGACCTGCGCTCCTGGACCGCAGCGGACACTGCGGCTCAGATCTCCAAGCGCAAGTGTGAGGCGGCCAATGTGGCTGAACAAAGGAGAGCCTACCTGGAGGGCACGTGCGTGGAGTGGCTCCACAGATACCTGGAGAACGGGAAGGAGATGCTGCAGCGCGCGG">
        <child id="" num-old-names="2"/>
      </parent>
      <parent id="A2B2C2G000004" sequence="GTTCTCACACCATCCAGATAATGTATGGCTGCGACGTGGGGCCGGACGGGCGCTTCCTCCGCGGGTACCGGCAGGACGCCTACGACGGCAAGGATTACATCGCCCTGAACGAGGACCTGCGCTCTTGGACCGCGGCGGACATGGCAGCTCAGATCACCAAGCGCAAGTGGGAGGCGGCCCATGAGGCGGAGCAGCGGAGAGCCTACCTGGAGGGCCGGTGCGTGGAGTGGCTCCGCAGATACCTGGAGAACGGGAAGGAGACGCTGCAGCGCACGG">
        <child id="196T" num-old-names="1"/>
        <child id="184C" num-old-names="1"/>
        <child id="184C-196T" num-old-names="1"/>
        <child id="184C-202T" num-old-names="1"/>
        <child id="" num-old-names="1"/>
        <child id="184C-195T-196T" num-old-names="1"/>
      </parent>
      <parent id="A2B2C1G000009" sequence="GTTCTCACACCATCCAGATCATGTATGGCTGCGACGTGGGGCCGGACGGGCGCCTCCTCCGCGGGTACCAGCAGGACGCCTACGACGGCAAGGATTACATCGCCTTGAACGAGGACCTGCGCTCTTGGACCGCGGCGGACATGGCGGCTCAGATCACCCAGCGCAAGTGGGAGGCGGCCCGTGTGGCGGAGCAGTTGAGAGCCTACCTGGAGGGCACGTGCGTGGAGTGGCTCCGCAGATACCTGGAGAACGGGAAGGAGACGCTGCAGCGCACGG">
        <child id="20A" num-old-names="1"/>
        <child id="" num-old-names="1"/>
      </parent>
      <parent id="A1B1C1G000039" sequence="GTTCTCACACCATCCAGAGGATGTATGGCTGCGACGTGGGGCCGGACGGGCGCTTCCTCCGCGGGTACCAGCAGGACGCTTACGACGGCAAGGATTACATCGCCCTGAACGAGGACCTGCGCTCTTGGACCGCGGCGGACATGGCGGCTCAGATCACCCAGCGCAAGTGGGAGACGGTCCATGAGGCGGAGCAGTGGAGAGCCTACCTGGAGGGCGAGTGCGTGGAGTGGCTCCGCAGATACCTGGAGAACGGGAAGGAGACGCTGCAGCGCACGG">
        <child id="" num-old-names="1"/>
      </parent>
      <parent id="A1B1C2G000087" sequence="GTTCTCACACCATCCAGATAATGTATGGCTGCGACGTGGGGTCGGACGGGCGCTTCCTCCGCGGGTACCGGCAGGACGCCTACGACGGCAAGGATTACATCGCCCTGAACGAGGACCTGCGCTCTTGGACCGCGGCGGACATGGCGGCTCAGATCACCAAGCGCAAGTGGGAGGCGGTCCATGCGGCGGAGCAGCGGAGAGTCTACCTGGAGGGCACGTGCGTGGAGTGGCTCCGCAGATACCTGGAGAACGGGAAGGAGACGCTGCAGCGCACGG">
        <child id="" num-old-names="1"/>
      </parent>
      <parent id="A1B1C1G000087" sequence="GTTCTCACACCATCCAGATAATGTATGGCTGCGACGTGGGGTCGGACGGGCGCTTCCTCCGCGGGTACCGGCAGGACGCCTACGACGGCAAGGATTACATCGCCCTGAACGAGGACCTGCGCTCTTGGACCGCGGCGGACATGGCGGCTCAGATCACCAAGCGCAAGTGGGAGGCGGCCCATGAGGCGGAGCAGCGGAGAGTCTACCTGGATGGCACGTGCGTGGAGTGGCTCCGCAGATACCTGGAGAACGGGAAGGAGACGCTGCAGCGCACGG">
        <child id="" num-old-names="1"/>
      </parent>
      <parent id="A1B1C1G000124" sequence="GTTCTCACACCATCCAGATAATGTATGGCTGCGACGTGGGGTCGGACGGGCGCTTCCTCCGCGGGTACCGGCAGGACGCCTACGACGGCAAGGATTACATCGCCCTGAACGAGGACCTGCGCTCTTGGACCGCGGCGGACATGGCGGCTCAGATCACCAAGCGCAAGTGGGAGGCGGAGCAGTTGAGAGCCTACCTGGATGGCACGTGCGTGGAGTGGCTCCGCAGATACCTGGAGAACGGGAAGGAGACGCTGCAGCGCACGG">
        <child id="" num-old-names="1"/>
      </parent>
      <parent id="A2B1C2G000003" sequence="GTTCTGACACCATCCAGAGGATGTATGGCTGCGACGTGGGGCCGGACGGGCGCTTCCTCCGCGGGTACCACCAGTACGCCTACGACGGCAAGGATTACATCGCCCTGAAAGAGGACCTGCGCTCTTGGACCGCGGCGGACATGGCAGCTCAGACCACCAAGCACAAGTGGGAGGCGGCCCATGTGGCGGAGCAGTGGAGAGCCTACCTGGAGGGCACGTGCGTGGAGTGGCTCCGCAGATACCTGGAGAACGGGAAGGAGACGCTGCAGCGCACGG">
        <child id="" num-old-names="1"/>
      </parent>
      <parent id="A1B1C2G000005" sequence="GTTCTCACACCATCCAGATAATGTATGGCTGCGACGTGGGGTCGGACGGGCGCTTCCTCCGCGGGTATGAACAGCACGCCTACGACGGCAAGGATTACATCGCCCTGAACGAGGACCTGCGCTCTTGGACCGCGGCGGACATGGCGGCTCAGATCACCCAGCGCAAGTGGGAGGCGGCCCGTTGGGCGGAGCAGTTGAGAGCCTACCTGGAGGGCACGTGCGTGGAGTGGCTCCGCAGATACCTGGAGAACGGGAAGGAGACGCTGCAGCGCACGG">
        <child id="275A" num-old-names="1"/>
        <child id="60A" num-old-names="1"/>
        <child id="201A" num-old-names="1"/>
        <child id="46T" num-old-names="1"/>
        <child id="222C" num-old-names="1"/>
        <child id="110A" num-old-names="1"/>
        <child id="243G" num-old-names="1"/>
        <child id="160G" num-old-names="1"/>
        <child id="220C" num-old-names="1"/>
        <child id="187A" num-old-names="1"/>
        <child id="271T" num-old-names="1"/>
        <child id="137A" num-old-names="1"/>
        <child id="217T" num-old-names="1"/>
        <child id="67G" num-old-names="1"/>
        <child id="54C" num-old-names="1"/>
        <child id="260A" num-old-names="1"/>
        <child id="49T" num-old-names="1"/>
        <child id="111T" num-old-names="1"/>
        <child id="227C-228G" num-old-names="1"/>
        <child id="183G-184T" num-old-names="1"/>
        <child id="262T" num-old-names="1"/>
        <child id="142C" num-old-names="1"/>
        <child id="188A" num-old-names="1"/>
        <child id="239G" num-old-names="1"/>
        <child id="175A" num-old-names="1"/>
        <child id="26C" num-old-names="1"/>
        <child id="180G" num-old-names="1"/>
        <child id="273T" num-old-names="1"/>
        <child id="69C" num-old-names="1"/>
        <child id="" num-old-names="32"/>
        <child id="86A" num-old-names="1"/>
        <child id="159A" num-old-names="1"/>
        <child id="151G" num-old-names="1"/>
      </parent>
      <parent id="A1B2C2G000002" sequence="GTTCTCACACCGTCCAGAGGATGTGTGGCTGCGACGTGGGGTCGGACTGGCGCTTCCTCCGCGGGTACCACCAGTACGCCTACGACGGCAAGGATTACATCGCCCTGAAAGAGGACCTGCGCTCTTGGACCGCGGCGGACATGGCAGCTCAGACCACCAAGCACAAGTGGGAGGCGGCCCATGTGGCGGAGCAGTTGAGAGCCTACCTGGAGGGCACGTGCGTGGAGTGGCTCCGCAGATACCTGGAGAACGGGAAGGAGACGCTGCAGCGCACGG">
        <child id="10G" num-old-names="1"/>
        <child id="67G" num-old-names="1"/>
        <child id="142A" num-old-names="1"/>
        <child id="229C" num-old-names="1"/>
        <child id="77A" num-old-names="1"/>
        <child id="262T" num-old-names="1"/>
        <child id="48G" num-old-names="1"/>
        <child id="210A" num-old-names="1"/>
        <child id="54C" num-old-names="1"/>
        <child id="186A" num-old-names="1"/>
        <child id="131T" num-old-names="1"/>
        <child id="142G" num-old-names="1"/>
        <child id="201A" num-old-names="1"/>
        <child id="181G" num-old-names="1"/>
        <child id="91G" num-old-names="1"/>
        <child id="196G" num-old-names="1"/>
        <child id="" num-old-names="23"/>
      </parent>
      <parent id="A1B1C1G000109" sequence="GTTCTCACACCATGCAGGTGATGTATGGCTGCGACGTGGGGCCGGACGGGCGCTTCCTCCGCGGGTACCAGCAGGACGCTTACGACGGCAAGGATTACATCGCCCTGAACGAGGACCTGCGCTCTTGGACCGCGGCGGACATGGCGGCTCAGATCACCCAGCGCAAGTGGGAGACGGCCCATGAGGCGGAGCAGTGGAGAGCCTACCTGGAGGGCCGGTGCGTGGAGTGGCTCCGCAGATACCTGGAGAACGGGAAGGAGACGCTGCAGCGCACGG">
        <child id="" num-old-names="1"/>
      </parent>
      <parent id="A1B2C2G000011" sequence="GTTCTCACACCATCCAGATAATGTATGGCTGCGACGTGGGGCCGGACGGGCGCTTCCTCCGCGGGTACCGGCAGGACGCCTACGACGGCAAGGATTACATCGCCCTGAACGAGGACCTGCGCTCTTGGACCGCGGCGGACATGGCAGCTCAGATCACCAAGCGCAAGTGGGAGGCGGTCCATGCGGCGGAGCAGCGGAGAGTCTACCTGGAGGGCAGGTGCGTGGACGGGCTCCGCAGATACCTGGAGAACGGGAAGGAGACGCTGCAGCGCACGG">
        <child id="" num-old-names="1"/>
        <child id="217C" num-old-names="1"/>
      </parent>
      <parent id="A2B1C2G000005" sequence="GTTCTCACACCACCCAGATAATGTATGGCTGCGACGTGGGGTCGGACGGGCGCTTCCTCCGCGGGTATGAACAGCACGCCTACGACGGCAAGGATTACATCGCCCTGAACGAGGACCTGCGCTCTTGGACCGCGGCGGACATGGCGGCTCAGATCACCCAGCGCAAGTGGGAGGCGGCCCGTTGGGCGGAGCAGTTGAGAGCCTACCTGGAGGGCACGTGCGTGGAGTGGCTCCGCAGATACCTGGAGAACGGGAAGGAGACGCTGCAGCGCACGG">
        <child id="" num-old-names="1"/>
      </parent>
      <parent id="A2B2C2G000020" sequence="GTTCTCACACCCTCCAGATGATGTTTGGCTGCGACGTGGGGTCGGACGGGCGCTTCCTCCGCGGGTATGAACAGTATGCCTACGACGGCAAGGATTACATCGCCCTGAAAGAGGACCTGCGCTCTTGGACCGCGGCGGACATGGCGGCTCAGATCACCAAGCGCAAGTGGGAGGCGGCCCATGTGGCGGAGCAGCAGAGAGCCTACCTGGAGGGCACGTGCGTGGACGGGCTCCGCAGATACCTGGAGAACGGGAAGGAGACGCTGCAGCGCACGG">
        <child id="66C-71C-77C" num-old-names="1"/>
        <child id="69A-71C-76T-77C" num-old-names="1"/>
        <child id="" num-old-names="1"/>
      </parent>
      <parent id="A1B1C1G000103" sequence="GTTCTCACACCGTCCAGAGGATGTATGGCTGCGACGTGGGGTCGGACTGGCGCTTCCTCCGCGGGTACCACCAGTACGCCTACGACGGCAAGGATTACATCGCCCTGAAAGAGGACCTGCGCTCTTGGACCGCGGCGGACATGGCAGCTCAGACCACCAAGCACAAGTGGGAGGCGGAGCAGTTGAGAGCCTACCTGGAGGGCACGTGCGTGGAGTGGCTCCGCAGATACCTGGAGAACGGGAAGGAGACGCTGCAGCGCACGG">
        <child id="" num-old-names="1"/>
      </parent>
      <parent id="A1B1C2G000008" sequence="GTTCTCACACCCTCCAGATGATGTTTGGCTGCGACGTGGGGTCGGACGGGCGCTTCCTCCGCGGGTACCACCAGTACGCCTACGACGGCAAGGATTACATCGCCCTGAAAGAGGACCTGCGCTCTTGGACCGCGGCGGACATGGCGGCTCAGATCACCAAGCGCAAGTGGGAGGCGGCCCGTGTGGCGGAGCAGCTGAGAGCCTACCTGGAGGGCACGTGCGTGGACGGGCTCCGCAGATACCTGGAGAACGGGAAGGAGACGCTGCAGCGCACGG">
        <child id="" num-old-names="1"/>
      </parent>
      <parent id="A1B2C2G000025" sequence="GTTCTCACACCATCCAGATGATGTATGGCTGCGACGTGGGGTCGGACGGGCGCTTCCTCCGCGGGTACCAGCAGGACGCCTACGACGGCAAGGATTACATCGCCCTGAACGAGGACCTGCGCTCTTGGACCGCGGCGGACATGGCGGCTCAGATCACCCAGCGCAAGTGGGAGGCGGCCCGTGTGGCGGAGCAGTTGAGAGCCTACCTGGAGGGCACGTGCGTGGAGTGGCTCCGCAGACACCTGGAGAACGGGAAGGAGACGCTGCAGCGCACGG">
        <child id="" num-old-names="1"/>
        <child id="110A" num-old-names="1"/>
      </parent>
      <parent id="A1B1C2G000027" sequence="GTTCTCACACCCTCCAGTGGATGATTGGCTGCGACCTGGGGTCCGACGGACGCCTCCTCCGCGGGTATGAACAGTATGCCTACGATGGCAAGGATTACCTCGCCCTGAACGAGGACCTGCGCTCCTGGACCGCAGCGGACACTGCGGCTCAGATCTCCAAGCGCAAGTGTGAGGCGGCCAATGTGGCTGAACAAAGGAGAGCCTACCTGGAGGGCACGTGCGTGGAGTGGCTCCACAGATACCTGGAGAACGGGAAGGAGATGCTGCAGCGCGCGG">
        <child id="80G" num-old-names="1"/>
        <child id="" num-old-names="16"/>
        <child id="173A" num-old-names="1"/>
        <child id="28A" num-old-names="1"/>
      </parent>
      <parent id="A1B1C1G000038" sequence="GTTCTCACACCCTCCAGAGGATGTATGGCTGCGACGTGGGGTCGGACTGGCGCTTCCTGCGCGGGTACCACCAGTACGCCTACGACGGCAAGGATTACATCGCCCTGAAAGAGGACCTGCGCTCTTGGACCGCGGCGGACATGGCAGCTCAGACCACCAAGCACAAGTGGGAGGCGGCCCGTGAGGCGGAGCAGTGGAGAGCCTACCTGGAGGGCACGTGCGTGGAGTGGCTCCGCAGATACCTGGAGAACGGGAAGGAGACGCTGCAGCGCACGG">
        <child id="" num-old-names="1"/>
      </parent>
      <parent id="A1B2C2G000024" sequence="GTTCTCACACCATCCAGATAATGTATGGCTGCGACGTGGGGCCGGACGGGCGCTTCCTCCGCGGGTACCGGCAGGACGCCTACGACGGCAAGGATTACATCGCCCTGAACGAGGACCTGCGCTCTTGGACCGCGGCGGACATGGCAGCTCAGACCACCAAGCGCAAGTGGGAGGCGGCCCATGTGGCGGAGCAGTTGAGAGCCTACCTGGAGGGCACGTGCGTGGAGTGGCTCCGCAGATACCTGGAGAACGGGAAGGAGACGCTGCAGCGCACGG">
        <child id="" num-old-names="1"/>
      </parent>
      <parent id="A1B1C1G000078" sequence="GTTCTCACACCATCCAGATGATGTATGGCTGCGACGTGGGGCCGGACGGGCGCCTCCTCCGCGGGTACCAGCAGGACGCCTACGACGGCAAGGATTACATCGCCTTGAACGAGGACCTGCGCTCTTGGACCGCGGCGGACATGGCGGCTCAGATCACCCAGCGCAAGTGGGAGGCGGCCCGTGTGGCGGAGCAGCAGAGAGCCTACCTGGAGGGCACGTGCGTGGAGTGGCTCCGCAGATACCTGGAGAACGGGAAGGAGACGCTGCAGCGCACGG">
        <child id="" num-old-names="1"/>
      </parent>
      <parent id="A1B1C2G000107" sequence="GTTCTCACACCATCCAGAGGAAGCATGACTGCGACGTGGGCCCGACAGGCGCCTCCTCCGCAGGTATGAACAGTTCGCCTACGATGGCAAGGATTACATCGCCCTGAACGAGGACCTGCCCTCCTGGACCGCCGCGAACACAGCGGCTCAGATCTCCCAGCACAAGTGGGAAGCGGACAAATACTCAGAGCAGGTCAGGGCCTACCTGAGGGCAAGTGCATGGAGTGGCTCCGCAGACACCTGGAGAACGGGAAGGAGACGCTGCAGCGCGCGG">
        <child id="" num-old-names="1"/>
      </parent>
      <parent id="A1B2C2G000003" sequence="GTTCTCACACCATCCAGAGGATGTATGGCTGCGACGTGGGGCCGGACGGGCGCTTCCTCCGCGGGTACCACCAGTACGCCTACGACGGCAAGGATTACATCGCCCTGAAAGAGGACCTGCGCTCTTGGACCGCGGCGGACATGGCAGCTCAGACCACCAAGCACAAGTGGGAGGCGGCCCATGTGGCGGAGCAGTGGAGAGCCTACCTGGAGGGCACGTGCGTGGAGTGGCTCCGCAGATACCTGGAGAACGGGAAGGAGATGCTGCAGCGCACGG">
        <child id="" num-old-names="1"/>
      </parent>
      <parent id="A1B2C1G000045" sequence="GTTCTCACACCATCCAGATGATGTATGGCTGCCACGTGGGGTCGGACGGGCGCTTCCTCCGCGGGTACCGGCAGGACGCCTACGACGGCAAGGATTACATCGCCTTGAACGAGGACCTGCGCTCTTGGACCGCGGCGGACATGGCGGCTCAGATCACCAAGCGCAAGTGGGAGGCGGCCCATGTGGCGGAGCAGCAGAGAGCCTACCTGGAGGGCACGTGCGTGGACGGGCTCCGCAGATACCTGGAGAACGGGAAGGAGACGCTGCAGCGCACGG">
        <child id="" num-old-names="1"/>
      </parent>
      <parent id="A2B2C2G000001" sequence="GTTCTCACACCCTCCAGATGATGTTTGGCTGCGACGTGGGGTCGGACGGGCGCTTCCTCCGCGGGTACCACCAGTACGCCTACGACGGCAAGGATTACATCGCCCTGAAAGAGGACCTGCGCTCTTGGACCGCGGCGGACATGGGGGCTCAGATCACCAAGCGCAAGTGGGAGGCGGCCCATGTGGCGGAGCAGCAGAGAGCCTACCTGGAGGGCCGGTGCGTGGAGTGGCTCCGCAGATACCTGGAGAACGGGAAGGAGACGCTGCAGCGCACGG">
        <child id="" num-old-names="1"/>
      </parent>
      <parent id="A1B1C1G000024" sequence="GTTCTCACACCATCCAGATAATGTATGGCTGCGACGTGGGGCCGGACGGGCGCTTCCTCCGCGGGTACCGGCAGGACGCCTACGACGGCAAGGATTACATCGCCCTGAACGAGGACCTGCGCTCTTGGACCGCGGCGGACATGGCAGCTCAGATCACCAAGCGCAAGTGGGAGGCGGCCCATGTGGCGGAGCAGTTGAGAGCCTACCTGGAGGGCCGGTGCGTGGAGTGGCTCCGCAGATACCTGGAGAACGGGAAGGAGACGCTGCAGCGCACGG">
        <child id="" num-old-names="1"/>
        <child id="216A-217C" num-old-names="1"/>
      </parent>
      <parent id="A1B1C2G000055" sequence="GTTCTCACACCATCCAGATGATGTATGGCTGCGACGTGGGGCCGGACGGGCGCCTCCTCCGCGGGTACCAGCAGGACGCCTACGACGGCAAGGATTACATCGCCTTGAACGAGGACCTGCGCTCTTGGACCGCGGCGGACATGGCGGCTCAGATCACCCAGCGCAAGTGGGAGGCGGCCCATGTGGCGGAGCAGCAGAGAGCCTACCTGGAGGGCACGTGCGTGGAGTGGCTCCGCAGATACCTGGAGAACGGGAAGGAGACGCTGCAGCGCACGG">
        <child id="" num-old-names="1"/>
      </parent>
      <parent id="A1B1C1G000130" sequence="GTTCTCACACCCTCCAGATGATGTTTGGCTGCGACGTGGGGTCGGACGGGCGCTTCCTCCGCGGGTACCACCAGTACGCCTACGACGGCAAGGATTACATCGCCCTGAAAGGACCTGCGCTCTTGGACCGCGGCGGACATGGCGGCTCAGATCACCAAGCGCAAGTGGGAGGCGGCCCATGTGGCGGAGCAGCAGAGAGCCTACCTGGAGGGCACGTGCGTGGACGGGCTCCGCAGATACCTGGAGAACGGGAAGGAGACGCTGCAGCGCACGG">
        <child id="" num-old-names="1"/>
      </parent>
      <parent id="A1B1C2G000062" sequence="GTTCTCACACCGTCCAGAGGATGTATGGCTGCGACGTGGGGTCGGACTGGCGCTTCCTCCGCGGGTACCACCAGTACGCCTACGACGGCAAGGATTACATCGCCCTGAAAGAGGACCTGCGCTCTTGGACCGCGGCGGACATGGCAGCTCAGACCACCAAGCACAAGTGGGAGGCGGCCCATGCGGCGGAGCAGCAGAGAGCCTACCTGGAGGGCACGTGCGTGGAGTGGCTCCGCAGATACCTGGAGAACGGGAAGGAGACGCTGCAGCGCACGG">
        <child id="" num-old-names="1"/>
      </parent>
      <parent id="A1B1C1G000068" sequence="GTGCTCACACCATCCAGATAATGTATGGCTGCGACGTGGGGCCGGACGGGCGCTTCCTCCGCGGGTACCGGCAGGACGCCTACGACGGCAAGGATTACATCGCCCTGAACGAGGACCTGCGCTCTTGGACCGCGGCGGACATGGCAGCTCAGATCACCAAGCGCAAGTGGGAGGCGGCCCATGTGGCGGAGCAGCAGAGAGCCTACCTGGAGGGCACGTGCGTGGACGGGCTCCGCAGATACCTGGAGAACGGGAAGGAGACGCTGCAGCGCACGG">
        <child id="" num-old-names="1"/>
      </parent>
      <parent id="A1B2C2G000028" sequence="GTTCCCACACCATGCAGGTGATGTATGGCTGCGACGTGGGGCCCGACGGGCGCTTCCTCCGCGGGTATGAACAGCACGCCTACGACGGCAAGGATTACATCGCTCTGAACGAGGACCTGCGCTCCTGGACCGCGGCGGACATGGCAGCTCAGATCACCAAGCGCAAGTGGGAGGCGGCCCGTGTGGCGGAGCAGCTGAGAGCCTACCTGGAGGGCGAGTTCGTGGAGTGGCTCCGCAGATACCTGGAGAACGGGAAGGAGACGCTGCAGCGCGCGG">
        <child id="" num-old-names="1"/>
      </parent>
      <parent id="A1B1C1G000007" sequence="GTTCTCACACCATCCAGATAATGTATGGCTGCGACGTGGGGTCGGACGGGCGCTTCCTCCGCGGGTACCGGCAGGACGCCTACGACGGCAAGGATTACATCGCCCTGAACGAGGACCTGCGCTCTTGGACCGCGGCGGACATGGCGGCTCAGATCACCCAGCGCAAGTGGGAGGCGGCCCGTTGGGCGGAGCAGTTGAGAGCCTACCTGGAGGGCACGTGCGTGGAGTGGCTCCGCAGATACCTGGAGAACGGGAAGGAGACGCTGCAGCGCACGG">
        <child id="" num-old-names="1"/>
      </parent>
      <parent id="A1B2C1G000062" sequence="GTTCTCACACCGTCCAGAGGATGTATGGCTGCGACGTGGGGTCGGACTGGCGCTTCCTCCGCGGGTACCACCAGTACGCCTACGACGGCAAGGATTACATCGCCCTGAAAGAGGACCTGCGCTCTTGGACCGCGGCGGACATGGCAGCTCAGACCACCAAGCACAAGTGGGAGACGGCCCATGAGGCGGAGCAGCTGAGAGCCTACCTGGAGGGCACGTGCGTGGAGTGGCTCCGCAGATACCTGGAGAACGGGAAGGAGACGCTGCAGCGCACGG">
        <child id="" num-old-names="1"/>
      </parent>
      <parent id="A1B1C2G000041" sequence="GTTCTCACACCATCCAGATGATGTATGGCTGCGACGTGGGGTCGGACGGGCGCTTCCTCCGCGGGTACCGGCAGGACGCCTACGACGGCAAGGATTACATCGCCTTGAACGAGGACCTGCGCTCTTGGACCGCGGCGGACATGGCAGCTCAGACCACCAAGCACAAGTGGGAGGCGGCCCGTGTGGCGGAGCAGTTGAGAGCCTACCTGGAGGGCACGTGCGTGGAGTGGCTCCGCAGATACCTGGAGAACGGGAAGGAGACGCTGCAGCGCACGG">
        <child id="" num-old-names="1"/>
      </parent>
      <parent id="A1B2C2G000010" sequence="GTTCTCACACCATCCAGAGGATGTATGGCTGCGACGTGGGGCCGGACGGGCGCTTCCTCCGCGGGTACCAGCAGGACGCTTACGACGGCAAGGATTACATCGCCCTGAACGAGGACCTGAGCTCTTGGACCGCGGCGGACATGGCGGCTCAGATCACCCAGCGCAAGTGGGAGACGGCCCATGAGGCGGAGCAGTGGAGAGCCTACCTGGAGGGCCGGTGCGTGGAGTGGCTCCGCAGATACCTGGAGAACGGGAAGGAGACGCTGCAGCGCACGG">
        <child id="" num-old-names="1"/>
      </parent>
      <parent id="A1B1C2G000002" sequence="GTTCTCACACCGTCCAGAGGATGTATGGCTGCGACGTGGGGTCGGACTGGCGCTTCCTCCGCGGGTACCACCAGTACGCCTACGACGGCAAGGATTACATCGCCCTGAAAGAGGACCTGCGCTCTTGGACCGCGGCGGACATGGCAGCTCAGACCACCAAGCACAAGTGGGAGGCGGCCCATGTGGCGGAGCAGTTGAGAGCCTACCTGGAGGGCACGTGCGTGGAGTGGCTCCGCAGATACCTGGAGAACGGGAAGGAGACGCTGCAGCGCACGG">
        <child id="95G" num-old-names="1"/>
        <child id="153T" num-old-names="1"/>
        <child id="145T" num-old-names="1"/>
        <child id="258A" num-old-names="1"/>
        <child id="75G" num-old-names="2"/>
        <child id="147A" num-old-names="1"/>
        <child id="118G" num-old-names="1"/>
        <child id="98T" num-old-names="1"/>
        <child id="188A" num-old-names="1"/>
        <child id="196G" num-old-names="5"/>
        <child id="257A" num-old-names="1"/>
        <child id="175A" num-old-names="1"/>
        <child id="24A" num-old-names="1"/>
        <child id="11G" num-old-names="1"/>
        <child id="180T" num-old-names="1"/>
        <child id="255G" num-old-names="1"/>
        <child id="49C-50T" num-old-names="1"/>
        <child id="174A-184A" num-old-names="1"/>
        <child id="91G" num-old-names="1"/>
        <child id="170A" num-old-names="1"/>
        <child id="65C" num-old-names="1"/>
        <child id="36C" num-old-names="1"/>
        <child id="224A" num-old-names="1"/>
        <child id="218C-222A" num-old-names="1"/>
        <child id="238T" num-old-names="1"/>
        <child id="216G-217A" num-old-names="3"/>
        <child id="72T" num-old-names="1"/>
        <child id="77T" num-old-names="2"/>
        <child id="261G" num-old-names="1"/>
        <child id="134C" num-old-names="1"/>
        <child id="26C" num-old-names="1"/>
        <child id="195C-196G" num-old-names="1"/>
        <child id="32A" num-old-names="2"/>
        <child id="181G-195C" num-old-names="1"/>
        <child id="135A" num-old-names="1"/>
        <child id="271T" num-old-names="1"/>
        <child id="136A" num-old-names="1"/>
        <child id="186C" num-old-names="1"/>
        <child id="38A" num-old-names="1"/>
        <child id="217G" num-old-names="1"/>
        <child id="62T" num-old-names="1"/>
        <child id="267T" num-old-names="1"/>
        <child id="176C" num-old-names="1"/>
        <child id="137A" num-old-names="1"/>
        <child id="132C" num-old-names="1"/>
        <child id="251G" num-old-names="1"/>
        <child id="235C" num-old-names="1"/>
        <child id="142C" num-old-names="2"/>
        <child id="178T" num-old-names="1"/>
        <child id="177T" num-old-names="1"/>
        <child id="187T" num-old-names="2"/>
        <child id="262T" num-old-names="2"/>
        <child id="107T" num-old-names="1"/>
        <child id="253C" num-old-names="1"/>
        <child id="214T" num-old-names="1"/>
        <child id="105T-110C" num-old-names="1"/>
        <child id="65A-76T" num-old-names="1"/>
        <child id="99G" num-old-names="1"/>
        <child id="217A" num-old-names="2"/>
        <child id="202T" num-old-names="2"/>
        <child id="16G" num-old-names="2"/>
        <child id="62G" num-old-names="1"/>
        <child id="227C-228G" num-old-names="1"/>
        <child id="164T" num-old-names="1"/>
        <child id="196A" num-old-names="1"/>
        <child id="77G" num-old-names="1"/>
        <child id="132T" num-old-names="1"/>
        <child id="98A" num-old-names="1"/>
        <child id="146G" num-old-names="1"/>
        <child id="71G-75G" num-old-names="1"/>
        <child id="59T" num-old-names="1"/>
        <child id="44T" num-old-names="1"/>
        <child id="242G" num-old-names="1"/>
        <child id="18G" num-old-names="1"/>
        <child id="230A" num-old-names="1"/>
        <child id="146G-154T" num-old-names="1"/>
        <child id="44C" num-old-names="1"/>
        <child id="252C" num-old-names="1"/>
        <child id="219C" num-old-names="1"/>
        <child id="158T" num-old-names="1"/>
        <child id="68G" num-old-names="1"/>
        <child id="240C" num-old-names="1"/>
        <child id="246C" num-old-names="1"/>
        <child id="32G" num-old-names="1"/>
        <child id="221A" num-old-names="1"/>
        <child id="36A" num-old-names="1"/>
        <child id="71T" num-old-names="1"/>
        <child id="110C" num-old-names="3"/>
        <child id="232A" num-old-names="1"/>
        <child id="217T" num-old-names="1"/>
        <child id="7G" num-old-names="1"/>
        <child id="212T" num-old-names="1"/>
        <child id="147T" num-old-names="1"/>
        <child id="11A" num-old-names="1"/>
        <child id="184C" num-old-names="1"/>
        <child id="159C-163G" num-old-names="2"/>
        <child id="102T" num-old-names="2"/>
        <child id="139C-154T" num-old-names="1"/>
        <child id="195C" num-old-names="2"/>
        <child id="65A" num-old-names="1"/>
        <child id="187A" num-old-names="1"/>
        <child id="226T" num-old-names="1"/>
        <child id="10A" num-old-names="1"/>
        <child id="42C-48G" num-old-names="1"/>
        <child id="273G" num-old-names="1"/>
        <child id="60T" num-old-names="1"/>
        <child id="87C" num-old-names="2"/>
        <child id="141G" num-old-names="1"/>
        <child id="40A" num-old-names="1"/>
        <child id="185A" num-old-names="1"/>
        <child id="22C" num-old-names="1"/>
        <child id="222A" num-old-names="1"/>
        <child id="109C" num-old-names="1"/>
        <child id="194A" num-old-names="1"/>
        <child id="76C" num-old-names="2"/>
        <child id="5C" num-old-names="1"/>
        <child id="181G-184A" num-old-names="3"/>
        <child id="26G" num-old-names="1"/>
        <child id="252A" num-old-names="1"/>
        <child id="69T" num-old-names="1"/>
        <child id="10T" num-old-names="1"/>
        <child id="127T" num-old-names="1"/>
        <child id="68T-69A" num-old-names="1"/>
        <child id="274T" num-old-names="1"/>
        <child id="275C" num-old-names="1"/>
        <child id="210T" num-old-names="1"/>
        <child id="222C" num-old-names="1"/>
        <child id="104T" num-old-names="1"/>
        <child id="68T-69G" num-old-names="1"/>
        <child id="29A" num-old-names="1"/>
        <child id="229A" num-old-names="1"/>
        <child id="54C" num-old-names="1"/>
        <child id="" num-old-names="331"/>
        <child id="101A" num-old-names="2"/>
        <child id="139T" num-old-names="1"/>
        <child id="134A" num-old-names="2"/>
        <child id="163G" num-old-names="1"/>
        <child id="86T" num-old-names="1"/>
        <child id="53A" num-old-names="1"/>
        <child id="3C" num-old-names="1"/>
        <child id="186A" num-old-names="1"/>
        <child id="82G" num-old-names="1"/>
        <child id="72A" num-old-names="1"/>
        <child id="52A" num-old-names="1"/>
        <child id="209A" num-old-names="1"/>
        <child id="153C" num-old-names="1"/>
        <child id="167A" num-old-names="1"/>
        <child id="184A" num-old-names="2"/>
        <child id="49A" num-old-names="1"/>
        <child id="64T" num-old-names="1"/>
        <child id="76T" num-old-names="1"/>
        <child id="162T" num-old-names="1"/>
        <child id="274G" num-old-names="1"/>
        <child id="14G" num-old-names="1"/>
        <child id="139C" num-old-names="2"/>
        <child id="133T" num-old-names="1"/>
        <child id="210A" num-old-names="1"/>
        <child id="48G" num-old-names="3"/>
        <child id="225C" num-old-names="1"/>
        <child id="263A" num-old-names="1"/>
        <child id="178A" num-old-names="1"/>
        <child id="189C" num-old-names="1"/>
        <child id="28C" num-old-names="1"/>
        <child id="258A-273G" num-old-names="1"/>
        <child id="20T" num-old-names="1"/>
        <child id="87A" num-old-names="1"/>
        <child id="235A" num-old-names="1"/>
        <child id="120T" num-old-names="1"/>
        <child id="61C" num-old-names="1"/>
        <child id="199C" num-old-names="1"/>
        <child id="216C-217G" num-old-names="1"/>
        <child id="21G" num-old-names="1"/>
        <child id="200G" num-old-names="1"/>
        <child id="76T-77A" num-old-names="1"/>
        <child id="228C" num-old-names="1"/>
        <child id="7T" num-old-names="1"/>
        <child id="234T" num-old-names="1"/>
        <child id="113C" num-old-names="1"/>
        <child id="50C" num-old-names="1"/>
        <child id="108T" num-old-names="1"/>
        <child id="63A" num-old-names="1"/>
        <child id="156G" num-old-names="1"/>
        <child id="35T" num-old-names="1"/>
        <child id="2G" num-old-names="1"/>
        <child id="22G" num-old-names="1"/>
        <child id="169T" num-old-names="1"/>
        <child id="66A" num-old-names="1"/>
        <child id="176A" num-old-names="1"/>
        <child id="154T" num-old-names="2"/>
        <child id="83T" num-old-names="1"/>
        <child id="175T" num-old-names="1"/>
        <child id="74C" num-old-names="1"/>
        <child id="160G" num-old-names="1"/>
        <child id="112G" num-old-names="1"/>
        <child id="248A" num-old-names="1"/>
        <child id="140T" num-old-names="1"/>
        <child id="179G" num-old-names="1"/>
        <child id="142G" num-old-names="1"/>
        <child id="270T" num-old-names="2"/>
        <child id="74A" num-old-names="1"/>
        <child id="120A" num-old-names="1"/>
        <child id="211C" num-old-names="1"/>
        <child id="21T" num-old-names="2"/>
        <child id="216G" num-old-names="1"/>
        <child id="199A" num-old-names="1"/>
        <child id="21C" num-old-names="1"/>
        <child id="23A" num-old-names="1"/>
        <child id="270A" num-old-names="1"/>
        <child id="19T" num-old-names="1"/>
        <child id="181G" num-old-names="2"/>
        <child id="76C-146G" num-old-names="1"/>
        <child id="144A" num-old-names="1"/>
        <child id="130T" num-old-names="1"/>
        <child id="150T" num-old-names="1"/>
        <child id="154T-163G" num-old-names="1"/>
        <child id="84A" num-old-names="1"/>
        <child id="225A" num-old-names="1"/>
        <child id="101T" num-old-names="1"/>
        <child id="88C" num-old-names="1"/>
        <child id="33A" num-old-names="1"/>
        <child id="36T" num-old-names="1"/>
        <child id="116T" num-old-names="1"/>
        <child id="19A" num-old-names="1"/>
        <child id="202A-219C" num-old-names="1"/>
        <child id="125C" num-old-names="2"/>
        <child id="159C" num-old-names="1"/>
        <child id="51A" num-old-names="1"/>
        <child id="43T" num-old-names="1"/>
        <child id="163C" num-old-names="2"/>
        <child id="157T" num-old-names="1"/>
        <child id="166G" num-old-names="1"/>
        <child id="75C" num-old-names="2"/>
        <child id="195C-196A" num-old-names="3"/>
        <child id="33C" num-old-names="1"/>
        <child id="233G" num-old-names="1"/>
        <child id="171A" num-old-names="1"/>
        <child id="71A" num-old-names="1"/>
        <child id="41A" num-old-names="1"/>
        <child id="27A" num-old-names="1"/>
        <child id="119A" num-old-names="1"/>
        <child id="47T" num-old-names="1"/>
        <child id="245A" num-old-names="1"/>
        <child id="136T" num-old-names="1"/>
        <child id="275T" num-old-names="2"/>
        <child id="184A-196G" num-old-names="1"/>
        <child id="271A" num-old-names="2"/>
        <child id="158A" num-old-names="1"/>
        <child id="113A" num-old-names="1"/>
        <child id="263C" num-old-names="1"/>
        <child id="174A" num-old-names="1"/>
        <child id="78C" num-old-names="2"/>
        <child id="10G" num-old-names="1"/>
        <child id="24C" num-old-names="1"/>
        <child id="221G" num-old-names="1"/>
        <child id="44A" num-old-names="1"/>
        <child id="57T" num-old-names="1"/>
        <child id="37A-38A" num-old-names="1"/>
        <child id="272T" num-old-names="2"/>
        <child id="71G" num-old-names="2"/>
        <child id="151G" num-old-names="1"/>
        <child id="141T" num-old-names="1"/>
        <child id="61A" num-old-names="1"/>
        <child id="142C-146G" num-old-names="1"/>
        <child id="214A" num-old-names="1"/>
      </parent>
      <parent id="A1B1C1G000099" sequence="GTTCTCACACCATCCAGAGGATGTATGGCTGCGACGTGGGGCCGGACGGGCGCTTCCTCCGCGGGTACCAGCAGGACGCTTACGACGGCAAGGATTACATCGCCCTGAACGAGGACCTGCGCTCTTGGACCGCGGCGGACATGGCGGCTCAGATCACCCAGCGCAAGTGGGAGGCGGCCCGTCGGGCGGAGCAGCGGAGAGTCTACCTGGAGGGCGAGTTCGTGGAGTGGCTCCGCAGATACCTGGAGAACGGGAAGGAGACGCTGCAGCGCACGG">
        <child id="" num-old-names="1"/>
      </parent>
      <parent id="A1B1C2G000013" sequence="GTTCTCACACCGTCCAGAGGATGTATGGCTGCGACGTGGGGTCGGACGGGCGCTTCCTCCGCGGGTACCGGCAGGACGCCTACGACGGCAAGGATTACATCGCCCTGAAAGAGGACCTGCGCTCTTGGACCGCGGCGGACATGGCAGCTCAGACCACCAAGCACAAGTGGGAGGCGGCCCATGTGGCGGAGCAGTTGAGAGCCTACCTGGAGGGCACGTGCGTGGAGTGGCTCCGCAGATACCTGGAGAACGGGAAGGAGACGCTGCAGCGCACGG">
        <child id="48T" num-old-names="1"/>
        <child id="" num-old-names="1"/>
        <child id="70A" num-old-names="1"/>
      </parent>
      <parent id="A1B1C2G000018" sequence="GTTCTCACACCATCCAGAGGATGTATGGCTGCGACGTGGGGCCGGACGGGCGCTTCCTCCGCGGGTACCAGCAGGACGCTTACGACGGCAAGGATTACATCGCCCTGAACGAGGACCTGCGCTCTTGGACCGCGGCGGACATGGCGGCTCAGATCACCCAGCGCAAGTGGGAGACGGCCCATGAGGCGGAGCAGTGGAGAGCCTACCTGGAGGGCCGGTGCGTGGAGTGGCTCCGCAGATACCTGGAGAACGGGAAGGAGACGCTGCAGCGCACGG">
        <child id="49A" num-old-names="1"/>
        <child id="38C" num-old-names="1"/>
        <child id="141C" num-old-names="1"/>
        <child id="175T" num-old-names="3"/>
        <child id="52A" num-old-names="1"/>
        <child id="275T" num-old-names="2"/>
        <child id="184T" num-old-names="1"/>
        <child id="163A" num-old-names="2"/>
        <child id="146C" num-old-names="1"/>
        <child id="80C" num-old-names="1"/>
        <child id="213A" num-old-names="1"/>
        <child id="139C" num-old-names="1"/>
        <child id="3A" num-old-names="1"/>
        <child id="206A" num-old-names="1"/>
        <child id="158G" num-old-names="1"/>
        <child id="200G" num-old-names="1"/>
        <child id="223C" num-old-names="1"/>
        <child id="263T" num-old-names="1"/>
        <child id="110A" num-old-names="1"/>
        <child id="29T" num-old-names="1"/>
        <child id="73G" num-old-names="1"/>
        <child id="195C" num-old-names="1"/>
        <child id="127A" num-old-names="1"/>
        <child id="75A" num-old-names="2"/>
        <child id="58A" num-old-names="1"/>
        <child id="240C" num-old-names="1"/>
        <child id="163C" num-old-names="1"/>
        <child id="58C" num-old-names="1"/>
        <child id="87A" num-old-names="1"/>
        <child id="129G" num-old-names="1"/>
        <child id="167C" num-old-names="1"/>
        <child id="179T" num-old-names="1"/>
        <child id="83G" num-old-names="1"/>
        <child id="222A" num-old-names="1"/>
        <child id="120G" num-old-names="1"/>
        <child id="174G-184T" num-old-names="1"/>
        <child id="146A" num-old-names="1"/>
        <child id="145T" num-old-names="1"/>
        <child id="162A" num-old-names="1"/>
        <child id="273G-275A" num-old-names="1"/>
        <child id="152C" num-old-names="1"/>
        <child id="42T" num-old-names="1"/>
        <child id="67T" num-old-names="1"/>
        <child id="273G" num-old-names="2"/>
        <child id="227C-228G" num-old-names="3"/>
        <child id="112C" num-old-names="1"/>
        <child id="32T" num-old-names="1"/>
        <child id="44C" num-old-names="1"/>
        <child id="10G" num-old-names="1"/>
        <child id="12G" num-old-names="2"/>
        <child id="181G" num-old-names="1"/>
        <child id="199A" num-old-names="1"/>
        <child id="159A" num-old-names="1"/>
        <child id="246A" num-old-names="2"/>
        <child id="207T" num-old-names="1"/>
        <child id="217T" num-old-names="2"/>
        <child id="174G-181G" num-old-names="1"/>
        <child id="179G" num-old-names="1"/>
        <child id="144A" num-old-names="1"/>
        <child id="63A" num-old-names="1"/>
        <child id="176C" num-old-names="1"/>
        <child id="252T" num-old-names="1"/>
        <child id="151G" num-old-names="1"/>
        <child id="75A-179A" num-old-names="1"/>
        <child id="47T" num-old-names="1"/>
        <child id="174G" num-old-names="3"/>
        <child id="" num-old-names="122"/>
        <child id="12C" num-old-names="1"/>
        <child id="48C" num-old-names="1"/>
        <child id="19T" num-old-names="1"/>
      </parent>
      <parent id="A1B1C1G000026" sequence="GTTCTCACACCATCCAGATAATGTATGGCTGCGACGTGGGGTCGGACGGGCGCTTCCTCCGCGGGTACCGGCAGGACGCCTACGACGGCAAGGATTACATCGCCCTGAAAGAGGACCTGCGCTCTTGGACCGCGGCGGACATGGCAGCTCAGACCACCAAGCACAAGTGGGAGGCGGCCCATGTGGCGGAGCAGTTGAGAGCCTACCTGGATGGCACGTGCGTGGAGTGGCTCCGCAGATACCTGGAGAACGGGAAGGAGACGCTGCAGCGCACGG">
        <child id="" num-old-names="1"/>
      </parent>
      <parent id="A2B2C2G000002" sequence="GTTCTCACACCGTCCAGAGGATGTTTGGCTGCGACGTGGGGTCGGACGGGCGCTTCCTCCGCGGGTACCACCAGTACGCCTACGACGGCAAGGATTACATCGCCCTGAAAGAGGACCTGCGCTCTTGGACCGCGGCGGACATGGCAGCTCAGACCACCAAGCACAAGTGGGAGGCGGCCCATGTGGCGGAGCAGTTGAGAGCCTACCTGGAGGGCACGTGCGTGGAGTGGCTCCGCAGATACCTGGAGAACGGGAAGGAGACGCTGCAGCGCACGG">
        <child id="25C-48T" num-old-names="1"/>
        <child id="48T" num-old-names="2"/>
        <child id="" num-old-names="4"/>
        <child id="19T-48T" num-old-names="1"/>
        <child id="24A-48T" num-old-names="1"/>
      </parent>
      <parent id="A1B1C1G000094" sequence="GTTCTCACACCATCCAGATGATGTATGGCTGCGACGTGGGGCCGGACGGGCGCCTCCTCCGCGGGTACCAGCAGGACGCCTACGACGGCAAGGATTACATCGCCTTGAACGAGGACCTGCGCTCTTGGACCGCGGCGGACATGGCGGCTCAGATCACCCAGCGCAAGTGGGAGGCGGCCCGTGTGGCGGAGCAGTTGAGAGCCTACCTGGAGGGCGAGTTCGTGGAGTGGCTCCGCAGATACCTGGAGAACGGGAAGGAGACGCTGCAGCGCACGG">
        <child id="" num-old-names="1"/>
      </parent>
      <parent id="A1B1C1G000060" sequence="GTTCTCACACCGTCCAGAGGATGTATGGCTGCGACGTGGGGTCGGACTGGCGCTTCCTCCGCGGGTACCACCAGTACGCCTACGACGGCAAGGATTACATCGCCCTGAAAGAGGACCTGCGCTCTTGGACCGCGGCGGACATGGCAGCTCAGACCACCAAGCGCAAGTGGGAGGCGGCCCATGAGGCGGAGCAGTGGAGAGCCTACCTGGAGGGCACGTGCGTGGAGTGGCTCCGCAGATACCTGGAGAACGGGAAGGAGACGCTGCAGCGCACGG">
        <child id="" num-old-names="1"/>
      </parent>
      <parent id="A1B1C1G000014" sequence="GTTCTCACACCCTCCAGAGGATGTATGGCTGCGACGTGGGGCCGGACGGGCGCTTCCTCCGCGGGTACCGGCAGGACGCCTACGACGGCAAGGATTACATCGCCCTGAACGAGGACCTGCGCTCTTGGACCGCGGCGGACATGGCAGCTCAGATCACCAAGCGCAAGTGGGAGGCGGTCCATGCGGCGGAGCAGCGGAGAGTCTACCTGGAGGGCCGGTGCGTGGACGGGCTCCGCAGATACCTGGAGAACGGGAAGGAGACGCTGCAGCGCACGG">
        <child id="" num-old-names="1"/>
      </parent>
      <parent id="A1B1C1G000009" sequence="GTTCTCACACCATCCAGATGATGTATGGCTGCGACGTGGGGCCGGACGGGCGCTTCCTCCGCGGGTACCGGCAGGACGCCTACGACGGCAAGGATTACATCGCCTTGAACGAGGACCTGCGCTCTTGGACCGCGGCGGACATGGCGGCTCAGATCACCCAGCGCAAGTGGGAGGCGGCCCGTGTGGCGGAGCAGTTGAGAGCCTACCTGGAGGGCACGTGCGTGGAGTGGCTCCGCAGATACCTGGAGAACGGGAAGGAGACGCTGCAGCGCACGG">
        <child id="" num-old-names="2"/>
      </parent>
      <parent id="A2B2C2G000057" sequence="GGTCTCACACCCTGCAGTGGATGCATGGCTGCGAGCTGGGGCCCGACGGGCGCTTCCTCCGCGGGTATGAACAGTTCGCCTACGACGGCAAGGATTATCTCACCCTGAATGAGGACCTGCGCTCCTGGACCGCGGTGGACACGGCGGCTCAGATCTCCGAGCAAAAGTCAAATGATGCTTCTGAGGCGGAGCACCAGAGAGCCTACCTGGAAGACACATGCGTGGAGTGGCTCCACAAATACCTGGAGAAGGGGAAGGAGACGCTGCTTCACCTGG">
        <child id="" num-old-names="1"/>
      </parent>
      <parent id="A1B1C1G000081" sequence="GTTCTCACACCGTCCAGAGGATGTATGGCTGCGACGTGGGGTCGGACTGGCGCTTCCTCCGCGGGTACCAGCAGGACGCTTACGACGGCAAGGATTACATCGCCCTGAAAGAGGACCTGCGCTCTTGGACCGCGGCGGACATGGCAGCTCAGACCACCAAGCACAAGTGGGAGGCGGCCCATGTGGCGGAGCAGTTGAGAGCCTACCTGGAGGGCACGTGCGTGGAGTGGCTCCGCAGATACCTGGAGAACGGGAAGGAGACGCTGCAGCGCACGG">
        <child id="" num-old-names="1"/>
      </parent>
      <parent id="A1B2C2G000004" sequence="GTTCTCACACCATCCAGATAATGTATGGCTGCGACGTGGGGCCGGACGGGCGCTTCCTCCGCGGGTACCGGCAGGACGCCTACGACGGCAAGGATTACATCGCCCTGAACGAGGACCTGCGCTCTTGGACCGCGGCGGACATGGCAGCTCAGATCACCAAGCGCAAGTGGGAGGCGGCCCATGCGGCGGAGCAGCAGAGAGCCTACCTGGAGGGCCGGTGCGTGGAGTGGCTCCGCAGATACCTGGAGAACGGGAAGGAGACGCTGCAGCGCACGG">
        <child id="181C" num-old-names="1"/>
        <child id="213A" num-old-names="1"/>
        <child id="216A-217C" num-old-names="1"/>
        <child id="181G-184A" num-old-names="2"/>
        <child id="84T" num-old-names="1"/>
        <child id="134A" num-old-names="1"/>
        <child id="218C" num-old-names="1"/>
        <child id="276C" num-old-names="1"/>
        <child id="49A" num-old-names="1"/>
        <child id="47T" num-old-names="1"/>
        <child id="275C" num-old-names="1"/>
        <child id="136T" num-old-names="1"/>
        <child id="82G" num-old-names="1"/>
        <child id="5G" num-old-names="1"/>
        <child id="181G-184T" num-old-names="1"/>
        <child id="69G" num-old-names="1"/>
        <child id="242A" num-old-names="1"/>
        <child id="195G" num-old-names="1"/>
        <child id="87A" num-old-names="1"/>
        <child id="20G" num-old-names="1"/>
        <child id="274G" num-old-names="1"/>
        <child id="160G" num-old-names="1"/>
        <child id="70C" num-old-names="1"/>
        <child id="108C" num-old-names="1"/>
        <child id="167A" num-old-names="1"/>
        <child id="2G" num-old-names="1"/>
        <child id="234T" num-old-names="1"/>
        <child id="122T" num-old-names="1"/>
        <child id="159G" num-old-names="1"/>
        <child id="187G" num-old-names="1"/>
        <child id="142G-234T" num-old-names="1"/>
        <child id="50A" num-old-names="1"/>
        <child id="221T" num-old-names="1"/>
        <child id="222C" num-old-names="1"/>
        <child id="110A" num-old-names="1"/>
        <child id="199C" num-old-names="1"/>
        <child id="168A" num-old-names="1"/>
        <child id="83T" num-old-names="1"/>
        <child id="49C" num-old-names="1"/>
        <child id="252A" num-old-names="1"/>
        <child id="131T" num-old-names="1"/>
        <child id="141G" num-old-names="2"/>
        <child id="184A" num-old-names="1"/>
        <child id="60T" num-old-names="1"/>
        <child id="273G" num-old-names="2"/>
        <child id="216A" num-old-names="1"/>
        <child id="63T" num-old-names="1"/>
        <child id="154C" num-old-names="2"/>
        <child id="44C" num-old-names="1"/>
        <child id="8T" num-old-names="1"/>
        <child id="252C" num-old-names="1"/>
        <child id="172G" num-old-names="1"/>
        <child id="273C" num-old-names="1"/>
        <child id="83G" num-old-names="1"/>
        <child id="222A" num-old-names="1"/>
        <child id="87C" num-old-names="1"/>
        <child id="178G" num-old-names="1"/>
        <child id="273G-275A" num-old-names="1"/>
        <child id="69T" num-old-names="1"/>
        <child id="56A" num-old-names="1"/>
        <child id="185A" num-old-names="1"/>
        <child id="5C" num-old-names="1"/>
        <child id="10T" num-old-names="1"/>
        <child id="25C" num-old-names="1"/>
        <child id="127C" num-old-names="1"/>
        <child id="221G" num-old-names="1"/>
        <child id="96A" num-old-names="1"/>
        <child id="60G" num-old-names="1"/>
        <child id="262T" num-old-names="1"/>
        <child id="187T" num-old-names="1"/>
        <child id="175A" num-old-names="1"/>
        <child id="271A" num-old-names="1"/>
        <child id="84C" num-old-names="1"/>
        <child id="188A" num-old-names="1"/>
        <child id="131G" num-old-names="1"/>
        <child id="14T" num-old-names="1"/>
        <child id="110A-146G" num-old-names="1"/>
        <child id="48A" num-old-names="1"/>
        <child id="216G-217A" num-old-names="1"/>
        <child id="92A" num-old-names="1"/>
        <child id="52T" num-old-names="1"/>
        <child id="137A" num-old-names="1"/>
        <child id="25G" num-old-names="1"/>
        <child id="142C" num-old-names="1"/>
        <child id="178T" num-old-names="1"/>
        <child id="170A" num-old-names="1"/>
        <child id="235C" num-old-names="1"/>
        <child id="146G" num-old-names="1"/>
        <child id="145T" num-old-names="1"/>
        <child id="132C" num-old-names="1"/>
        <child id="202T" num-old-names="1"/>
        <child id="42T" num-old-names="1"/>
        <child id="203T" num-old-names="1"/>
        <child id="251T" num-old-names="1"/>
        <child id="16G" num-old-names="2"/>
        <child id="137T" num-old-names="1"/>
        <child id="132C-133T" num-old-names="1"/>
        <child id="244A" num-old-names="1"/>
        <child id="125C" num-old-names="1"/>
        <child id="167T" num-old-names="1"/>
        <child id="85C" num-old-names="1"/>
        <child id="159C" num-old-names="1"/>
        <child id="222T" num-old-names="1"/>
        <child id="35T" num-old-names="1"/>
        <child id="146G-159C" num-old-names="1"/>
        <child id="51T" num-old-names="1"/>
        <child id="227T-228A" num-old-names="1"/>
        <child id="240G" num-old-names="1"/>
        <child id="270T" num-old-names="1"/>
        <child id="174T" num-old-names="1"/>
        <child id="70A" num-old-names="2"/>
        <child id="105T-146G" num-old-names="1"/>
        <child id="154C-163A" num-old-names="1"/>
        <child id="19C" num-old-names="1"/>
        <child id="117G" num-old-names="1"/>
        <child id="20G-42T" num-old-names="1"/>
        <child id="28A" num-old-names="1"/>
        <child id="53A" num-old-names="1"/>
        <child id="181G" num-old-names="1"/>
        <child id="" num-old-names="172"/>
        <child id="210C" num-old-names="1"/>
        <child id="207T" num-old-names="1"/>
        <child id="162A" num-old-names="1"/>
        <child id="227A" num-old-names="1"/>
        <child id="111C" num-old-names="1"/>
        <child id="227C" num-old-names="1"/>
        <child id="233T" num-old-names="1"/>
      </parent>
      <parent id="A1B2C2G000015" sequence="GTCCTCACACCATCCAGATAATGTATGGCTGCGACGTGGGGTCGGACGGGCGCTTCCTCCGCGGGTACCGGCAGGACGCCTACGACGGCAAGGATTACATCGCCCTGAACGAGGACCTGCGCTCTTGGACCGCGGCGGACATGGCGGCTCAGATCACCAAGCGCAAGTGGGAGGCGGCCCATGTGGCGGAGCAGCAGAGAGCCTACCTGGATGGCACGTGCGTGGAGTGGCTCCGCAGATACCTGGAGAACGGGAAGGAGACGCTGCAGCGCACGG">
        <child id="" num-old-names="1"/>
      </parent>
      <parent id="A1B1C1G000043" sequence="GTTCTCACACCCTCCAGAGGATGTATGGCTGCGACGTGGGGTCGGACTGGCGCTTCCTGCGCGGGTACCACCAGTACGCCTACGACGGCAAGGATTACATCGCCCTGAAAGAGGACCTGCGCTCTTGGACCGCGGCGGACATGGCAGCTCAGACCACCAAGCACAAGTGGGAGGCGGCCCATGTGGCGGAGCAGTGGAGAGCCTACCTGGAGGGCCTGTGCGTGGAGTGGCTCCGCAGATACCTGGAGAACGGGAAGGAGACGCTGCAGCGCACGG">
        <child id="" num-old-names="1"/>
      </parent>
      <parent id="A1B1C1G000093" sequence="GTTCTCACACCGTCCAGAGGATGTATGGCTGCGACGTGGGGTCGGACTGGCGCTTCCTCCGCGGGTACCACCAGTACGCCTACGACGGCAAGGATTACATCGCCCTGAAAGAGGACCTGCGCTCTTGGACCGCGGCGGACATGGCAGCTCAGACCACCAAGCACAAGTGGGAGACGGCCCATGAGGCGGAGCAGTGGAGAGCCTACCTGGAGGGCCGGTGCGTGGAGTGGCTCCGCAGATACCTGGAGAACGGGAAGGAGACGCTGCAGCGCACGG">
        <child id="" num-old-names="1"/>
      </parent>
      <parent id="A1B1C1G000053" sequence="GTTCTCACACCATCCAGAGGATGTATGGCTGCGACGTGGGGCCGGACGGGCGCTTCCTCCGCGGGTACCAGCAGGACGCTTACGACGGCAAGGATTACATCGCCCTGAACGAGGACCTGCGCTCTTGGACCGCGGCGGACATGGCGGCTCAGATCACCCAGCGCAAGTGGGAGACGGCCCATGTGGCGGAGCAGCAGAGAGCCTACCTGGAGGGCCGGTGCGTGGAGTGGCTCCGCAGATACCTGGAGAACGGGAAGGAGACGCTGCAGCGCACGG">
        <child id="" num-old-names="1"/>
      </parent>
      <parent id="A1B1C1G000079" sequence="GTTCTCACACCGTCCAGAGGATGTATGGCTGCGACGTGGGGTCGGACTGGCGCTTCCTCCGCGGGTACCACCAGTACGCCTACGACGGCAAGGATTACATCGCCCTGAAAGAGGACCTGCGCTCTTGGACCGCGGCGGACATGGCAGCTCAGACCACCAAGCACAAGTGGGAGGCGGCCCATGTGGCGGAGCAGCAGAGAGCCTACCTGGAGGGCCGGTGCGTGGAGTGGCTCCGCAGATACCTGGAGAACGGGAAGGAGACGCTGCAGCGCACGG">
        <child id="" num-old-names="1"/>
      </parent>
      <parent id="A1B1C1G000118" sequence="GTTCTCACACCATCCAGATGATGTATGGCTGCCACGTGGGGTCGGACGGGCGCTTCCTCCGCGGGTACCGGCAGGACGCCTACGACGGCAAGGATTACATCGCCTTGAACGAGGACCTGCGCTCTTGGACCGCGGCGGACATGGCGGCTCAGATCACCCAGCGCAAGTGGGAGGCGGCCCGTGTGGCGGAGCAGCGGAGAGCCTACCTGGAGGGCACGTGCGTGGAGTGGCTCCGCAGATACCTGGAGAACGGGAAGGAGACGCTGCAGCGCACGG">
        <child id="" num-old-names="1"/>
      </parent>
      <parent id="A1B1C1G000088" sequence="GTTCTCACACCGTCCAGAGGATGTGTGGCTGCGACGTGGGGTCGGACTGGCGCTTCCTCCGCGGGTACCACCAGTACGCCTACGACGGCAAGGATTACATCGCCCTGAAAGAGGACCTGCGCTCTTGGACCGCGGCGGACATGGCAGCTCAGACCACCAAGCACAAGTGGGAGGCGGCCCATGTGGCGGAGCAGTTGAGAGCCTACCTGGAGGGCACGTGCGTGGACGGGCTCCGCAGATACCTGGAGAACGGGAAGGAGACGCTGCAGCGCACGG">
        <child id="" num-old-names="1"/>
      </parent>
      <parent id="A1B1C2G000014" sequence="GTTCTCACACCGTCCAGAGGATGTGTGGCTGCGACGTGGGGCCGGACGGGCGCTTCCTCCGCGGGTACCGGCAGGACGCCTACGACGGCAAGGATTACATCGCCCTGAACGAGGACCTGCGCTCTTGGACCGCGGCGGACATGGCAGCTCAGATCACCAAGCGCAAGTGGGAGGCGGTCCATGCGGCGGAGCAGCGGAGAGTCTACCTGGAGGGCCGGTGCGTGGACGGGCTCCGCAGATACCTGGAGAACGGGAAGGAGACGCTGCAGCGCACGG">
        <child id="" num-old-names="1"/>
      </parent>
      <parent id="A2B1C2G000009" sequence="GTTCTCACACCATCCAGATGATGTATGGCTGCGACGTGGGGTCGGACGGGTGCTTCCTCCGCGGGTACCAGCAGGACGCCTACGACGGCAAGGATTACATCGCCTTGAACGAGGACCTGCGCTCTTGGACCGCGGCGGACATGGCGGCTCAGATCACCCAGCGCAAGTGGGAGGCGGCCCGTGTGGCGGAGCAGTTGAGAGCCTACCTGGAGGGCACGTGCGTGGAGTGGCTCCGCAGATACCTGGAGAACGGGAAGGAGACGCTGCAGCGCACGG">
        <child id="" num-old-names="1"/>
        <child id="51A" num-old-names="2"/>
      </parent>
      <parent id="A1B2C1G000027" sequence="GTTCTCACACCCTCCAGTGGATGATTGGCTGCGACCTGGTGTCCGACGGACGCCTCATCCGCGGGTATGAACAGTATGCCTACGATGGCAAGGATTACCTCGCCCTGAACGAGGACCTGCGCTCCTGGACCGCAGCGGACACTGCGGCTCAGATCTCCAAGCGCAAGTGTGAGGCGGCCAATGTGGCTGAACAAAGGAGAGCCTACCTGGAGGGCACGTGCGTGGAGTGGCTCCACAGATACCTGGAGAACGGGAAGGAGATGCTGCAGCGCGCGG">
        <child id="" num-old-names="1"/>
      </parent>
      <parent id="A2B2C2G000009" sequence="GTTCTCACACCATCCAGATGATGTATGGCTGCGACGTGGGGTCGGACGGGCGCTTCCTCCGCGGGTACCGGCAGGACGCCTACGACGGCAAGGATTACATCGCCTTGAACGAGGACCTGCGCTCTTGGACCGCGGCGGACATGGCGGCTCAGATCACCCAGCGCAAGTGGGAGGCGGCCCGTGTGGCGGAGCAGTTGAGAGCCTACCTGGAGGGCACGTGCGTGGAGTGGCTCCGCAGATACCTGGAGAACGGGAAGGAGACGCTGCAGCGCACGG">
        <child id="146A" num-old-names="1"/>
        <child id="183A" num-old-names="1"/>
        <child id="180T" num-old-names="1"/>
        <child id="258A" num-old-names="1"/>
        <child id="273G" num-old-names="1"/>
        <child id="159A" num-old-names="1"/>
        <child id="40A" num-old-names="1"/>
        <child id="87C" num-old-names="1"/>
        <child id="216G" num-old-names="1"/>
        <child id="181A" num-old-names="1"/>
        <child id="166G" num-old-names="1"/>
        <child id="19G" num-old-names="1"/>
        <child id="195C-196A" num-old-names="1"/>
        <child id="252T" num-old-names="1"/>
        <child id="200G" num-old-names="1"/>
        <child id="39T" num-old-names="1"/>
        <child id="218C" num-old-names="1"/>
        <child id="" num-old-names="43"/>
        <child id="175T" num-old-names="1"/>
        <child id="190G" num-old-names="1"/>
        <child id="180G" num-old-names="1"/>
        <child id="12G-19G" num-old-names="1"/>
        <child id="29T" num-old-names="1"/>
        <child id="125G-258A" num-old-names="1"/>
        <child id="120A" num-old-names="1"/>
        <child id="121A" num-old-names="1"/>
        <child id="125C" num-old-names="1"/>
        <child id="26C" num-old-names="1"/>
        <child id="271T" num-old-names="1"/>
        <child id="159A-163A" num-old-names="1"/>
        <child id="87A" num-old-names="1"/>
        <child id="102A" num-old-names="1"/>
        <child id="151C" num-old-names="1"/>
        <child id="104T" num-old-names="1"/>
      </parent>
      <parent id="A1B2C1G000046" sequence="GTTCTCACACCCTCCAGATGATGTTTGGCTGCGACGTGGGGTCGGACGGGCGCTTCCTCCGCGGGTACCACCAGTACGCCTACGACGGCAAGGATTACATCGCCCTGAAAGAGGACCTGCGCTCTTGGACCGCGGCGGACATGGCGGCTCAGATCACCAAGCGCAAGTGGGAGGCGGCCCATGTGGCGGAGCAGCAGAGAGCCTACCTGGATGGCACGTGCGTGGAGTGGCTCCGCAGATACCTGGAGAACGGGAAGGAGACGCTGCAGCGCACGG">
        <child id="" num-old-names="1"/>
      </parent>
      <parent id="A1B2C2G000007" sequence="GTTCTCACACCATCCAGATGATGTATGGCTGCGACGTGGGGTCGGACGGGCGCTTCCTCCGCGGGTACCGGCAGGACGCCTACGACGGCAAGGATTACATCGCCCTGAACGAGGACCTGCGCTCTTGGACCGCGGCGGACATGGCGGCTCAGATCACCCAGCGCAAGTGGGAGGCGGCCCGTGTGGCGGAGCAGTTGAGAGCCTACCTGGAGGGCACGTGCGTGGAGTGGCTCCGCAGATACCTGGAGAACGGGAAGGAGACGCTGCAGCGCACGG">
        <child id="" num-old-names="2"/>
      </parent>
      <parent id="A1B1C1G000002" sequence="GTTCTCACACCGTCCAGAGGATGTATGGCTGCGACGTGGGGACGGACTGGCGCTTCCTCCGCGGGTACCACCAGTACGCCTACGACGGCAAGGATTACATCGCCCTGAAAGAGGACCTGCGCTCTTGGACCGCGGCGGACATGGCAGCTCAGACCACCAAGCACAAGTGGGAGGCGGCCCATGTGGCGGAGCAGTTGAGAGCCTACCTGGAGGGCACGTGCGTGGAGTGGCTCCGCAGATACCTGGAGAACGGGAAGGAGACGCTGCAGCGCACGG">
        <child id="" num-old-names="1"/>
      </parent>
      <parent id="A1B1C2G000034" sequence="GTTCTCACACCATCCAGATAATGTATGGCTGCGACGTGGGGTCGGACGGGCGCTTCCTCCGCGGGTACCGGCAGGACGCTTACGACGGCAAGGATTACATCGCCCTGAACGAGGACCTGCGCTCTTGGACCGCGGCGGACATGGCGGCTCAGATCACCCAGCGCAAGTGGGAGACGGCCCATGAGGCGGAGCAGTTGAGAGCCTACCTGGAGGGCACGTGCGTGGAGTGGCTCCGCAGATACCTGGAGAACGGGAAGGAGACGCTGCAGCGCACGG">
        <child id="107A" num-old-names="1"/>
        <child id="174G" num-old-names="1"/>
        <child id="" num-old-names="7"/>
      </parent>
      <parent id="A1B1C1G000022" sequence="GTTCTCACACCATCCAGATAATGTATGGCTGCGACGTGGGGCCGGACGGGCGCTTCCTCCGCGGGTACCGGCAGGACGCCTACGACGGCAAGGATTACATCGCCCTGAACGAGGACCTGCGCTCTTGGACCGCGGCGGACATGGCAGCTCAGATCACCAAGCGCAAGTGGGAGGCGGTCCATGCGGCGGAGCAGCGGAGAGCCTACCTGGATGGCACGTGCGTGGAGTGGCTCCGCAGATACCTGGAGAACGGGAAGGAGACGCTGCAGCGCACGG">
        <child id="" num-old-names="1"/>
      </parent>
      <parent id="A1B1C1G000110" sequence="GTTCTCACACCATCCAGATAATGTATGGCTGCGACGTGGGGCCGGACGGGCGCTTCCTCCGCGGGTACCGGCAGGACGCCTACGACGGCAAGGATTACATCGCCCTGAACGAGGACCTGCGCTCTTGGACCGCGGCGGACATGGCAGCTCAGATCACCAAGCGCAAGTGGGAGGCGGCCCGTCGGGCGGAGCAGCAGAGAGCCTACCTGGAGGGCCGGTGCGTGGAGTGGCTCCGCAGATACCTGGAGAACGGGAAGGAGACGCTGCAGCGCACGG">
        <child id="" num-old-names="1"/>
      </parent>
      <parent id="A2B2C2G000008" sequence="GTTCTCACACCCTCCAGATGATGTTTGGCTGCGACGTGGGGTCGGACGGGCGCTTCCTCCGCGGGTACCACCAGTACGCCTACGACGGCAAGGATTACATCGCCCTGAAAGAGGACCTGCGCTCTTGGACCGCGGCGGACATGGCGGCTCAGATCACCAAGCGCAAGTGGGAGGCGGCCCGTGAGGCGGAGCAGCAGAGAGCCTACCTGGAGGGCACGTGCGTGGACGGGCTCCGCAGATACCTGGAGAACGGGAAGGAGACGCTGCAGCGCACGG">
        <child id="184C" num-old-names="1"/>
        <child id="181A-184C-196G" num-old-names="1"/>
        <child id="181A" num-old-names="1"/>
        <child id="" num-old-names="1"/>
        <child id="178T-181A-184C" num-old-names="1"/>
        <child id="181A-184C" num-old-names="1"/>
      </parent>
      <parent id="A1B1C2G000048" sequence="GTTCTCACACCATCCAGATGATGTATGGCTGCGACGTGGGGTCGGACGGGCGCTTCCTCCGCGGGTACCGGCAGGACGCCTACGACGGCAAGGATTACATCGCCCTGAAAGAGGACCTGCGCTCTTGGACCGCGGCGGACATGGCGGCTCAGATCACCAAGCGCAAGTGGGAGGCGGCCCATGTGGCGGAGCAGTGGAGAGCCTACCTGGAGGGCACGTGCGTGGAGTGGCTCCGCAGATACCTGGAGAACGGGAAGGAGACGCTGCAGCGCACGG">
        <child id="" num-old-names="1"/>
      </parent>
      <parent id="A1B1C1G000032" sequence="GTTCTCACACCATCCAGATAATGTATGGCTGCGACGTGGGGCCGGACGGGCGCTTCCTCCGCGGGTACCACCAGTACGCCTACGACGGCAAGGATTACATCGCCCTGAAAGAGGACCTGCGCTCTTGGACCGCGGCGGACATGGCAGCTCAGACCACCAAGCACAAGTGGGAGGCGGCCCATGTGGCGGAGCAGTTGAGAGCCTACCTGGAGGGCACGTGCGTGGAGTGGCTCCGCAGATACCTGGAGAACGGGAAGGAGACGCTGCAGCGCACGG">
        <child id="" num-old-names="1"/>
      </parent>
      <parent id="A2B1C2G000019" sequence="GTTCTCACACCCTCCAGATGATGTTTGGCTGCGACGTGGGGTCGGACGGGCGCTTCCTCCGCGGGTACCACCAGTACGCCTACGACGGCAAGGATTACATCGCCCTGAAAGAGGACCTGCGCTCTTGGACCGCGGCGGACATGGCGGCTCAGATCACCAAGCGCAAGTGGGAGGCGGCCCATGTGGCGGAGCAGTGGAGAGTCTACCTGGAGGGCACGTGCGTGGAGTGGCTCCGCAGATACCTGGAGAACGGGAAGGAGACGCTGCAGCGCACGG">
        <child id="" num-old-names="1"/>
        <child id="195C" num-old-names="1"/>
      </parent>
      <parent id="A2B1C1G000062" sequence="GTTCTCACACCGTCCAGAGGATGTATGGCTGCGACGTGGGGTCGGACTGGCGCTTCCTCCGCGGGTACCACCAGTACGCCTACGACGGCAAGGATTACATCGCCCTGAAAGAGGACCTGCGCTCTTGGACCGCGGCGGACATGGCAGCTCAGACCACCAAGCACAAGTGGGAGACGGCCCATGAGGCGGAGCAGCAGAGAGCCTACCTGGAGGGCCGGTGCGTGGAGTGGCTCCGCAGATACCTGGAGAACGGGAAGGAGACGCTGCAGCGCACGG">
        <child id="" num-old-names="1"/>
      </parent>
      <parent id="A1B1C1G000047" sequence="GTTCTCACACCCTCCAGATGATGTTTGGCTGCGACGTGGGGTCGGACGGGCGCTTCCTCCGCGGGTACCACCAGTACGCCTACGACGGCAAGGATTACATCGCCCTGAAAGAGGACCTGCGCTCTTGGACCGCGGCGGACATGGCGGCTCAGATCACCAAGCGCAAGTGGGAGGCGGCCCGTGTGGCGGAGCAGCTGAGAGCCTACCTGGAGGGCGAGTGCGTGGAGTGGCTCCGCAGATACCTGGAGAACGGGAAGGAGACGCTGCAGCGCACGG">
        <child id="" num-old-names="1"/>
      </parent>
      <parent id="A1B1C2G000000" sequence="GTTCTCACACCATCCAGATGATGTATGGCTGCGACGTGGGGTCGGACGGGCGCTTCCTCCGCGGGTACCGGCAGGACGCCTACGACGGCAAGGATTACATCGCCTTGAACGAGGACCTGCGCTCTTGGACCGCGGCGGACATGGCGGCTCAGATCACCCAGCGCAAGTGGGAGGCGGCCCGTGTGGCGGAGCAGTTGAGAGCCTACCTGGAGGGCACGTGCGTGGACGGGCTCCGCAGATACCTGGAGAACGGGAAGGAGACGCTGCAGCGCACGG">
        <child id="" num-old-names="1"/>
      </parent>
      <parent id="A2B1C2G000002" sequence="GTTCTCACACCCTCCAGAGGATGTATGGCTGCGACGTGGGGTCGGACTGGCGCTTCCTGCGCGGGTACCACCAGTACGCCTACGACGGCAAGGATTACATCGCCCTGAAAGAGGACCTGCGCTCTTGGACCGCGGCGGACATGGCAGCTCAGACCACCAAGCACAAGTGGGAGGCGGCCCATGTGGCGGAGCAGTTGAGAGCCTACCTGGAGGGCACGTGCGTGGAGTGGCTCCGCAGATACCTGGAGAACGGGAAGGAGACGCTGCAGCGCACGG">
        <child id="59C" num-old-names="1"/>
        <child id="12T-59C" num-old-names="1"/>
        <child id="" num-old-names="1"/>
        <child id="12A-42C-48G-59C" num-old-names="1"/>
        <child id="19T-59C" num-old-names="1"/>
        <child id="12A-19T-59C" num-old-names="1"/>
        <child id="12A-59C" num-old-names="1"/>
      </parent>
      <parent id="A1B1C1G000073" sequence="GTTCTCACACCATCCAGATGATGTATGGCTGCGACGTGGGGTCGGACGGGCGCTTCCTCCGCGGGTACCAGCAGGACGCCTACGACGGCAAGGATTACATCGCCTTGAACGAGGACCTGCGCTCTTGGACCGCGGCGGACATGGCGGCTCAGATCACCCAGCGCAAGTGGGAGGCGGCCCGTGTGGCGGAGCAGTTGAGAGCCTACCTGGAGGGCCGGTGCGTGGAGTGGCTCCGCAGATACCTGGAGAACGGGAAGGAGACGCTGCAGCGCACGG">
        <child id="" num-old-names="1"/>
      </parent>
      <parent id="A1B2C2G000058" sequence="GTTCTCACACCCTCCAGATGATGTTTGGCTGCGACGTGGGGTCGGACGGGCGCTTCCTCCGCGGGTACCACCAGTACGCCTACGACGGCAAGGATTACATCGCCCTGAAAGAGGACCTGCGCTCTTGGACTGCGGCGGACATGGCGGCTCAGATCACCAAGCGCAAGTGGGAGGCGGCCCATGTGGCGGAGCAGCAGAGAGCCTACCTGGAGGGCACGTGCGTGGAGTGGCTCCGCAGATACCTGGAGAACGGGAAGGAGACGCTGCAGCGCACGG">
        <child id="" num-old-names="1"/>
      </parent>
      <parent id="A1B2C2G000053" sequence="GTTCTCACACCATCCAGAGGATGTATGGCTGCGACGTGGGGCCGGACGGGCGCTTCCTCCGCGGGTACCAGCAGGACGCTTACGACGGCAAGGATTACATCGCCCTGAACGAGGACCTGCGCTCTTGGACCGCGGCGGACATGGCGGCTCAGATCACCCAGCGCAAGTGGGAGGCGGCCCATGAGGCGGAGCAGCAGAGAGCCTACCTGGAGGGCAGGTGCGTGGAGTGGCTCCGCAGATACCTGGAGAACGGGAAGGAGACGCTGCAGCGCACGG">
        <child id="" num-old-names="1"/>
      </parent>
      <parent id="A1B2C1G000024" sequence="GTTCTCACACCATCCAGATAATGTATGGCTGCGACGTGGGGCCGGACGGGCGCTTCCTCCGCGGGTACCGGCAGGACGCCTACGACGGCAAGGATTACATCGCCCTGAACGAGGACCTGCGCTCTTGGACCGCGGCGGACATGGCAGCTCAGATCACCAAGCGCAAGTGGGAGGCGGCCCATGAGGCGGAGCAGTTGAGAGCCTACCTGGAGGGCCGGTGCGTGGAGTGGCTCCGCAGATACCTGGAGAACGGGAAGGAGACGCTGCAGCGCACGG">
        <child id="" num-old-names="1"/>
      </parent>
      <parent id="A2B2C2G000017" sequence="GTTCTCACACCCTCCAGATGATGTTTGGCTGCGACGTGGGGTCGGACGGGCCCTTCCTCCGCGGGTACCACCAGTACGCCTACGACGGCAAGGATTACATCGCCCTGAAAGAGGACCTGCGCTCTTGGACCGCGGCGGACATGGCGGCTCAGATCACCCAGCGCAAGTGGGAGGCGGCCCGTGTGGCGGAGCAGTTGAGAGCCTACCTGGAGGGCACGTGCGTGGACGGGCTCCGCAGATACCTGGAGAACGGGAAGGAGACGCTGCAGCGCACGG">
        <child id="" num-old-names="1"/>
      </parent>
      <parent id="A1B1C1G000012" sequence="GTTCTCACACCCTCCAGATGATGTTTGGCTGCGACGTGGGGTCGGACGGGCGCTTCCTCCGCGGGTACCAGCAGGACGCCTACGACGGCAAGGATTACATCGCCTTGAACGAGGACCTGCGCTCTTGGACCGCGGCGGACATGGCGGCTCAGATCACCCAGCGCAAGTGGGAGGCGGCCCGTGTGGCGGAGCAGTTGAGAGCCTACCTGGAGGGCACGTGCGTGGAGTGGCTCCGCAGATACCTGGAGAACGGGAAGGAGACGCTGCAGCGCACGG">
        <child id="" num-old-names="1"/>
      </parent>
      <parent id="A1B1C1G000033" sequence="GTTCTCACACCATCCAGATAATGTATGGCTGCGACGTGGGGTCGGACGGGCGCTTCCTCCGCGGGTACCGGCAGGACGCCTACGACGGCAAGGATTACATCGCCCTGAACGAGGACCTGCGCTCTTGGACCGCGGCGGACATGGCGGCTCAGATCACCAAGCGCAAGTGGGAGGCGGCCCGTCGGGCGGAGCAGCTGAGAGCCTACCTGGAGGGCGAGTGCGTGGACGGGCTCCGCAGATACCTGGAGAACGGGAAGGAGACGCTGCAGCGCACGG">
        <child id="" num-old-names="3"/>
      </parent>
      <parent id="A1B1C2G000020" sequence="GTTCTCACACCCTCCAGATGATGTTTGGCTGCGACGTGGGGTCGGACGGGCGCTTCCTCCGCGGGTATGACCAGTCCGCCTACGACGGCAAGGATTACATCGCCCTGAAAGAGGACCTGCGCTCTTGGACCGCGGCGGACATGGCGGCTCAGATCACCAAGCGCAAGTGGGAGGCGGCCCATGTGGCGGAGCAGCAGAGAGCCTACCTGGAGGGCACGTGCGTGGACGGGCTCCGCAGATACCTGGAGAACGGGAAGGAGACGCTGCAGCGCACGG">
        <child id="" num-old-names="1"/>
      </parent>
      <parent id="A2B2C2G000003" sequence="GTTCTCACACCATCCAGAGGATGTATGGCTGCGACGTGGGGCCGGACGGGCGCTTCCTCCGCGGGTACCACCAGTACGCCTACGACGGCAAGGATTACATCGCCCTGAAAGAGGACCTGCGCTCTTGGACCGCGGCGGACATGGCAGCTCAGACCACCAAGCACAAGTGGGAGGCGGCCCATGTGGCGGAGCAGTGGAGAGCCTACCTGGAGGGCACGTGCGTGGAGTGGCTCCGCAGATACCTGGAGAACGGGAAGGAGAGGCTGCAGCGCACGG">
        <child id="" num-old-names="1"/>
      </parent>
      <parent id="A1B1C2G000091" sequence="GGTATCACATCCTCCAGGGAATGTTTGGCTGCGACCTGGGGCCCGACGGGCGTCTCCTCCGCGGGTATGAGCAGTATGCCTACGACGGCAAGGATTACATCGCCCTGAACGAGGACCTGCGCTCCTGGACCGCCGCGGATACCGCGGCTCAGATTACCCAGCGCAAGTATGAGGCGGCCAATGTGGCTGAGCAAAGGAGAGCCTACCTGGAGGGCACCTGCATGGAGTGGCTCCGCAGACACCTGGAGAACGGGAAGGAGACGCTGCAGCGCGCGG">
        <child id="" num-old-names="7"/>
      </parent>
      <parent id="A2B1C2G000013" sequence="GTTCTCACACCATCCAGATGATGTATGGCTGCGACGTGGGGTCGGACGGGCGCTTCCTCCGCGGGTACCGGCAGGACGCCTACGACGGCAAGGATTACATCGCCCTGAAAGAGGACCTGCGCTCTTGGACCGCGGCGGACATGGCAGCTCAGACCACCAAGCACAAGTGGGAGGCGGCCCATGTGGCGGAGCAGTTGAGAGCCTACCTGGAGGGCACGTGCGTGGAGTGGCTCCGCAGATACCTGGAGAACGGGAAGGAGACGCTGCAGCGCACGG">
        <child id="" num-old-names="1"/>
      </parent>
      <parent id="A1B1C1G000069" sequence="GTTCTCACACCGTCCAGAGGATGTTTGGCTGCGACGTGGGGTCGGACGGGCGCTTCCTCCGCGGGTACCACCAGTACGCCTACGACGGCAAGGATTACATCGCCCTGAAAGAGGACCTGCGCTCTTGGACCGCGGCGGACATGGCAGCTCAGACCACCAAGCACAAGTGGGAGGCGGCCCATGTGGCGGAGCAGCAGAGAGCCTACCTGGAGGGCACGTGCGTGGAGTGGCTCCGCAGATACCTGGAGAACGGGAAGGAGACGCTGCAGCGCACGG">
        <child id="" num-old-names="1"/>
      </parent>
      <parent id="A2B2C2G000037" sequence="GGTCTAACACCCTCCAGATAATGTATGGCTGCGACTCGGGGCTGGAACGGCGCCTCCTCCGCGGGTATGAACAGCACGCCAACGATGGCAAGGATTACATAGCCCGGAACTAGGACCTGCGCTCCTGGACCGCGGCGGACATGGCGGCTCAGATCACCAAGCGCAAGTGGGAGGCAGAAGAATTTGCAGAGCAGATCAGGGCCTACCTGGAGGGCACGTGCGTGGAGAGGCTCGCAGACACCTGGAGAACGGGAAGGAGATGCTGCAGCTCACGG">
        <child id="" num-old-names="1"/>
      </parent>
      <parent id="A1B1C1G000017" sequence="GTTCTCACACCCTCCAGATGATGTTTGGCTGCGACGTGGGGTCGGACGGGCGCTTCCTCCGCGGGTACCACCAGTACGCCTACGACGGCAAGGATTACATCGCCCTGAAAGAGGACCTGCGCTCTTGGACCGCGGCGGACATGGCGGCTCAGATCACCCAGCGCAAGTGGGAGGCGGCCCGTGTGGCGGAGCAGTTGAGAGCCTACCTGGAGGGCACGTGCGTGGACGGGCTCCGCAGATACCTGGAGAACGGGAAGGAGACGCTGCAGCCCACGG">
        <child id="" num-old-names="1"/>
      </parent>
      <parent id="A1B1C1G000037" sequence="GGTCTAACACCCTCCAGATAATGTATGGCTGCGACTTGGGGCTGGAAGGGCGCCTCCTCCGCGGGTATGAACAGCACGCCAACGATGGCAAGGATTACATAGCCCGGAACTAGGACCTGCGCTCCTGGACCGCGGCGGACATGGCGGCTCAGATCACCAAGCGCAAGTGGGAGGCAGAAGAATTTGCAGAGCAGATCAGGGCCTACCTGGAGGGCACGTGCGTGGAGAGGCTCGCAGACACCTGGAGAACGGGAAGGAGACGCTGCAGCTCACGG">
        <child id="" num-old-names="2"/>
      </parent>
      <parent id="A1B1C2G000057" sequence="GGTCTCACACCCTGCAGTGGATGCATGGCTGCGAGCTGGGGCCCGACAGGCGCTTCCTCCGCGGGTATGAACAGTTCGCCTACGACGGCAAGGATTATCTCACCCTGAATGAGGACCTGCGCTCCTGGACCGCGGTGGACACGGCGGCTCAGATCTCCGAGCAAAAGTCAAATGATGCCTCTGAGGCGGAGCACCAGAGAGCCTACCTGGAAGACACATGCGTGGAGTGGCTCCACAAATACCTGGAGAAGGGGAAGGAGACGCTGCTTCACCTGG">
        <child id="" num-old-names="7"/>
      </parent>
      <parent id="A1B1C1G000102" sequence="GTTCTCACACCCTCCAGATGATGTTTGGCTGCGACGTGGGGCCGGACGGGCGCCTCCTCCGCGGGTATGACCAGGACGCCTACGACGGCAAGGATTACATCGCCCTGAAAGAGGACCTGCGCTCTTGGACCGCGGCGGACATGGCGGCTCAGATCACCCAGCGCAAGTGGGAGGCGGCCCGTGTGGCGGAGCAGTTGAGAGCCTACCTGGAGGGCACGTGCGTGGACGGGCTCCGCAGATACCTGGAGAACGGGAAGGAGACGCTGCAGCGCACGG">
        <child id="" num-old-names="1"/>
      </parent>
      <parent id="A1B2C1G000102" sequence="GTTCTCACACCCTCCAGATGATGTTTGGCTGCGACGTGGGGCCGGACGGGCGCCTCCTCCGCGGGTACCAGCAGGACGCCTACGACGGCAAGGATTACATCGCCCTGAAAGAGGACCTGCGCTCTTGGACCGCGGCGGACATGGCGGCTCAGATCACCCAGCGCAAGTGGGAGGCGGCCCGTGTGGCGGAGCAGTTGAGAGCCTACCTGGAGGGCACGTGCGTGGACGGGCTCCGCAGATACCTGGAGAACGGGAAGGAGACGCTGCAGCGCACGG">
        <child id="" num-old-names="1"/>
      </parent>
      <parent id="A1B2C2G000036" sequence="GTTCTCACACCATCCAGATGATGTATGGCTGCGACGTGGGGTCGGACGGGCGCTTCCTCCGCGGGTACCAGCAGGACGCCTACGACGGCAAGGATTACATCGCCTTGAACGAGGACCTGCGCTCTTGGACCGCGGCGGACATGGCGGCTCAGATCACCCAGCGCAAGTGGGAGGCGGCCCGTGTGGCGGAGCAGCAGAGAGCCTACCTGGAGGGCACGTGCGTGGAGTGGCTCCGCAGATACCTGGAGAACGGGAAGGAGACGCTGCAGCGCACGG">
        <child id="" num-old-names="1"/>
      </parent>
      <parent id="A2B1C2G000057" sequence="GGTCTCACACCCTGCAGTGGATGCATGGCTGCGAGCTGGGGCCCGACAGGCGCTTCCTCCGCGGGTATGAACAGTTCGCCTACGACGGCAAGGATTATCTCACCCTGAATGAGGACCTGCGCTCCTGGACCGCGGTGGACACGGCGGCTCAGATCTCCGAGCAAAAGTCAAATGATGCCTCTGAGGCGGAGCACCAGAGAGTCTACCTGGAAGACACATGCGTGGAGTGGCTCCACAAATACCTGGAGAAGGGGAAGGAGACGCTGCTTCACCTGG">
        <child id="" num-old-names="1"/>
      </parent>
      <parent id="A1B1C1G000122" sequence="GTTCTCACACCATCCAGATGATGTATGGCTGCGACGTGGGGTCGGACGGGCGCTTCCTCCGCGGGTACCAGCAGGACGCCTACGACGGCAAGGATTACATCGCCTTGAACGAGGACCTGCGCTCTTGGACCGCGGCGGACATGGCAGCTCAGATCACCAAGCGCAAGTGGGAGGCGGCCCATGCGGCGGAGCAGCAGAGAGCCTACCTGGAGGGCCGGTGCGTGGAGTGGCTCCGCAGATACCTGGAGAACGGGAAGGAGACGCTGCAGCGCACGG">
        <child id="" num-old-names="1"/>
      </parent>
      <parent id="A1B2C2G000045" sequence="GTTCTCACACCCTCCAGATGATGTATGGCTGCGACGTGGGGTCGGACGGGCGCTTCCTCCGCGGGTACCGGCAGGACGCCTACGACGGCAAGGATTACATCGCCCTGAAAGAGGACCTGCGCTCTTGGACCGCGGCGGACATGGCGGCTCAGATCACCAAGCGCAAGTGGGAGGCGGCCCATGTGGCGGAGCAGCAGAGAGCCTACCTGGAGGGCACGTGCGTGGACGGGCTCCGCAGATACCTGGAGAACGGGAAGGAGACGCTGCAGCGCACGG">
        <child id="" num-old-names="1"/>
      </parent>
      <parent id="A1B1C2G000039" sequence="GTTCTCACACCATCCAGAGGATGTATGGCTGCGACGTGGGGCCGGACGGGCGCTTCCTCCGCGGGTACCAGCAGGACGCTTACGACGGCAAGGATTACATCGCCCTGAACGAGGACCTGCGCTCTTGGACCGCGGCGGACATGGCGGCTCAGATCACCCAGCGCAAGTGGGAGACGGCCCATGAGGCGGAGCAGTGGAGAGCCTACCTGGAGGGCGAGTGCGTGGAGTGGCTCCGCAGATACCTGGAGAACGGGAAGCAGACGCTGCAGCGCACGG">
        <child id="" num-old-names="1"/>
      </parent>
      <parent id="A1B1C1G000057" sequence="GGTCTCACACCCTGCAGTGGATGCATGGCTGCGAGCTGGGGCCCGACGGGCGCTTCCTCCGCGGGTATGAACAGTTCGCCTACGACGGCAAGGATTATCTCACCCTGAATGAGGACCTGCGCTCCTGGACCGCGGTGGACACGGCGGCTCAGATCTCCGAGCAAAAGTCAAATGATGCCTCTGAGGCGGAGCACCAGGGAGCCTACCTGGAAGACACATGCGTGGAGTGGCTCCACAAATACCTGGAGAAGGGGAAGGAGACGCTGCTTCACCTGG">
        <child id="" num-old-names="1"/>
      </parent>
      <parent id="A1B1C2G000009" sequence="GTTCTCACACCATCCAGATGATGTATGGCTGCGACGTGGGGTCGGACGGGCGCTTCCTCCGCGGGTACCAGCAGGACGCCTACGACGGCAAGGATTACATCGCCTTGAACGAGGACCTGCGCTCTTGGACCGCGGCGGACATGGCGGCTCAGATCACCCAGCGCAAGTGGGAGGCGGCCCGTGTGGCGGAGCAGTTGAGAGCCTACCTGGAGGGCACGTGCGTGGAGTGGCTCCGCAGATACCTGGAGAACGGGAAGGAGACGCTGCAGCGCACGG">
        <child id="118C" num-old-names="1"/>
        <child id="48A" num-old-names="1"/>
        <child id="247C" num-old-names="1"/>
        <child id="123C" num-old-names="1"/>
        <child id="189A" num-old-names="1"/>
        <child id="127C" num-old-names="1"/>
        <child id="32A" num-old-names="1"/>
        <child id="19A" num-old-names="1"/>
        <child id="187T" num-old-names="1"/>
        <child id="122G" num-old-names="1"/>
        <child id="145T" num-old-names="1"/>
        <child id="253C" num-old-names="1"/>
        <child id="36C" num-old-names="1"/>
        <child id="137A" num-old-names="1"/>
        <child id="217G" num-old-names="1"/>
        <child id="181A" num-old-names="1"/>
        <child id="271T" num-old-names="1"/>
        <child id="240C" num-old-names="14"/>
        <child id="124A" num-old-names="1"/>
        <child id="273G" num-old-names="1"/>
        <child id="45A" num-old-names="1"/>
        <child id="35T" num-old-names="1"/>
        <child id="83G" num-old-names="1"/>
        <child id="203T" num-old-names="1"/>
        <child id="54G" num-old-names="1"/>
        <child id="141G" num-old-names="1"/>
        <child id="240A" num-old-names="1"/>
        <child id="113C" num-old-names="1"/>
        <child id="196G" num-old-names="1"/>
        <child id="188A" num-old-names="1"/>
        <child id="78T" num-old-names="1"/>
        <child id="44C" num-old-names="1"/>
        <child id="130A" num-old-names="1"/>
        <child id="139G" num-old-names="1"/>
        <child id="184C" num-old-names="1"/>
        <child id="57G" num-old-names="1"/>
        <child id="228A" num-old-names="1"/>
        <child id="87C" num-old-names="1"/>
        <child id="177A" num-old-names="1"/>
        <child id="137C" num-old-names="1"/>
        <child id="149A" num-old-names="1"/>
        <child id="195C" num-old-names="2"/>
        <child id="67G" num-old-names="1"/>
        <child id="187A" num-old-names="1"/>
        <child id="63T" num-old-names="1"/>
        <child id="184A" num-old-names="1"/>
        <child id="61C" num-old-names="1"/>
        <child id="120T" num-old-names="1"/>
        <child id="225C" num-old-names="1"/>
        <child id="168C" num-old-names="1"/>
        <child id="275A" num-old-names="1"/>
        <child id="262A" num-old-names="1"/>
        <child id="132A" num-old-names="1"/>
        <child id="68T" num-old-names="1"/>
        <child id="250G" num-old-names="1"/>
        <child id="" num-old-names="137"/>
        <child id="234A" num-old-names="1"/>
        <child id="158G" num-old-names="1"/>
        <child id="222C" num-old-names="1"/>
        <child id="221T" num-old-names="1"/>
        <child id="175T" num-old-names="2"/>
        <child id="1T" num-old-names="1"/>
        <child id="193C" num-old-names="1"/>
        <child id="52C" num-old-names="1"/>
        <child id="73G" num-old-names="1"/>
        <child id="104T" num-old-names="1"/>
        <child id="127A" num-old-names="1"/>
        <child id="3G" num-old-names="1"/>
        <child id="105C" num-old-names="1"/>
        <child id="132C" num-old-names="2"/>
        <child id="111C" num-old-names="1"/>
        <child id="131T" num-old-names="1"/>
        <child id="43T" num-old-names="1"/>
        <child id="139C" num-old-names="1"/>
        <child id="64A" num-old-names="1"/>
        <child id="117A" num-old-names="1"/>
        <child id="176A" num-old-names="1"/>
        <child id="102C" num-old-names="1"/>
        <child id="125C" num-old-names="1"/>
        <child id="21T" num-old-names="1"/>
        <child id="140G" num-old-names="1"/>
        <child id="84A" num-old-names="2"/>
        <child id="134C" num-old-names="2"/>
        <child id="236T" num-old-names="1"/>
        <child id="207T" num-old-names="1"/>
        <child id="229C" num-old-names="1"/>
        <child id="162T" num-old-names="1"/>
        <child id="213A" num-old-names="1"/>
        <child id="101T" num-old-names="1"/>
        <child id="65T" num-old-names="1"/>
        <child id="152C" num-old-names="1"/>
        <child id="155T" num-old-names="1"/>
        <child id="265C" num-old-names="1"/>
      </parent>
      <parent id="A1B1C2G000068" sequence="GTTCTCACACCATCCAGATAATGTATGGCTGCGACGTGGGGCCGGACGGGCGCTTCCTCCGCGGGTACCGGCAGGACGCCTACGACGGCAAGGATTACATCGCCCTGAACGAGGACCTGCGCTCTTGGACCGCGGCGGACATGGCAGCTCAGATCACCAAGCGCAAGTGGGAGGCGGCCCATGTGGCGGAGCAGCAGAGAGCCTACCTGGAGGGCACGTGCGTGGACGGGCTCCGCAGATACCTGGAGAACGGGAAGGAGACGCTGCAGCGCACGG">
        <child id="" num-old-names="1"/>
      </parent>
      <parent id="A1B2C2G000022" sequence="GTTCTCACACCATCCAGATAATGTATGGCTGCGACGTGGGGCCGGACGGGCGCTTCCTCCGCGGGTACCGGCAGGACGCCTACGACTGCAAGGATTACATCGCCCTGAACGAGGACCTGCGCTCTTGGACCGCGGCGGACATGGCAGCTCAGATCACCAAGCGCAAGTGGGAGGCGGTCCATGCGGCGGAGCAGCGGAGAGTCTACCTGGAGGGCACGTGCGTGGAGTGGCTCCGCAGATACCTGGAGAACGGGAAGGAGACGCTGCAGCGCACGG">
        <child id="" num-old-names="1"/>
      </parent>
      <parent id="A1B1C1G000116" sequence="GTTCTCACACCGTCCAGAGGATGTGTGGCTGCGACGTGGGGTCGGACTGGCGCTTCCTCCGCGGGTACCACCAGTACGCCTACGACGGCAAGGATTACATCGCCCTGAAAGAGGACCTGCGCTCTTGGACCGCGGCGGACATGGCAGCTCAGATCACCAAGCGCAAGTGGGAGGCGGCCCATGCGGCGGAGCAGTTGAGAGCCTACCTGGAGGGCACGTGCGTGGAGTGGCTCCGCAGATACCTGGAGAACGGGAAGGAGACGCTGCAGCGCACGG">
        <child id="" num-old-names="1"/>
      </parent>
      <parent id="A2B1C1G000000" sequence="GTTCTCACACCCTCCAGATGATGTTTGGCTGCGACGTGGGGTCGGACGGGCGCTTCCTCCGCGGGTACCGGCAGGACGCCTACGACGGCAAGGATTACATCGCCCTGAAAGAGGACCTGCGCTCTTGGACCGCGGCGGACATGGCGGCTCAGATCACCCAGCGCAAGTGGGAGGCGGCCCGTGTGGCGGAGCAGTTGAGAGCCTACCTGGAGGGCACGTGCGTGGACGGGCTCCGCAGATACCTGGAGAACGGGAAGGAGACGCTGCAGCGCACGG">
        <child id="" num-old-names="1"/>
      </parent>
      <parent id="A1B2C2G000013" sequence="GTTCTCACACCCTCCAGAGGATGTATGGCTGCGACGTGGGGTCGGACGGGCGCTTCCTCCGCGGGTACCGGCAGGACGCCTACGACGGCAAGGATTACATCGCCCTGAAAGAGGACCTGCGCTCTTGGACCGCGGCGGACATGGCAGCTCAGACCACCAAGCACAAGTGGGAGGCGGCCCATGTGGCGGAGCAGTGGAGAGCCTACCTGGAGGGCACGTGCGTGGAGTGGCTCCGCAGATACCTGGAGAACGGGAAGGAGACGCTGCAGCGCACGG">
        <child id="" num-old-names="1"/>
      </parent>
      <parent id="A1B2C1G000061" sequence="GTTCTCACACCATCCAGATAATGTATGGCTGCGACGTGGGGTCGGACGGGCGCTTCCTCCGCGGGTATGAACAGCACGCCTACGACGGCAAGGATTACATCGCCCTGAACGAGGACCTGCGCTCTTGGACCGCGGCGGACATGGCGGCTCAGATCACCAAGCGCAAGTGGGAGGCGGCCCATGTGGCGGAGCAGCAGAGAGCCTACCTGGATGGCACGTGCGTGGAGTGGCTCCGCAGATACCTGGAGAACGGGAAGGAGACGCTGCAGCGCACGG">
        <child id="" num-old-names="1"/>
      </parent>
      <parent id="A1B2C2G000055" sequence="GTTCTCACACCATCCAGATGATGTATGGCTGCGACGTGGGGCCGGACGGGCGCCTCCTCCGCGGGTACCAGCAGGACGCCTACGACGGCAAGGATTACATCGCCTTGAACGAGGACCTGCGCTCTTGGACCGCGGCGGACATGGCGGCTCAGATCACCCAGCGCAAGTGGGAGGCGGCCCATGAGGCGGAGCAGTGGAGAGCCTACCTGGAGGGCACGTGCGTGGAGTGGCTCCGCAGATACCTGGAGAACGGGAAGGAGACGCTGCAGCGCACGG">
        <child id="" num-old-names="1"/>
      </parent>
      <parent id="A1B2C2G000037" sequence="GGTCTAACAACCTCCAGATAATGTATGGCTGCGACTTGGGGCTGGAAGGGCGCCTCCTCCGCGGGTATGAACAGCACGCCAACGATGGCAAGGATTACATAGCCCGGAACTAGGACCTGCGCTCCTGGACCGCGGCGGACATGGCGGCTCAGATCACCAAGCGCAAGTGGGAGGCAGAAGAATTTGCAGAGCAGATCAGGGCCTACCTGGAGGGCACGTGCGTGGAGAGGCTCGCAGACACCTGGAGAACGGGAAGGAGATGCTGCAGCTCACGG">
        <child id="" num-old-names="1"/>
      </parent>
      <parent id="A1B1C1G000036" sequence="GTTCTCACACCATCCAGATGATGTATGGCTGCGACGTGGGGTCGGACGGGCGCTTCCTCCGCGGGTACCGGCAGGACGCCTACGACGGCAAGGATTACATCGCCTTGAACGAGGACCTGCGCTCTTGGACCGCGGCGGACATGGCGGCTCAGATCACCCAGCGCAAGTGGGAGGCGGCCCATGAGGCGGAGCAGCAGAGAGCCTACCTGGAGGGCACGTGCGTGGAGTGGCTCCGCAGATACCTGGAGAACGGGAAGGAGACGCTGCAGCGCACGG">
        <child id="" num-old-names="1"/>
      </parent>
      <parent id="A1B1C2G000117" sequence="GTTCTCACACCGTCCAGAGGATGTATGGCTGCGACGTGGGGTCGGACGGGCGCTTCCTCCGCGGGTACCGGCAGGACGCCTACGACGGCAAGGATTACATCGCCCTGAACGAGGACCTGCGCTCTTGGACCGCGGCGGACATGGCGGCTCAGATCACCAAGCGCAAGTGGGAGGCGGCCCATGAGGCGGAGCAGTTGAGAGCCTACCTGGATGGCACGTGCGTGGAGTGGCTCCGCAGATACCTGGAGAACGGGAAGGAGACGCTGCAGCGCACGG">
        <child id="" num-old-names="1"/>
      </parent>
      <parent id="A1B1C1G000083" sequence="GTTCTCACACCATCCAGATAATGTATGGCTGCGACGTGGGGCCGGACGGGCGCTTCCTCCGCGGGTACCGGCAGGACGCCTACGACGGCAAGGATTACATCGCCCTGAACGAGGACCTGCGCTCTTGGACCGCGGCGGACATGGCAGCTCAGATCACCCAGCGCAAGTGGGAGACGGCCCATGAGGCGGAGCAGTGGAGAGCCTACCTGGAGGGCCGGTGCGTGGAGTGGCTCCGCAGATACCTGGAGAACGGGAAGGAGACGCTGCAGCGCACGG">
        <child id="" num-old-names="1"/>
      </parent>
      <parent id="A2B1C2G000015" sequence="GTTCTCACACCATCCAGATAATGTATGGCTGCGACGTGGGGTCGGACGGGCGCTTCCTCCGCGGGTACGGGCAGGACGCCTACGACGGCAAGGATTACATCGCCCTGAACGAGGACCTGCGCTCTTGGACCGCGGCGGACATGGCGGCTCAGATCACCAAGCGCAAGTGGGAGGCGGCCCATGTGGCGGAGCAGCAGAGAGCCTACCTGGATGGCACGTGCGTGGAGTGGCTCCGCAGATACCTGGAGAACGGGAAGGAGACGCTGCAGCGCACGG">
        <child id="" num-old-names="1"/>
      </parent>
      <parent id="A1B2C2G000014" sequence="GTTCTCACACCGTCCAGAGGATGTATGGCTGCGACGTGGGGCCGGACGGGCGCTTCCTCCGCGGGTACCGGCAGGACGCCTACGACGGCAAGGATTACATCGCCCTGAACGAGGACCTGCGCTCTTGGACCGCGGCGGACATGGCAGCTCAGATCACCAAGCGCAAGTGGGAGGCGGTCCATGCGGCGGAGCAGCGGAGAGTCTACCTGGAGGGCCGGTGCGTGGACGGGCTCCGCAGATACCTGGAGAACGGGAAGGAGACGCTGCAGCGCACGG">
        <child id="" num-old-names="2"/>
      </parent>
      <parent id="A1B1C2G000001" sequence="GTTCTCACACCCTCCAGATGATGTTTGGCTGCGACGTGGGGTCGGACGGGCGCTTCCTCCGCGGGTACCACCAGTACGCCTACGACGGCAAGGATTACATCGCCCTGAAAGAGGACCTGCGCTCTTGGACCGCGGCGGACATGGCGGCTCAGATCACCAAGCGCAAGTGGGAGGCGGCCCATGTGGCGGAGCAGCAGAGAGCCTACCTGGAGGGCACGTGCGTGGAGTGGCTCCGCAGATACCTGGAGAACGGGAAGGAGACGCTGCAGCGCACGG">
        <child id="" num-old-names="3"/>
      </parent>
      <parent id="A1B1C1G000004" sequence="GTTCTCACACCATCCAGATAATGTATGGCTGCGACGTGGGGCCGGACGGGCGCTTCCTCCGCGGGTACCGGCAGGACGCCTACGACGGCAAGGATTACATCGCCCTGAACGAGGACCTGCGCTCTTGGACCGCGGCGGACATGGCAGCTCAGATCACCAAGCGCAAGTGGGAGGCGGCCCATGCGGCGGAGCAGCAGAGAGCCTACGTGGAGGGCCGGTGCGTGGAGTGGCTCCGCAGATACCTGGAGAACGGGAAGGAGACGCTGCAGCGCACGG">
        <child id="" num-old-names="1"/>
      </parent>
      <parent id="A1B1C1G000090" sequence="GTTCTCACACCCTCCAGATGATGTTTGGCTGCGACGTGGGGCCGGACGGGCGCTTCCTCCGCGGGTACCGGCAGGACGCCTACGACGGCAAGGATTACATCGCCCTGAACGAGGACCTGCGCTCTTGGACCGCGGCGGACATGGCAGCTCAGATCACCAAGCGCAAGTGGGAGGCGGCCCATGCGGCGGAGCAGCAGAGAGCCTACCTGGAGGGCCGGTGCGTGGAGTGGCTCCGCAGATACCTGGAGAACGGGAAGGAGACGCTGCAGCGCACGG">
        <child id="" num-old-names="1"/>
      </parent>
      <parent id="A1B1C1G000070" sequence="GTTCTCACACCGTCCAGAGGATGTATGGCTGCGACGTGGGGTCGGACGGGCGCCTCCTCCGCGGGCATGACCAGTTAGCCTACGACGGCAAGGATTACATCGCCCTGAAAGAGGACCTGCGCTCTTGGACCGCGGCGGACATGGCAGCTCAGACCACCAAGCACAAGTGGGAGGCGGCCCATGTGGCGGAGCAGTTGAGAGCCTACCTGGAGGGCACGTGCGTGGAGTGGCTCCGCAGATACCTGGAGAACGGGAAGGAGACGCTGCAGCGCACGG">
        <child id="" num-old-names="1"/>
      </parent>
      <parent id="A2B1C1G000028" sequence="GTTCTCACACCATGCAGGTGATGTATGGCTGCGACGTGGGGCCCGACGGGCGCTTCCTCCGCGGGTATGAACAGCACGCCTACGACGGCAAGGATTACATCGCCCTGAACGAGGACCTGCGCTCCTGGACCGCGGCGGACATGGCAGCTCAGATCACCAAGCGCAAGTGGGAGGCGGCCCGTCGGGCGGAGCAGCTGAGAGCCTACCTGGAGGGCGAGTTCGTGGAGTGGCTCCGCAGATACCTGGAGAACGGGAAGGAGACGCTGCAGCGCGCGG">
        <child id="" num-old-names="1"/>
      </parent>
      <parent id="A1B1C1G000092" sequence="GTTCTCACACCATCCAGATAATGTATGGCTGCGACGTGGGGCCGGACGGGCGCTTCCTCCGCGGGTACCACCAGTACGCCTACGACGGCAAGGATTACATCGCCCTGAACGAGGACCTGCGCTCTTGGACCGCGGCGGACATGGCAGCTCAGATCACCAAGCGCAAGTGGGAGGCGGTCCATGCGGCGGAGCAGCGGAGAGTCTACCTGGAGGGCCGGTGCGTGGACGGGCTCCGCAGATACCTGGAGAACGGGAAGGAGACGCTGCAGCGCACGG">
        <child id="" num-old-names="1"/>
      </parent>
      <parent id="A1B2C2G000051" sequence="GTTCTCACACCCTCCAGATGATGTTTGGCTGCGACGTGGGGTCGGACGGGCGCTTCCTCCGCGGGTACCACCAGTACGCCTACGACGGCAAGGATTACATCGCCCTGAAAGAGGACCTGCGCTCTTGGACCGCGGCGGACATGGCAGCTCAGACCACCAAGCACAAGTGGGAGGCGGCCCATGTGGCGGAGCAGTGGAGAGCCTACCTGGAGGGCACGTGCGTGGAGTGGCTCCGCAGATACCTGGAGAACGGGAAGGAGACGCTGCAGCGCACGG">
        <child id="" num-old-names="1"/>
      </parent>
      <parent id="A1B2C1G000036" sequence="GTTCTCACACCATCCAGATGATGTATGGCTGCCACGTGGGGTCGGACGGGCGCTTCCTCCGCGGGTACCGGCAGGACGCCTACGACGGCAAGGATTACATCGCCTTGAACGAGGACCTGCGCTCTTGGACCGCGGCGGACATGGCGGCTCAGATCACCCAGCGCAAGTGGGAGGCGGCCCGTGTGGCGGAGCAGCAGAGAGCCTACCTGGAGGGCACGTGCGTGGAGTGGCTCCGCAGATACCTGGAGAACGGGAAGGAGACGCTGCAGCGCACGG">
        <child id="" num-old-names="1"/>
      </parent>
      <parent id="A2B1C2G000008" sequence="GTTCTCACACCCTCCAGATGATGTTTGGCTGCGACGTGGGGTCGGACGGGCGCTTCCTCCGCGGGTACCACCAGTACGCCTACGACGGCAAGGATTACATCGCCCTGAAAGAGGACCTGCGCTCTTGGACCGCGGCGGACATGGCGGCTCAGATCACCAAGCGCAAGTGGGAGGCGGCCCATGTGGCGGAGCAGTTGAGAGCCTACCTGGAGGGCACGTGCGTGGACGGGCTCCGCAGATACCTGGAGAACGGGAAGGAGACGCTGCAGCGCACGG">
        <child id="" num-old-names="1"/>
        <child id="195C" num-old-names="1"/>
      </parent>
      <parent id="A1B1C1G000015" sequence="GTTCTCACACCATCCAGATAATGTATGGCTGCGACGTGGGGTCGGACGGGCGCTTCCTCCGCGGGTACCGGCAGGACGCCTACGACGGCAAGGATTACATCGCCCTGAACGAGGACCTGCGCTCTTGGACCGCGGCGGACATGGCGGCTCAGATCACCAAGCGCAAGTGGGAGGCGGCCCATGTGGCGGAGCAGCAGAGAGCCTACCTGGATGGCACGTGCGTGGAGTGGTTCCGCAGATACCTGGAGAACGGGAAGGAGACGCTGCAGCGCACGG">
        <child id="" num-old-names="1"/>
      </parent>
      <parent id="A1B2C1G000044" sequence="GTTCTCACACCGTCCAGAGGATGTATGGCTGCGACGTGGGGTCGGACTGGCGCTTCCTCCGCGGGTACCACCAGTACGCCTACGACGGCAAGGATTACATCGCCCTGAAAGAGGACCTGCGCTCTTGGACCGCGGCGGACATGGCAGCTCAGACCACCAAGCACAAGTGGGAGGCGGCCCATGTGGCGGAGCAGCAGAGAGCCTACCTGGAGGGCACGTGCGTGGACGGGCTCCGCAGATACCTGGAGAACGGGAAGGAGACGCTGCAGCGCACGG">
        <child id="" num-old-names="2"/>
      </parent>
      <parent id="A1B1C2G000007" sequence="GTTCTCACACCATCCAGATAATGTATGGCTGCGACGTGGGGTCGGACGGGCGCTTCCTCCGCGGGTACCGGCAGGACGCCTACGACGGCAAGGATTACATCGCCCTGAACGAGGACCTGCGCTCTTGGACCGCGGCGGACATGGCGGCTCAGATCACCCAGCGCAAGTGGGAGGCGGCCCGTGTGGCGGAGCAGTTGAGAGCCTACCTGGAGGGCACGTGCGTGGAGTGGCTCCGCAGATACCTGGAGAACGGGAAGGAGACGCTGCAGCGCACGG">
        <child id="" num-old-names="1"/>
      </parent>
      <parent id="A1B2C2G000075" sequence="GTTCTCACACCGTCCAGAGGATGTATGGCTGCGACGTGGGGTCGGACTGGCGCTTCCTCCGCGGGTATGACCAGTCCGCCTACGACGGCAAGGATTACATCGCCCTGAAAGAGGACCTGCGCTCTTGGACCGCGGCGGACATGGCAGCTCAGACCACCAAGCACAAGTGGGAGGCGGCCCATGTGGCGGAGCAGTTGAGAGCCTACCTGGAGGGCACGTGCGTGGAGTGGCTCCGCAGATACCTGGAGAACGGGAAGGAGACGCTGCAGCGCACGG">
        <child id="" num-old-names="1"/>
      </parent>
      <parent id="A1B1C1G000075" sequence="GTTCTCACACCGTCCAGAGGATGTATGGCTGCGACGTGGGGTCGGACTGGCGCTTCCTCCGCGGGTATGAGCAGTATGCCTACGACGGCAAGGATTACATCGCCCTGAAAGAGGACCTGCGCTCTTGGACCGCGGCGGACATGGCAGCTCAGACCACCAAGCACAAGTGGGAGGCGGCCCATGTGGCGGAGCAGTTGAGAGCCTACCTGGAGGGCACGTGCGTGGAGTGGCTCCGCAGATACCTGGAGAACGGGAAGGAGACGCTGCAGCGCACGG">
        <child id="" num-old-names="1"/>
      </parent>
      <parent id="A1B1C1G000085" sequence="GTTCTCACACCGTCCAGAGGATGTATGGCTGCGACGTGGGGTCGGACTGGCGCTTCCTCCGCGGGTACCACCAGTACGCCTAGACGGCAAGGATTACATCGCCCTGAAAGAGGACCTGCGCTCTTGGACCGCGGCGGACATGGCAGCTCAGACCACCAAGCACAAGTGGGAGGCGGCCCATGTGGCGGAGCAGTTGAGAGCCTACCTGGAGGGCACGTGCGTGGAGTGGCTCCGCAGATACCTGGAGAACGGGAAGGAGACGCTGCAGCGCACGG">
        <child id="" num-old-names="1"/>
      </parent>
      <parent id="A1B1C1G000097" sequence="GTTCTCACACCATCCAGATAATGTATGGCTGCGACGTGGGGCCCGACGGGCGCTTCCTCCGCGGGTATGAACAGCACGCCTACGACGGCAAGGATTACATCGCCCTGAACGAGGACCTGCGCTCTTGGACCGCGGCGGACATGGCGGCTCAGATCACCAAGCGCAAGTGGGAGGCGGCCCATGAGGCGGAGCAGTTGAGAGCCTACCTGGATGGCACGTGCGTGGAGTGGCTCCGCAGATACCTGGAGAACGGGAAGGAGACGCTGCAGCGCACGG">
        <child id="" num-old-names="1"/>
      </parent>
      <parent id="A1B1C2G000042" sequence="GTTCTCACACCATCCAGATGATGTATGGCTGCGACGTGGGGCCGGACGGGCGCCTCCTCCGCGGGTACCAGCAGGACGCCTACGACGGCAAGGATTACATCGCCCTGAACGAGGACCTGCGCTCTTGGACCGCGGCGGACATGGCGGCTCAGATCACCAAGCGCAAGTGGGAGGCGGCCCGTGTGGCGGAGCAGTTGAGAGCCTACCTGGAGGGCACGTGCGTGGAGTGGCTCCGCAGATACCTGGAGAACGGGAAGGAGACGCTGCAGCGCACGG">
        <child id="" num-old-names="1"/>
      </parent>
      <parent id="A1B1C1G000113" sequence="GTTCTCACACCATCCAGATGATGTATGGCTGCGACGTGGGGTCGGACGGGCGCTTCCTCCGCGGGTACCAGCAGGACGCCTACGACGGCAAGGATTACATCGCCTTGAACGAGGACCTGAGCTCCTGGACCGCGGCGGACATGGCGGCTCAGATCACCCAGCGCAAGTGGGAGGCGGCCCGTGTGGCGGAGCAGTTGAGAGCCTACCTGGAGGGCACGTGCGTGGAGTGGCTCCGCAGATACCTGGAGAACGGGAAGGAGACGCTGCAGCGCACGG">
        <child id="" num-old-names="1"/>
      </parent>
      <parent id="A2B2C2G000013" sequence="GTTCTCACACCGTCCAGAGGATGTATGGCTGCGACGTGGGGTCGGACGGGCGCTTCCTCCGCGGGTACCGGCAGGACGCCTACGACGGCAAGGATTACATCGCCCTGAAAGAGGACCTGCGCTCTTGGACCGCGGCGGACATGGCAGCTCAGACCACCAAGCACAAGTGGGAGGCGGCCCATGTGGCGGAGCAGTGGAGAGCCTACCTGGAGGGCACGTGCGTGGAGTGGCTCCGCAGATACCTGGAGAACGGGAAGGAGACGCTGCAGCGCACGG">
        <child id="" num-old-names="2"/>
        <child id="12A" num-old-names="1"/>
        <child id="19T" num-old-names="1"/>
      </parent>
      <parent id="A2B2C2G000018" sequence="GTTCTCACACCATCCAGAGGATGTATGGCTGCGACGTGGGGCCGGACGGGCGCTTCCTCCGCGGGTACCAGCAGGACGCTTACGACGGCAAGGATTACATCGCCCTGAACGAGGACCTGCGCTCTTGGACCGCGGCGGACATGGCGGCTCAGATCACCCAGCGCAAGTGGGAGACGGCCCATGAGGCGGAGCAGTGGAGAGCCTACCTGGAGGGCGGGTGCGTGGAGTGGCTCCGCAGATACCTGGAGAACGGGAAGGAGACGCTGCAGCGCACGG">
        <child id="217C" num-old-names="1"/>
        <child id="216T" num-old-names="1"/>
        <child id="" num-old-names="2"/>
        <child id="217A" num-old-names="3"/>
      </parent>
      <parent id="A1B2C1G000060" sequence="GTTCTCACACCGTCCAGAGGATGTATGGCTGCGACGTGGGGTCGGACTGGCGCTTCCTCCGCGGGTACCACCAGTACGCCTACGACGGCAAGGATTACATCGCCCTGAAAGAGGACCTGCGCTCTTGGACCGCGGCGGACATGGCGGCTCAGATCACCAAGCGCAAGTGGGAGGCGGCCCATGAGGCGGAGCAGTTGAGAGCCTACCTGGAGGGCACGTGCGTGGAGTGGCTCCGCAGATACCTGGAGAACGGGAAGGAGACGCTGCAGCGCACGG">
        <child id="" num-old-names="1"/>
      </parent>
      <parent id="A1B2C1G000009" sequence="GTTCTCACACCATCCAGATGATGTATGGCTGCGACGTGGGGCCGGACGGGCGCCTCCTCCGCGGGTACCAGCAGGACGCCTACGACGGCAAGGATTACATCGCCTTGAACGAGGACCTGCGCTCTTGGACCGCGGCGGACATGGCGGCTCAGATCACCCAGCGCAAGTGGGAGGCGGCCCGTGTGGCGGAGCAGTTGAGAGCCTACCTGGAGGGCACGTGCGTGGAGTGGCTCCGCAGATACCTGGAGAACGGGAAGGAGACGCTGCAGCGCACGG">
        <child id="111A" num-old-names="1"/>
        <child id="70G" num-old-names="1"/>
        <child id="228C" num-old-names="1"/>
        <child id="229C" num-old-names="1"/>
        <child id="195C" num-old-names="1"/>
        <child id="58A" num-old-names="1"/>
        <child id="252C" num-old-names="1"/>
        <child id="139C" num-old-names="1"/>
        <child id="131A" num-old-names="1"/>
        <child id="111C" num-old-names="2"/>
        <child id="80T" num-old-names="1"/>
        <child id="142A" num-old-names="1"/>
        <child id="181A" num-old-names="1"/>
        <child id="86T" num-old-names="1"/>
        <child id="235C" num-old-names="1"/>
        <child id="" num-old-names="81"/>
        <child id="259T" num-old-names="1"/>
        <child id="262T" num-old-names="1"/>
        <child id="180A" num-old-names="1"/>
        <child id="46G" num-old-names="1"/>
        <child id="217G" num-old-names="1"/>
        <child id="182A" num-old-names="1"/>
        <child id="265C" num-old-names="1"/>
        <child id="87C" num-old-names="1"/>
        <child id="251G" num-old-names="1"/>
        <child id="110T" num-old-names="1"/>
        <child id="212T" num-old-names="1"/>
        <child id="102C" num-old-names="1"/>
        <child id="142C" num-old-names="1"/>
        <child id="155A" num-old-names="1"/>
        <child id="68G" num-old-names="1"/>
        <child id="188A" num-old-names="1"/>
        <child id="244A" num-old-names="1"/>
        <child id="252A" num-old-names="1"/>
        <child id="44T" num-old-names="1"/>
        <child id="273G" num-old-names="2"/>
        <child id="105C" num-old-names="1"/>
        <child id="221T" num-old-names="1"/>
        <child id="230A" num-old-names="1"/>
        <child id="222A" num-old-names="2"/>
        <child id="165T" num-old-names="1"/>
        <child id="189A" num-old-names="1"/>
        <child id="101A" num-old-names="1"/>
        <child id="133T" num-old-names="1"/>
        <child id="36C" num-old-names="1"/>
      </parent>
      <parent id="A1B1C1G000104" sequence="GTTCTCACACCCTCCAGATGATGTTTGGCTGCGACGTGGGGTCGGACGGGCGCTTCCTCCGCGGGTACCACCAGTACGCCTACGACGGCAAGGATTACATCGCCCTGAAAGAGGACCTGCGCTCTTGGACCGCGGCGGACATGGCGGCTCAGACCACCAAGCACAAGTGGGAGGCGGCCCATGTGGCGGAGCAGTTGAGAGCCTACCTGGAGGGCACGTGCGTGGACGGGCTCCGCAGATACCTGGAGAACGGGAAGGAGACGCTGCAGCGCACGG">
        <child id="" num-old-names="1"/>
      </parent>
      <parent id="A1B1C1G000112" sequence="GTTCTCACACCGTCCAGAGGATGTGTGGCTGCGACGTGGGGTCGGACTGGCGCTTCCTCCGCGGGTACCACCAGTACGCCTACGACGGCAAGGATTACATCGCCCTGAAAGAGGACCTGCGCTCTTGGACCGCGGCGGACATGGCAGCTCAGACCACCAAGCACAAGTGGGAGGCGGCCCGTGAGGCGGAGCAGTTGAGAGCCTACCTGGAGGGCACGTGCGTGGAGTGGCTCCGCAGATACCTGGAGAACGGGAAGGAGACGCTGCAGCGCACGG">
        <child id="" num-old-names="1"/>
      </parent>
      <parent id="A1B1C2G000012" sequence="GTTCTCACACCGTCCAGAGGATGTATGGCTGCGACGTGGGGTCGGACGGGCGCTTCCTCCGCGGGTACCAGCAGGACGCCTACGACGGCAAGGATTACATCGCCTTGAACGAGGACCTGCGCTCTTGGACCGCGGCGGACATGGCGGCTCAGATCACCCAGCGCAAGTGGGAGGCGGCCCGTGTGGCGGAGCAGTTGAGAGCCTACCTGGAGGGCACGTGCGTGGAGTGGCTCCGCAGATACCTGGAGAACGGGAAGGAGACGCTGCAGCGCACGG">
        <child id="" num-old-names="2"/>
      </parent>
      <parent id="A1B1C1G000000" sequence="GTTCTCACACCCTCCAGATGATGTTTGGCTGCGACGTGGGGTCGGACGGGCGCTTCCTCCGCGGGTACCGGCAGGACGCCTACGACGGCAAGGATTACATCGCCCTGAACGAGGACCTGCGCTCTTGGACCGCGGCGGACATGGCGGCTCAGATCACCCAGCGCAAGTGGGAGGCGGCCCGTGTGGCGGAGCAGTTGAGAGCCTACCTGGAGGGCACGTGCGTGGACGGGCTCCGCAGATACCTGGAGAACGGGAAGGAGACGCTGCAGCGCACGG">
        <child id="" num-old-names="1"/>
      </parent>
      <parent id="A1B1C1G000040" sequence="GTTCTCACACCCTCCAGATGATGTTTGGCTGCGACGTGGGGTCGGACGGGCGCTTCCTCCGCGGGTACCACCAGTACGCCTACGACGGCAAGGATTACATCGCCCTGAAAGAGGACCTGCGCTCTTGGACCGCGGCGGACATGGCGGCTCAGATCACCCAGCGCAAGTGGGAGGCGGCCCGTGTGGCGGAACGGGTGAGAGCCTACCTGGAGGGCACGTGCGTGGACGGGCTCCGCAGATACCTGGAGAACGGGAAGGAGACGCTGCAGCGCACGG">
        <child id="" num-old-names="1"/>
      </parent>
      <parent id="A1B2C2G000021" sequence="GTTCTCACACCATCCAGATGATGTATGGCTGCGACGTGGGGTCGGACGGGCGCTTCCTCCGCGGGTACCGGCAGGACGCCTACGACGGCAAGGATTACATCGCCCTGAAAGAGGACCTGCGCTCTTGGACCGCGGCGGACATGGCAGCTCAGACCACCAAGCACAAGTGGGAGGCGGCCCATGTGGCGGAGCAGCTGAGAGCCTACCTGGAGGGCACGTGCGTGGAGTGGCTCCGCAGATACCTGGAGAACGGGAAGGAGACGCTGCAGCGCACGG">
        <child id="" num-old-names="1"/>
      </parent>
      <parent id="A1B1C1G000086" sequence="GTTCTCACACCATCCAGATAATGTATGGCTGCGACGTGGGGTCGGACGGGCGCTTCCTCCGCGGGTACCGGCAGGACGCCTACGACGGCAAGGATTACATCGCCCTGAACGAGGACCTGCGCTCCTGGACCGCGGCGGACATGGCAGCTCAGATCACCAAGCGCAAGTGGGAGGCGGCCCGTCGGGCGGAGCAGCTGAGAGCCTACCTGGATGGCACGTGCGTGGAGTGGCTCCGCAGATACCTGGAGAACGGGAAGGAGACGCTGCAGCGCACGG">
        <child id="" num-old-names="1"/>
      </parent>
      <parent id="A1B1C2G000037" sequence="GGTCTAACACCCTCCAGATAATGTATGGCTGCGACTTGGGGCTGGAAGGGCGCCTCCTCCGCGGGTATGAACAGCACCCCAACGATGGCAAGGATTACATAGCCCGGAACTAGGACCTGCGCTCCTGGACCGCGGCGGACATGGAGGCTCAGATCACCAAGCGCAAGTGGGAGGCAGAAGAATTTGCAGAGCAGATCAGGGCCTACCTGGAGGGCACGTGCGTGGAGAGGCTCGCAGACACCTGGAGAACGGGAAGGAGATGCTGCAGCTCACGG">
        <child id="" num-old-names="1"/>
      </parent>
      <parent id="A2B2C2G000011" sequence="GTTCTCACACCATCCAGATAATGTATGGCTGCGACGTGGGGCCGGACGGGCGCTTCCTCCGCGGGTACCGGCAGGACGCCTACGACGGCAAGGATTACATCGCCCTGAACGAGGACCTGCGCTCTTGGACCGCGGCGGACATGGCAGCTCAGATCACCAAGCGCAAGTGGGAGGCGGTCCATGCGGCGGAGCAGCGGAGAGTCTACCTGGAGGGCTGGTGCGTGGACGGGCTCCGCAGATACCTGGAGAACGGGAAGGAGACGCTGCAGCGCACGG">
        <child id="216G" num-old-names="1"/>
        <child id="" num-old-names="1"/>
      </parent>
      <parent id="A1B1C1G000029" sequence="GTTCTCATACCCTCCAGTGGATGATTGGCTGCGACCTGGGGTCCGACGGACGCCTCCTCCGCGGGTATGAACAGTATGCCTACGATGGCAAGGATTACCTCGCCCTGAACGAGGACCTGCGCTCCTGGACCGCAGCGGACACTGCGGCTCAGATCTCCAAGCGCAAGTGTGAGGCGGCCAATGTGGCTGAACAAAGGAGAGCCTACCTGGAGGGCACGTGCGTGGAGTGGCTCCGCAGACACCTGGAGAACGGGAAGGAGATGCTGCAGCGCGCGG">
        <child id="" num-old-names="1"/>
      </parent>
      <parent id="A2B1C2G000011" sequence="GTTCTCACACCATCCAGATAATGTATGGCTGCGACGTGGGGCCGGACGGGCGCTTCCTCCGCGGGTACCGGCAGGACGCCTACGACGGCAAGGATTACATCGCCCTGAACCAGGACCTGCGCTCTTGGACCGCGGCGGACATGGCAGCTCAGATCACCAAGCGCAAGTGGGAGGCGGTCCATGCGGCGGAGCAGCGGAGAGTCTACCTGGAGGGCCGGTGCGTGGACGGGCTCCGCAGATACCTGGAGAACGGGAAGGAGACGCTGCAGCGCACGG">
        <child id="111T" num-old-names="1"/>
        <child id="111A" num-old-names="1"/>
        <child id="" num-old-names="1"/>
      </parent>
      <parent id="A1B2C2G000044" sequence="GTTCTCACACCGTCCAGAGGATGTATGGCTGCGACGTGGGGTCGGACTGGCGCTTCCTCCGCGGGTACCACCAGTACGCCTACGACGGCAAGGATTACATCGCCCTGAAAGAGGACCTGCGCTCTTGGACCGCGGCGGACATGGCAGCTCAGATCACCAAGCGCAAGTGGGAGGCGGCCCATGTGGCGGAGCAGCAGAGAGCCTACCTGGAGGGCACGTGCGTGGAGTGGCTCCGCAGATACCTGGAGAACGGGAAGGAGACGCTGCAGCGCACGG">
        <child id="" num-old-names="1"/>
      </parent>
      <parent id="A1B1C1G000076" sequence="GTTCTCACACCATCCAGATAATGTATGGCTGCGACGTGGGGTCGGACGGGCGCTTCCTCCGCGGGTACCGGCAGGACGCCTACGACGGCAAGGATTACATCGCCCTGAACGAGGACCTGCGCTCTTGGACCGCGGCGGACATGGCGGCTCAGATCACCCAGCGCAAGTGGGAGGCGGCCCGTGAGGCGGAGCAGCGGAGAGCCTACCTGGAGGGCACGTGCGTGGAGTGGCTCCGCAGATACCTGGAGAACGGGAAGGAGACGCTGCAGCGCACGG">
        <child id="" num-old-names="1"/>
      </parent>
      <parent id="A1B1C2G000071" sequence="GTTCTCACACCATCCAGATGATGTATGGCTGCGACGTGGGGCCGGACGGGCGCCTCCTCCGCGGGTACCAGCAGGACGCCTACGACGGCAAGGATTACATCGCCCTGAAAGAGGACCTGCGCTCTTGGACCGCGGCGGACATGGCGGCTCAGATCACCCAGCGCAAGTGGGAGGCGGCCCGTGTGGCGGAGCAGTTGAGAGCCTACCTGGAGGGCACGTGCGTGGAGTGGCTCCGCAGATACCTGGAGAACGGGAAGGAGACGCTGCAGCGCACGG">
        <child id="" num-old-names="1"/>
      </parent>
      <parent id="A1B1C1G000035" sequence="GTTCTCACACCGTCCAGAGGATGTATGGCTGCGACGTGGGGTCGGACTGGCGCATCCTCCGCGGGTACCACCAGTACGCCTACGACGGCAAGGATTACATCGCCCTGAAAGAGGACCTGCGCTCTTGGACCGCGGCGGACATGGCAGCTCAGACCACCAAGCACAAGTGGGAGGCGGCCCATGTGGCGGAGCAGTTGAGAGCCTACCTGGAGGGCGAGTGCGTGGAGTGGCTCCGCAGATACCTGGAGAACGGGAAGGAGACGCTGCAGCGCACGG">
        <child id="" num-old-names="1"/>
      </parent>
      <parent id="A2B2C2G000025" sequence="GTTCTCACACCATCCAGATGATGTATGGCTGCGACGTGGGGTCGGACGGGCGCTTCCTCCGCGGGTACCAGCAGGACGCCTACGACGGCAAGGATTACATAGCCTTGAACGAGGACCTGCGCTCTTGGACCGCGGCGGACATGGCGGCTCAGATCACCCAGCGCAAGTGGGAGGCGGCCCGTGTGGCGGAGCAGTTGAGAGCCTACCTGGAGGGCACGTGCGTGGAGTGGCTCCGCAGACACCTGGAGAACGGGAAGGAGACGCTGCAGCGCACGG">
        <child id="101C-110G" num-old-names="1"/>
        <child id="101C-159A" num-old-names="1"/>
        <child id="" num-old-names="1"/>
        <child id="22C-101C" num-old-names="1"/>
        <child id="101C-120A-125C" num-old-names="1"/>
        <child id="101C-139C" num-old-names="1"/>
        <child id="47G-101C" num-old-names="1"/>
        <child id="27C-101C" num-old-names="1"/>
        <child id="78A-101C" num-old-names="1"/>
        <child id="101C-187A" num-old-names="1"/>
      </parent>
      <parent id="A1B1C2G000053" sequence="GTTCTCACACCATCCAGAGGATGTATGGCTGCGACGTGGGGCCGGACGGGCGCTTCCTCCGCGGGTACCAGCAGGACGCTTACGACGGCAAGGATTACATCGCCCTGAACGAGGACCTGCGCTCTTGGACCGCGGCGGACATGGCGGCTCAGATCACCCAGCGCAAGTGGGAGGCGGCCCGTGTGGCGGAGCAGCTGAGAGCCTACCTGGAGGGCCGGTGCGTGGAGTGGCTCCGCAGATACCTGGAGAACGGGAAGGAGACGCTGCAGCGCACGG">
        <child id="" num-old-names="1"/>
      </parent>
      <parent id="A1B1C1G000066" sequence="GTTCTCACACCCTCCAGATGATGTTTGGCTGCGACGTGGGGTCGGACGGGCGCTTCCTCCGCGGGTACCACCAGTACGCCTACGACGGCAAGGATTACATCGCCCTGAAAGAGGACCTGCGCTCTTGGACCGCGGCGGACATGGCGGCTCAGATCACCAAGCGCAAGTGGGAGGCGGCCCATGTGGCGGAGCAGCAGAGAGCCTACCTGGAGGGCACGTGCGTGGACGGGCTCCGCAGATACCTGGAGAACGGGAAGGAGACGCTGCAGCGAAGGAGACGCTGCAGCGCACGG">
        <child id="" num-old-names="1"/>
      </parent>
      <parent id="A1B2C2G000042" sequence="GTTCTCACACCATCCAGATGATGTATGGCTGCGACGTGGGGCCGGACGGGCGCCTCCTCCGCGGGTACCAGCAGGACGCCTACGACGGCAAGGATTACATCGCCCTGAAAGAGGACCTGCGCTCTTGGACCGCGGCGGACATGGCGGCTCAGATCACCAAGCGCAAGTGGGAGGCGGCCCGTGTGGCGGAGCAGTTGAGAGCCTACCTGGAGGGCACGTGCGTGGAGTGGCTCCGCAGATACCTGGAGAACGGGAAGGAGACGCTGCAGCGCACGG">
        <child id="" num-old-names="1"/>
      </parent>
      <parent id="A1B1C1G000091" sequence="CGTATCACATCCTCCAGGGAATGTTTGGCTGCGACCTGGGGCCCGACGGGCGTCTCCTCCGCGGGTATGAGCAGTATGCCTACGACGGCAAGGATTACATCGCCCTGAACGAGGACCTGCGCTCCTGGACCGCCGCGGATACCGCGGCTCAGATTACCCAGCGCAAGTATGAGGCGGCCAATGTGGCTGAGCAAAGGAGAGCCTACCTGGAGGGCACCTGCATGGAGTGGCTCCGCAGACACCTGGAGAACGGGAAGGAGACGCTGCAGCGCGCGG">
        <child id="" num-old-names="2"/>
      </parent>
      <parent id="A1B2C2G000034" sequence="GTTCTCACACCATCCAGATAATGTATGGCTGCGACGTGGGGTCGGACGGGCGCTTCCTCCGCGCGTACCGGCAGGACGCTTACGACGGCAAGGATTACATCGCCCTGAACGAGGACCTGCGCTCTTGGACCGCGGCGGACATGGCGGCTCAGATCACCCAGCGCAAGTGGGAGACGGCCCATGAGGCGGAGCAGTTGAGAGCCTACCTGGAGGGCACGTGCGTGGAGTGGCTCCGCAGATACCTGGAGAACGGGAAGGAGACGCTGCAGCGCACGG">
        <child id="" num-old-names="1"/>
      </parent>
      <parent id="A1B2C2G000020" sequence="GTTCTCACACCCTCCAGATGATGTTTGGCTGCGACGTGGGGTCGGACGGGCGCTTCCTCCGCGGGTATGAACAGCACGCCTACGACGGCAAGGATTACATCGCCCTGAAAGAGGACCTGCGCTCTTGGACCGCGGCGGACATGGCGGCTCAGATCACCAAGCGCAAGTGGGAGGCGGCCCATGTGGCGGAGCAGCAGAGAGCCTACCTGGAGGGCACGTGCGTGGACGGGCTCCGCAGATACCTGGAGAACGGGAAGGAGACGCTGCAGCGCACGG">
        <child id="" num-old-names="2"/>
      </parent>
      <parent id="A1B2C1G000022" sequence="GTTCTCACACCATCCAGATAATGTATGGCTGCGACGTGGGGCCGGACGGGCGCTTCCTCCGCGGGTACCGGCAGGACGCCTACGACGGCAAGGATTACATCGCCCTGAACGAGGACCTGCGCTCTTGGACCGCGGCGGACATGGCAGCTCAGATCACCAAGCGCAAGTGGGAGGCGGCCCATGCGGCGGAGCAGCAGAGAGCCTACCTGGATGGCACGTGCGTGGAGTGGCTCCGCAGATACCTGGAGAACGGGAAGGAGACGCTGCAGCGCACGG">
        <child id="" num-old-names="1"/>
      </parent>
      <parent id="A1B1C1G000049" sequence="GTTCTCACACCGTCCAGAGGATGTATGGCTGCGACCTGGGGCCCGACGGGCGCCTCCTCCGCGGGTATAACCAGTTCGCCTACGACGGCAAGGATTACATCGCCCTGAAAGAGGACCTGCGCTCTTGGACCGCGGCGGACATGGCAGCTCAGACCACCAAGCACAAGTGGGAGGCGGCCCATGTGGCGGAGCAGTTGAGAGCCTACCTGGAGGGCACGTGCGTGGAGTGGCTCCGCAGATACCTGGAGAACGGGAAGGAGACGCTGCAGCGCACGG">
        <child id="" num-old-names="1"/>
      </parent>
      <parent id="A1B1C1G000034" sequence="GTTCTCACACCATCCAGATAATGTATGGCTGCGACGTGGGGTCGGACGGGCGCTTCCTCCGCGGGTACCGGCAGGACGCTTACGACGGCAAGGATTACATCGCCCTGAACGAGGACCTGCGCTCTTGGACCGCGGCGGACATGGCGGCTCAGATCACCCAGCGCAAGTGGGAGACGGCCCATGAGGCGGAGCAGCTGAGAGCCTACCTGGAGGGCACGTGCGTGGAGTGGCTCCGCAGATACCTGGAGAACGGGAAGGAGACGCTGCAGCGCACGG">
        <child id="" num-old-names="1"/>
      </parent>
      <parent id="A1B2C2G000018" sequence="GTTCTCACACCATCCAGAGGATGTATGGCTGCGACGTGGGGCCGGACGGGCGCTTCCTCCGCGGGTACCAGCAGGACGCTTACGACGGCAAGGATTACATCGCCCTGAACGAGGACCTGCGCTCTTGGACCGCGGCGGACATGGCGGCTCAGATCACCCAGCGCAAGTGGGAGACGGCCCATGAGGCGGAGCAGTGGAGAGCCTACCTGGAGGGCACGTGCGTGGAGTGGCTCCGCAGATACCTGGAGAACGGGAAGGAGACGCTGCAGCGCACGG">
        <child id="" num-old-names="5"/>
        <child id="217G" num-old-names="2"/>
      </parent>
      <parent id="A1B1C1G000055" sequence="GTTCTCACACCATCCAGATGATGTATGGCTGCGACGTGGGGCCGGACGGGCGCCTCCTCCGCGGGTACCAGCAGGACGCCTACGACGGCAAGGATTACATCGCCTTGAACGAGGACCTGCGCTCTTGGACCGCGGCGGACATGGCGGCTCAGATCACCCAGCGCAAGTGGGAGGCGGCCCATGAGGCGGAGCAGTTGAGAGCCTACCTGGAGGGCACGTGCGTGGAGTGGCTCCGCAGATACCTGGAGAACGGGAAGGAGACGCTGCAGCGCACGG">
        <child id="" num-old-names="1"/>
      </parent>
      <parent id="A1B1C1G000072" sequence="GTTCTCACACCATCCAGATGATGTATGGCTGCGACGTGGGGTCGGACGGGCGCTTCCTCCGCGGGTACCAGCAGGACGCCTACGACGGCAAGGATTACATCGCCCTGAACGAGGACCTGCGCTCTTGGACCGCGGCGGACATGGCAGCTCAGATCACCAAGCGCAAGTGGGAGGCGGTCCATGCGGCGGAGCAGTTGAGAGCCTACCTGGAGGGCACGTGCGTGGAGTGGCTCCGCAGATACCTGGAGAACGGGAAGGAGACGCTGCAGCGCACGG">
        <child id="" num-old-names="1"/>
      </parent>
      <parent id="A1B1C1G000114" sequence="GTTCTCACACCATCCAGATAATGTATGGCTGCGACGTGGGGTCGGACGGGCGCTTCCTCCGCGGGTACCGGCAGGACGCCTACGACGGCAAGGATTACATCGCCCTGAACGAGGACCTGCGCTCTTGGACCGCGGCGGACATGGCGGCTCAGATCACCAAGCGCAAGTGGGAGGCGGCCCATGAGGCGGAGCAGTTGGCCTACCTGGATGGCACGTGCGTGGAGTGGCTCCGCAGATACCTGGAGAACGGGAAGGAGACGCTGCAGCGCACGG">
        <child id="" num-old-names="1"/>
      </parent>
      <parent id="A1B1C1G000125" sequence="GTTCTCACACCATCGACGTGATGTATGGCTGCGACGTGGGGCCCGACGGGCGCTTCCTCCGCGGGTATGAACAGTACGCCTACGACAGCAAGGATTACATCGCTCTGACCGAGGACCTGCGCTCCTGGACCGCGGCGGACATGGCAGCTCAGATCACCAAGCGCAAGTGGGAGGCGGCCCGTCAGGCGGAGCAGCTGAGAGCCTACCTGGAGGGCGAGTTCGTGGAGTGGCTCCGCAGATACCTGGAGAACGGGAAGGAGACGCTGCAGCGCGCGG">
        <child id="" num-old-names="1"/>
      </parent>
      <parent id="A1B1C2G000006" sequence="GTTCTCACACCATCCAGATAATGTATGGCTGCGACGTGGGGTCGGACGGGCGCTTCCTCCGCGGGTACCGGCAGGACGCCTACGACGGCAAGGATTACATCGCCCTGAACGAGGACCTGCGCTCTTGGACCGCGGCGGACATGGCGGCTCAGATCACCAAGCGCAAGTGGGAGGCGGCCCATGAGGCGGAGCAGTTGAGAGCCTACCTGGATGGCACGTGCGTGGAGTGGCTCCGCAGATACCTGGAGAACGGGAAGGAGACGCTGCAGCGCACGG">
        <child id="86A" num-old-names="1"/>
        <child id="20G" num-old-names="1"/>
        <child id="233T" num-old-names="1"/>
        <child id="172G" num-old-names="1"/>
        <child id="252C" num-old-names="1"/>
        <child id="41A" num-old-names="1"/>
        <child id="252A-263A" num-old-names="1"/>
        <child id="136G" num-old-names="1"/>
        <child id="110A" num-old-names="1"/>
        <child id="181G-184T" num-old-names="1"/>
        <child id="114C" num-old-names="1"/>
        <child id="246A" num-old-names="1"/>
        <child id="22G" num-old-names="1"/>
        <child id="184C" num-old-names="1"/>
        <child id="185A" num-old-names="1"/>
        <child id="66C" num-old-names="1"/>
        <child id="124G" num-old-names="1"/>
        <child id="275A" num-old-names="1"/>
        <child id="104T" num-old-names="1"/>
        <child id="185C" num-old-names="1"/>
        <child id="73G" num-old-names="1"/>
        <child id="69G" num-old-names="1"/>
        <child id="146A-154C" num-old-names="1"/>
        <child id="54C" num-old-names="1"/>
        <child id="159C" num-old-names="1"/>
        <child id="217T" num-old-names="1"/>
        <child id="232A" num-old-names="1"/>
        <child id="7G" num-old-names="1"/>
        <child id="25T" num-old-names="1"/>
        <child id="218T" num-old-names="1"/>
        <child id="133T" num-old-names="1"/>
        <child id="268T" num-old-names="1"/>
        <child id="45A-46T" num-old-names="1"/>
        <child id="134A" num-old-names="1"/>
        <child id="271T" num-old-names="1"/>
        <child id="149C" num-old-names="1"/>
        <child id="94G" num-old-names="1"/>
        <child id="82G" num-old-names="1"/>
        <child id="190G" num-old-names="1"/>
        <child id="144C" num-old-names="1"/>
        <child id="70C" num-old-names="1"/>
        <child id="107T" num-old-names="1"/>
        <child id="39A" num-old-names="1"/>
        <child id="184T" num-old-names="1"/>
        <child id="183A" num-old-names="1"/>
        <child id="38A" num-old-names="1"/>
        <child id="273G-275A" num-old-names="1"/>
        <child id="80T" num-old-names="1"/>
        <child id="36C" num-old-names="1"/>
        <child id="175T" num-old-names="1"/>
        <child id="188A" num-old-names="1"/>
        <child id="48T" num-old-names="1"/>
        <child id="63C" num-old-names="1"/>
        <child id="153T" num-old-names="1"/>
        <child id="102T" num-old-names="1"/>
        <child id="194A" num-old-names="1"/>
        <child id="145T" num-old-names="1"/>
        <child id="132A" num-old-names="1"/>
        <child id="252A" num-old-names="1"/>
        <child id="49T" num-old-names="1"/>
        <child id="194C" num-old-names="1"/>
        <child id="67G" num-old-names="1"/>
        <child id="105T-159C" num-old-names="1"/>
        <child id="196G" num-old-names="1"/>
        <child id="273G" num-old-names="1"/>
        <child id="47A" num-old-names="1"/>
        <child id="146A" num-old-names="1"/>
        <child id="105T" num-old-names="1"/>
        <child id="44T" num-old-names="1"/>
        <child id="142C-143C" num-old-names="1"/>
        <child id="36C-42C" num-old-names="1"/>
        <child id="218C" num-old-names="1"/>
        <child id="154C" num-old-names="1"/>
        <child id="13A" num-old-names="1"/>
        <child id="52T" num-old-names="1"/>
        <child id="110G" num-old-names="1"/>
        <child id="254A" num-old-names="1"/>
        <child id="68G" num-old-names="1"/>
        <child id="94C" num-old-names="1"/>
        <child id="217G" num-old-names="1"/>
        <child id="48C" num-old-names="1"/>
        <child id="163C" num-old-names="1"/>
        <child id="227C-228G" num-old-names="1"/>
        <child id="187T" num-old-names="1"/>
        <child id="10T" num-old-names="1"/>
        <child id="196A" num-old-names="1"/>
        <child id="22C" num-old-names="1"/>
        <child id="17A" num-old-names="1"/>
        <child id="251T" num-old-names="1"/>
        <child id="189A" num-old-names="1"/>
        <child id="123C" num-old-names="1"/>
        <child id="64C" num-old-names="1"/>
        <child id="175A" num-old-names="1"/>
        <child id="262T" num-old-names="1"/>
        <child id="159C-174A" num-old-names="1"/>
        <child id="77T" num-old-names="1"/>
        <child id="240C" num-old-names="1"/>
        <child id="126G" num-old-names="1"/>
        <child id="14T" num-old-names="1"/>
        <child id="170A" num-old-names="1"/>
        <child id="147A" num-old-names="1"/>
        <child id="12C-20G" num-old-names="1"/>
        <child id="158A" num-old-names="1"/>
        <child id="216G-217A" num-old-names="1"/>
        <child id="180T" num-old-names="1"/>
        <child id="52C" num-old-names="1"/>
        <child id="70A" num-old-names="1"/>
        <child id="53A" num-old-names="1"/>
        <child id="269A" num-old-names="1"/>
        <child id="215T" num-old-names="1"/>
        <child id="111C" num-old-names="1"/>
        <child id="202T" num-old-names="1"/>
        <child id="" num-old-names="147"/>
        <child id="141T" num-old-names="1"/>
        <child id="212G" num-old-names="1"/>
        <child id="232C" num-old-names="1"/>
        <child id="102C" num-old-names="1"/>
        <child id="83A" num-old-names="1"/>
        <child id="231A" num-old-names="1"/>
        <child id="125C" num-old-names="1"/>
        <child id="43T" num-old-names="1"/>
        <child id="127C" num-old-names="1"/>
        <child id="112T" num-old-names="1"/>
        <child id="162A" num-old-names="1"/>
        <child id="87T" num-old-names="1"/>
        <child id="162T" num-old-names="1"/>
        <child id="42C" num-old-names="2"/>
        <child id="120A" num-old-names="1"/>
        <child id="141C" num-old-names="1"/>
        <child id="218C-222A" num-old-names="1"/>
      </parent>
      <parent id="A1B1C2G000046" sequence="GTTCTCACACCATCCAGATAATGTTTGGCTGCGACGTGGGGTCGGACGGGCGCTTCCTCCGCGGGTACCACCAGTACGCCTACGACGGCAAGGATTACATCGCCCTGAACGAGGACCTGCGCTCTTGGACCGCGGCGGACATGGCGGCTCAGATCACCAAGCGCAAGTGGGAGGCGGCCCATGAGGCGGAGCAGTTGAGAGCCTACCTGGATGGCACGTGCGTGGAGTGGCTCCGCAGATACCTGGAGAACGGGAAGGAGACGCTGCAGCGCACGG">
        <child id="" num-old-names="1"/>
      </parent>
      <parent id="A1B1C2G000035" sequence="GTTCTCACACCGTCCAGAGGATGTGTGGCTGCGACGTGGGGTCGGACTGGCGCTTCCTCCGCGGGTACCACCAGTACGCCTACGACGGCAAGGATTACATCGCCCTGAAAGAGGACCTGCGCTCTTGGACCGCGGCGGACATGGCAGCTCAGACCACCAAGCACAAGTGGGAGGCGGCCCATGTGGCGGAGCAGTTGAGAGCCTACCTGGAGGGCGAGTTCGTGGAGTGGCTCCGCAGATACCTGGAGAACGGGAAGGAGACGCTGCAGCGCACGG">
        <child id="" num-old-names="1"/>
      </parent>
      <parent id="A1B1C1G000048" sequence="GTTCTCACACCATCCAGATGATGTATGGCTGCGACGTGGGGTCGGACGGGCGCTTCCTCCGCGGGTACCGGCAGGACGCCTACGACGGCAAGGATTACATCGCCCTGAAAGAGGACCTGCGCTCTTGGACCGCGGCGGACATGGCGGCTCAGATCACCAAGCGCAAGTGGGAGGCGGCCCATGTGGCGGAGCAGCAGAGAGCCTACCTGGAGGGCACGTGCGTGGAGTGGCTCCGCAGATACCTGGAGAACGGGAAGGAGACGCTGCAGCGCACGG">
        <child id="" num-old-names="1"/>
      </parent>
      <parent id="A2B1C2G000021" sequence="GTTCTCACACCATCCAGATGATGTATGGCTGCGACGTGGGGTCGGACGGGCGCTTCCTCCGCGGGTACCGGCAGGACGCCTACGACGGCAAGGATTACATCGCCCTGAAAGAGGACCTGCGCTCTTGGACCGCGGCGGACATGGCAGCTCAGACCACCAAGCACAAGTGGGAGGCGGCCCATGTGGCGGAGCAGTGGAGAGCCTACCTGGAGGGCACGTGCGTGGAGTGGCTCCGCAGATACCTGGAGAACGGGAAGGAGACGCTGCAGCGCACCG">
        <child id="" num-old-names="1"/>
        <child id="275A" num-old-names="1"/>
        <child id="275T" num-old-names="2"/>
      </parent>
      <parent id="A1B1C1G000020" sequence="GTTCTCACACCCTCCAGATGATGTTTGGCTGCGACGTGGGGTCGGACGGGCGCTTCCTCCGCGGGTATGACCAGGACGCCTACGACGGCAAGGATTACATCGCCCTGAAAGAGGACCTGCGCTCTTGGACCGCGGCGGACATGGCGGCTCAGATCACCAAGCGCAAGTGGGAGGCGGCCCATGTGGCGGAGCAGCAGAGAGCCTACCTGGAGGGCACGTGCGTGGACGGGCTCCGCAGATACCTGGAGAACGGGAAGGAGACGCTGCAGCGCACGG">
        <child id="" num-old-names="1"/>
      </parent>
      <parent id="A1B1C1G000006" sequence="GTTCTCACACCATCCAGATAATGTATGGCTGCGACGTGGGGTCGGACGGGCGCTTCCTCCGCGGGTACCGGCAGGACGCCTACGACGGCAAGGATTACATCGCCCTGAACGAGGACCTGCGCTCTTGGACCGCGGCGGACATGGCGGCTCAGATCACCAAGCGCAAGTGGGAGGCGGCCCATGAGGCGGAGCAGTTGAGAGCCTACCTGGATGCCACGTGCGTGGAGTGGCTCCGCAGATACCTGGAGAACGGGAAGGAGACGCTGCAGCGCACGG">
        <child id="" num-old-names="1"/>
      </parent>
      <parent id="A1B1C1G000030" sequence="GTTCTCATACCCTCCAGTGGATGATTGGCTGCGACCTGGGGTCCGACGGACGCCTCCTCCGCGGGTATGAACAGTATGCCTACGATGGCAAGGATTACCTCGCCCTGAACGAGGACTGCGCTCCTGGACCGCAGCGGACACTGCGGCTCAGATCTCCAAGCGCAAGTGTGAGGCGGCCAATGTGGCTGAACAAAGGAGAGCCTACCTGGAGGGCACGTGCGTGGAGTGGCTCCACAGATACCTGGAGAACGGGAAGGAGATGCTGCAGCGCGCGG">
        <child id="" num-old-names="1"/>
      </parent>
      <parent id="A1B1C2G000016" sequence="GTTCTCACACCATCCAGATGATGTATGGCTGCGACGTGGGGCCGGACGGGCGCCTCCTCCGCGGGTACCAGCAGGACGCCTACGACGGCAAGGATTACATCGCCTTGAACGAGGACCTGCGCTCTTGGACCGCGGCGGACATGGCGGCTCAGATCACCCAGCGCAAGTGGGAGGCGGCCCGTGTGGCGGAGCAGTTGAGAGCCTACCTGGAGGGCACGTGCGTGGACGGGCTCCGCAGATACCTGGAGAACGGGAAGGAGACGCTGCAGCGCACGG">
        <child id="" num-old-names="1"/>
      </parent>
      <parent id="A1B2C2G000061" sequence="GTTCTCACACCATCCAGATAATGTATGGCTGCGACGTGGGGTCGGACGGGCGCTTCCTCCGCGGGTATGAACAGCACGCCTACGACGGCAAGGATTACATCGCCCTGAACGAGGACCTGCGCTCTTGGACCGCGGCGGACATGGCGGCTCAGATCACCCAGCGCAAGTGGGAGGCGGCCCATGTGGCGGAGCAGTGGAGAGCCTACCTGGAGGGCACGTGCGTGGAGTCGCTCCGCAGATACCTGGAGAACGGGAAGGAGACGCTGCAGCGCACGG">
        <child id="" num-old-names="1"/>
      </parent>
      <parent id="A1B1C2G000116" sequence="GTTCTCACACCGTCCAGAGGATGTATGGCTGCGACGTGGGGTCGGACTGGCGCTTCCTCCGCGGGTACCACCAGTACGCCTACGACGGCAAGGATTACATCGCCCTGAAAGAGGACCTGCGCTCTTGGACCGCGGCGGACATGGCAGCTCAGATCACCCAGCGCAAGTGGGAGGCGGCCCATGTGGCGGAGCAGTTGAGAGCCTACCTGGAGGGCACGTGCGTGGAGTGGCTCCGCAGATACCTGGAGAACGGGAAGGAGACGCTGCAGCGCACGG">
        <child id="" num-old-names="1"/>
      </parent>
      <parent id="A2B2C2G000006" sequence="GTTCTCACACCATCCAGATAATGTATGGCTGCGACGTGGGGTCGGACGGGCGCTTCCTCCGCGGGTACCGGCAGGACGCCTACGACGGCAAGGATTACATCGCCCTGAACGAGGACCTGCGCTCTTGGACCGCGGCGGACATGGCGGCTCAGATCACCAAGCGCAAGTGGGAGGCGGCCCATGAGGCGGAGCAGCAGAGAGCCTACCTGGATGGCACGTGCGTGGAGTGGCTCCGCAGATACCTGGAGAACGGGAAGGAGACGCTGCAGCGCACGG">
        <child id="196G" num-old-names="1"/>
        <child id="" num-old-names="1"/>
      </parent>
      <parent id="A1B2C1G000000" sequence="GTTCTCACACCCTCCAGATGATGTTTGGCTGCGACGTGGGGTCGGACGGGCGCTTCCTCCGCGGGTACCACCAGTACGCCTACGACGGCAAGGATTACATCGCCCTGAACGAGGACCTGCGCTCTTGGACCGCGGCGGACATGGCGGCTCAGATCACCCAGCGCAAGTGGGAGGCGGCCCGTGTGGCGGAGCAGTTGAGAGCCTACCTGGAGGGCACGTGCGTGGACGGGCTCCGCAGATACCTGGAGAACGGGAAGGAGACGCTGCAGCGCACGG">
        <child id="" num-old-names="1"/>
      </parent>
      <parent id="A1B1C2G000036" sequence="GTTCTCACACCATCCAGATGATGTATGGCTGCGACGTGGGGTCGGACGGGCGCTTCCTCCGCGGGTACCAGCAGGACGCCTACGACGGCAAGGATTACATCGCCTTGAACGAGGACCTGCGCTCTTGGACCGCGGCGGACATGGCGGCTCAGATCACCCAGCGCAAGTGGGAGGCGGCCCGTGAGGCGGAGCAGCGGAGAGCCTACCTGGAGGGCACGTGCGTGGAGTGGCTCCGCAGATACCTGGAGAACGGGAAGGAGACGCTGCAGCGCACGG">
        <child id="" num-old-names="1"/>
      </parent>
      <parent id="A1B1C2G000019" sequence="GTTCTCACACCCTCCAGATGATGTTTGGCTGCGACGTGGGGTCGGACGGGCGCTTCCTCCGCGGGTACCACCAGTACGCCTACGACGGCAAGGATTACATCGCCCTGAAAGAGGACCTGCGCTCTTGGACCGCGGCGGACATGGCGGCTCAGATCACCAAGCGCAAGTGGGAGGCGGCCCATGTGGCGGAGCAGTGGAGAGCCTACCTGGAGGGCACGTGCGTGGAGTGGCTCCGCAGATACCTGGAGAACGGGAAGGAGACGCTGCAGCGCACGG">
        <child id="" num-old-names="1"/>
      </parent>
      <parent id="A1B1C2G000056" sequence="GTTCTCACACCGTCCAGAGGATGTATGGCTGCGACGTGGGGTCGGACGGGCGCTTCCTCCGCGGGTATGAACAGCACGCCTACGACGGCAAGGATTACATCGCCCTGAAAGAGGACCTGCGCTCTTGGACCGCGGCGGACATGGCAGCTCAGACCACCAAGCACAAGTGGGAGGCGGCCCATGTGGCGGAGCAGTTGAGAGCCTACCTGGAGGGCACGTGCGTGGAGTGGCTCCGCAGATACCTGGAGAACGGGAAGGAGACGCTGCAGCGCACGG">
        <child id="" num-old-names="1"/>
      </parent>
      <parent id="A1B1C1G000062" sequence="GTTCTCACACCGTCCAGAGGATGTATGGCTGCGACGTGGGGTCGGACTGGCGCTTCCTCCGCGGGTACCACCAGTACGCCTACGACGGCAAGGATTACATCGCCCTGAAAGAGGACCTGCGCTCTTGGACCGCGGCGGACATGGCAGCTCAGACCACCAAGCACAAGTGGGAGACGGCCCATGAGGCGGAGCAGCAGAGAGCCTACCTGGAGGGCACGTGCGTGGAGTGGCTCCGCAGATACCTGGAGAACGGGAAGGAGACGCTGCAGCGCACGG">
        <child id="" num-old-names="1"/>
      </parent>
      <parent id="A2B1C1G000005" sequence="GTTCTCACACCATCCAGATAATGTATGGCTGCGACGTGGGGTCGGACGGGCGCTTCCTCCGCGGGTATGAACAGCACGCCTACGACGGCAAGGATTACATCGCCCTGAATGAGGACCTGCGCTCTTGGACCGCGGCGGACATGGCGGCTCAGATCACCCAGCGCAAGTGGGAGGCGGCCCGTCGGGCGGAGCAGTTGAGAGCCTACCTGGAGGGCACGTGCGTGGAGTGGCTCCGCAGATACCTGGAGAACGGGAAGGAGACGCTGCAGCGCACGG">
        <child id="110A" num-old-names="1"/>
        <child id="" num-old-names="2"/>
      </parent>
      <parent id="A1B1C1G000010" sequence="GTTCTCACACCATCCAGAGGATGTATGGCTGCGACGTGGGGCCGGACGGGCGCTTCCTCCGCGGGTACCAGCAGGACGCTTACGACGGCAAGGATTACATCGCCCTGAACGAGGACCTGAGCTCCTGGACCGCGGCGGACACCGCGGCTCAGATCACCCAGCGCAAGTGGGAGACGGCCCATGAGGCGGAGCAGTGGAGAGCCTACCTGGAGGGCCGGTGCGTGGAGTGGCTCCGCAGATACCTGGAGAACGGGAAGGAGACGCTGCAGCGCACGG">
        <child id="" num-old-names="1"/>
      </parent>
      <parent id="A1B1C2G000097" sequence="GTTCTCACACCATCCAGATAATGTATGGCTGCGACGTGGGGTCGGACGGGCGCTTCCTCCGCGGGTATGAACAGCACGCCTACGACGGCAAGGATTACATCGCCCTGAACGAGGACCTGCGCTCTTGGACCGCGGCGGACATGGCGGCTCAGATCACCAAGCGCAAGTGGGAGGCGGCCCATGAGGCGGAGCAGTTGAGAGCCTACCTGGATGGCACGTGCGTGGAGTGGCTCCGCAGATACCTGGAGAACGGGAAGGAGACGCTGCAGCGCACGG">
        <child id="" num-old-names="2"/>
      </parent>
      <parent id="A2B2C1G000005" sequence="GTTCTCACACCCTCCAGATAATGTATGGCTGCGACGTGGGGTCGGACGGGCGCTTCCTCCGCGGGTATGAACAGCACGCCTACGACGGCAAGGATTACATCGCCCTGAACGAGGACCTGCGCTCTTGGACCGCGGCGGACATGGCGGCTCAGATCACCCAGCGCAAGTGGGAGGCGGCCCGTCGGGCGGAGCAGTTGAGAGCCTACCTGGAGGGCACGTGCGTGGAGTGGCTCCGCAGATACCTGGAGAACGGGAAGGAGACGCTGCAGCGCACGG">
        <child id="" num-old-names="1"/>
      </parent>
      <parent id="A1B1C1G000054" sequence="GGTCTCACACCCTCCAGGGAATGAATGGCTGCGACATGGGGCCCGACGGACGCCTCCTCCGCGGGTATCACCAGCACGCGTACGACGGCAAGGATTACATCTCCCTGAACGAGGACCTGCGCTCCTGGACCGCGGCGGACACCGTGGCTCAGATCACCCAGCGCTTCTATGAGGCAGAGGAATATGCAGAGGAGTTCAGGACCTACCTGGAGGGCGAGTGCCTGGAGTTGCTCCGCAGATACTTGGAGAATGGGAAGGAGACGCTACAGCGCGCAG">
        <child id="" num-old-names="22"/>
      </parent>
      <parent id="A1B2C2G000068" sequence="GTTCTCACACCATCCAGATAATGTATGGCTGCGACGTGGGGCCGGACGGGCGCTTCCTCCGCGGGTACCGGCAGGACGCCTACGACGGCAAGGATTACATCGCCCTGAAAGAGGACCTGCGCTCTTGGACCGCGGCGGACATGGCGGCTCAGATCACCAAGCGCAAGTGGGAGGCGGCCCATGTGGCGGAGCAGCAGAGAGCCTACCTGGAGGGCACGTGCGTGGACGGGCTCCGCAGATACCTGGAGAACGGGAAGGAGACGCTGCAGCGCACGG">
        <child id="" num-old-names="1"/>
      </parent>
      <parent id="A1B2C2G000008" sequence="GTTCTCACACCCTCCAGATGATGTTTGGCTGCGACGTGGGGTCGGACGGGCGCTTCCTCCGCGGGTACCACCAGTACGCCTACGACGGCAAGGATTACATCGCCCTGAAAGAGGACCTGCGCTCTTGGACCGCGGCGGACATGGCGGCTCAGATCACCAAGCGCAAGTGGGAGGCGGCCCATGTGGCGGAGCAGCAGAGAGCCTACCTGGAGGGCACGTGCGTGGACGGGCTCCGCAGATACCTGGAGAACGGGAAGGAGACGCTGCAGCGCACGG">
        <child id="91G" num-old-names="1"/>
        <child id="216C-217T" num-old-names="1"/>
        <child id="175A" num-old-names="1"/>
        <child id="75G" num-old-names="1"/>
        <child id="22C" num-old-names="1"/>
        <child id="57A" num-old-names="1"/>
        <child id="262T" num-old-names="1"/>
        <child id="165C" num-old-names="1"/>
        <child id="239C" num-old-names="1"/>
        <child id="244G" num-old-names="1"/>
        <child id="155A" num-old-names="1"/>
        <child id="162A" num-old-names="1"/>
        <child id="39T" num-old-names="1"/>
        <child id="202T" num-old-names="1"/>
        <child id="188A" num-old-names="1"/>
        <child id="163C" num-old-names="1"/>
        <child id="228T" num-old-names="1"/>
        <child id="187T" num-old-names="1"/>
        <child id="234G" num-old-names="1"/>
        <child id="172T" num-old-names="1"/>
        <child id="86G" num-old-names="1"/>
        <child id="267A" num-old-names="1"/>
        <child id="32A" num-old-names="1"/>
        <child id="79G" num-old-names="1"/>
        <child id="132A-133A" num-old-names="1"/>
        <child id="251T" num-old-names="1"/>
        <child id="274A" num-old-names="1"/>
        <child id="105T-110C" num-old-names="1"/>
        <child id="16G" num-old-names="1"/>
        <child id="110T" num-old-names="1"/>
        <child id="178T" num-old-names="1"/>
        <child id="174A" num-old-names="1"/>
        <child id="156C" num-old-names="1"/>
        <child id="232G" num-old-names="1"/>
        <child id="180T" num-old-names="1"/>
        <child id="12G" num-old-names="1"/>
        <child id="36C" num-old-names="1"/>
        <child id="182C" num-old-names="1"/>
        <child id="182A" num-old-names="1"/>
        <child id="145A" num-old-names="1"/>
        <child id="107A" num-old-names="1"/>
        <child id="271T" num-old-names="2"/>
        <child id="193G" num-old-names="1"/>
        <child id="218A" num-old-names="1"/>
        <child id="216G-217A" num-old-names="1"/>
        <child id="135A" num-old-names="1"/>
        <child id="77T" num-old-names="1"/>
        <child id="56G" num-old-names="1"/>
        <child id="75C" num-old-names="1"/>
        <child id="147A" num-old-names="1"/>
        <child id="65C" num-old-names="1"/>
        <child id="159C" num-old-names="2"/>
        <child id="65T" num-old-names="1"/>
        <child id="29T" num-old-names="1"/>
        <child id="64A" num-old-names="1"/>
        <child id="73G" num-old-names="1"/>
        <child id="83A" num-old-names="1"/>
        <child id="201C" num-old-names="1"/>
        <child id="130T" num-old-names="1"/>
        <child id="51T" num-old-names="1"/>
        <child id="252T" num-old-names="1"/>
        <child id="125C" num-old-names="1"/>
        <child id="131T" num-old-names="1"/>
        <child id="117T" num-old-names="1"/>
        <child id="270A" num-old-names="1"/>
        <child id="142G" num-old-names="1"/>
        <child id="221T" num-old-names="1"/>
        <child id="150T" num-old-names="1"/>
        <child id="84A" num-old-names="1"/>
        <child id="134C" num-old-names="1"/>
        <child id="19G" num-old-names="1"/>
        <child id="199A" num-old-names="1"/>
        <child id="12A" num-old-names="1"/>
        <child id="85C" num-old-names="1"/>
        <child id="27A" num-old-names="1"/>
        <child id="81C" num-old-names="1"/>
        <child id="262G" num-old-names="1"/>
        <child id="61A" num-old-names="2"/>
        <child id="119T" num-old-names="1"/>
        <child id="86A" num-old-names="1"/>
        <child id="263C" num-old-names="1"/>
        <child id="113A" num-old-names="1"/>
        <child id="116T" num-old-names="1"/>
        <child id="41A" num-old-names="1"/>
        <child id="275T" num-old-names="1"/>
        <child id="30C" num-old-names="1"/>
        <child id="181G" num-old-names="1"/>
        <child id="84T" num-old-names="1"/>
        <child id="271A" num-old-names="1"/>
        <child id="162T" num-old-names="1"/>
        <child id="19G-25A-48T" num-old-names="1"/>
        <child id="94T" num-old-names="1"/>
        <child id="201A" num-old-names="1"/>
        <child id="152C" num-old-names="1"/>
        <child id="140T" num-old-names="1"/>
        <child id="42C" num-old-names="1"/>
        <child id="105G" num-old-names="1"/>
        <child id="59A" num-old-names="1"/>
        <child id="139C" num-old-names="1"/>
        <child id="120A" num-old-names="1"/>
        <child id="39C" num-old-names="1"/>
        <child id="52T" num-old-names="1"/>
        <child id="111A" num-old-names="1"/>
        <child id="262A" num-old-names="1"/>
        <child id="244C" num-old-names="1"/>
        <child id="274G" num-old-names="1"/>
        <child id="59G" num-old-names="1"/>
        <child id="15G" num-old-names="1"/>
        <child id="49T" num-old-names="1"/>
        <child id="161C" num-old-names="1"/>
        <child id="275A" num-old-names="1"/>
        <child id="134A" num-old-names="1"/>
        <child id="67G" num-old-names="1"/>
        <child id="275C" num-old-names="1"/>
        <child id="54C" num-old-names="1"/>
        <child id="68T-69G" num-old-names="1"/>
        <child id="274T" num-old-names="1"/>
        <child id="17C" num-old-names="1"/>
        <child id="104T" num-old-names="1"/>
        <child id="126C" num-old-names="1"/>
        <child id="78A" num-old-names="1"/>
        <child id="169C" num-old-names="1"/>
        <child id="175T" num-old-names="1"/>
        <child id="188C" num-old-names="1"/>
        <child id="1T" num-old-names="1"/>
        <child id="" num-old-names="213"/>
        <child id="260A" num-old-names="1"/>
        <child id="101A" num-old-names="1"/>
        <child id="106C" num-old-names="1"/>
        <child id="25A-42C" num-old-names="1"/>
        <child id="233T" num-old-names="1"/>
        <child id="83T" num-old-names="1"/>
        <child id="68T-69A" num-old-names="1"/>
        <child id="58C" num-old-names="1"/>
        <child id="197C" num-old-names="1"/>
        <child id="163A" num-old-names="1"/>
        <child id="196G" num-old-names="1"/>
        <child id="251A" num-old-names="1"/>
        <child id="50A" num-old-names="1"/>
        <child id="99C" num-old-names="1"/>
        <child id="130G" num-old-names="1"/>
        <child id="136T" num-old-names="1"/>
        <child id="10A" num-old-names="1"/>
        <child id="199C" num-old-names="1"/>
        <child id="18T-19G-24A" num-old-names="1"/>
        <child id="86T" num-old-names="1"/>
        <child id="163T" num-old-names="1"/>
        <child id="240C" num-old-names="1"/>
        <child id="153C" num-old-names="1"/>
        <child id="87A" num-old-names="1"/>
        <child id="149C" num-old-names="1"/>
        <child id="56T" num-old-names="1"/>
        <child id="252A" num-old-names="1"/>
        <child id="143A" num-old-names="1"/>
        <child id="196C" num-old-names="1"/>
        <child id="100A" num-old-names="1"/>
        <child id="189T" num-old-names="1"/>
        <child id="71G-75G" num-old-names="1"/>
        <child id="141G" num-old-names="1"/>
        <child id="240A" num-old-names="1"/>
        <child id="12G-19G-25A" num-old-names="1"/>
        <child id="77A" num-old-names="1"/>
        <child id="217T" num-old-names="1"/>
        <child id="230A" num-old-names="1"/>
        <child id="63A" num-old-names="1"/>
        <child id="158T" num-old-names="1"/>
        <child id="78T" num-old-names="1"/>
        <child id="200G" num-old-names="1"/>
        <child id="77G" num-old-names="1"/>
        <child id="66C" num-old-names="1"/>
        <child id="195T-196G" num-old-names="1"/>
        <child id="76C" num-old-names="1"/>
        <child id="122T" num-old-names="1"/>
        <child id="87C" num-old-names="1"/>
        <child id="16T" num-old-names="1"/>
        <child id="12A-25A" num-old-names="1"/>
        <child id="187A" num-old-names="1"/>
        <child id="36A" num-old-names="1"/>
        <child id="25A" num-old-names="1"/>
        <child id="273G-275A" num-old-names="1"/>
        <child id="142C" num-old-names="1"/>
        <child id="206G" num-old-names="1"/>
        <child id="183A" num-old-names="1"/>
        <child id="273G" num-old-names="1"/>
        <child id="228C" num-old-names="1"/>
        <child id="146A" num-old-names="1"/>
        <child id="22A" num-old-names="1"/>
        <child id="142C-143C" num-old-names="1"/>
        <child id="154C" num-old-names="2"/>
        <child id="71T" num-old-names="1"/>
        <child id="110C" num-old-names="1"/>
        <child id="76T" num-old-names="1"/>
        <child id="212T" num-old-names="1"/>
      </parent>
      <parent id="A1B1C2G000111" sequence="GTTCTCACACCGTCCAGAGGATGTATGGCTGCGACGTGGGGTCGGACGGGCGCTTCCTCCGCGGGTACCAGCAGGACGCTTACGACGGCAAGGATTACATCGCCCTGAACGAGGACCTGCGCTCTTGGACCGCGGCGGACATGGCGGCTCAGATCACCCAGCGCAAGTGGGAGGCGGCCCATGTGGCGGAGCAGTTGAGAGCCTACCTGGAGGGCACGTGCGTGGAGTGGCTCCGCAGATACCTGGAGAACGGGAAGGAGACGCTGCAGCGCACGG">
        <child id="" num-old-names="1"/>
      </parent>
      <parent id="A1B1C1G000117" sequence="GTTCTCACACCATCCAGAGGATGTATGGCTGCGACGTGGGGCCGGACGGGCGCTTCCTCCGCGGGTACCGGCAGGACGCCTACGACGGCAAGGATTACATCGCCCTGAACGAGGACCTGCGCTCTTGGACCGCGGCGGACATGGCGGCTCAGATCACCAAGCGCAAGTGGGAGGCGGCCCATGAGGCGGAGCAGTTGAGAGCCTACCTGGATGGCACGTGCGTGGAGTGGCTCCGCAGATACCTGGAGAACGGGAAGGAGACGCTGCAGCGCACGG">
        <child id="" num-old-names="1"/>
      </parent>
      <parent id="A1B1C2G000010" sequence="GTTCTCACACCATCCAGAGGATGTATGGCTGCGACGTGGGGCCGGACGGGCGCTTCCTCCGCGGGTACCAGCAGGACGCTTACGACGGCAAGGATTACATCGCCCTGAACGAGGACCTGCGCTCCTGGACCGCGGCGGACATGGCGGCTCAGATCACCCAGCGCAAGTGGGAGACGGCCCATGAGGCGGAGCAGTGGAGAGCCTACCTGGAGGGCCGGTGCGTGGAGTGGCTCCGCAGATACCTGGAGAACGGGAAGGAGACGCTGCAGCGCACGG">
        <child id="" num-old-names="1"/>
      </parent>
      <parent id="A1B2C2G000001" sequence="GTTCTCACACCCTCCAGATGATGTTTGGCTGCGACGTGGGGTCGGACGGGCGCTTCCTCCGCGGGTACCACCAGTACGCCTACGACGGCAAGGATTACATCGCCCTGAAAGAGGACCTGCGCTCTTGGACCGCGGCGGACATGGCGGCTCAGATCACCAAGCGCAAGTGGGAGGCGGCCCATGTGGCGGAGCAGCAGAGAGCCTACCTGGAGGGCCGGTGCGTGGAGTGGCTCCGCAGATACCTGGAGAACGGGAAGGAGACGCTGCAGCGCACGG">
        <child id="" num-old-names="3"/>
        <child id="227C-228G" num-old-names="1"/>
      </parent>
      <parent id="A1B1C2G000043" sequence="GTTCTCACACCCTCCAGAGGATGTATGGCTGCGACGTGGGGTCGGACTGGCGCTTCCTGCGCGGGTACCACCAGTACGCCTACGACGGCAAGGATTACATCGCCCTGAAAGAGGACCTGCGCTCTTGGACCGCGGCGGACATGGCAGCTCAGACCACCAAGCACAAGTGGGAGGCGGCCCATGTGGCGGAGCAGTGGAGAGCCTACCTGGAGGGCCGGTGCGTGGAGTGGCTCCGCAGATACCTGGAGAACGGGAAGGAGACGCTGCAGCGCACGG">
        <child id="" num-old-names="1"/>
      </parent>
      <parent id="A1B1C2G000004" sequence="GTTCTCACACCATCCAGATAATGTATGGCTGCGACGTGGGGCCGGACGGGCGCTTCCTCCGCGGGTACCGGCAGGACGCCTACGACGGCAAGGATTACATCGCCCTGAACGAGGACCTGCGCTCTTGGACCGCGGCGGACATGGCAGCTCAGATCACCAAGCGCAAGTGGGAGGCGGCCCATGCGGCGGAGCAGCAGAGAGCCTACCTGGAGGGCCGGTGCGTGGACGGGCTCCGCAGATACCTGGAGAACGGGAAGGAGACGCTGCAGCGCACGG">
        <child id="" num-old-names="3"/>
      </parent>
      <parent id="A1B2C2G000006" sequence="GTTCTCACACCATCCAGATAATGTATGGCTGCGACGTGGGGTCGGACGGGCGCTTCCTCCGCGGGTACCGGCAGGACGCCTACGACGGCAAGGATTACATCGCCCTGAACGAGGACCTGCGCTCTTGGACCGCGGCGGACATGGCGGCTCAGATCACCAAGCGCAAGTGGGAGGCGGCCCATGAGGCGGAGCAGCTGAGAGCCTACCTGGATGGCACGTGCGTGGAGTGGCTCCGCAGATACCTGGAGAACGGGAAGGAGACGCTGCAGCGCACGG">
        <child id="" num-old-names="1"/>
        <child id="212G" num-old-names="1"/>
      </parent>
      <parent id="A1B2C1G000037" sequence="GGTCTAACACCCTCCAGATAATGTATGGCTGCGACTTGGGGCTGGAAGGGCGCCTCCTCCGCGGGTATGAACAGCACGCCAACGATGGCAAGGATTACATAGCCCGGAACTAGGACCTGCGCTCCTGGACCGCGGCGGACATGGCGGCTCAGATCATCAAGCGCAAGTGGGAGGCAGAAGAATTTGCAGAGCAGATCAGGGCCTACCTGGAGGGCACGTGCGTGGAGAGGCTCGCAGACACCTGGAGAACGGGAAGGAGACGCTGCAGCTCACTG">
        <child id="" num-old-names="1"/>
      </parent>
      <parent id="A1B1C1G000041" sequence="GTTCTCACACCATCCAGATGATGTATGGCTGCGACGTGGGGTCGGACGGGCGCTTCCTCCGCGGGTACCGGCAGGACGCCTACGACGGCAAGGATTACATCGCCTTGAACGAGGACCTGCGCTCTTGGACCGCGGCGGACATGGCAGCTCAGACCACCAAGCACAAGTGGGAGGCGGCCCATGTGGCGGAGCAGTTGAGAGCCTACCTGGAGGGCACGTGCGTGGAGTGGCTCCGCAGATACCTGGAGAACGGGAAGGAGACGCTGCAGCGCACGG">
        <child id="" num-old-names="1"/>
      </parent>
      <parent id="A1B2C2G000057" sequence="GGTCTCACACCCTGCAGTGGATGCATGGCTGCGAGCTGGGGCCCGACGGGCGCTTCCTCCGCGGGTATGAACAGTTCGCCTACGACGGCAAGGATTATCTCACCCTGAATGAGGACCTGCGCTCCTGGACCGCGGTGGACACGGCGGCTCAGATCTCCGAGCAAAAGTCAAATGATGCCTCTGAGGCGGAGCACCAGAGAGCCTACCTGGAAGACACATGCGTGGAGTGGCTCCACAAATACCTGGAGAAGGGGAAGGAGACGCTGCTTCACCTGG">
        <child id="" num-old-names="11"/>
      </parent>
      <parent id="A1B1C1G000106" sequence="GTTCTCACACCATCCAGATAATGTATGGCGTGGGGTCGGACGGGCGCTTCCTCCGCGGGTACCGGCAGGACGCCTACGACGGCAAGGATTACATCGCCCTGAACGAGGACCTGCGCTCTTGGACCGCGGCGGACATGGCGGCTCAGATCACCAAGCGCAAGTGGGAGGCGGCCCATGAGGCGGAGCAGTTGAGAGCCTACCTGGATGGCACGTGCGTGGAGTGGCTCCGCAGATACCTGGAGAACGGGAAGGAGACGCTGCAGCGCACGG">
        <child id="" num-old-names="1"/>
      </parent>
      <parent id="A1B1C2G000058" sequence="GTTCTCACACCCTCCAGATGATGTTTGGCTGCGACGTGGGGTCGGACGGGCGCTTCCTCCGCGGGTACCACCAGTACGCCTACGACGGCAAGGATTACATCGCCCTGAAAGAGGACCTGCGCTCTTGGACCGCGGCGGACATGGCGGCTCAGATCACCAAGCGCAAGTGGGAGGCGGCCCATGTGGCGGAGCAGCAGAGAGCCTACCTGGAGGGCACGTGCGTGGAGTGGCTCCGCAGATACCTGGAGAACGGGAAGGAGACGCTGCAGCGCACTG">
        <child id="" num-old-names="1"/>
      </parent>
      <parent id="A1B1C2G000028" sequence="GTTCTCACACCATGCAGGTGATGTATGGCTGCGACGTGGGGCCCGACGGGCGCTTCCTCCGCGGGTATGAACAGCACGCCTACGACAGCAAGGATTACATCGCTCTGAACGAGGACCTGCGCTCCTGGACCGCGGCGGACATGGCAGCTCAGATCACCAAGCGCAAGTGGGAGGCGGCCCGTCAGGCGGAGCAGCTGAGAGCCTACCTGGAGGGCGAGTTCGTGGAGTGGCTCCGCAGATACCTGGAGAACGGGAAGGAGACGCTGCAGCGCGCGG">
        <child id="" num-old-names="3"/>
      </parent>
    </target>
  </ruleset>
</project>
