<?xml version="1.0" encoding="UTF-8" standalone="no"?>
<project id="Project-ID" timestamp="2017/03/01 17:03:12">
  <ruleset id="IMGT-325">
    <target id="A-exon3">
      <parent id="A1B2C2G000019" sequence="GTTCTCACACCCTCCAGATGATGTTTGGCTGCGACGTGGGGTCGGACGGGCGCTTCCTCCGCGGGTACCACCAGTACGCCTACGACGGCAAGGATTACATCGCCCTGAAAGAGGACCTGCGCTCTTGGACCGCGGCGGACATGGCGGCTCAGATCACCAAGCGCAAGTGGGAGGCGGCCCATGTGGCGGAGCAGTTGAGAGCCTACCTGGAGGGCACGTGCGTGGAGTGGCTCCGCAGATACCTGGAGAACGGGAAGGAGACGCTGCAGCGCACGG">
        <child id=""/>
      </parent>
      <parent id="A1B1C1G000074" sequence="GTTCTCACACCATCCAGATGATGTATGGCTGCGACGTGGGGTCGGACGGGCGCTTCCTCCGCGGGTACCGGCAGGACGCCTACGACGGCAAGGATTACATCGCCCTGAAAGAGGACCTGCGCTCTTGGACCGCGGCGGACATGGCAGCTCAGACCACCAAGCACAAGTGGGAGGCGGCCCATGTGGCGGAGCAGCAGAGAGCCTACCTGGAGGGCCGGTGCGTGGAGTGGCTCCGCAGATACCTGGAGAACGGGAAGGAGACGCTGCAGCGCACGG">
        <child id=""/>
      </parent>
      <parent id="A1B1C1G000046" sequence="GTTCTCACACCCTCCAGATGATGTTTGGCTGCGACGTGGGGTCGGACGGGCGCTTCCTCCGCGGGTACCACCAGTACGCCTACGACGGCAAGGATTACATCGCCCTGAAAGAGGACCTGCGCTCTTGGACCGCGGCGGACATGGCGGCTCAGATCACCAAGCGCAAGTGGGAGGCGGCCCATGAGGCGGAGCAGTTGAGAGCCTACCTGGATGGCACGTGCGTGGAGTGGCTCCGCAGATACCTGGAGAACGGGAAGGAGACGCTGCAGCGCACGG">
        <child id=""/>
      </parent>
      <parent id="A1B1C1G000107" sequence="GTTCTCACACCATCCAGAGGAAGCATGGCTGCGACGTGGGCCCGACAGGCGCCTCCTCCGCAGGTATGAACAGTTCGCCTACGATGGCAAGGATTACATCGCCCTGAACGAGGACCTGCACTCCTGGACCGCCGCGAACACAGCGGCTCAGATCTCCCAGCACAAGTGGGAAGCGGACAAATACTCAGAGCAGGTCAGGGCCTACCTGAGGGCAAGTGCATGGAGTGGCTCCGCAGACACCTGGAGAACGGGAAGGAGACGCTGCAGCACGCGG">
        <child id=""/>
      </parent>
      <parent id="A1B1C1G000008" sequence="GTTCTCACACCCTCCAGAAGATGTTTGGCTGCGACGTGGGGTCGGACGGGCGCTTCCTCCGCGGGTACCACCAGTACGCCTACGACGGCAAGGATTACATCGCCCTGAAAGAGGACCTGCGCTCTTGGACCGCGGCGGACATGGCGGCTCAGATCACCAAGCGCAAGTGGGAGGCGGCCCATGTGGCGGAGCAGCAGAGAGCCTACCTGGAGGGCACGTGCGTGGACGGGCTCCGCAGATACCTGGAGAACGGGAAGGAGACGCTGCAGCGCACGG">
        <child id=""/>
      </parent>
      <parent id="A1B1C1G000050" sequence="GTTCTCACACCATGCAGGTGATGTATGGCTGCGACGTGGGGTCGGACGGGCGCTTCCTCCGCGGGTACCGGCAGGACGCCTACGACGGCAAGGATTACATCGCCCTGAACGAGGACCTGCGCTCTTGGACCGCGGCGGACATGGCGGCTCAGATCACCAAGCGCAAGTGGGAGGCGGCCCATGAGGCGGAGCAGTTGAGAGCCTACCTGGATGGCACGTGCGTGGAGTGGCTCCGCAGATACCTGGAGAACGGGAAGGAGACGCTGCAGCGCACGG">
        <child id=""/>
      </parent>
      <parent id="A1B1C1G000120" sequence="GTTCTCACACCATCCAGATAATGTATGGCTGCGACGTGGGGCCGGACGGGCGCTTCCTCCGCGGGTACCGGCAGGACGCCTACGACGGCAAGGATTACATCGCCCTGAACGAGGACCTGCGCTCTTGGACCGCGGCGGACATGGCAGCTCAGATCACCAAGCGCAAGTGGGAGGCGGTCCATGCGGCGGAGCAGCGGAGAGTCTACCTGGAGGGCCGGTGCGTGGACGGGCTCCGCAGATACCTGGAGAACGGGAAGGAGACGCTGAGCGCACGG">
        <child id=""/>
      </parent>
      <parent id="A2B2C2G000060" sequence="GTTCTCACACCGTCCAGAGGATGTGTGGCTGCGACGTGGGGTCGGACTGGCGCTTCCTCCGCGGGTACCACCAGTACGCCTACGACGGCAAGGATTACATCGCCCTGAAAGAGGACCTGCGCTCTTGGACCGCGGCGGACATGGCAGCTCAGACCACCAAGCACAAGTGGGAGACGGCCCATGAGGCGGAGCAGTGGAGAGCCTACCTGGAGGGCACGTGCGTGGAGTGGCTCCGCAGATACCTGGAGAACGGGAAGGAGACGCTGCAGCGCACGG">
        <child id=""/>
      </parent>
      <parent id="A1B1C2G000129" sequence="GTTCTCACACCATCCAGATAATGTATGGCTGCGACGTGGGGCCGGACGGGCGCTTCCTCCGCGGGTACCACCAGTACGCCTACGACGGCAAGGATTACATCGCCCTGAAAGAGGACCTGCGCTCTTGGACCGCGGCGGACATGGCGGCTCAGATCACCAAGCGCAAGTGGGAGGCGGCCCATGTGGCGGAGCAGCAGAGAGCCTACCTGGAGGGCACGTGCGTGGACGGGCTCCGCAGATACCTGGAGAACGGGAAGGAGACGCTGCAGCGCACGG">
        <child id=""/>
      </parent>
      <parent id="A1B1C1G000084" sequence="GTTCTCACACCATCCAGAGGATGTATGGCTGCGACGTGGGGCCGGACGGGCGCTTCCTCCGCGGGTACCACCAGTACGCCTACGACGGCAAGGATTACATCGCCCTGAAAGAGGACCTGCGCTCTTGGACCGCGGCGGACATGGCAGCTCAGACCACCAAGCACAAGTGGGAGGCGGCCCATGAGGCGGAGCAGTGGAGAGCCTACCTGGAGGGCCGGTGCGTGGAGTGGCTCCGCAGATACCTGGAGAACGGGAAGGAGACGCTGCAGCGCACGG">
        <child id=""/>
      </parent>
      <parent id="A2B1C1G000009" sequence="GTTCTCACACCATCCAGATGATGTATGGCTGCCACGTGGGGCCGGACGGGCGCTTCCTCCGCGGGTACCGGCAGGACGCCTACGACGGCAAGGATTACATCGCCTTGAACGAGGACCTGCGCTCTTGGACCGCGGCGGACATGGCGGCTCAGATCACCCAGCGCAAGTGGGAGGCGGCCCGTGTGGCGGAGCAGTTGAGAGCCTACCTGGAGGGCACGTGCGTGGAGTGGCTCCGCAGATACCTGGAGAACGGGAAGGAGACGCTGCAGCGCACGG">
        <child id=""/>
      </parent>
      <parent id="A1B1C2G000022" sequence="GTTCTCACACCATCCAGATAATGTATGGCTGCGACGTGGGGCCGGACGGGCGCTTCCTCCGCGGGTACCGGCAGGACGCCTACGACGGCAAGGATTACATCGCCCTGAACGAGGACCTGCGCTCTTGGACCGCGGCGGACATGGCAGCTCAGATCACCAAGCGCAAGTGGGAGGCGGTCCATGCGGCGGAGCAGCGGAGAGTCTACCTGGAGGGCACGTGCGTGGAGTGGCTCCGCAGATACCTGGAGAACGGGAAGGAGACGCTGCAGCGCACGG">
        <child id=""/>
      </parent>
      <parent id="A1B2C2G000038" sequence="GTTCTCACACCCTCCAGAGGGTGTATGGCTGCGACGTGGGGTCGGACTGGCGCTTCCTGCGCGGGTACCACCAGTACGCCTACGACGGCAAGGATTACATCGCCCTGAAAGAGGACCTGCGCTCTTGGACCGCGGCGGACATGGCAGCTCAGACCACCAAGCACAAGTGGGAGGCGGCCCATGTGGCGGAGCAGTGGAGAGCCTACCTGGAGGGCACGTGCGTGGAGTGGCTCCGCAGATACCTGGAGAACGGGAAGGAGACGCTGCAGCGCACGG">
        <child id=""/>
      </parent>
      <parent id="A1B1C1G000080" sequence="GTTCTCACACCATCCAGATGATGTATGGCTGCGACGTGGGGTCGGACGGGCGCTTCCTCCGCGGGTACCAGCAGGACGCCTACGACGGCAAGGATTACATCGCCTTGAACGAGGACCTGCGCTCTTGGACCGCGGCGGACATGGCGGCTCAGATCACCCAGCGCAAGTGGGAGGCGGCCCATGTGGCGGAGCAGTGGAGAGCCTACCTGGAGGGCACGTGCGTGGAGTGGCTCCGCAGATACCTGGAGAACGGGAAGGAGACGCTGCAGCGCACGG">
        <child id=""/>
      </parent>
      <parent id="A1B1C2G000033" sequence="GTTCTCACACCATCCAGATAATGTATGGCTGCGACGTGGGGTCGGACGGGCGCTTCCTCCGCGGGTACCGGCAGGACGCCTACGACGGCAAGGATTACATCGCCCTGAACGAGGACCTGCGCTCTTGGACCGCGGCGGACATGGCGGCTCAGATCACCAAGCGCAAGTGGGAGGCGGCCCGTCGGGCGGAGCAGCTGAGAGCCTACCTGGAGGGCACGTGCGTGGACGGGCTCCGCAGATACCTGGAGAACGGGAAGGAGACGCTGCAGCGCACGG">
        <child id=""/>
      </parent>
      <parent id="A1B1C1G000129" sequence="GTTCTCACACCCTCCAGATAATGTATGGCTGCGACGTGGGGCCGGACGGGCGCTTCCTCCGCGGGTACCACCAGTACGCCTACGACGGCAAGGATTACATCGCCCTGAAAGAGGACCTGCGCTCTTGGACCGCGGCGGACATGGCGGCTCAGATCACCAAGCGCAAGTGGGAGGCGGCCCATGTGGCGGAGCAGCAGAGAGCCTACCTGGAGGGCACGTGCGTGGACGGGCTCCGCAGATACCTGGAGAACGGGAAGGAGACGCTGCAGCGCACGG">
        <child id=""/>
      </parent>
      <parent id="A1B1C1G000061" sequence="GTTCTCACACCATCCAGATAATGTATGGCTGCGACGTGGGGTCGGACGGGCGCTTCCTCCGCGGGTATGAACAGCACGCCTACGACGGCAAGGATTACATCGCCCTGAACGAGGACCTGCGCTCTTGGACCGCGGCGGACATGGCGGCTCAGATCACCCAGCGCAAGTGGGAGGCGGCCCATGTGGCGGAGCAGCAGAGAGCCTACCTGGAGGGCACGTGCGTGGAGTGGCTCCGCAGATACCTGGAGAACGGGAAGGAGACGCTGCAGCGCACGG">
        <child id=""/>
      </parent>
      <parent id="A1B1C1G000071" sequence="GTTCTCACACCATCCAGATGATGTATGGCTGCGACGTGGGGTCGGACGGGCGCTTCCTCCGCGGGTACCAGCAGGACGCCTACGACGGCAAGGATTACATCGCCCTGAAAGAGGACCTGCGCTCTTGGACCGCGGCGGACATGGCGGCTCAGATCACCCAGCGCAAGTGGGAGGCGGCCCGTGTGGCGGAGCAGTTGAGAGCCTACCTGGAGGGCACGTGCGTGGAGTGGCTCCGCAGATACCTGGAGAACGGGAAGGAGACGCTGCAGCGCACGG">
        <child id=""/>
      </parent>
      <parent id="A1B1C1G000105" sequence="GTTCTCACACCATGATGTATGGCTGCGACGTGGGGCCGGACGGGCGCCTCCTCCGCGGGTACCAGCAGGACGCCTACGACGGCAAGGATTACATCGCCTTGAACGAGGACCTGCGCTCTTGGACCGCGGCGGACATGGCGGCTCAGATCACCCAGCGCAAGTGGGAGGCGGCCCGTGTGGCGGAGCAGTTGAGAGCCTACCTGGAGGGCACGTGCGTGGAGTGGCTCCGCAGATACCTGGAGAACGGGAAGGAGACGCTGCAGCGCACGG">
        <child id=""/>
      </parent>
      <parent id="A1B1C1G000108" sequence="GTTCTCACACCGTCCAGAGGATGTATGGCTGCGACGTGGGGTCGGACGGGCGCTTCCTCCGCGGGTACCAGCAGGACGCCTACGACGGCAAGGATTACATCGCCCTGAAAGAGGACCTGCGCTCTTGGACCGCGGCGGACATGGCAGCTCAGACCACCAAGCACAAGTGGGAGACGGCCCATGAGGCGGAGCAGTGGAGAGCCTACCTGGAGGGCACGTGCGTGGAGTGGCTCCGCAGATACCTGGAGAACGGGAAGGAGACGCTGCAGCGCACGG">
        <child id=""/>
      </parent>
      <parent id="A1B1C1G000119" sequence="GTTCTCACACCCTCCAGATGATGTATGGCTGCGACGTGGGGCCGGACGGGCGCTTCCTCCGCGGGTACCGGCAGGACGCCTACGACGGCAAGGATTACATCGCCCTGAACGAGGACCTGCGCTCTTGGACCGCGGCGGACATGGCAGCTCAGATCACCAAGCGCAAGTGGGAGGCGGTCCATGCGGCGGAGCAGCGGAGAGTCTACCTGGAGGGCACGTGCGTGGAGTGGCTCCGCAGATACCTGGAGAACGGGAAGGAGACGCTGCAGCGCACGG">
        <child id=""/>
      </parent>
      <parent id="A1B1C1G000003" sequence="GTTCTCACACCATCCAGAGGATGTATGGCTGCGACGTGGGGCCGGACGGGCGCTTCCTCCGCGGGTACCACCAGTACGCCTACGACGGCAAGGATTACATCGCCCTGAAAGAGGACCTGCGCTCTTGGACCGCAGCGGACATGGCAGCTCAGACCACCAAGCACAAGTGGGAGGCGGCCCATGTGGCGGAGCAGTGGAGAGCCTACCTGGAGGGCACGTGCGTGGAGTGGCTCCGCAGATACCTGGAGAACGGGAAGGAGACGCTGCAGCGCACGG">
        <child id=""/>
      </parent>
      <parent id="A1B1C1G000096" sequence="GTTCTCACACCATCCAGATAATGTATGGCTGCGACGTGGGGCCGGACGGGCGCTTCCTCCGCGGGTACCGGCAGGACGCCTACGACGGCAAGGATTACATCGCCCTGAACGAGGACCTGCGCTCTTGGACCGCGGCGGACATGGCAGCTCAGATCACCAAGCGCAAGTGGGAGGCGGTCCATGCGGCGGAGCAGCGGAGAGTCTACCTGGAGGGCGGTGCGTGGACGGGCTCCGCAGATACCTGGAGAACGGGAAGGAGACGCTGCAGCGCACGG">
        <child id=""/>
      </parent>
      <parent id="A1B1C1G000042" sequence="GTTCTCACACCATCCAGATGATGTATGGCTGCGACGTGGGGCCGGACGGGCGCCTCCTCCGCGGGTACCAGCAGGACGCCTACGACGGCAAGGATTACATCGCCTTGAACGAGGACCTGCGCTCTTGGACCGCGGCGGACATGGCAGCTCAGATCACCAAGCGCAAGTGGGAGGCGGCCCGTGTGGCGGAGCAGTTGAGAGCCTACCTGGAGGGCACGTGCGTGGAGTGGCTCCGCAGATACCTGGAGAACGGGAAGGAGACGCTGCAGCGCACGG">
        <child id=""/>
      </parent>
      <parent id="A1B2C1G000053" sequence="GTTCTCACACCATCCAGAGGATGTATGGCTGCGACGTGGGGCCGGACGGGCGCTTCCTCCGCGGGTACCAGCAGGACGCTTACGACGGCAAGGATTACATCGCCCTGAACGAGGACCTGCGCTCTTGGACCGCGGCGGACATGGCGGCTCAGATCACCCAGCGCAAGTGGGAGACGGCCCATGTGGCGGAGCAGCAGAGAGCCTACCTGGAGGGCACGTGCGTGGAGTGGCTCCGCAGATACCTGGAGAACGGGAAGGAGACGCTGCAGCGCACGG">
        <child id=""/>
      </parent>
      <parent id="A1B1C2G000015" sequence="GTTCTCACACCATCCAGATAATGTATGGCTGCGACGTGGGGTCGGACGGGCGCTTCCTCCGCGGGTACCGGCAGGACGCCTACGACGGCAAGGATTACATCGCCCTGAACGAGGACCTGCGCTCTTGGACCGCGGCGGACATGGCGGCTCAGATCACCAAGCGCAAGTGGGAGGCGGCCCATGTGGCGGAGCAGCAGAGAGCCTACCTGGATGGCACGTGCGTGGAGTGGCTCCGCAGATACCTGGAGAACGGGAAGGAGACGCTGCAGCGCACGG">
        <child id="163C"/>
        <child id="75T"/>
        <child id="182C"/>
        <child id="212G"/>
        <child id="139C"/>
        <child id=""/>
        <child id="184A-199C"/>
      </parent>
      <parent id="A1B2C2G000052" sequence="GTTCTCACACCATCCAGATGATGTATGGCTGCGACGTGGGGTCGGACGGGCGCTTCCTCCGCGGGTACCGGCAGGACGCCTACGACGGCAAGGATTACATCGCCCTGAAAGAGGACCTGCGCTCTTGGACCGCGGCGGACATGGCAGCTCAGATCACCAAGCACAAGTGGGAGGCGGCCCATGTGGCGGAGCAGTGGAGAGCCTACCTGGAGGGCACGTGCGTGGACGGGCTCCGCAGATACCTGGAGAACGGGAAGGAGACGCTGCAGCGCACGG">
        <child id=""/>
      </parent>
      <parent id="A1B1C1G000065" sequence="GTTCTCACACCGTCCAGAGGATGTTTGGCTGCGACGTGGGGTCGGACGGGCGCTTCCTCCGCGGGTACCACCAGTACGCCTACGACGGCAAGGATTACATCGCCCTGAAAGAGGACCTGCGCTCTTGGACCGCGGCGGACATGGCGGCTCAGATCACCAAGCACAAGTGGGAGGCGGCCCATGTGGCGGAGCAGTTGAGAGCCTACCTGGAGGGCACGTGCGTGGAGTGGCTCCGCAGATACCTGGAGAACGGGAAGGAGACGCTGCAGCGCACGG">
        <child id=""/>
      </parent>
      <parent id="A2B2C1G000028" sequence="GTTCTCACACCATGCAGGTGATGTATGGCTGCGACTTGGGGCCCGACGGGCGCTTCCTCCGCGGGTATGAACAGCACGCCTACGACGGCAAGGATTACATCGCTCTGAACGAGGACCTGCGCTCCTGGACCGCGGCGGACATGGCAGCTCAGATCACCAAGCGCAAGTGGGAGGCGGCCCGTCGGGCGGAGCAGCGGAGAGTCTACCTGGAGGGCGAGTTCGTGGAGTGGCTCCGCAGATACCTGGAGAACGGGAAGGAGACGCTGCAGCGCGCGG">
        <child id=""/>
      </parent>
      <parent id="A1B1C1G000044" sequence="GTTCTCACACCGTCCAGAGGATGTATGGCTGCGACGTGGGGTCGGACTGGCGCTTCCTCCGCGGGTACCACCAGTACGCCTACGACGGCAAGGATTACATCGCCCTGAAAGAGGACCTGCGCTCTTGGACCGCGGCGGACATGGCAGCTCAGACCACCAAGCGCAAGTGGGAGGCGGCCCATGTGGCGGAGCAGCAGAGAGCCTACCTGGAGGGCACGTGCGTGGACGGGCTCCGCAGATACCTGGAGAACGGGAAGGAGACGCTGCAGCGCACGG">
        <child id=""/>
      </parent>
      <parent id="A1B1C1G000051" sequence="GTTCTCACACCCTCCAGATGATGTTTGGCTGCGACGTGGGGTCGGACTGGCGCTTCCTCCGCGGGTACCACCAGTACGCCTACGACGGCAAGGATTACATCGCCCTGAAAGAGGACCTGCGCTCTTGGACCGCGGCGGACATGGCAGCTCAGACCACCAAGCACAAGTGGGAGGCGGCCCATGTGGCGGAGCAGTTGAGAGCCTACCTGGAGGGCACGTGCGTGGAGTGGCTCCGCAGATACCTGGAGAACGGGAAGGAGACGCTGCAGCGCACGG">
        <child id=""/>
      </parent>
      <parent id="A1B1C1G000127" sequence="GTTCTCACACCATCCAGATAATGTATGGCTGCGACGTGGGGTCGGACGGGCGCTTCCTCCGCGGGTATGAACAGCACGCCTACGACGGCAAGGATTACATCGCCCTGAACGAGGACCTGCGCTCTTGGACCGCGGCGGACATGGCGGCTCAGATCACCCAGCGCAAGTGGGAGCGGACATGGCGGCTCAGATCACCCAGCGCAAGTGGGAGGCGGCCCGTTGGGCGGAGCAGTTGAGAGCCTACCTGGAGGGCACGTGCGTGGAGTGGCTCCGCAGATACCTGGAGAACGGGAAGGAGACGCTGCAGCGCACGG">
        <child id=""/>
      </parent>
      <parent id="A1B1C1G000082" sequence="GTTCTCACACCCTCCAGAGGATGTACGGCTGCGACGTGGGGTCGGACGGGCGCTTCCTCCGCGGGTATGAACAGCACGCCTACGACGGCAAGGATTACATCGCCCTGAACGAGGACCTGCGCTCTTGGACCGCGGCGGACATGGCGGCTCAGATCACCCAGCGCAAGTGGGAGGCGGCCCGTTGGGCGGAGCAGTTGAGAGCCTACCTGGAGGGCACGTGCGTGGAGTGGCTCCGCAGATACCTGGAGAACGGGAAGGAGACGCTGCAGCGCACGG">
        <child id=""/>
      </parent>
      <parent id="A1B2C1G000111" sequence="GTTCTCACACCATCCAGAGGATGTATGGCTGCGACGTGGGGCCGGACGGGCGCTTCCTCCGCGGGTACCAGCAGGACGCTTACGACGGCAAGGATTACATCGCCCTGAACGAGGACCTGCGCTCTTGGACCGCGGCGGACATGGCGGCTCAGATCACCCAGCGCAAGTGGGAGGCGGCCCGTGTGGCGGAGCAGTGGAGAGCCTACCTGGAGGGCCGGTGCGTGGAGTGGCTCCGCAGATACCTGGAGAACGGGAAGGAGACGCTGCAGCGCACGG">
        <child id=""/>
      </parent>
      <parent id="A1B1C1G000052" sequence="GTTCTCACACCATCCAGATGATGTATGGCTGCGACGTGGGGTCGGACGGGCGCTTCCTCCGCGGGTACCGGCAGGACGCCTACGACGGCAAGGATTACATCGCCCTGAAAGAGGACCTGCGCTCTTGGACCGCGGCGGACATGGCAGCTCAGACCACCAAGCACAAGTGGGAGGCGGCCCATGTGGCGGAGCAGCAGAGAGCCTACCTGGAGGGCACGTGCGTGGACGGGCTCCGCAGATACCTGGAGAACGGGAAGGAGACGCTGCAGCGCACGG">
        <child id=""/>
      </parent>
      <parent id="A1B1C1G000111" sequence="GTTCTCACACCATCCAGAGGATGTATGGCTGCGACGTGGGGCCGGACGGGCGCTTCCTCCGCGGGTACCAGCAGGACGCTTACGACGGCAAGGATTACATCGCCCTGAACGAGGACCTGCGCTCTTGGACCGCGGCGGACATGGCGGCTCAGATCACCCAGCGCAAGTGGGAGGCGGCCCGTGTGGCGGAGCAGTTGAGAGCCTACCTGGAGGGCACGTGCGTGGAGTGGCTCCGCAGATACCTGGAGAACGGGAAGGAGACGCTGCAGCGCACGG">
        <child id=""/>
      </parent>
      <parent id="A1B2C2G000027" sequence="GTTCTCATACCCTCCAGTGGATGATTGGCTGCGACCTGGGGTCCGACGGACGCCTCCTCCGCGGGTATGAACAGTATGCCTACGATGGCAAGGATTACCTCGCCCTGAACGAGGACCTGCGCTCCTGGACCGCAGCGGACACTGCGGCTCAGATCTCCAAGCGCAAGTGTGAGGCGGCCAATGTGGCTGAACAAAGGAGAGCCTACCTGGAGGGCACGTGCGTGGAGTGGCTCCACAGATACCTGGAGAACGGGAAGGAGATGCTGCAGCGCGCGG">
        <child id="236T"/>
        <child id="204C"/>
        <child id=""/>
        <child id="43G"/>
        <child id="50T"/>
      </parent>
      <parent id="A1B2C2G000035" sequence="GTTCTCACACCGTCCAGAGGATGTATGGCTGCGACGTGGGGTCGGACTGGCGCTTCCTCCGCGGGTACCACCAGTACGCCTACGACGGCAAGGATTACATCGCCCTGAAAGAGGACCTGCGCTCTTGGACCGCGGCGGACATGGCAGCTCAGACCACCAAGCACAAGTGGGAGGCGGCCCATGTGGCGGAGCAGTTGAGAGCCTACCTGGAGGGCGAGTTCGTGGAGTGGCTCCGCAGATACCTGGAGAACGGGAAGGAGACGCTGCAGCGCACGG">
        <child id=""/>
      </parent>
      <parent id="A1B2C2G000060" sequence="GTTCTCACACCGTCCAGAGGATGTTTGGCTGCGACGTGGGGTCGGACTGGCGCTTCCTCCGCGGGTACCACCAGTACGCCTACGACGGCAAGGATTACATCGCCCTGAAAGAGGACCTGCGCTCTTGGACCGCGGCGGACATGGCAGCTCAGACCACCAAGCACAAGTGGGAGACGGCCCATGAGGCGGAGCAGTGGAGAGCCTACCTGGAGGGCACGTGCGTGGAGTGGCTCCGCAGATACCTGGAGAACGGGAAGGAGACGCTGCAGCGCACGG">
        <child id=""/>
      </parent>
      <parent id="A2B1C2G000034" sequence="GTTCTCACACCATCCAGATAATGTATGGCTGCGACGTGGGGTCGGACGGGCGCTTCCTCCGCGGGTACCGGTAGGACGCTTACGACGGCAAGGATTACATCGCCCTGAACGAGGACCTGCGCTCTTGGACCGCGGCGGACATGGCGGCTCAGATCACCCAGCGCAAGTGGGAGACGGCCCATGAGGCGGAGCAGTTGAGAGCCTACCTGGAGGGCACGTGCGTGGAGTGGCTCCGCAGATACCTGGAGAACGGGAAGGAGACGCTGCAGCGCACGG">
        <child id=""/>
      </parent>
      <parent id="A1B1C1G000001" sequence="GTTCTCACACCCTCCAGATGATGTTTGGCTGCGACGTGGGGTCGGACGGGCGCTTCCTCCGCGGGTACCACCAGTACGCCTACGACGGCAAGGATTACATCGCCCTGAAAGAGGACCTGCGCTCTTGGACCGCGGCGGACATGGCGGCTCAGATCACCAAGCGCAAGTGGGAGGCGGCCCATGCGGCGGAGCAGCAGAGAGCCTACCTGGAGGGCCGGTGCGTGGAGTGGCTCCGCAGATACCTGGAGAACGGGAAGGAGACGCTGCAGCGCACGG">
        <child id=""/>
      </parent>
      <parent id="A1B2C2G000000" sequence="GTTCTCACACCCTCCAGATGATGTTTGGCTGCGACGTGGGGTCGGACGGGCGCTTCCTCCGCGGGTACCGGCAGGACGCCTACGACGGCAAGGATTACATCGCCTTGAACGAGGACCTGCGCTCTTGGACCGCGGCGGACATGGCGGCTCAGATCACCCAGCGCAAGTGGGAGGCGGCCCGTGTGGCGGAGCAGTTGAGAGCCTACCTGGAGGGCACGTGCGTGGAGTGGCTCCGCAGATACCTGGAGAACGGGAAGGAGACGCTGCAGCGCACGG">
        <child id=""/>
      </parent>
      <parent id="A1B1C1G000058" sequence="GTTCTCACACCCTCCAGATGATGTTTGGCTGCGACGTGGGGTCGGACGGGCGCTTCCTCCGCGGGTACCACCAGTACGCCTACGACGGCAAGGATTACATCGCCCTGAAAGAGGACCTGCGCTCTTGGACCGCGGCGGACATGGCGGCTCAGATCACCAAGCGCAAGTGGGAGGCGGCCCATGTGGCGGAGCAGCAGAGAGCCTACCTGAAGGGCACGTGCGTGGAGTGGCTCCGCAGATACCTGGAGAACGGGAAGGAGACGCTGCAGCGCACGG">
        <child id=""/>
      </parent>
      <parent id="A1B1C1G000056" sequence="GTTCTCACACCATCCAGATGATGTATGGCTGCGACGTGGGGTCGGACGGGCGCTTCCTCCGCGGGTATGAACAGCACGCCTACGACGGCAAGGATTACATCGCCCTGAAAGAGGACCTGCGCTCTTGGACCGCGGCGGACATGGCAGCTCAGACCACCAAGCACAAGTGGGAGGCGGCCCATGTGGCGGAGCAGTGGAGAGCCTACCTGGAGGGCACGTGCGTGGAGTGGCTCCGCAGATACCTGGAGAACGGGAAGGAGACGCTGCAGCGCACGG">
        <child id=""/>
      </parent>
      <parent id="A1B1C1G000126" sequence="GTTCTCACACCATCCAGAGGATGTATGGCTGCGACGTGGGGCCGGACGGGCGCTTCCTCCGCGGGTACCAGCAGGACGCTTACGACGGCAAGGATTACATCGCCCTGAACGAGGACCTGCGCTCTTGGACCGCGGCGGACATGGCGGCTCAGATCACCCAGCGCAAGTGGGAGACTCCGCCCATGAGGCGGAGCAGTGGAGAGCCTACCTGGAGGGCCGGTGCGTGGAGTGGCTCCGCAGATACCTGGAGAACGGGAAGGAGACGCTGCAGCGCACGG">
        <child id=""/>
      </parent>
      <parent id="A1B2C2G000017" sequence="GTTCTCACACCCTCCAGATGATGTTTGGCTGCGACGTGGGGTCGGACGGGCACTTCCTCCGCGGGTACCACCAGTACGCCTACGACGGCAAGGATTACATCGCCCTGAAAGAGGACCTGCGCTCTTGGACCGCGGCGGACATGGCGGCTCAGATCACCCAGCGCAAGTGGGAGGCGGCCCGTGTGGCGGAGCAGTTGAGAGCCTACCTGGAGGGCACGTGCGTGGACGGGCTCCGCAGATACCTGGAGAACGGGAAGGAGACGCTGCAGCGCACGG">
        <child id=""/>
      </parent>
      <parent id="A1B1C1G000121" sequence="GTTCTCACACCATGCAGGTGATGTATGGCTGCGACGTGGGGCCCGACGGGCCTTTCCTCCGCGGGTATGAACAGCACGCCTACGACGGCAAGGATTACATCGCCCTGAACGAGGACCTGCGCTCCTGGACCGCGGCGGACATGGCAGCTCAGATCACCAAGCGCAAGTGGGAGGCGGCCCGTCGGGCGGAGCAGCGGAGAGTCTACTTGGAGGGCGAGTTCGTGGAGTGGCTCCGCAGATACTTGGAGAACGGGAAGGAGACGCTGCAGCGCGCGG">
        <child id=""/>
      </parent>
      <parent id="A1B1C1G000089" sequence="GTTCTCACACCCTCCAGAGGATGTATGGCTGCGACGTGGGGTCGGACTGGCGCTTCCTGCGCGGGTACCACCAGTACGCCTACGACGGCAAGGATTACATCGCCCTGAAAGAGGACCTGCGCTCTTGGACCGCGGCGGACATGGCAGCTCAGACCACCAAGCACAAGTGGGAGGCGGCCCATGTGGCGGAGCAGCAGAGAGCCTACCTGGAGGGCACGTGCGTGGAGTGGCTCCGCAGATACCTGGAGAACGGGAAGGAGACGCTGCAGCGCACGG">
        <child id=""/>
      </parent>
      <parent id="A1B1C2G000038" sequence="GTTCTCACACCCTCCAGAGGATGTATGGCTGCGACGTGGGGTCGGACTGGCGCTTCCTGCGCGGGTACCACCAGTACGCCTACGACGGCAAGGATTACATCGCCCTGAAAGAGGACCTGCGCTCTTGGACCGCGGCGGACATGGCAGCTCAGACCACCAAGCACAAGTGGGAGGCGGCCCATGTGGCGGAGCAGTGGAGAGCCTACCTGGAGGGCACGTGCGTGGAGTGGCTCCGCAGATACCTGGAGAACGGGAAGGAGACGCTGCAGCGCACGG">
        <child id="135A"/>
        <child id="160G"/>
        <child id="136T"/>
        <child id="99G"/>
        <child id="62T"/>
        <child id="42C"/>
        <child id="139C"/>
        <child id="43G"/>
        <child id="244C"/>
        <child id=""/>
        <child id="187G"/>
        <child id="171T"/>
        <child id="248A"/>
        <child id="70G"/>
        <child id="273G"/>
      </parent>
      <parent id="A1B1C1G000077" sequence="GTTCTCACACCCTCCAGAGGATGTATGGCTGCGACGTGGGGTCGGACTGGCGCTTCCTGCGCGGGTACCACCAGTACGCCTACGACGGCAAGGATTACATCGCCTTGAACGAGGACCTGCGCTCTTGGACCGCGGCGGACATGGCAGCTCAGACCACCAAGCACAAGTGGGAGGCGGCCCATGTGGCGGAGCAGTGGAGAGCCTACCTGGAGGGCACGTGCGTGGAGTGGCTCCGCAGATACCTGGAGAACGGGAAGGAGACGCTGCAGCGCACGG">
        <child id=""/>
      </parent>
      <parent id="A1B1C2G000051" sequence="GTTCTCACACCCTCCAGATGATGTTTGGCTGCGACGTGGGGTCGGACGGGCGCTTCCTCCGCGGGTACCACCAGTACGCCTACGACGGCAAGGATTACATCGCCCTGAAAGAGGACCTGCGCTCTTGGACCGCGGCGGACATGGCAGCTCAGACCACCAAGCACAAGTGGGAGGCGGCCCATGTGGCGGAGCAGTTGAGAGCCTACCTGGAGGGCACGTGCGTGGAGTGGCTCCGCAGATACCTGGAGAACGGGAAGGAGACGCTGCAGCGCACGG">
        <child id=""/>
      </parent>
      <parent id="A2B2C2G000036" sequence="GTTCTCACACCATCCAGATGATGTATGGCTGCGACGTGGGGTCGGACGGGCGCTTCCTCCGCGGGTACCAGCAGGACGCCTACGACGGCAAGGATTACATCGCCTTGAACGAGGACCTGCGCTCTTGGACCGCGGCGGACATGGCGGCTCAGATCACCCAGCGCAAGTGGGAGGCGGCCCATGAGGCGGAGCAGTTGAGAGCCTACCTGGAGGGCACGTGCGTGGAGTGGCTCCGCAGATACCTGGAGAACGGGAAGGAGACGCTGCAGCGCACGG">
        <child id="184C-195C-196A"/>
        <child id=""/>
      </parent>
      <parent id="A1B1C2G000032" sequence="GTTCTCACACCATCCAGATAATGTATGGCTGCGACGTGGGGTCGGACTGGCGCTTCCTCCGCGGGTACCACCAGTACGCCTACGACGGCAAGGATTACATCGCCCTGAAAGAGGACCTGCGCTCTTGGACCGCGGCGGACATGGCAGCTCAGACCACCAAGCACAAGTGGGAGGCGGCCCATGTGGCGGAGCAGTTGAGAGCCTACCTGGAGGGCACGTGCGTGGAGTGGCTCCGCAGATACCTGGAGAACGGGAAGGAGACGCTGCAGCGCACGG">
        <child id=""/>
      </parent>
      <parent id="A2B2C2G000021" sequence="GTTCTCACACCATCCAGATGATGTATGGCTGCGACGTGGGGTCGGACGGGCGCTTCCTCCGCGGGTACCGGCAGGACGCCTACGACGGCAAGGATTACATCGCCCTGAAAGAGGACCTGCGCTCTTGGACCGCGGCGGACATGGCAGCTCAGACCACCAAGCACAAGTGGGAGGCGGCCCATGTGGCGGAGCAGCAGAGAGCCTACCTGGAGGGCACGTGCGTGGAGTGGCTCCGCAGATACCTGGAGAACGGGAAGGAGACGCTGCAGCGCACGG">
        <child id="195A-196G"/>
        <child id=""/>
      </parent>
      <parent id="A1B1C1G000016" sequence="GTTCTCACACCATCCAGATGATGTATGGCTGCGACGTGGGGTCGGACGGGCGCTTCCTCCGCGGGTACCAGCAGGACGCCTACGACGGCAAGGATTACATCGCCTTGAACGAGGACCTGCGCTCTTGGACCGCGGCGGACATGGCGGCTCAGATCACCCAGCGCAAGTGGGAGGCGGCCCGTGTGGCGGAGCAGTTGAGAGCCTACCTGGAGGGCACGTGCGTGGACGGGCTCCGCAGATACCTGGAGAACGGGAAGGAGACGCTGCAGCGCACGG">
        <child id=""/>
      </parent>
      <parent id="A1B1C2G000075" sequence="GTTCTCACACCGTCCAGAGGATGTATGGCTGCGACGTGGGGTCGGACTGGCGCTTCCTCCGCGGGCATGACCAGTACGCCTACGACGGCAAGGATTACATCGCCCTGAAAGAGGACCTGCGCTCTTGGACCGCGGCGGACATGGCAGCTCAGACCACCAAGCACAAGTGGGAGGCGGCCCATGTGGCGGAGCAGTTGAGAGCCTACCTGGAGGGCACGTGCGTGGAGTGGCTCCGCAGATACCTGGAGAACGGGAAGGAGACGCTGCAGCGCACGG">
        <child id=""/>
      </parent>
      <parent id="A1B1C1G000063" sequence="GTTCTCACACCATCCAGATAATGTATGGCTGCGACGTGGGGCCGGACGGGCGCTTCCTCCGCGGGTACCGGCAGGACGCCTACGACGGCAAGGATTACATCGCCCTGAACGAGGACCTGCGCTCCTGGACCGCGGCGGACATGGCAGCTCAGATCACCAAGCGCAAGTGGGAGGCGGCCCGTCGGGCGGAGCAGCGGAGAGTCTACCTGGAGGGCGAGTTCGTGGAGTGGCTCCGCAGATACCTGGAGAACGGGAAGGAGACGCTGCAGCGCGCGG">
        <child id=""/>
      </parent>
      <parent id="A1B1C1G000011" sequence="GTTCTCACACCATCCAGATAATGTATGGCTGCGACGTGGGGCCGGACGGGCGCTTCCTCCGCGGGTACCGGCAGGACGCCTACGACGGCAAGGATTACATCGCCCTGAACGAGGACCCGCGCTCTTGGACCGCGGCGGACATGGCAGCTCAGATCACCAAGCGCAAGTGGGAGGCGGTCCATGCGGCGGAGCAGCGGAGAGTCTACCTGGAGGGCCGGTGCGTGGACGGGCTCCGCAGATACCTGGAGAACGGGAAGGAGACGCTGCAGCGCACGG">
        <child id=""/>
      </parent>
      <parent id="A1B1C1G000131" sequence="GTTCTCACACCATCCAGATAATGTATGGCTGCGACGTGGGGCCGGACGGGCGCTTCCTCCGCGGGTATGAACAGCACGCCTACGACGGCAAGGATTACATCGCCCTGAACGAGGACCTGCGCTCTTGGACCGCGGCGGACATGGCAGCTCAGATCACCAAGCGCAAGTGGGAGGCGGCCCATGCGGCGGAGCAGCAGAGAGCCTACCTGGAGGGCCGGTGCGTGGAGTGGCTCCGCAGATACCTGGAGAACGGGAAGGAGACGCTGCAGCGCACGG">
        <child id=""/>
      </parent>
      <parent id="A1B2C1G000028" sequence="GTTCTCACACCATGCAGGTGATGTATGGCTGCGACGTGGGGCCCGACGGGCGCTTCCTCTGCGGGTATGAACAGCACGCCTACGACGGCAAGGATTACATCGCTCTGAACGAGGACCTGCGCTCCTGGACCGCGGCGGACATGGCAGCTCAGATCACCAAGCGCAAGTGGGAGGCGGCCCGTCGGGCGGAGCAGCGGAGAGTCTACCTGGAGGGCGAGTTCGTGGAGTGGCTCCGCAGATACCTGGAGAACGGGAAGGAGACGCTGCAGCGCGCGG">
        <child id=""/>
      </parent>
      <parent id="A1B1C1G000025" sequence="GTTCTCACACCATCCAGATAATGTATGGCTGCGACGTGGGGTCGGACGGGCGCTTCCTCCGCGGGTACCAGCAGGACGCCTACGACGGCAAGGATTACATCGCCTTGAACGAGGACCTGCGCTCTTGGACCGCGGCGGACATGGCGGCTCAGATCACCCAGCGCAAGTGGGAGGCGGCCCGTGTGGCGGAGCAGTTGAGAGCCTACCTGGAGGGCACGTGCGTGGAGTGGCTCCGCAGACACCTGGAGAACGGGAAGGAGACGCTGCAGCGCACGG">
        <child id=""/>
      </parent>
      <parent id="A1B1C1G000023" sequence="GTTCTCACACCATCCAGATAATGTATGGCTGCGACGTGGGGCCGGACGGGCGCTTCCTCCGCGGGTACCGGCAGGACGCCTACGACGGCAAGGATTACATCGCCCTGAACGAGGACCTGCGCTCTTGGACCGCGGCGGACATGGCAGCTCAGATCACCAAGCGCAAGTGGGAGGCGGTCCATGCGGCGGGAGCAGCGGAGAGTCTACCTGGAGGGCCGGTGCGTGGACGGGCTCCGCAGATACCTGGAGAACGGGAAGGAGACGCTGCAGCGCACGG">
        <child id=""/>
      </parent>
      <parent id="A2B1C2G000060" sequence="GGTCTCACACCGTCCAGAGGATGTATGGCTGCGACGTGGGGTCGGACTGGCGCTTCCTCCGCGGGTACCACCAGTACGCCTACGACGGCAAGGATTACATCGCCCTGAAAGAGGACCTGCGCTCTTGGACCGCGGCGGACATGGCAGCTCAGACCACCAAGCACAAGTGGGAGACGGCCCATGAGGCGGAGCAGTGGAGAGCCTACCTGGAGGGCACGTGCGTGGAGTGGCTCCGCAGATACCTGGAGAACGGGAAGGAGACGCTGCAGCGCACGG">
        <child id=""/>
      </parent>
      <parent id="A2B1C2G000007" sequence="GTTCTCACACCATCCAGATAATGTATGGCTGCGACGTGGGGTCGGACGGGCGCTTCCTCCGCGGGTACCGGCAGGACGCTTACGACGGCAAGGATTACATCGCCCTGAACGAGGACCTGCGCTCTTGGACCGCGGCGGACATGGCGGCTCAGATCACCCAGCGCAAGTGGGAGGCGGCCCGTGTGGCGGAGCAGTTGAGAGCCTACCTGGAGGGCACGTGCGTGGAGTGGCTCCGCAGATACCTGGAGAACGGGAAGGAGACGCTGCAGCGCACGG">
        <child id=""/>
      </parent>
      <parent id="A1B1C2G000104" sequence="GTTCTCACACCCTCCAGATGATGTTTGGCTGCGACGTGGGGTCGGACGGGCGCTTCCTCCGCGGGTACCACCAGTACGCCTACGACGGCAAGGATTACATCGCCCTGAAAGAGGACCTGCGCTCTTGGACCGCGGCGGACATGGCGGCTCAGATCACCAAGCACAAGTGGGAGGCGGCCCATGTGGCGGAGCAGTTGAGAGCCTACCTGGAGGGCACGTGCGTGGACGGGCTCCGCAGATACCTGGAGAACGGGAAGGAGACGCTGCAGCGCACGG">
        <child id=""/>
      </parent>
      <parent id="A2B1C2G000068" sequence="GTTCTCACACCATCCAGATAATGTATGGCTGCGACGTGGGGCCGGACGGGCGCTTCCTCCGCGGGTACCGGCAGGACGCCTACGACGGCAAGGATTACATCGCCCTGAACGAGGACCTGCGCTCTTGGACCGCGGCGGACATGGCAGCTCAGATCACCAAGCGCAAGTGGGAGGCGGCCCATGCGGCGGAGCAGCAGAGAGCCTACCTGGAGGGCACGTGCGTGGACGGGCTCCGCAGATACCTGGAGAACGGGAAGGAGACGCTGCAGCGCACGG">
        <child id=""/>
      </parent>
      <parent id="A1B1C1G000059" sequence="GTTCTCACACCATCCAGATGATGTATGGCTGCGACGTGGGGTCGGACGGGCGCTTCCTCCGCGGGTACCAGCAGGACGCCTACGACGGCAAGGATTACATCGCCTTGAACGAGGACCTGCGCTCTTGGACCGCGGCGGACATGGCGGCTCAGATCACCCAGCGCAAGTGGGAGGCGGCCCGTCGGGCGGAGCAGTTGAGAGCCTACCTGGAGGGCACGTGCGTGGAGTGGCTCCGCAGATACCTGGAGAACGGGAAGGAGACGCTGCAGCGCACGG">
        <child id=""/>
      </parent>
      <parent id="A1B1C1G000132" sequence="GTTCTCACACCATCCAGATAATGTATGGCTGCGACGTGGGGTCGGACGGGCGCTTCCTCCGCGGGTACCGGCAGGACGCCTACGACGGCAAGGATTACATCGCCCTGAACGAGGACCTGCGCTCTTGGACCGCGGCGGACATGGCGGCTCAGATCACCAAGCGCAAGTGGGAGGCGGCCCGTGAGGCGGAGCAGCGGAGAGTCTACCTGGAGGGCCGGTGCGTGGACGGGCTCCGCAGATACCTGGAGAACGGGAAGGAGACGCTGCAGCGCACGG">
        <child id=""/>
      </parent>
      <parent id="A1B1C1G000101" sequence="GTTCTCACACCGTCCAGAGGATGTATGGCTGCGACGTGGGGTCGGACTGGCGCTTCCTCCGCGGGTATAACCAGTTCGCCTACGACGGCAAGGATTACATCGCCCTGAAAGAGGACCTGCGCTCTTGGACCGCGGCGGACATGGCAGCTCAGACCACCAAGCACAAGTGGGAGGCGGCCCATGTGGCGGAGCAGTTGAGAGCCTACCTGGAGGGCACGTGCGTGGAGTGGCTCCGCAGATACCTGGAGAACGGGAAGGAGACGCTGCAGCGCACGG">
        <child id=""/>
      </parent>
      <parent id="A1B1C1G000031" sequence="GTTCTCACACCCTCCAGATGATGTTTGGCTGCGACGTGGGGTCGGACGGGCGCTTCCTCCGCGGGTATGAACAGCACGCCTACGACGGCAAGGATTACATCGCCCTGAAAGAGGACCTGCGCTCTTGGACCGCGGCGGACATGGCGGCTCAGATCACCCAGCGCAAGTGGGAGGCGGCCCGTGTGGCGGAGCAGTTGAGAGCCTACCTGGAGGGCACGTGCGTGGACGGGCTCCGCAGATACCTGGAGAACGGGAAGGAGACGCTGCAGCGCACGG">
        <child id=""/>
      </parent>
      <parent id="A2B2C2G000019" sequence="GTTCTCACACCCTCCAGATGATGTTTGGCTGCGACGTGGGGTCGGACGGGCGCTTCCTCCGCGGGTACCACCAGTACGCCTACGACGGCAAGGATTACATCGCCCTGAAAGAGGACCTGCGCTCTTGGACCGCGGCGGACATGGCGGCTCAGATCACCAAGCACAAGTGGGAGGCGGCCCATGTGGCGGAGCAGTTGAGAGCCTACCTGGAGGGCACGTGCGTGGAGTGGCTCCGCAGATACCTGGAGAACGGGAAGGAGACGCTGCAGCGCACGG">
        <child id=""/>
      </parent>
      <parent id="A1B1C2G000061" sequence="GTTCTCACACCATCCAGATAATGTATGGCTGCGACGTGGGGTCGGACGGGCGCTTCCTCCGCGGGTATGAACAGCACGCCTACGACGGCAAGGATTACATCGCCCTGAACGAGGACCTGCGCTCTTGGACCGCGGCGGACATGGCGGCTCAGATCACCCAGCGCAAGTGGGAGGCGGCCCATGTGGCGGAGCAGTGGAGAGCCTACCTGGAGGGCACGTGCGTGGAGTGGCTCCGCAGATACCTGGAGAACGGGAAGGAGACGCTGCAGCGCACGG">
        <child id=""/>
      </parent>
      <parent id="A1B1C1G000019" sequence="GTTCTCACACCCTCCAGATGATGTTTGGCTGCGACGTGGGGTCGGACGGGCGCTTCCTCCGCGGGTACCACCAGTACGCCTACGACGGCAAGGATTACATCGCCCTGAAAGAGGACCTGCGCTCTTGGACCGCGGCGGACATGGCGGCTCAGATCACCAAGCGCAAGTGGGAGGCGGCCCATGTGGCGGAGCAGTGGAGAGCCTACCTGGAGGGCACGTGCGTGGAGTGGCTCCGCAGATACCTGGAGAACGGGAAGGAGACGCTGCAGCGCGCGG">
        <child id=""/>
      </parent>
      <parent id="A2B1C2G000027" sequence="GTTCTCACACCCTCCAGTGGATGATTGGCTGCGACCTGGGGTCCGACGGTCGCCTCCTCCGCGGGTATGAACAGTATGCCTACGATGGCAAGGATTACCTCGCCCTGAACGAGGACCTGCGCTCCTGGACCGCAGCGGACACTGCGGCTCAGATCTCCAAGCGCAAGTGTGAGGCGGCCAATGTGGCTGAACAAAGGAGAGCCTACCTGGAGGGCACGTGCGTGGAGTGGCTCCACAGATACCTGGAGAACGGGAAGGAGATGCTGCAGCGCGCGG">
        <child id=""/>
        <child id="262C"/>
      </parent>
      <parent id="A2B1C2G000006" sequence="GTTCTCACACCATCCAGATAATGTATGGCTGCAACGTGGGGTCGGACGGGCGCTTCCTCCGCGGGTACCGGCAGGACGCCTACGACGGCAAGGATTACATCGCCCTGAACGAGGACCTGCGCTCTTGGACCGCGGCGGACATGGCGGCTCAGATCACCAAGCGCAAGTGGGAGGCGGCCCATGAGGCGGAGCAGTTGAGAGCCTACCTGGATGGCACGTGCGTGGAGTGGCTCCGCAGATACCTGGAGAACGGGAAGGAGACGCTGCAGCGCACGG">
        <child id="33C"/>
        <child id="33T"/>
        <child id=""/>
      </parent>
      <parent id="A1B1C2G000044" sequence="GTTCTCACACCGTCCAGAGGATGTATGGCTGCGACGTGGGGTCGGACTGGCGCTTCCTCCGCGGGTACCACCAGTACGCCTACGACGGCAAGGATTACATCGCCCTGAAAGAGGACCTGCGCTCTTGGACCGCGGCGGACATGGCGGCTCAGATCACCAAGCGCAAGTGGGAGGCGGCCCATGTGGCGGAGCAGCAGAGAGCCTACCTGGAGGGCACGTGCGTGGACGGGCTCCGCAGATACCTGGAGAACGGGAAGGAGACGCTGCAGCGCACGG">
        <child id=""/>
      </parent>
      <parent id="A2B1C1G000024" sequence="GTTCTCACACCATCCAGATAATGTATGGCTGCGACGTGGGGCCGGACGGGCGCTTCCTCCGCGGGTACCGGCAGGACGCCTACGACGGCAAGGATTACATCGCCCTGAACGAGGACCTGCGCTCTTGGACCGCGGCGGACATGGCAGCTCAGATCACCAAGCGCAAGTGGGAGGCGGCCCATGTGGCGGAGCAGTGGAGAGCCTACCTGGAGGGCCGGTGCGTGGAGTGGCTCCGCAGATACCTGGAGAACGGGAAGGAGACGCTGCAGCGCACGG">
        <child id=""/>
      </parent>
      <parent id="A1B1C2G000011" sequence="GTTCTCACACCATCCAGATAATGTATGGCTGCGACGTGGGGCCGGACGGGCGCTTCCTCCGCGGGTACCGGCAGGACGCCTACGACGGCAAGGATTACATCGCCCTGAACGAGGACCTGCGCTCTTGGACCGCGGCGGACATGGCAGCTCAGATCACCAAGCGCAAGTGGGAGGCGGTCCATGCGGCGGAGCAGCGGAGAGTCTACCTGGAGGGCCGGTGCGTGGACGGGCTCCGCAGATACCTGGAGAACGGGAAGGAGACGCTGCAGCGCACGG">
        <child id="254A"/>
        <child id="170C"/>
        <child id="231T"/>
        <child id="131G"/>
        <child id="22C"/>
        <child id="106A"/>
        <child id="227A"/>
        <child id="221G"/>
        <child id="6G"/>
        <child id="142C"/>
        <child id="96G"/>
        <child id="39T"/>
        <child id="48C"/>
        <child id="196A-202C"/>
        <child id="146G"/>
        <child id="128C"/>
        <child id="14T"/>
        <child id="228T"/>
        <child id="99G"/>
        <child id="182C"/>
        <child id="184T"/>
        <child id="261C"/>
        <child id="254T"/>
        <child id="20G-178C"/>
        <child id="243T"/>
        <child id="137A"/>
        <child id="110G"/>
        <child id="121C"/>
        <child id="212A"/>
        <child id="262T"/>
        <child id="21G"/>
        <child id="227G-228T"/>
        <child id="230T"/>
        <child id="273G"/>
        <child id="104T-125C"/>
        <child id="271T"/>
        <child id="102T"/>
        <child id="178C-184T"/>
        <child id="219G"/>
        <child id="167C"/>
        <child id="141G"/>
        <child id="40C"/>
        <child id="43G"/>
        <child id="36C"/>
        <child id="139C-146G"/>
        <child id="60T"/>
        <child id="223C"/>
        <child id="237T"/>
        <child id="184A"/>
        <child id="188A"/>
        <child id="84C"/>
        <child id="176T"/>
        <child id="260A"/>
        <child id="179T"/>
        <child id="128A"/>
        <child id="134T"/>
        <child id="49A"/>
        <child id="222A"/>
        <child id="220A"/>
        <child id="205G"/>
        <child id="10T"/>
        <child id="202C"/>
        <child id="131A"/>
        <child id="196A"/>
        <child id="77A"/>
        <child id="40A"/>
        <child id="187A"/>
        <child id="157G"/>
        <child id="61C"/>
        <child id="272T"/>
        <child id="233T"/>
        <child id="87A"/>
        <child id="253A"/>
        <child id="58C"/>
        <child id="20G"/>
        <child id="35G"/>
        <child id="252C"/>
        <child id="122T"/>
        <child id="192T"/>
        <child id="275A"/>
        <child id="54C"/>
        <child id="44C"/>
        <child id="136T"/>
        <child id="47T"/>
        <child id="275C"/>
        <child id="221A"/>
        <child id="12C"/>
        <child id="211C"/>
        <child id="147T"/>
        <child id="84A"/>
        <child id="85G"/>
        <child id="133T"/>
        <child id="94G"/>
        <child id="218T"/>
        <child id="70C"/>
        <child id="90G"/>
        <child id="50A"/>
        <child id="127A"/>
        <child id="3G"/>
        <child id="134A"/>
        <child id="80T"/>
        <child id="17C"/>
        <child id="134C"/>
        <child id="270G"/>
        <child id="139C"/>
        <child id="26C"/>
        <child id="125C"/>
        <child id="159C"/>
        <child id="81C"/>
        <child id="64A"/>
        <child id="74A"/>
        <child id="103G"/>
        <child id="70A"/>
        <child id="43T"/>
        <child id="210T"/>
        <child id="141T"/>
        <child id="206A"/>
        <child id="214A"/>
        <child id=""/>
        <child id="42T-146G"/>
        <child id="155T"/>
        <child id="120A"/>
        <child id="61A"/>
        <child id="162T"/>
        <child id="51A"/>
        <child id="213A"/>
        <child id="118G"/>
        <child id="105G"/>
        <child id="110T"/>
        <child id="275T"/>
        <child id="178C"/>
      </parent>
      <parent id="A1B1C1G000098" sequence="GTTCTCACACCCTCCAGATGATGTTTGGCTGCGACGTGGGGTCGGACGGGCGCTTCCTCCGCGGGTACCACCAGTACGCCTACGACGGCAAGGATTACATCGCCCTGAAAGAGGACCTGCGCTCTTGGACCGCGGCGGACATGCGGCTCAGATCACCAAGCGCAAGTGGGAGGCGGCCCATGTGGCGGAGCAGCAGAGAGCCTACCTGGAGGGCACGTGCGTGGACGGGCTCCGCAGATACCTGGAGAACGGGAAGGAGACGCTGCAGCGCACGG">
        <child id=""/>
      </parent>
      <parent id="A1B1C1G000115" sequence="GTTCTCACACCATCCAGATAATGTATGGCTGCGACGTGGGGCCGGACGGGCGCTTCCTCCGCGGGTACCGGCAGGACGCCTACGACGGCAAGGATTACATCGCCCTGAACGAGGACCTGCGCTCTTGGACCGCGGCGGACATGGCAGCTCAGATCACCAAGCGCAAGTGGGAGGCGGTCCATGCGGCGGAGCAGTTGAGAGCCTACCTGGAGGGCCGGTGCGTGGACGGGCTCCGCAGATACCTGGAGAACGGGAAGGAGACGCTGCAGCGCACGG">
        <child id=""/>
      </parent>
      <parent id="A1B2C2G000009" sequence="GTTCTCACACCATCCAGATGATGTATGGCTGCCACGTGGGGTCGGACGGGCGCTTCCTCCGCGGGTACCGGCAGGACGCCTACGACGGCAAGGATTACATCGCCTTGAACGAGGACCTGCGCTCTTGGACCGCGGCGGACATGGCGGCTCAGATCACCCAGCGCAAGTGGGAGGCGGCCCGTGTGGCGGAGCAGTTGAGAGCCTACCTGGAGGGCACGTGCGTGGAGTGGCTCCGCAGATACCTGGAGAACGGGAAGGAGACGCTGCAGCGCACGG">
        <child id="111C"/>
        <child id="25T"/>
        <child id="203T"/>
        <child id="196G"/>
        <child id="202G"/>
        <child id="136T"/>
        <child id="125G"/>
        <child id=""/>
        <child id="69G"/>
        <child id="71C"/>
        <child id="139C"/>
        <child id="176A"/>
        <child id="141G"/>
        <child id="187T"/>
        <child id="184A"/>
        <child id="22C"/>
        <child id="132A"/>
        <child id="105C"/>
      </parent>
      <parent id="A1B1C2G000095" sequence="GTTCTCACACCATCCAGAGGATGTATGGCTGCGACGTGGGGCCGGACGGGCGCTTCCTCCGCGGGTACCAGCAGGACGCTTACGACGGCAAGGATTACATCTCCCTGAACGAGGACCTGCGCTCTTGGACCGCGGCGGACATGGCGGCTCAGATCACCCAGCGCAAGTGGGAGACGGCCCATGAGGCGGAGCAGTGGAGAGCCTACCTGGAGGGCACGTGCGTGGAGTGGCTCCGCAGATACCTGGAGAACGGGAAGGAGACGCTGCAGCGCACGG">
        <child id=""/>
      </parent>
      <parent id="A1B1C2G000024" sequence="GTTCTCACACCATCCAGATAATGTATGGCTGCGACGTGGGGCCGGACGGGCGCTTCCTCCGCGGGTACCGGCAGGACGCCTACGACGGCAAGGATTACATCGCCCTGAACGAGGACCTGCGCTCTTGGACCGCGGCGGACATGGCAGCTCAGACCACCAAGCACAAGTGGGAGGCGGCCCATGTGGCGGAGCAGTTGAGAGCCTACCTGGAGGGCCGGTGCGTGGAGTGGCTCCGCAGATACCTGGAGAACGGGAAGGAGACGCTGCAGCGCACGG">
        <child id=""/>
      </parent>
      <parent id="A1B1C1G000100" sequence="GTTCTCACACCATCCAGATAATGTATGGCTGCGACGTGGGGCCGGACGGGCGCTTCCTCCGCGGGTACCGGCAGGACGCCTACGACGGCAAGGATTACATCGCCCTGAACGAGGACCTGCGCTCTTGGACCGCGGCGGACATGGCAGCTCAGATCACCAAGCGCAAGTGGGAGGCGGCCCGTCGGGCGGAGCAGCGGAGAGTCTACCTGGAGGGCCGGTGCGTGGACGGGCTCCGCAGATACCTGGAGAACGGGAAGGAGACGCTGCAGCGCACGG">
        <child id=""/>
      </parent>
      <parent id="A1B1C1G000005" sequence="GTTCTCACACCATCCAGATAATGTATGGCTGCGACGTGGGGTCGGACGGGCGCTTCCTCCGCGGGTATGAACAGCACGCCTACGACGGCAAGGATTACATCGCCCTGAACGAGGACCTGCGCTCTTGGACCGCGGCGGACATGGCGGCTCAGATCACCCAGCGCAAGTGGGAGGCGGCCCGTCGGGCGGAGCAGTTGAGAGCCTACCTGGAGGGCACGTGCGTGGAGTGGCTCCGCAGATACCTGGAGAACGGGAAGGAGACGCTGCAGCGCACGG">
        <child id=""/>
        <child id="275C"/>
        <child id="192T"/>
        <child id="24C"/>
        <child id="101A"/>
        <child id="80T"/>
        <child id="206T"/>
        <child id="50A"/>
        <child id="125C"/>
        <child id="236A"/>
        <child id="227C"/>
        <child id="141C"/>
        <child id="65T"/>
        <child id="120A"/>
        <child id="79G"/>
        <child id="107C"/>
        <child id="18G"/>
        <child id="143A"/>
        <child id="252A"/>
        <child id="195C"/>
        <child id="273G"/>
      </parent>
      <parent id="A1B1C2G000067" sequence="GTTCTCACACCATCCAGATAATGTATGGCTGCGACGTGGGGTCGGACGGGCGCTTCCTCCGCGGGTACCGGCAGGACGCCTACGACGGCAAGGATTACATCGCCCTGAACGAGGACCTGCGCTCTTGGACCGCGGCGGACATGGCGGCTCAGATCACCAAGCGCAAGTGGGAGGCGGCCCATGAGGCGGAGCAGCAGAGAGCCTACCTGGAGGGCACGTGCGTGGACGGGCTCCGCAGATACCTGGAGAACGGGAAGGAGACGCTGCAGCGCACGG">
        <child id=""/>
      </parent>
      <parent id="A2B1C2G000018" sequence="GTTCTCACACCATCCAGAGGATGTATGGCTGCGACGTGGGGCCGGACGGGCGCTTCCTCCGCGGGTACCAGCAGGACGCTTACGACGGCAAGGATTACATCGCCCTGAACGAGGACCTGCGCTCTTGGACCGCGGCGGACATGGCGGCTCAGATCACCCAGCGCAAGTGGGAGACGGCCCATGAGGCGGAGCAGCAGAGAGCCTACCTGGAGGGCCGGTGCGTGGAGTGGCTCCGCAGATACCTGGAGAACGGGAAGGAGACGCTGCAGCGCACGG">
        <child id="184T-195T-196T"/>
        <child id="195T-196T"/>
        <child id=""/>
        <child id="196T"/>
      </parent>
      <parent id="A1B1C1G000134" sequence="GTTCTCACACCATCCAGATAATGTATGGCTGCGACGTGGGGCCGGACGGGCGCTTCCTCCGCGGGTACCGGCAGGACGCCTACGACGGCAAGGATTACATCGCCCTGAACGAGGACCTGCGCTCTTGGACCGCGGCGGACATGGCAGCTCAGATCACCAAGCGCAAGTGGGAGGCGGCCCATGCGGCGGAGCAGCAGAGAGCCTACCTGGAGGGCGAGTTCGTGGAGTGGCTCCGCAGATACCTGGAGAACGGGAAGGAGACGCTGCAGCGCACGG">
        <child id=""/>
      </parent>
      <parent id="A1B1C1G000064" sequence="GTTCTCACACCGTCCAGAGGATGTATGGCTGCGACGTGGGGTCGGACTGGCGCTTCCTCCGCGGGTACCACCAGTACGCCTACGACGGCAAGGATTACATCGCCCTGAAAGAGGACCTGCGCTCTTGGACCGCGGCGGACATGGCAGCTCAGACCACCAAGCACAAGTGGGAGGCGGCCCATGTGGCGGAGCAGTTGAGAGCCTACCTGGAGGGCACGTGCGTGGAGTGGCTCCGCAGATACCTGGAGAACGGGAAGGAGACGCTGCAGCCGTGCG">
        <child id=""/>
      </parent>
      <parent id="A2B1C2G000045" sequence="GTTCTCACACCCTCCAGATGATGTTTGGCTGCGACGTGGGGCCGGACGGGCGCTTCCTCCGCGGGTACCGGCAGGACGCCTACGACGGCAAGGATTACATCGCCCTGAAAGAGGACCTGCGCTCTTGGACCGCGGCGGACATGGCGGCTCAGATCACCAAGCGCAAGTGGGAGGCGGCCCATGTGGCGGAGCAGCAGAGAGCCTACCTGGAGGGCACGTGCGTGGACGGGCTCCGCAGATACCTGGAGAACGGGAAGGAGACGCTGCAGCGCACGG">
        <child id=""/>
      </parent>
      <parent id="A1B1C2G000052" sequence="GTTCTCACACCATCCAGATGATGTATGGCTGCGACGTGGGGTCGGACGGGCGCTTCCTCCGCGGGTACCGGCAGGACGCCTACGACGGCAAGGATTACATCGCCCTGAAAGAGGACCTGCGCTCTTGGACCGCGGCGGACATGGCAGCTCAGACCACCAAGCACAAGTGGGAGGCGGCCCATGTGGCGGAGCAGCGGAGAGTCTACCTGGAGGGCACGTGCGTGGACGGGCTCCGCAGATACCTGGAGAACGGGAAGGAGACGCTGCAGCGCACGG">
        <child id=""/>
      </parent>
      <parent id="A1B1C1G000123" sequence="GTTCTCACACCCTCAGATGATGTTTGGCTGCGACGTGGGGTCGGACGGGCGCTTCCTCCGCGGGTACCACCAGTACGCCTACGACGGCAAGGATTACATCGCCCTGAAAGAGGACCTGCGCTCTTGGACCGCGGCGGACATGGCGGCTCAGATCACCAAGCGCAAGTGGGAGGCGGCCCATGTGGCGGAGCAGCAGAGAGCCTACCTGGAGGGCACGTGCGTGGACGGGCTCCGCAGATACCTGGAGAACGGGAAGGAGACGCTGCAGCGCACGG">
        <child id=""/>
      </parent>
      <parent id="A1B1C1G000128" sequence="GTTCTCACACCCTCCAGATGATGTTTGGCTGCGACGTGGGGTCGGACGGGCGCTTCCTCCGCGGGTACCACCAGTACGCCTACGACGGCAAGGATTACATCGCCCTGAAAGAGGACCTGCGCTCTTGGACCGCGGCGGACATGGCGGCTCAGATCACCAAGCGCAAGTGGGAGGCGGCCCGTGAGGCGGAGCAGCGGAGAGCCTACCTGGAGGGCACGTGCGTGGAGTGGCTCCGCAGATACCTGGAGAACGGGAAGGAGACGCTGCAGCGCACGG">
        <child id=""/>
      </parent>
      <parent id="A1B1C1G000021" sequence="GTTCTCACACCATCCAGATGATGTATGGCTGCGACGTGGGGTCGGACGGGCACTTCCTCCGCGGGTACCGGCAGGACGCCTACGACGGCAAGGATTACATCGCCCTGAAAGAGGACCTGCGCTCTTGGACCGCGGCGGACATGGCAGCTCAGACCACCAAGCACAAGTGGGAGGCGGCCCATGTGGCGGAGCAGTGGAGAGCCTACCTGGAGGGCACGTGCGTGGAGTGGCTCCGCAGATACCTGGAGAACGGGAAGGAGACGCTGCAGCGCACGG">
        <child id=""/>
      </parent>
      <parent id="A1B1C1G000095" sequence="GTTCTCACACCATCCAGAGGATGTATGGCTGCGACGTGGGGCCGGACGGGCGCTTCCTCCGCGGGTACCAGCAGGACGCTTACGACCGCAAGGATTACATCGCCCTGAACGAGGACCTGCGCTCTTGGACCGCGGCGGACATGGCGGCTCAGATCACCCAGCGCAAGTGGGAGACGGCCCATGAGGCGGAGCAGTGGAGAGCCTACCTGGAGGGCACGTGCGTGGAGTGGCTCCGCAGATACCTGGAGAACGGGAAGGAGACGCTGCAGCGCACGG">
        <child id=""/>
      </parent>
      <parent id="A1B1C1G000013" sequence="GTTCTCACACCGTCCAGAGGATGTATGGCTGCGACGTGGGGCCGGACGGGCGCTTCCTCCGCGGGTACCGGCAGGACGCCTACGACGGCAAGGATTACATCGCCCTGAAAGAGGACCTGCGCTCTTGGACCGCGGCGGACATGGCAGCTCAGACCACCAAGCACAAGTGGGAGGCGGCCCATGTGGCGGAGCAGTTGAGAGCCTACCTGGAGGGCACGTGCGTGGAGTGGCTCCGCAGATACCTGGAGAACGGGAAGGAGACGCTGCAGCGCACGG">
        <child id=""/>
      </parent>
      <parent id="A1B2C1G000005" sequence="GTTCTCACACCGTCCAGATAATGTATGGCTGCGACGTGGGGTCGGACGGGCGCTTCCTCCGCGGGTATGAACAGCACGCCTACGACGGCAAGGATTACATCGCCCTGAACGAGGACCTGCGCTCTTGGACCGCGGCGGACATGGCGGCTCAGATCACCCAGCGCAAGTGGGAGGCGGCCCGTCGGGCGGAGCAGTTGAGAGCCTACCTGGAGGGCACGTGCGTGGAGTGGCTCCGCAGATACCTGGAGAACGGGAAGGAGACGCTGCAGCGCACGG">
        <child id=""/>
      </parent>
      <parent id="A1B1C2G000073" sequence="GTTCTCACACCATCCAGATGATGTATGGCTGCCACGTGGGGTCGGACGGGCGCTTCCTCCGCGGGTACCGGCAGGACGCCTACGACGGCAAGGATTACATCGCCTTGAACGAGGACCTGCGCTCTTGGACCGCGGCGGACATGGCGGCTCAGATCACCCAGCGCAAGTGGGAGGCGGCCCGTGTGGCGGAGCAGTTGAGAGCCTACCTGGAGGGCCGGTGCGTGGAGTGGCTCCGCAGATACCTGGAGAACGGGAAGGAGACGCTGCAGCGCACGG">
        <child id=""/>
      </parent>
      <parent id="A1B1C1G000028" sequence="GTTCTCACACCATGCAGGTGATGTATGGCTGCGACGTGGGGCCCGACGGGCGCTTCCTCCGCGGGTATGAACAGCACGCCTACGACGGCAAGGATTACATCGCTCTGAACGAGGACCTGCGCTCCTGGACCGCGGCGGACATGGCAGCTCAGATCACCAAGCGCAAGTGGGAGGCGGCCCGTCGGGCGGAGCAGCTGAGAGCCTACCTGGAGGGCGAGTTCGTGGAGTGGCTCCGCAGATACCTGGAGAACGGGAAGGAGACGCTGCAGCGCGCGG">
        <child id=""/>
      </parent>
      <parent id="A1B1C2G000060" sequence="GTTCTCACACCGTCCAGAGGATGTATGGCTGCGACGTGGGGTCGGACTGGCGCTTCCTCCGCGGGTACCACCAGTACGCCTACGACGGCAAGGATTACATCGCCCTGAAAGAGGACCTGCGCTCTTGGACCGCGGCGGACATGGCAGCTCAGACCACCAAGCACAAGTGGGAGACGGCCCATGAGGCGGAGCAGTGGAGAGCCTACCTGGAGGGCACGTGCGTGGAGTGGCTCCGCAGATACCTGGAGAACGGGAAGGAGACGCTGCAGCGCACGG">
        <child id="184C"/>
        <child id="76C"/>
        <child id="217T"/>
        <child id="40C"/>
        <child id=""/>
        <child id="174G-195C-196A"/>
        <child id="275T"/>
        <child id="41A"/>
        <child id="144A"/>
        <child id="107A"/>
        <child id="136T"/>
        <child id="218A"/>
      </parent>
      <parent id="A1B1C1G000133" sequence="GTTCTCACACCATCCAGATGATGTATGGCTGCGACGTGGGGTCGGACGGGCGCTTCCTCCGCGGGTACCAGCAGGACGCCTACGACGGCAAGGATTACATCGCCTTGAACGAGGACCTGCGCTCTGGGACAGCGGCGGACATGGCGGCTCAGATCACCCAGCGCAAGTGGGAGGCGGCCCGTGTGGCGGAGCAGTTGAGAGCCTACCTGGAGGGCACGTGCGTGGAGTGGCTCCGCAGATACCTGGAGAACGGGAAGGAGACGCTGCAGCGCACGG">
        <child id=""/>
      </parent>
      <parent id="A1B1C1G000018" sequence="GTTCTCACACCATCCAGAGGATGTATGCCTGCGACGTGGGGCCGGACGGGCGCTTCCTCCGCGGGTACCAGCAGGACGCTTACGACGGCAAGGATTACATCGCCCTGAACGAGGACCTGCGCTCTTGGACCGCGGCGGACATGGCGGCTCAGATCACCCAGCGCAAGTGGGAGACGGCCCATGAGGCGGAGCAGTGGAGAGCCTACCTGGAGGGCCGGTGCGTGGAGTGGCTCCGCAGATACCTGGAGAACGGGAAGGAGACGCTGCAGCGCACGG">
        <child id=""/>
      </parent>
      <parent id="A2B2C2G000010" sequence="GTTCTCACACCATCCAGAGGATGTATGGCTGCGACGTGGGGCCGGACGGGCGCTTCCTCCGCGGGTACCAGCAGGACGCTTACGACGGCAAGGATTACATCGCCCTGAACGAGGACCTGCGCTCTTGGACCGCGGCGGACACGGCGGCTCAGATCACCCAGCGCAAGTGGGAGACGGCCCATGAGGCGGAGCAGTGGAGAGCCTACCTGGAGGGCCGGTGCGTGGAGTGGCTCCGCAGATACCTGGAGAACGGGAAGGAGACGCTGCAGCGCACGG">
        <child id=""/>
      </parent>
      <parent id="A1B1C2G000021" sequence="GTTCTCACACCATCCAGATGATGTATGGCTGCGACGTGGGGTCGGACGGGCGCTTCCTCCGCGGGTACCGGCAGGACGCCTACGACGGCAAGGATTACATCGCCCTGAAAGAGGACCTGCGCTCTTGGACCGCGGCGGACATGGCAGCTCAGACCACCAAGCACAAGTGGGAGGCGGCCCATGTGGCGGAGCAGTGGAGAGCCTACCTGGAGGGCACGTGCGTGGAGTGGCTCCGCAGATACCTGGAGAACGGGAAGGAGACGCTGCAGCGCACGG">
        <child id="28A"/>
        <child id="54G"/>
        <child id=""/>
        <child id="76T"/>
        <child id="163G"/>
        <child id="181C"/>
        <child id="142A"/>
        <child id="110C"/>
        <child id="63C"/>
        <child id="33A"/>
        <child id="184A-196T"/>
        <child id="136T"/>
        <child id="117T"/>
        <child id="142G"/>
        <child id="212T"/>
        <child id="36A"/>
        <child id="252C"/>
        <child id="181T"/>
        <child id="20A"/>
        <child id="143A"/>
        <child id="1A"/>
        <child id="107A-110G"/>
        <child id="114T"/>
        <child id="203T"/>
        <child id="180T"/>
        <child id="75T"/>
        <child id="178T"/>
        <child id="188A"/>
        <child id="36C"/>
        <child id="258A"/>
        <child id="169A"/>
        <child id="252A"/>
        <child id="271A"/>
        <child id="42C-54C"/>
        <child id="120A"/>
        <child id="273G"/>
        <child id="246A"/>
        <child id="40A"/>
        <child id="50A"/>
        <child id="79T"/>
        <child id="84A"/>
        <child id="87A"/>
        <child id="184A"/>
        <child id="219A"/>
        <child id="75C"/>
        <child id="201A"/>
        <child id="17A"/>
        <child id="145G"/>
        <child id="43A"/>
        <child id="146G"/>
        <child id="132C"/>
        <child id="227C-228G"/>
        <child id="202T"/>
        <child id="154T"/>
        <child id="243T"/>
      </parent>
      <parent id="A1B1C2G000045" sequence="GTTCTCACACCCTCCAGATGATGTTTGGCTGCGACGTGGGGTCGGACGGGCGCTTCCTCCGCGGGTACCGGCAGGACGCCTACGACGGCAAGGATTACATCGCCCTGAAAGAGGACCTGCGCTCTTGGACCGCGGCGGACATGGCGGCTCAGATCACCAAGCGCAAGTGGGAGGCGGCCCATGTGGCGGAGCAGCAGAGAGCCTACCTGGAGGGCACGTGCGTGGACGGGCTCCGCAGATACCTGGAGAACGGGAAGGAGACGCTGCAGCGCACGG">
        <child id=""/>
      </parent>
      <parent id="A2B1C2G000038" sequence="GTTCTCACACCCTCCAGAGGATGTATGGCTGCGATGTGGGGTCGGACTGGCGCTTCCTGCGCGGGTACCACCAGTACGCCTACGACGGCAAGGATTACATCGCCCTGAAAGAGGACCTGCGCTCTTGGACCGCGGCGGACATGGCAGCTCAGACCACCAAGCACAAGTGGGAGGCGGCCCATGTGGCGGAGCAGTGGAGAGCCTACCTGGAGGGCACGTGCGTGGAGTGGCTCCGCAGATACCTGGAGAACGGGAAGGAGACGCTGCAGCGCACGG">
        <child id=""/>
      </parent>
      <parent id="A1B1C1G000027" sequence="GTTCTCACACCCTCCAGTGGATGATTGGCTGCGACCTGGGGTCCGACGGACGCCTCATCCGCGGGTATGAACAGTATGCCTACGATGGCAAGGATTACCTCGCCCTGAACGAGGACCTGCGCTCCTGGACCGCAGCGGACACTGCGGCTCAGATCTCCAAGCGCAAGTGTGAGGCGGCCAATGTGGCTGAACAAAGGAGAGCCTACCTGGAGGGCACGTGCGTGGAGTGGCTCCACAGATACCTGGAGAACGGGAAGGAGATGCTGCAGCGCGCGG">
        <child id=""/>
      </parent>
      <parent id="A1B1C1G000045" sequence="GTTCTCACACCCTCCAGATGATGTTTGGCTGCGACGTGGGGTCGGACGGGCGCTTCCTCCGCGGGTACCGGCAGGACGCCTACGACGGCAAGGATTACATCGCCTTGAACGAGGACCTGCGCTCTTGGACCGCGGCGGACATGGCGGCTCAGATCACCAAGCGCAAGTGGGAGGCGGCCCATGTGGCGGAGCAGCAGAGAGCCTACCTGGAGGGCACGTGCGTGGACGGGCTCCGCAGATACCTGGAGAACGGGAAGGAGACGCTGCAGCGCACGG">
        <child id=""/>
      </parent>
      <parent id="A1B1C2G000003" sequence="GTTCTCACACCATCCAGAGGATGTATGGCTGCGACGTGGGGCCGGACGGGCGCTTCCTCCGCGGGTACCACCAGTACGCCTACGACGGCAAGGATTACATCGCCCTGAAAGAGGACCTGCGCTCTTGGACCGCGGCGGACATGGCAGCTCAGACCACCAAGCACAAGTGGGAGGCGGCCCATGTGGCGGAGCAGTGGAGAGCCTACCTGGAGGGCACGTGCGTGGAGTGGCTCCGCAGATACCTGGAGAACGGGAAGGAGACGCTGCAGCGCACGG">
        <child id="163G"/>
        <child id="104T"/>
        <child id="209C"/>
        <child id="12C"/>
        <child id="251A"/>
        <child id=""/>
        <child id="142G"/>
        <child id="184A"/>
        <child id="169A-171T"/>
        <child id="65T"/>
        <child id="275T"/>
        <child id="25G"/>
        <child id="181G"/>
        <child id="269A"/>
        <child id="146G"/>
        <child id="33A"/>
        <child id="139G"/>
        <child id="235C"/>
        <child id="110C"/>
        <child id="217T"/>
        <child id="273G"/>
        <child id="19T-42T"/>
        <child id="124G"/>
        <child id="252A"/>
        <child id="131A"/>
        <child id="87C"/>
        <child id="195C"/>
      </parent>
      <parent id="A1B2C1G000071" sequence="GTTCTCACACCATCCAGATGATGTATGGCTGCGACGTGGGGTCGGACGGGCGCTTCCTCCGCGGGTACCAGCAGGACGCCTACGACGGCAAGGATTACATCGCCCTGAAAGAGGACCTGCGCTCTTGGACCGCGGCGGACATGGCGGCTCAGATCACCAAGCGCAAGTGGGAGGCGGCCCGTGTGGCGGAGCAGTTGAGAGCCTACCTGGAGGGCACGTGCGTGGAGTGGCTCCGCAGATACCTGGAGAACGGGAAGGAGACGCTGCAGCGCACGG">
        <child id=""/>
      </parent>
      <parent id="A1B1C2G000017" sequence="GTTCTCACACCCTCCAGATGATGTTTGGCTGCGACGTGGGGTCGGACGGGCGCTTCCTCCGCGGGTACCACCAGTACGCCTACGACGGCAAGGATTACATCGCCCTGAAAGAGGACCTGCGCTCTTGGACCGCGGCGGACATGGCGGCTCAGATCACCCAGCGCAAGTGGGAGGCGGCCCGTGTGGCGGAGCAGTTGAGAGCCTACCTGGAGGGCACGTGCGTGGACGGGCTCCGCAGATACCTGGAGAACGGGAAGGAGACGCTGCAGCGCACGG">
        <child id="159A"/>
        <child id="150G"/>
        <child id="160T"/>
        <child id="33T"/>
        <child id="105T-110C"/>
        <child id="216C-217G"/>
        <child id="142C"/>
        <child id="64C"/>
        <child id="196G"/>
        <child id="187T"/>
        <child id="218A"/>
        <child id="42C"/>
        <child id="155T"/>
        <child id="272T"/>
        <child id="276A"/>
        <child id="234G"/>
        <child id=""/>
        <child id="252C"/>
        <child id="36A"/>
        <child id="221A"/>
        <child id="137C"/>
        <child id="195C"/>
        <child id="120A-125C"/>
        <child id="227G-228T"/>
        <child id="228A"/>
        <child id="87C"/>
        <child id="273G"/>
        <child id="76G"/>
        <child id="175A"/>
        <child id="141G"/>
        <child id="194A"/>
        <child id="54C"/>
      </parent>
      <parent id="A2B2C2G000005" sequence="GTTCTCACACCATCCAGATAATGTATGGCTGCGACGTGGGGTCGGACGGGCGCTTCCTCCGCGGGTATGAACAGCACGCCTACGACGGCAAGGATTACATCGCCCTGAACGAGGACCTGCGCTCTTGGACCGCGGCGGACATGGCGGCTCAGATCACCCAGTGCAAGTGGGAGGCGGCCCGTTGGGCGGAGCAGTTGAGAGCCTACCTGGAGGGCACGTGCGTGGAGTGGCTCCGCAGATACCTGGAGAACGGGAAGGAGACGCTGCAGCGCACGG">
        <child id=""/>
      </parent>
      <parent id="A1B1C2G000025" sequence="GTTCTCACACCATCCAGATGATGTATGGCTGCGACGTGGGGTCGGACGGACGCTTCCTCCGCGGGTACCAGCAGGACGCCTACGACGGCAAGGATTACATCGCCTTGAACGAGGACCTGCGCTCTTGGACCGCGGCGGACATGGCGGCTCAGATCACCCAGCGCAAGTGGGAGGCGGCCCGTGTGGCGGAGCAGTTGAGAGCCTACCTGGAGGGCACGTGCGTGGAGTGGCTCCGCAGACACCTGGAGAACGGGAAGGAGACGCTGCAGCGCACGG">
        <child id=""/>
      </parent>
      <parent id="A1B2C2G000005" sequence="GTTCTCACACCATCCAGATAATGTATGGCTGCGACGTGGGGTCGGACGGGCGCTTCCTCCGCGGGTATGAACAGCACGCCTACGACGGCAAGGATTACATCGCCCTGAACGAGGACCTGCGCTCTTGGACCGCGGCGGACATGGCGGCTCAGATCACCCAGAGCAAGTGGGAGGCGGCCCGTTGGGCGGAGCAGTTGAGAGCCTACCTGGAGGGCACGTGCGTGGAGTGGCTCCGCAGATACCTGGAGAACGGGAAGGAGACGCTGCAGCGCACGG">
        <child id=""/>
      </parent>
      <parent id="A1B1C2G000102" sequence="GTTCTCACACCCTCCAGATGATGTTTGGCTGCGACGTGGGGTCGGACGGGCGCCTCCTCCGCGGGCATGACCAGTACGCCTACGACGGCAAGGATTACATCGCCCTGAAAGAGGACCTGCGCTCTTGGACCGCGGCGGACATGGCGGCTCAGATCACCCAGCGCAAGTGGGAGGCGGCCCGTGTGGCGGAGCAGTTGAGAGCCTACCTGGAGGGCACGTGCGTGGACGGGCTCCGCAGATACCTGGAGAACGGGAAGGAGACGCTGCAGCGCACGG">
        <child id=""/>
      </parent>
      <parent id="A1B1C1G000067" sequence="GTTCTCACACCATCCAGATAATGTATGGCTGCGACGTGGGGTCGGACGGGCGCTTCCTCCGCGGGTACCGGCAGGACGCCTACGACGGCAAGGATTACATCGCCCTGAACGAGGACCTGCGCTCTTGGACCGCGGCGGACATGGCGGCTCAGATCACCAAGCGCAAGTGGGAGGCGGCCCATGAGGCGGAGCAGTTGAGAGCCTACCTGGAGGGCACGTGCGTGGACGGGCTCCGCAGATACCTGGAGAACGGGAAGGAGACGCTGCAGCGCACGG">
        <child id=""/>
      </parent>
      <parent id="A1B2C1G000013" sequence="GTTCTCACACCATCCAGATGATGTATGGCTGCGACGTGGGGCCGGACGGGCGCTTCCTCCGCGGGTACCGGCAGGACGCCTACGACGGCAAGGATTACATCGCCCTGAAAGAGGACCTGCGCTCTTGGACCGCGGCGGACATGGCAGCTCAGACCACCAAGCACAAGTGGGAGGCGGCCCATGTGGCGGAGCAGTGGAGAGCCTACCTGGAGGGCACGTGCGTGGAGTGGCTCCGCAGATACCTGGAGAACGGGAAGGAGACGCTGCAGCGCACGG">
        <child id=""/>
      </parent>
      <parent id="A2B1C2G000017" sequence="GTTCTCACACCCTCCAGATGATGTTTGGCTGCGACGTGGGGTCGGACGGGCGCTTCCTCCGCGGGTACCACCAGTACGCCTACGACGGCAAGGATTACATCGCCCTGAAAGAGGACCTGCGCTCTTGGACCGCGGCGGACATGGCGGCTCAGATCACCCAGCGCAAGTGGGAGGCGGCCCATGTGGCGGAGCAGTTGAGAGCCTACCTGGAGGGCACGTGCGTGGACGGGCTCCGCAGATACCTGGAGAACGGGAAGGAGACGCTGCAGCGCACGG">
        <child id=""/>
        <child id="196G"/>
      </parent>
      <parent id="A2B2C2G000027" sequence="GTTCTCATACCCTCCAGTGGATGATTGGTTGCGACCTGGGGTCCGACGGACGCCTCCTCCGCGGGTATGAACAGTATGCCTACGATGGCAAGGATTACCTCGCCCTGAACGAGGACCTGCGCTCCTGGACCGCAGCGGACACTGCGGCTCAGATCTCCAAGCGCAAGTGTGAGGCGGCCAATGTGGCTGAACAAAGGAGAGCCTACCTGGAGGGCACGTGCGTGGAGTGGCTCCACAGATACCTGGAGAACGGGAAGGAGATGCTGCAGCGCGCGG">
        <child id=""/>
      </parent>
      <parent id="A2B2C2G000004" sequence="GTTCTCACACCATCCAGATAATGTATGGCTGCGACGTGGGGCCGGACGGGCGCTTCCTCCGCGGGTACCGGCAGGACGCCTACGACGGCAAGGATTACATCGCCCTGAACGAGGACCTGCGCTCTTGGACCGCGGCGGACATGGCAGCTCAGATCACCAAGCGCAAGTGGGAGGCGGCCCATGAGGCGGAGCAGCGGAGAGCCTACCTGGAGGGCCGGTGCGTGGAGTGGCTCCGCAGATACCTGGAGAACGGGAAGGAGACGCTGCAGCGCACGG">
        <child id="196T"/>
        <child id="184C"/>
        <child id="184C-196T"/>
        <child id="184C-202T"/>
        <child id=""/>
        <child id="184C-195T-196T"/>
      </parent>
      <parent id="A2B2C1G000009" sequence="GTTCTCACACCATCCAGATCATGTATGGCTGCGACGTGGGGCCGGACGGGCGCCTCCTCCGCGGGTACCAGCAGGACGCCTACGACGGCAAGGATTACATCGCCTTGAACGAGGACCTGCGCTCTTGGACCGCGGCGGACATGGCGGCTCAGATCACCCAGCGCAAGTGGGAGGCGGCCCGTGTGGCGGAGCAGTTGAGAGCCTACCTGGAGGGCACGTGCGTGGAGTGGCTCCGCAGATACCTGGAGAACGGGAAGGAGACGCTGCAGCGCACGG">
        <child id="20A"/>
        <child id=""/>
      </parent>
      <parent id="A1B1C1G000039" sequence="GTTCTCACACCATCCAGAGGATGTATGGCTGCGACGTGGGGCCGGACGGGCGCTTCCTCCGCGGGTACCAGCAGGACGCTTACGACGGCAAGGATTACATCGCCCTGAACGAGGACCTGCGCTCTTGGACCGCGGCGGACATGGCGGCTCAGATCACCCAGCGCAAGTGGGAGACGGTCCATGAGGCGGAGCAGTGGAGAGCCTACCTGGAGGGCGAGTGCGTGGAGTGGCTCCGCAGATACCTGGAGAACGGGAAGGAGACGCTGCAGCGCACGG">
        <child id=""/>
      </parent>
      <parent id="A1B1C2G000087" sequence="GTTCTCACACCATCCAGATAATGTATGGCTGCGACGTGGGGTCGGACGGGCGCTTCCTCCGCGGGTACCGGCAGGACGCCTACGACGGCAAGGATTACATCGCCCTGAACGAGGACCTGCGCTCTTGGACCGCGGCGGACATGGCGGCTCAGATCACCAAGCGCAAGTGGGAGGCGGTCCATGCGGCGGAGCAGCGGAGAGTCTACCTGGAGGGCACGTGCGTGGAGTGGCTCCGCAGATACCTGGAGAACGGGAAGGAGACGCTGCAGCGCACGG">
        <child id=""/>
      </parent>
      <parent id="A1B1C1G000087" sequence="GTTCTCACACCATCCAGATAATGTATGGCTGCGACGTGGGGTCGGACGGGCGCTTCCTCCGCGGGTACCGGCAGGACGCCTACGACGGCAAGGATTACATCGCCCTGAACGAGGACCTGCGCTCTTGGACCGCGGCGGACATGGCGGCTCAGATCACCAAGCGCAAGTGGGAGGCGGCCCATGAGGCGGAGCAGCGGAGAGTCTACCTGGATGGCACGTGCGTGGAGTGGCTCCGCAGATACCTGGAGAACGGGAAGGAGACGCTGCAGCGCACGG">
        <child id=""/>
      </parent>
      <parent id="A1B1C1G000124" sequence="GTTCTCACACCATCCAGATAATGTATGGCTGCGACGTGGGGTCGGACGGGCGCTTCCTCCGCGGGTACCGGCAGGACGCCTACGACGGCAAGGATTACATCGCCCTGAACGAGGACCTGCGCTCTTGGACCGCGGCGGACATGGCGGCTCAGATCACCAAGCGCAAGTGGGAGGCGGAGCAGTTGAGAGCCTACCTGGATGGCACGTGCGTGGAGTGGCTCCGCAGATACCTGGAGAACGGGAAGGAGACGCTGCAGCGCACGG">
        <child id=""/>
      </parent>
      <parent id="A2B1C2G000003" sequence="GTTCTGACACCATCCAGAGGATGTATGGCTGCGACGTGGGGCCGGACGGGCGCTTCCTCCGCGGGTACCACCAGTACGCCTACGACGGCAAGGATTACATCGCCCTGAAAGAGGACCTGCGCTCTTGGACCGCGGCGGACATGGCAGCTCAGACCACCAAGCACAAGTGGGAGGCGGCCCATGTGGCGGAGCAGTGGAGAGCCTACCTGGAGGGCACGTGCGTGGAGTGGCTCCGCAGATACCTGGAGAACGGGAAGGAGACGCTGCAGCGCACGG">
        <child id=""/>
      </parent>
      <parent id="A1B1C2G000005" sequence="GTTCTCACACCATCCAGATAATGTATGGCTGCGACGTGGGGTCGGACGGGCGCTTCCTCCGCGGGTATGAACAGCACGCCTACGACGGCAAGGATTACATCGCCCTGAACGAGGACCTGCGCTCTTGGACCGCGGCGGACATGGCGGCTCAGATCACCCAGCGCAAGTGGGAGGCGGCCCGTTGGGCGGAGCAGTTGAGAGCCTACCTGGAGGGCACGTGCGTGGAGTGGCTCCGCAGATACCTGGAGAACGGGAAGGAGACGCTGCAGCGCACGG">
        <child id="275A"/>
        <child id="60A"/>
        <child id="201A"/>
        <child id="46T"/>
        <child id="222C"/>
        <child id="110A"/>
        <child id="243G"/>
        <child id="160G"/>
        <child id="220C"/>
        <child id="187A"/>
        <child id="271T"/>
        <child id="137A"/>
        <child id="217T"/>
        <child id="67G"/>
        <child id="54C"/>
        <child id="260A"/>
        <child id="49T"/>
        <child id="111T"/>
        <child id="227C-228G"/>
        <child id="183G-184T"/>
        <child id="262T"/>
        <child id="142C"/>
        <child id="188A"/>
        <child id="239G"/>
        <child id="175A"/>
        <child id="26C"/>
        <child id="180G"/>
        <child id="273T"/>
        <child id="69C"/>
        <child id=""/>
        <child id="86A"/>
        <child id="159A"/>
        <child id="151G"/>
      </parent>
      <parent id="A1B2C2G000002" sequence="GTTCTCACACCGTCCAGAGGATGTGTGGCTGCGACGTGGGGTCGGACTGGCGCTTCCTCCGCGGGTACCACCAGTACGCCTACGACGGCAAGGATTACATCGCCCTGAAAGAGGACCTGCGCTCTTGGACCGCGGCGGACATGGCAGCTCAGACCACCAAGCACAAGTGGGAGGCGGCCCATGTGGCGGAGCAGTTGAGAGCCTACCTGGAGGGCACGTGCGTGGAGTGGCTCCGCAGATACCTGGAGAACGGGAAGGAGACGCTGCAGCGCACGG">
        <child id="10G"/>
        <child id="67G"/>
        <child id="142A"/>
        <child id="229C"/>
        <child id="77A"/>
        <child id="262T"/>
        <child id="48G"/>
        <child id="210A"/>
        <child id="54C"/>
        <child id="186A"/>
        <child id="131T"/>
        <child id="142G"/>
        <child id="201A"/>
        <child id="181G"/>
        <child id="91G"/>
        <child id="196G"/>
        <child id=""/>
      </parent>
      <parent id="A1B1C1G000109" sequence="GTTCTCACACCATGCAGGTGATGTATGGCTGCGACGTGGGGCCGGACGGGCGCTTCCTCCGCGGGTACCAGCAGGACGCTTACGACGGCAAGGATTACATCGCCCTGAACGAGGACCTGCGCTCTTGGACCGCGGCGGACATGGCGGCTCAGATCACCCAGCGCAAGTGGGAGACGGCCCATGAGGCGGAGCAGTGGAGAGCCTACCTGGAGGGCCGGTGCGTGGAGTGGCTCCGCAGATACCTGGAGAACGGGAAGGAGACGCTGCAGCGCACGG">
        <child id=""/>
      </parent>
      <parent id="A1B2C2G000011" sequence="GTTCTCACACCATCCAGATAATGTATGGCTGCGACGTGGGGCCGGACGGGCGCTTCCTCCGCGGGTACCGGCAGGACGCCTACGACGGCAAGGATTACATCGCCCTGAACGAGGACCTGCGCTCTTGGACCGCGGCGGACATGGCAGCTCAGATCACCAAGCGCAAGTGGGAGGCGGTCCATGCGGCGGAGCAGCGGAGAGTCTACCTGGAGGGCAGGTGCGTGGACGGGCTCCGCAGATACCTGGAGAACGGGAAGGAGACGCTGCAGCGCACGG">
        <child id=""/>
        <child id="217C"/>
      </parent>
      <parent id="A2B1C2G000005" sequence="GTTCTCACACCACCCAGATAATGTATGGCTGCGACGTGGGGTCGGACGGGCGCTTCCTCCGCGGGTATGAACAGCACGCCTACGACGGCAAGGATTACATCGCCCTGAACGAGGACCTGCGCTCTTGGACCGCGGCGGACATGGCGGCTCAGATCACCCAGCGCAAGTGGGAGGCGGCCCGTTGGGCGGAGCAGTTGAGAGCCTACCTGGAGGGCACGTGCGTGGAGTGGCTCCGCAGATACCTGGAGAACGGGAAGGAGACGCTGCAGCGCACGG">
        <child id=""/>
      </parent>
      <parent id="A2B2C2G000020" sequence="GTTCTCACACCCTCCAGATGATGTTTGGCTGCGACGTGGGGTCGGACGGGCGCTTCCTCCGCGGGTATGAACAGTATGCCTACGACGGCAAGGATTACATCGCCCTGAAAGAGGACCTGCGCTCTTGGACCGCGGCGGACATGGCGGCTCAGATCACCAAGCGCAAGTGGGAGGCGGCCCATGTGGCGGAGCAGCAGAGAGCCTACCTGGAGGGCACGTGCGTGGACGGGCTCCGCAGATACCTGGAGAACGGGAAGGAGACGCTGCAGCGCACGG">
        <child id="66C-71C-77C"/>
        <child id="69A-71C-76T-77C"/>
        <child id=""/>
      </parent>
      <parent id="A1B1C1G000103" sequence="GTTCTCACACCGTCCAGAGGATGTATGGCTGCGACGTGGGGTCGGACTGGCGCTTCCTCCGCGGGTACCACCAGTACGCCTACGACGGCAAGGATTACATCGCCCTGAAAGAGGACCTGCGCTCTTGGACCGCGGCGGACATGGCAGCTCAGACCACCAAGCACAAGTGGGAGGCGGAGCAGTTGAGAGCCTACCTGGAGGGCACGTGCGTGGAGTGGCTCCGCAGATACCTGGAGAACGGGAAGGAGACGCTGCAGCGCACGG">
        <child id=""/>
      </parent>
      <parent id="A1B1C2G000008" sequence="GTTCTCACACCCTCCAGATGATGTTTGGCTGCGACGTGGGGTCGGACGGGCGCTTCCTCCGCGGGTACCACCAGTACGCCTACGACGGCAAGGATTACATCGCCCTGAAAGAGGACCTGCGCTCTTGGACCGCGGCGGACATGGCGGCTCAGATCACCAAGCGCAAGTGGGAGGCGGCCCGTGTGGCGGAGCAGCTGAGAGCCTACCTGGAGGGCACGTGCGTGGACGGGCTCCGCAGATACCTGGAGAACGGGAAGGAGACGCTGCAGCGCACGG">
        <child id=""/>
      </parent>
      <parent id="A1B2C2G000025" sequence="GTTCTCACACCATCCAGATGATGTATGGCTGCGACGTGGGGTCGGACGGGCGCTTCCTCCGCGGGTACCAGCAGGACGCCTACGACGGCAAGGATTACATCGCCCTGAACGAGGACCTGCGCTCTTGGACCGCGGCGGACATGGCGGCTCAGATCACCCAGCGCAAGTGGGAGGCGGCCCGTGTGGCGGAGCAGTTGAGAGCCTACCTGGAGGGCACGTGCGTGGAGTGGCTCCGCAGACACCTGGAGAACGGGAAGGAGACGCTGCAGCGCACGG">
        <child id=""/>
        <child id="110A"/>
      </parent>
      <parent id="A1B1C2G000027" sequence="GTTCTCACACCCTCCAGTGGATGATTGGCTGCGACCTGGGGTCCGACGGACGCCTCCTCCGCGGGTATGAACAGTATGCCTACGATGGCAAGGATTACCTCGCCCTGAACGAGGACCTGCGCTCCTGGACCGCAGCGGACACTGCGGCTCAGATCTCCAAGCGCAAGTGTGAGGCGGCCAATGTGGCTGAACAAAGGAGAGCCTACCTGGAGGGCACGTGCGTGGAGTGGCTCCACAGATACCTGGAGAACGGGAAGGAGATGCTGCAGCGCGCGG">
        <child id="80G"/>
        <child id=""/>
        <child id="173A"/>
        <child id="28A"/>
      </parent>
      <parent id="A1B1C1G000038" sequence="GTTCTCACACCCTCCAGAGGATGTATGGCTGCGACGTGGGGTCGGACTGGCGCTTCCTGCGCGGGTACCACCAGTACGCCTACGACGGCAAGGATTACATCGCCCTGAAAGAGGACCTGCGCTCTTGGACCGCGGCGGACATGGCAGCTCAGACCACCAAGCACAAGTGGGAGGCGGCCCGTGAGGCGGAGCAGTGGAGAGCCTACCTGGAGGGCACGTGCGTGGAGTGGCTCCGCAGATACCTGGAGAACGGGAAGGAGACGCTGCAGCGCACGG">
        <child id=""/>
      </parent>
      <parent id="A1B2C2G000024" sequence="GTTCTCACACCATCCAGATAATGTATGGCTGCGACGTGGGGCCGGACGGGCGCTTCCTCCGCGGGTACCGGCAGGACGCCTACGACGGCAAGGATTACATCGCCCTGAACGAGGACCTGCGCTCTTGGACCGCGGCGGACATGGCAGCTCAGACCACCAAGCGCAAGTGGGAGGCGGCCCATGTGGCGGAGCAGTTGAGAGCCTACCTGGAGGGCACGTGCGTGGAGTGGCTCCGCAGATACCTGGAGAACGGGAAGGAGACGCTGCAGCGCACGG">
        <child id=""/>
      </parent>
      <parent id="A1B1C1G000078" sequence="GTTCTCACACCATCCAGATGATGTATGGCTGCGACGTGGGGCCGGACGGGCGCCTCCTCCGCGGGTACCAGCAGGACGCCTACGACGGCAAGGATTACATCGCCTTGAACGAGGACCTGCGCTCTTGGACCGCGGCGGACATGGCGGCTCAGATCACCCAGCGCAAGTGGGAGGCGGCCCGTGTGGCGGAGCAGCAGAGAGCCTACCTGGAGGGCACGTGCGTGGAGTGGCTCCGCAGATACCTGGAGAACGGGAAGGAGACGCTGCAGCGCACGG">
        <child id=""/>
      </parent>
      <parent id="A1B1C2G000107" sequence="GTTCTCACACCATCCAGAGGAAGCATGACTGCGACGTGGGCCCGACAGGCGCCTCCTCCGCAGGTATGAACAGTTCGCCTACGATGGCAAGGATTACATCGCCCTGAACGAGGACCTGCCCTCCTGGACCGCCGCGAACACAGCGGCTCAGATCTCCCAGCACAAGTGGGAAGCGGACAAATACTCAGAGCAGGTCAGGGCCTACCTGAGGGCAAGTGCATGGAGTGGCTCCGCAGACACCTGGAGAACGGGAAGGAGACGCTGCAGCGCGCGG">
        <child id=""/>
      </parent>
      <parent id="A1B2C2G000003" sequence="GTTCTCACACCATCCAGAGGATGTATGGCTGCGACGTGGGGCCGGACGGGCGCTTCCTCCGCGGGTACCACCAGTACGCCTACGACGGCAAGGATTACATCGCCCTGAAAGAGGACCTGCGCTCTTGGACCGCGGCGGACATGGCAGCTCAGACCACCAAGCACAAGTGGGAGGCGGCCCATGTGGCGGAGCAGTGGAGAGCCTACCTGGAGGGCACGTGCGTGGAGTGGCTCCGCAGATACCTGGAGAACGGGAAGGAGATGCTGCAGCGCACGG">
        <child id=""/>
      </parent>
      <parent id="A1B2C1G000045" sequence="GTTCTCACACCATCCAGATGATGTATGGCTGCCACGTGGGGTCGGACGGGCGCTTCCTCCGCGGGTACCGGCAGGACGCCTACGACGGCAAGGATTACATCGCCTTGAACGAGGACCTGCGCTCTTGGACCGCGGCGGACATGGCGGCTCAGATCACCAAGCGCAAGTGGGAGGCGGCCCATGTGGCGGAGCAGCAGAGAGCCTACCTGGAGGGCACGTGCGTGGACGGGCTCCGCAGATACCTGGAGAACGGGAAGGAGACGCTGCAGCGCACGG">
        <child id=""/>
      </parent>
      <parent id="A2B2C2G000001" sequence="GTTCTCACACCCTCCAGATGATGTTTGGCTGCGACGTGGGGTCGGACGGGCGCTTCCTCCGCGGGTACCACCAGTACGCCTACGACGGCAAGGATTACATCGCCCTGAAAGAGGACCTGCGCTCTTGGACCGCGGCGGACATGGGGGCTCAGATCACCAAGCGCAAGTGGGAGGCGGCCCATGTGGCGGAGCAGCAGAGAGCCTACCTGGAGGGCCGGTGCGTGGAGTGGCTCCGCAGATACCTGGAGAACGGGAAGGAGACGCTGCAGCGCACGG">
        <child id=""/>
      </parent>
      <parent id="A1B1C1G000024" sequence="GTTCTCACACCATCCAGATAATGTATGGCTGCGACGTGGGGCCGGACGGGCGCTTCCTCCGCGGGTACCGGCAGGACGCCTACGACGGCAAGGATTACATCGCCCTGAACGAGGACCTGCGCTCTTGGACCGCGGCGGACATGGCAGCTCAGATCACCAAGCGCAAGTGGGAGGCGGCCCATGTGGCGGAGCAGTTGAGAGCCTACCTGGAGGGCCGGTGCGTGGAGTGGCTCCGCAGATACCTGGAGAACGGGAAGGAGACGCTGCAGCGCACGG">
        <child id=""/>
        <child id="216A-217C"/>
      </parent>
      <parent id="A1B1C2G000055" sequence="GTTCTCACACCATCCAGATGATGTATGGCTGCGACGTGGGGCCGGACGGGCGCCTCCTCCGCGGGTACCAGCAGGACGCCTACGACGGCAAGGATTACATCGCCTTGAACGAGGACCTGCGCTCTTGGACCGCGGCGGACATGGCGGCTCAGATCACCCAGCGCAAGTGGGAGGCGGCCCATGTGGCGGAGCAGCAGAGAGCCTACCTGGAGGGCACGTGCGTGGAGTGGCTCCGCAGATACCTGGAGAACGGGAAGGAGACGCTGCAGCGCACGG">
        <child id=""/>
      </parent>
      <parent id="A1B1C1G000130" sequence="GTTCTCACACCCTCCAGATGATGTTTGGCTGCGACGTGGGGTCGGACGGGCGCTTCCTCCGCGGGTACCACCAGTACGCCTACGACGGCAAGGATTACATCGCCCTGAAAGGACCTGCGCTCTTGGACCGCGGCGGACATGGCGGCTCAGATCACCAAGCGCAAGTGGGAGGCGGCCCATGTGGCGGAGCAGCAGAGAGCCTACCTGGAGGGCACGTGCGTGGACGGGCTCCGCAGATACCTGGAGAACGGGAAGGAGACGCTGCAGCGCACGG">
        <child id=""/>
      </parent>
      <parent id="A1B1C2G000062" sequence="GTTCTCACACCGTCCAGAGGATGTATGGCTGCGACGTGGGGTCGGACTGGCGCTTCCTCCGCGGGTACCACCAGTACGCCTACGACGGCAAGGATTACATCGCCCTGAAAGAGGACCTGCGCTCTTGGACCGCGGCGGACATGGCAGCTCAGACCACCAAGCACAAGTGGGAGGCGGCCCATGCGGCGGAGCAGCAGAGAGCCTACCTGGAGGGCACGTGCGTGGAGTGGCTCCGCAGATACCTGGAGAACGGGAAGGAGACGCTGCAGCGCACGG">
        <child id=""/>
      </parent>
      <parent id="A1B1C1G000068" sequence="GTGCTCACACCATCCAGATAATGTATGGCTGCGACGTGGGGCCGGACGGGCGCTTCCTCCGCGGGTACCGGCAGGACGCCTACGACGGCAAGGATTACATCGCCCTGAACGAGGACCTGCGCTCTTGGACCGCGGCGGACATGGCAGCTCAGATCACCAAGCGCAAGTGGGAGGCGGCCCATGTGGCGGAGCAGCAGAGAGCCTACCTGGAGGGCACGTGCGTGGACGGGCTCCGCAGATACCTGGAGAACGGGAAGGAGACGCTGCAGCGCACGG">
        <child id=""/>
      </parent>
      <parent id="A1B2C2G000028" sequence="GTTCCCACACCATGCAGGTGATGTATGGCTGCGACGTGGGGCCCGACGGGCGCTTCCTCCGCGGGTATGAACAGCACGCCTACGACGGCAAGGATTACATCGCTCTGAACGAGGACCTGCGCTCCTGGACCGCGGCGGACATGGCAGCTCAGATCACCAAGCGCAAGTGGGAGGCGGCCCGTGTGGCGGAGCAGCTGAGAGCCTACCTGGAGGGCGAGTTCGTGGAGTGGCTCCGCAGATACCTGGAGAACGGGAAGGAGACGCTGCAGCGCGCGG">
        <child id=""/>
      </parent>
      <parent id="A1B1C1G000007" sequence="GTTCTCACACCATCCAGATAATGTATGGCTGCGACGTGGGGTCGGACGGGCGCTTCCTCCGCGGGTACCGGCAGGACGCCTACGACGGCAAGGATTACATCGCCCTGAACGAGGACCTGCGCTCTTGGACCGCGGCGGACATGGCGGCTCAGATCACCCAGCGCAAGTGGGAGGCGGCCCGTTGGGCGGAGCAGTTGAGAGCCTACCTGGAGGGCACGTGCGTGGAGTGGCTCCGCAGATACCTGGAGAACGGGAAGGAGACGCTGCAGCGCACGG">
        <child id=""/>
      </parent>
      <parent id="A1B2C1G000062" sequence="GTTCTCACACCGTCCAGAGGATGTATGGCTGCGACGTGGGGTCGGACTGGCGCTTCCTCCGCGGGTACCACCAGTACGCCTACGACGGCAAGGATTACATCGCCCTGAAAGAGGACCTGCGCTCTTGGACCGCGGCGGACATGGCAGCTCAGACCACCAAGCACAAGTGGGAGACGGCCCATGAGGCGGAGCAGCTGAGAGCCTACCTGGAGGGCACGTGCGTGGAGTGGCTCCGCAGATACCTGGAGAACGGGAAGGAGACGCTGCAGCGCACGG">
        <child id=""/>
      </parent>
      <parent id="A1B1C2G000041" sequence="GTTCTCACACCATCCAGATGATGTATGGCTGCGACGTGGGGTCGGACGGGCGCTTCCTCCGCGGGTACCGGCAGGACGCCTACGACGGCAAGGATTACATCGCCTTGAACGAGGACCTGCGCTCTTGGACCGCGGCGGACATGGCAGCTCAGACCACCAAGCACAAGTGGGAGGCGGCCCGTGTGGCGGAGCAGTTGAGAGCCTACCTGGAGGGCACGTGCGTGGAGTGGCTCCGCAGATACCTGGAGAACGGGAAGGAGACGCTGCAGCGCACGG">
        <child id=""/>
      </parent>
      <parent id="A1B2C2G000010" sequence="GTTCTCACACCATCCAGAGGATGTATGGCTGCGACGTGGGGCCGGACGGGCGCTTCCTCCGCGGGTACCAGCAGGACGCTTACGACGGCAAGGATTACATCGCCCTGAACGAGGACCTGAGCTCTTGGACCGCGGCGGACATGGCGGCTCAGATCACCCAGCGCAAGTGGGAGACGGCCCATGAGGCGGAGCAGTGGAGAGCCTACCTGGAGGGCCGGTGCGTGGAGTGGCTCCGCAGATACCTGGAGAACGGGAAGGAGACGCTGCAGCGCACGG">
        <child id=""/>
      </parent>
      <parent id="A1B1C2G000002" sequence="GTTCTCACACCGTCCAGAGGATGTATGGCTGCGACGTGGGGTCGGACTGGCGCTTCCTCCGCGGGTACCACCAGTACGCCTACGACGGCAAGGATTACATCGCCCTGAAAGAGGACCTGCGCTCTTGGACCGCGGCGGACATGGCAGCTCAGACCACCAAGCACAAGTGGGAGGCGGCCCATGTGGCGGAGCAGTTGAGAGCCTACCTGGAGGGCACGTGCGTGGAGTGGCTCCGCAGATACCTGGAGAACGGGAAGGAGACGCTGCAGCGCACGG">
        <child id="95G"/>
        <child id="153T"/>
        <child id="145T"/>
        <child id="258A"/>
        <child id="75G"/>
        <child id="147A"/>
        <child id="118G"/>
        <child id="98T"/>
        <child id="188A"/>
        <child id="196G"/>
        <child id="257A"/>
        <child id="175A"/>
        <child id="24A"/>
        <child id="11G"/>
        <child id="180T"/>
        <child id="255G"/>
        <child id="49C-50T"/>
        <child id="174A-184A"/>
        <child id="91G"/>
        <child id="170A"/>
        <child id="65C"/>
        <child id="36C"/>
        <child id="224A"/>
        <child id="218C-222A"/>
        <child id="238T"/>
        <child id="216G-217A"/>
        <child id="72T"/>
        <child id="77T"/>
        <child id="261G"/>
        <child id="134C"/>
        <child id="26C"/>
        <child id="195C-196G"/>
        <child id="32A"/>
        <child id="181G-195C"/>
        <child id="135A"/>
        <child id="271T"/>
        <child id="136A"/>
        <child id="186C"/>
        <child id="38A"/>
        <child id="217G"/>
        <child id="62T"/>
        <child id="267T"/>
        <child id="176C"/>
        <child id="137A"/>
        <child id="132C"/>
        <child id="251G"/>
        <child id="235C"/>
        <child id="142C"/>
        <child id="178T"/>
        <child id="177T"/>
        <child id="187T"/>
        <child id="262T"/>
        <child id="107T"/>
        <child id="253C"/>
        <child id="214T"/>
        <child id="105T-110C"/>
        <child id="65A-76T"/>
        <child id="99G"/>
        <child id="217A"/>
        <child id="202T"/>
        <child id="16G"/>
        <child id="62G"/>
        <child id="227C-228G"/>
        <child id="164T"/>
        <child id="196A"/>
        <child id="77G"/>
        <child id="132T"/>
        <child id="98A"/>
        <child id="146G"/>
        <child id="71G-75G"/>
        <child id="59T"/>
        <child id="44T"/>
        <child id="242G"/>
        <child id="18G"/>
        <child id="230A"/>
        <child id="146G-154T"/>
        <child id="44C"/>
        <child id="252C"/>
        <child id="219C"/>
        <child id="158T"/>
        <child id="68G"/>
        <child id="240C"/>
        <child id="246C"/>
        <child id="32G"/>
        <child id="221A"/>
        <child id="36A"/>
        <child id="71T"/>
        <child id="110C"/>
        <child id="232A"/>
        <child id="217T"/>
        <child id="7G"/>
        <child id="212T"/>
        <child id="147T"/>
        <child id="11A"/>
        <child id="184C"/>
        <child id="159C-163G"/>
        <child id="102T"/>
        <child id="139C-154T"/>
        <child id="195C"/>
        <child id="65A"/>
        <child id="187A"/>
        <child id="226T"/>
        <child id="10A"/>
        <child id="42C-48G"/>
        <child id="273G"/>
        <child id="60T"/>
        <child id="87C"/>
        <child id="141G"/>
        <child id="40A"/>
        <child id="185A"/>
        <child id="22C"/>
        <child id="222A"/>
        <child id="109C"/>
        <child id="194A"/>
        <child id="76C"/>
        <child id="5C"/>
        <child id="181G-184A"/>
        <child id="26G"/>
        <child id="252A"/>
        <child id="69T"/>
        <child id="10T"/>
        <child id="127T"/>
        <child id="68T-69A"/>
        <child id="274T"/>
        <child id="275C"/>
        <child id="210T"/>
        <child id="222C"/>
        <child id="104T"/>
        <child id="68T-69G"/>
        <child id="29A"/>
        <child id="229A"/>
        <child id="54C"/>
        <child id=""/>
        <child id="101A"/>
        <child id="139T"/>
        <child id="134A"/>
        <child id="163G"/>
        <child id="86T"/>
        <child id="53A"/>
        <child id="3C"/>
        <child id="186A"/>
        <child id="82G"/>
        <child id="72A"/>
        <child id="52A"/>
        <child id="209A"/>
        <child id="153C"/>
        <child id="167A"/>
        <child id="184A"/>
        <child id="49A"/>
        <child id="64T"/>
        <child id="76T"/>
        <child id="162T"/>
        <child id="274G"/>
        <child id="14G"/>
        <child id="139C"/>
        <child id="133T"/>
        <child id="210A"/>
        <child id="48G"/>
        <child id="225C"/>
        <child id="263A"/>
        <child id="178A"/>
        <child id="189C"/>
        <child id="28C"/>
        <child id="258A-273G"/>
        <child id="20T"/>
        <child id="87A"/>
        <child id="235A"/>
        <child id="120T"/>
        <child id="61C"/>
        <child id="199C"/>
        <child id="216C-217G"/>
        <child id="21G"/>
        <child id="200G"/>
        <child id="76T-77A"/>
        <child id="228C"/>
        <child id="7T"/>
        <child id="234T"/>
        <child id="113C"/>
        <child id="50C"/>
        <child id="108T"/>
        <child id="63A"/>
        <child id="156G"/>
        <child id="35T"/>
        <child id="2G"/>
        <child id="22G"/>
        <child id="169T"/>
        <child id="66A"/>
        <child id="176A"/>
        <child id="154T"/>
        <child id="83T"/>
        <child id="175T"/>
        <child id="74C"/>
        <child id="160G"/>
        <child id="112G"/>
        <child id="248A"/>
        <child id="140T"/>
        <child id="179G"/>
        <child id="142G"/>
        <child id="270T"/>
        <child id="74A"/>
        <child id="120A"/>
        <child id="211C"/>
        <child id="21T"/>
        <child id="216G"/>
        <child id="199A"/>
        <child id="21C"/>
        <child id="23A"/>
        <child id="270A"/>
        <child id="19T"/>
        <child id="181G"/>
        <child id="76C-146G"/>
        <child id="144A"/>
        <child id="130T"/>
        <child id="150T"/>
        <child id="154T-163G"/>
        <child id="84A"/>
        <child id="225A"/>
        <child id="101T"/>
        <child id="88C"/>
        <child id="33A"/>
        <child id="36T"/>
        <child id="116T"/>
        <child id="19A"/>
        <child id="202A-219C"/>
        <child id="125C"/>
        <child id="159C"/>
        <child id="51A"/>
        <child id="43T"/>
        <child id="163C"/>
        <child id="157T"/>
        <child id="166G"/>
        <child id="75C"/>
        <child id="195C-196A"/>
        <child id="33C"/>
        <child id="233G"/>
        <child id="171A"/>
        <child id="71A"/>
        <child id="41A"/>
        <child id="27A"/>
        <child id="119A"/>
        <child id="47T"/>
        <child id="245A"/>
        <child id="136T"/>
        <child id="275T"/>
        <child id="184A-196G"/>
        <child id="271A"/>
        <child id="158A"/>
        <child id="113A"/>
        <child id="263C"/>
        <child id="174A"/>
        <child id="78C"/>
        <child id="10G"/>
        <child id="24C"/>
        <child id="221G"/>
        <child id="44A"/>
        <child id="57T"/>
        <child id="37A-38A"/>
        <child id="272T"/>
        <child id="71G"/>
        <child id="151G"/>
        <child id="141T"/>
        <child id="61A"/>
        <child id="142C-146G"/>
        <child id="214A"/>
      </parent>
      <parent id="A1B1C1G000099" sequence="GTTCTCACACCATCCAGAGGATGTATGGCTGCGACGTGGGGCCGGACGGGCGCTTCCTCCGCGGGTACCAGCAGGACGCTTACGACGGCAAGGATTACATCGCCCTGAACGAGGACCTGCGCTCTTGGACCGCGGCGGACATGGCGGCTCAGATCACCCAGCGCAAGTGGGAGGCGGCCCGTCGGGCGGAGCAGCGGAGAGTCTACCTGGAGGGCGAGTTCGTGGAGTGGCTCCGCAGATACCTGGAGAACGGGAAGGAGACGCTGCAGCGCACGG">
        <child id=""/>
      </parent>
      <parent id="A1B1C2G000013" sequence="GTTCTCACACCGTCCAGAGGATGTATGGCTGCGACGTGGGGTCGGACGGGCGCTTCCTCCGCGGGTACCGGCAGGACGCCTACGACGGCAAGGATTACATCGCCCTGAAAGAGGACCTGCGCTCTTGGACCGCGGCGGACATGGCAGCTCAGACCACCAAGCACAAGTGGGAGGCGGCCCATGTGGCGGAGCAGTTGAGAGCCTACCTGGAGGGCACGTGCGTGGAGTGGCTCCGCAGATACCTGGAGAACGGGAAGGAGACGCTGCAGCGCACGG">
        <child id="48T"/>
        <child id=""/>
        <child id="70A"/>
      </parent>
      <parent id="A1B1C2G000018" sequence="GTTCTCACACCATCCAGAGGATGTATGGCTGCGACGTGGGGCCGGACGGGCGCTTCCTCCGCGGGTACCAGCAGGACGCTTACGACGGCAAGGATTACATCGCCCTGAACGAGGACCTGCGCTCTTGGACCGCGGCGGACATGGCGGCTCAGATCACCCAGCGCAAGTGGGAGACGGCCCATGAGGCGGAGCAGTGGAGAGCCTACCTGGAGGGCCGGTGCGTGGAGTGGCTCCGCAGATACCTGGAGAACGGGAAGGAGACGCTGCAGCGCACGG">
        <child id="49A"/>
        <child id="38C"/>
        <child id="141C"/>
        <child id="175T"/>
        <child id="52A"/>
        <child id="275T"/>
        <child id="184T"/>
        <child id="163A"/>
        <child id="146C"/>
        <child id="80C"/>
        <child id="213A"/>
        <child id="139C"/>
        <child id="3A"/>
        <child id="206A"/>
        <child id="158G"/>
        <child id="200G"/>
        <child id="223C"/>
        <child id="263T"/>
        <child id="110A"/>
        <child id="29T"/>
        <child id="73G"/>
        <child id="195C"/>
        <child id="127A"/>
        <child id="75A"/>
        <child id="58A"/>
        <child id="240C"/>
        <child id="163C"/>
        <child id="58C"/>
        <child id="87A"/>
        <child id="129G"/>
        <child id="167C"/>
        <child id="179T"/>
        <child id="83G"/>
        <child id="222A"/>
        <child id="120G"/>
        <child id="174G-184T"/>
        <child id="146A"/>
        <child id="145T"/>
        <child id="162A"/>
        <child id="273G-275A"/>
        <child id="152C"/>
        <child id="42T"/>
        <child id="67T"/>
        <child id="273G"/>
        <child id="227C-228G"/>
        <child id="112C"/>
        <child id="32T"/>
        <child id="44C"/>
        <child id="10G"/>
        <child id="12G"/>
        <child id="181G"/>
        <child id="199A"/>
        <child id="159A"/>
        <child id="246A"/>
        <child id="207T"/>
        <child id="217T"/>
        <child id="174G-181G"/>
        <child id="179G"/>
        <child id="144A"/>
        <child id="63A"/>
        <child id="176C"/>
        <child id="252T"/>
        <child id="151G"/>
        <child id="75A-179A"/>
        <child id="47T"/>
        <child id="174G"/>
        <child id=""/>
        <child id="12C"/>
        <child id="48C"/>
        <child id="19T"/>
      </parent>
      <parent id="A1B1C1G000026" sequence="GTTCTCACACCATCCAGATAATGTATGGCTGCGACGTGGGGTCGGACGGGCGCTTCCTCCGCGGGTACCGGCAGGACGCCTACGACGGCAAGGATTACATCGCCCTGAAAGAGGACCTGCGCTCTTGGACCGCGGCGGACATGGCAGCTCAGACCACCAAGCACAAGTGGGAGGCGGCCCATGTGGCGGAGCAGTTGAGAGCCTACCTGGATGGCACGTGCGTGGAGTGGCTCCGCAGATACCTGGAGAACGGGAAGGAGACGCTGCAGCGCACGG">
        <child id=""/>
      </parent>
      <parent id="A2B2C2G000002" sequence="GTTCTCACACCGTCCAGAGGATGTTTGGCTGCGACGTGGGGTCGGACGGGCGCTTCCTCCGCGGGTACCACCAGTACGCCTACGACGGCAAGGATTACATCGCCCTGAAAGAGGACCTGCGCTCTTGGACCGCGGCGGACATGGCAGCTCAGACCACCAAGCACAAGTGGGAGGCGGCCCATGTGGCGGAGCAGTTGAGAGCCTACCTGGAGGGCACGTGCGTGGAGTGGCTCCGCAGATACCTGGAGAACGGGAAGGAGACGCTGCAGCGCACGG">
        <child id="25C-48T"/>
        <child id="48T"/>
        <child id=""/>
        <child id="19T-48T"/>
        <child id="24A-48T"/>
      </parent>
      <parent id="A1B1C1G000094" sequence="GTTCTCACACCATCCAGATGATGTATGGCTGCGACGTGGGGCCGGACGGGCGCCTCCTCCGCGGGTACCAGCAGGACGCCTACGACGGCAAGGATTACATCGCCTTGAACGAGGACCTGCGCTCTTGGACCGCGGCGGACATGGCGGCTCAGATCACCCAGCGCAAGTGGGAGGCGGCCCGTGTGGCGGAGCAGTTGAGAGCCTACCTGGAGGGCGAGTTCGTGGAGTGGCTCCGCAGATACCTGGAGAACGGGAAGGAGACGCTGCAGCGCACGG">
        <child id=""/>
      </parent>
      <parent id="A1B1C1G000060" sequence="GTTCTCACACCGTCCAGAGGATGTATGGCTGCGACGTGGGGTCGGACTGGCGCTTCCTCCGCGGGTACCACCAGTACGCCTACGACGGCAAGGATTACATCGCCCTGAAAGAGGACCTGCGCTCTTGGACCGCGGCGGACATGGCAGCTCAGACCACCAAGCGCAAGTGGGAGGCGGCCCATGAGGCGGAGCAGTGGAGAGCCTACCTGGAGGGCACGTGCGTGGAGTGGCTCCGCAGATACCTGGAGAACGGGAAGGAGACGCTGCAGCGCACGG">
        <child id=""/>
      </parent>
      <parent id="A1B1C1G000014" sequence="GTTCTCACACCCTCCAGAGGATGTATGGCTGCGACGTGGGGCCGGACGGGCGCTTCCTCCGCGGGTACCGGCAGGACGCCTACGACGGCAAGGATTACATCGCCCTGAACGAGGACCTGCGCTCTTGGACCGCGGCGGACATGGCAGCTCAGATCACCAAGCGCAAGTGGGAGGCGGTCCATGCGGCGGAGCAGCGGAGAGTCTACCTGGAGGGCCGGTGCGTGGACGGGCTCCGCAGATACCTGGAGAACGGGAAGGAGACGCTGCAGCGCACGG">
        <child id=""/>
      </parent>
      <parent id="A1B1C1G000009" sequence="GTTCTCACACCATCCAGATGATGTATGGCTGCGACGTGGGGCCGGACGGGCGCTTCCTCCGCGGGTACCGGCAGGACGCCTACGACGGCAAGGATTACATCGCCTTGAACGAGGACCTGCGCTCTTGGACCGCGGCGGACATGGCGGCTCAGATCACCCAGCGCAAGTGGGAGGCGGCCCGTGTGGCGGAGCAGTTGAGAGCCTACCTGGAGGGCACGTGCGTGGAGTGGCTCCGCAGATACCTGGAGAACGGGAAGGAGACGCTGCAGCGCACGG">
        <child id=""/>
      </parent>
      <parent id="A2B2C2G000057" sequence="GGTCTCACACCCTGCAGTGGATGCATGGCTGCGAGCTGGGGCCCGACGGGCGCTTCCTCCGCGGGTATGAACAGTTCGCCTACGACGGCAAGGATTATCTCACCCTGAATGAGGACCTGCGCTCCTGGACCGCGGTGGACACGGCGGCTCAGATCTCCGAGCAAAAGTCAAATGATGCTTCTGAGGCGGAGCACCAGAGAGCCTACCTGGAAGACACATGCGTGGAGTGGCTCCACAAATACCTGGAGAAGGGGAAGGAGACGCTGCTTCACCTGG">
        <child id=""/>
      </parent>
      <parent id="A1B1C1G000081" sequence="GTTCTCACACCGTCCAGAGGATGTATGGCTGCGACGTGGGGTCGGACTGGCGCTTCCTCCGCGGGTACCAGCAGGACGCTTACGACGGCAAGGATTACATCGCCCTGAAAGAGGACCTGCGCTCTTGGACCGCGGCGGACATGGCAGCTCAGACCACCAAGCACAAGTGGGAGGCGGCCCATGTGGCGGAGCAGTTGAGAGCCTACCTGGAGGGCACGTGCGTGGAGTGGCTCCGCAGATACCTGGAGAACGGGAAGGAGACGCTGCAGCGCACGG">
        <child id=""/>
      </parent>
      <parent id="A1B2C2G000004" sequence="GTTCTCACACCATCCAGATAATGTATGGCTGCGACGTGGGGCCGGACGGGCGCTTCCTCCGCGGGTACCGGCAGGACGCCTACGACGGCAAGGATTACATCGCCCTGAACGAGGACCTGCGCTCTTGGACCGCGGCGGACATGGCAGCTCAGATCACCAAGCGCAAGTGGGAGGCGGCCCATGCGGCGGAGCAGCAGAGAGCCTACCTGGAGGGCCGGTGCGTGGAGTGGCTCCGCAGATACCTGGAGAACGGGAAGGAGACGCTGCAGCGCACGG">
        <child id="181C"/>
        <child id="213A"/>
        <child id="216A-217C"/>
        <child id="181G-184A"/>
        <child id="84T"/>
        <child id="134A"/>
        <child id="218C"/>
        <child id="276C"/>
        <child id="49A"/>
        <child id="47T"/>
        <child id="275C"/>
        <child id="136T"/>
        <child id="82G"/>
        <child id="5G"/>
        <child id="181G-184T"/>
        <child id="69G"/>
        <child id="242A"/>
        <child id="195G"/>
        <child id="87A"/>
        <child id="20G"/>
        <child id="274G"/>
        <child id="160G"/>
        <child id="70C"/>
        <child id="108C"/>
        <child id="167A"/>
        <child id="2G"/>
        <child id="234T"/>
        <child id="122T"/>
        <child id="159G"/>
        <child id="187G"/>
        <child id="142G-234T"/>
        <child id="50A"/>
        <child id="221T"/>
        <child id="222C"/>
        <child id="110A"/>
        <child id="199C"/>
        <child id="168A"/>
        <child id="83T"/>
        <child id="49C"/>
        <child id="252A"/>
        <child id="131T"/>
        <child id="141G"/>
        <child id="184A"/>
        <child id="60T"/>
        <child id="273G"/>
        <child id="216A"/>
        <child id="63T"/>
        <child id="154C"/>
        <child id="44C"/>
        <child id="8T"/>
        <child id="252C"/>
        <child id="172G"/>
        <child id="273C"/>
        <child id="83G"/>
        <child id="222A"/>
        <child id="87C"/>
        <child id="178G"/>
        <child id="273G-275A"/>
        <child id="69T"/>
        <child id="56A"/>
        <child id="185A"/>
        <child id="5C"/>
        <child id="10T"/>
        <child id="25C"/>
        <child id="127C"/>
        <child id="221G"/>
        <child id="96A"/>
        <child id="60G"/>
        <child id="262T"/>
        <child id="187T"/>
        <child id="175A"/>
        <child id="271A"/>
        <child id="84C"/>
        <child id="188A"/>
        <child id="131G"/>
        <child id="14T"/>
        <child id="110A-146G"/>
        <child id="48A"/>
        <child id="216G-217A"/>
        <child id="92A"/>
        <child id="52T"/>
        <child id="137A"/>
        <child id="25G"/>
        <child id="142C"/>
        <child id="178T"/>
        <child id="170A"/>
        <child id="235C"/>
        <child id="146G"/>
        <child id="145T"/>
        <child id="132C"/>
        <child id="202T"/>
        <child id="42T"/>
        <child id="203T"/>
        <child id="251T"/>
        <child id="16G"/>
        <child id="137T"/>
        <child id="132C-133T"/>
        <child id="244A"/>
        <child id="125C"/>
        <child id="167T"/>
        <child id="85C"/>
        <child id="159C"/>
        <child id="222T"/>
        <child id="35T"/>
        <child id="146G-159C"/>
        <child id="51T"/>
        <child id="227T-228A"/>
        <child id="240G"/>
        <child id="270T"/>
        <child id="174T"/>
        <child id="70A"/>
        <child id="105T-146G"/>
        <child id="154C-163A"/>
        <child id="19C"/>
        <child id="117G"/>
        <child id="20G-42T"/>
        <child id="28A"/>
        <child id="53A"/>
        <child id="181G"/>
        <child id=""/>
        <child id="210C"/>
        <child id="207T"/>
        <child id="162A"/>
        <child id="227A"/>
        <child id="111C"/>
        <child id="227C"/>
        <child id="233T"/>
      </parent>
      <parent id="A1B2C2G000015" sequence="GTCCTCACACCATCCAGATAATGTATGGCTGCGACGTGGGGTCGGACGGGCGCTTCCTCCGCGGGTACCGGCAGGACGCCTACGACGGCAAGGATTACATCGCCCTGAACGAGGACCTGCGCTCTTGGACCGCGGCGGACATGGCGGCTCAGATCACCAAGCGCAAGTGGGAGGCGGCCCATGTGGCGGAGCAGCAGAGAGCCTACCTGGATGGCACGTGCGTGGAGTGGCTCCGCAGATACCTGGAGAACGGGAAGGAGACGCTGCAGCGCACGG">
        <child id=""/>
      </parent>
      <parent id="A1B1C1G000043" sequence="GTTCTCACACCCTCCAGAGGATGTATGGCTGCGACGTGGGGTCGGACTGGCGCTTCCTGCGCGGGTACCACCAGTACGCCTACGACGGCAAGGATTACATCGCCCTGAAAGAGGACCTGCGCTCTTGGACCGCGGCGGACATGGCAGCTCAGACCACCAAGCACAAGTGGGAGGCGGCCCATGTGGCGGAGCAGTGGAGAGCCTACCTGGAGGGCCTGTGCGTGGAGTGGCTCCGCAGATACCTGGAGAACGGGAAGGAGACGCTGCAGCGCACGG">
        <child id=""/>
      </parent>
      <parent id="A1B1C1G000093" sequence="GTTCTCACACCGTCCAGAGGATGTATGGCTGCGACGTGGGGTCGGACTGGCGCTTCCTCCGCGGGTACCACCAGTACGCCTACGACGGCAAGGATTACATCGCCCTGAAAGAGGACCTGCGCTCTTGGACCGCGGCGGACATGGCAGCTCAGACCACCAAGCACAAGTGGGAGACGGCCCATGAGGCGGAGCAGTGGAGAGCCTACCTGGAGGGCCGGTGCGTGGAGTGGCTCCGCAGATACCTGGAGAACGGGAAGGAGACGCTGCAGCGCACGG">
        <child id=""/>
      </parent>
      <parent id="A1B1C1G000053" sequence="GTTCTCACACCATCCAGAGGATGTATGGCTGCGACGTGGGGCCGGACGGGCGCTTCCTCCGCGGGTACCAGCAGGACGCTTACGACGGCAAGGATTACATCGCCCTGAACGAGGACCTGCGCTCTTGGACCGCGGCGGACATGGCGGCTCAGATCACCCAGCGCAAGTGGGAGACGGCCCATGTGGCGGAGCAGCAGAGAGCCTACCTGGAGGGCCGGTGCGTGGAGTGGCTCCGCAGATACCTGGAGAACGGGAAGGAGACGCTGCAGCGCACGG">
        <child id=""/>
      </parent>
      <parent id="A1B1C1G000079" sequence="GTTCTCACACCGTCCAGAGGATGTATGGCTGCGACGTGGGGTCGGACTGGCGCTTCCTCCGCGGGTACCACCAGTACGCCTACGACGGCAAGGATTACATCGCCCTGAAAGAGGACCTGCGCTCTTGGACCGCGGCGGACATGGCAGCTCAGACCACCAAGCACAAGTGGGAGGCGGCCCATGTGGCGGAGCAGCAGAGAGCCTACCTGGAGGGCCGGTGCGTGGAGTGGCTCCGCAGATACCTGGAGAACGGGAAGGAGACGCTGCAGCGCACGG">
        <child id=""/>
      </parent>
      <parent id="A1B1C1G000118" sequence="GTTCTCACACCATCCAGATGATGTATGGCTGCCACGTGGGGTCGGACGGGCGCTTCCTCCGCGGGTACCGGCAGGACGCCTACGACGGCAAGGATTACATCGCCTTGAACGAGGACCTGCGCTCTTGGACCGCGGCGGACATGGCGGCTCAGATCACCCAGCGCAAGTGGGAGGCGGCCCGTGTGGCGGAGCAGCGGAGAGCCTACCTGGAGGGCACGTGCGTGGAGTGGCTCCGCAGATACCTGGAGAACGGGAAGGAGACGCTGCAGCGCACGG">
        <child id=""/>
      </parent>
      <parent id="A1B1C1G000088" sequence="GTTCTCACACCGTCCAGAGGATGTGTGGCTGCGACGTGGGGTCGGACTGGCGCTTCCTCCGCGGGTACCACCAGTACGCCTACGACGGCAAGGATTACATCGCCCTGAAAGAGGACCTGCGCTCTTGGACCGCGGCGGACATGGCAGCTCAGACCACCAAGCACAAGTGGGAGGCGGCCCATGTGGCGGAGCAGTTGAGAGCCTACCTGGAGGGCACGTGCGTGGACGGGCTCCGCAGATACCTGGAGAACGGGAAGGAGACGCTGCAGCGCACGG">
        <child id=""/>
      </parent>
      <parent id="A1B1C2G000014" sequence="GTTCTCACACCGTCCAGAGGATGTGTGGCTGCGACGTGGGGCCGGACGGGCGCTTCCTCCGCGGGTACCGGCAGGACGCCTACGACGGCAAGGATTACATCGCCCTGAACGAGGACCTGCGCTCTTGGACCGCGGCGGACATGGCAGCTCAGATCACCAAGCGCAAGTGGGAGGCGGTCCATGCGGCGGAGCAGCGGAGAGTCTACCTGGAGGGCCGGTGCGTGGACGGGCTCCGCAGATACCTGGAGAACGGGAAGGAGACGCTGCAGCGCACGG">
        <child id=""/>
      </parent>
      <parent id="A2B1C2G000009" sequence="GTTCTCACACCATCCAGATGATGTATGGCTGCGACGTGGGGTCGGACGGGTGCTTCCTCCGCGGGTACCAGCAGGACGCCTACGACGGCAAGGATTACATCGCCTTGAACGAGGACCTGCGCTCTTGGACCGCGGCGGACATGGCGGCTCAGATCACCCAGCGCAAGTGGGAGGCGGCCCGTGTGGCGGAGCAGTTGAGAGCCTACCTGGAGGGCACGTGCGTGGAGTGGCTCCGCAGATACCTGGAGAACGGGAAGGAGACGCTGCAGCGCACGG">
        <child id=""/>
        <child id="51A"/>
      </parent>
      <parent id="A1B2C1G000027" sequence="GTTCTCACACCCTCCAGTGGATGATTGGCTGCGACCTGGTGTCCGACGGACGCCTCATCCGCGGGTATGAACAGTATGCCTACGATGGCAAGGATTACCTCGCCCTGAACGAGGACCTGCGCTCCTGGACCGCAGCGGACACTGCGGCTCAGATCTCCAAGCGCAAGTGTGAGGCGGCCAATGTGGCTGAACAAAGGAGAGCCTACCTGGAGGGCACGTGCGTGGAGTGGCTCCACAGATACCTGGAGAACGGGAAGGAGATGCTGCAGCGCGCGG">
        <child id=""/>
      </parent>
      <parent id="A2B2C2G000009" sequence="GTTCTCACACCATCCAGATGATGTATGGCTGCGACGTGGGGTCGGACGGGCGCTTCCTCCGCGGGTACCGGCAGGACGCCTACGACGGCAAGGATTACATCGCCTTGAACGAGGACCTGCGCTCTTGGACCGCGGCGGACATGGCGGCTCAGATCACCCAGCGCAAGTGGGAGGCGGCCCGTGTGGCGGAGCAGTTGAGAGCCTACCTGGAGGGCACGTGCGTGGAGTGGCTCCGCAGATACCTGGAGAACGGGAAGGAGACGCTGCAGCGCACGG">
        <child id="146A"/>
        <child id="183A"/>
        <child id="180T"/>
        <child id="258A"/>
        <child id="273G"/>
        <child id="159A"/>
        <child id="40A"/>
        <child id="87C"/>
        <child id="216G"/>
        <child id="181A"/>
        <child id="166G"/>
        <child id="19G"/>
        <child id="195C-196A"/>
        <child id="252T"/>
        <child id="200G"/>
        <child id="39T"/>
        <child id="218C"/>
        <child id=""/>
        <child id="175T"/>
        <child id="190G"/>
        <child id="180G"/>
        <child id="12G-19G"/>
        <child id="29T"/>
        <child id="125G-258A"/>
        <child id="120A"/>
        <child id="121A"/>
        <child id="125C"/>
        <child id="26C"/>
        <child id="271T"/>
        <child id="159A-163A"/>
        <child id="87A"/>
        <child id="102A"/>
        <child id="151C"/>
        <child id="104T"/>
      </parent>
      <parent id="A1B2C1G000046" sequence="GTTCTCACACCCTCCAGATGATGTTTGGCTGCGACGTGGGGTCGGACGGGCGCTTCCTCCGCGGGTACCACCAGTACGCCTACGACGGCAAGGATTACATCGCCCTGAAAGAGGACCTGCGCTCTTGGACCGCGGCGGACATGGCGGCTCAGATCACCAAGCGCAAGTGGGAGGCGGCCCATGTGGCGGAGCAGCAGAGAGCCTACCTGGATGGCACGTGCGTGGAGTGGCTCCGCAGATACCTGGAGAACGGGAAGGAGACGCTGCAGCGCACGG">
        <child id=""/>
      </parent>
      <parent id="A1B2C2G000007" sequence="GTTCTCACACCATCCAGATGATGTATGGCTGCGACGTGGGGTCGGACGGGCGCTTCCTCCGCGGGTACCGGCAGGACGCCTACGACGGCAAGGATTACATCGCCCTGAACGAGGACCTGCGCTCTTGGACCGCGGCGGACATGGCGGCTCAGATCACCCAGCGCAAGTGGGAGGCGGCCCGTGTGGCGGAGCAGTTGAGAGCCTACCTGGAGGGCACGTGCGTGGAGTGGCTCCGCAGATACCTGGAGAACGGGAAGGAGACGCTGCAGCGCACGG">
        <child id=""/>
      </parent>
      <parent id="A1B1C1G000002" sequence="GTTCTCACACCGTCCAGAGGATGTATGGCTGCGACGTGGGGACGGACTGGCGCTTCCTCCGCGGGTACCACCAGTACGCCTACGACGGCAAGGATTACATCGCCCTGAAAGAGGACCTGCGCTCTTGGACCGCGGCGGACATGGCAGCTCAGACCACCAAGCACAAGTGGGAGGCGGCCCATGTGGCGGAGCAGTTGAGAGCCTACCTGGAGGGCACGTGCGTGGAGTGGCTCCGCAGATACCTGGAGAACGGGAAGGAGACGCTGCAGCGCACGG">
        <child id=""/>
      </parent>
      <parent id="A1B1C2G000034" sequence="GTTCTCACACCATCCAGATAATGTATGGCTGCGACGTGGGGTCGGACGGGCGCTTCCTCCGCGGGTACCGGCAGGACGCTTACGACGGCAAGGATTACATCGCCCTGAACGAGGACCTGCGCTCTTGGACCGCGGCGGACATGGCGGCTCAGATCACCCAGCGCAAGTGGGAGACGGCCCATGAGGCGGAGCAGTTGAGAGCCTACCTGGAGGGCACGTGCGTGGAGTGGCTCCGCAGATACCTGGAGAACGGGAAGGAGACGCTGCAGCGCACGG">
        <child id="107A"/>
        <child id="174G"/>
        <child id=""/>
      </parent>
      <parent id="A1B1C1G000022" sequence="GTTCTCACACCATCCAGATAATGTATGGCTGCGACGTGGGGCCGGACGGGCGCTTCCTCCGCGGGTACCGGCAGGACGCCTACGACGGCAAGGATTACATCGCCCTGAACGAGGACCTGCGCTCTTGGACCGCGGCGGACATGGCAGCTCAGATCACCAAGCGCAAGTGGGAGGCGGTCCATGCGGCGGAGCAGCGGAGAGCCTACCTGGATGGCACGTGCGTGGAGTGGCTCCGCAGATACCTGGAGAACGGGAAGGAGACGCTGCAGCGCACGG">
        <child id=""/>
      </parent>
      <parent id="A1B1C1G000110" sequence="GTTCTCACACCATCCAGATAATGTATGGCTGCGACGTGGGGCCGGACGGGCGCTTCCTCCGCGGGTACCGGCAGGACGCCTACGACGGCAAGGATTACATCGCCCTGAACGAGGACCTGCGCTCTTGGACCGCGGCGGACATGGCAGCTCAGATCACCAAGCGCAAGTGGGAGGCGGCCCGTCGGGCGGAGCAGCAGAGAGCCTACCTGGAGGGCCGGTGCGTGGAGTGGCTCCGCAGATACCTGGAGAACGGGAAGGAGACGCTGCAGCGCACGG">
        <child id=""/>
      </parent>
      <parent id="A2B2C2G000008" sequence="GTTCTCACACCCTCCAGATGATGTTTGGCTGCGACGTGGGGTCGGACGGGCGCTTCCTCCGCGGGTACCACCAGTACGCCTACGACGGCAAGGATTACATCGCCCTGAAAGAGGACCTGCGCTCTTGGACCGCGGCGGACATGGCGGCTCAGATCACCAAGCGCAAGTGGGAGGCGGCCCGTGAGGCGGAGCAGCAGAGAGCCTACCTGGAGGGCACGTGCGTGGACGGGCTCCGCAGATACCTGGAGAACGGGAAGGAGACGCTGCAGCGCACGG">
        <child id="184C"/>
        <child id="181A-184C-196G"/>
        <child id="181A"/>
        <child id=""/>
        <child id="178T-181A-184C"/>
        <child id="181A-184C"/>
      </parent>
      <parent id="A1B1C2G000048" sequence="GTTCTCACACCATCCAGATGATGTATGGCTGCGACGTGGGGTCGGACGGGCGCTTCCTCCGCGGGTACCGGCAGGACGCCTACGACGGCAAGGATTACATCGCCCTGAAAGAGGACCTGCGCTCTTGGACCGCGGCGGACATGGCGGCTCAGATCACCAAGCGCAAGTGGGAGGCGGCCCATGTGGCGGAGCAGTGGAGAGCCTACCTGGAGGGCACGTGCGTGGAGTGGCTCCGCAGATACCTGGAGAACGGGAAGGAGACGCTGCAGCGCACGG">
        <child id=""/>
      </parent>
      <parent id="A1B1C1G000032" sequence="GTTCTCACACCATCCAGATAATGTATGGCTGCGACGTGGGGCCGGACGGGCGCTTCCTCCGCGGGTACCACCAGTACGCCTACGACGGCAAGGATTACATCGCCCTGAAAGAGGACCTGCGCTCTTGGACCGCGGCGGACATGGCAGCTCAGACCACCAAGCACAAGTGGGAGGCGGCCCATGTGGCGGAGCAGTTGAGAGCCTACCTGGAGGGCACGTGCGTGGAGTGGCTCCGCAGATACCTGGAGAACGGGAAGGAGACGCTGCAGCGCACGG">
        <child id=""/>
      </parent>
      <parent id="A2B1C2G000019" sequence="GTTCTCACACCCTCCAGATGATGTTTGGCTGCGACGTGGGGTCGGACGGGCGCTTCCTCCGCGGGTACCACCAGTACGCCTACGACGGCAAGGATTACATCGCCCTGAAAGAGGACCTGCGCTCTTGGACCGCGGCGGACATGGCGGCTCAGATCACCAAGCGCAAGTGGGAGGCGGCCCATGTGGCGGAGCAGTGGAGAGTCTACCTGGAGGGCACGTGCGTGGAGTGGCTCCGCAGATACCTGGAGAACGGGAAGGAGACGCTGCAGCGCACGG">
        <child id=""/>
        <child id="195C"/>
      </parent>
      <parent id="A2B1C1G000062" sequence="GTTCTCACACCGTCCAGAGGATGTATGGCTGCGACGTGGGGTCGGACTGGCGCTTCCTCCGCGGGTACCACCAGTACGCCTACGACGGCAAGGATTACATCGCCCTGAAAGAGGACCTGCGCTCTTGGACCGCGGCGGACATGGCAGCTCAGACCACCAAGCACAAGTGGGAGACGGCCCATGAGGCGGAGCAGCAGAGAGCCTACCTGGAGGGCCGGTGCGTGGAGTGGCTCCGCAGATACCTGGAGAACGGGAAGGAGACGCTGCAGCGCACGG">
        <child id=""/>
      </parent>
      <parent id="A1B1C1G000047" sequence="GTTCTCACACCCTCCAGATGATGTTTGGCTGCGACGTGGGGTCGGACGGGCGCTTCCTCCGCGGGTACCACCAGTACGCCTACGACGGCAAGGATTACATCGCCCTGAAAGAGGACCTGCGCTCTTGGACCGCGGCGGACATGGCGGCTCAGATCACCAAGCGCAAGTGGGAGGCGGCCCGTGTGGCGGAGCAGCTGAGAGCCTACCTGGAGGGCGAGTGCGTGGAGTGGCTCCGCAGATACCTGGAGAACGGGAAGGAGACGCTGCAGCGCACGG">
        <child id=""/>
      </parent>
      <parent id="A1B1C2G000000" sequence="GTTCTCACACCATCCAGATGATGTATGGCTGCGACGTGGGGTCGGACGGGCGCTTCCTCCGCGGGTACCGGCAGGACGCCTACGACGGCAAGGATTACATCGCCTTGAACGAGGACCTGCGCTCTTGGACCGCGGCGGACATGGCGGCTCAGATCACCCAGCGCAAGTGGGAGGCGGCCCGTGTGGCGGAGCAGTTGAGAGCCTACCTGGAGGGCACGTGCGTGGACGGGCTCCGCAGATACCTGGAGAACGGGAAGGAGACGCTGCAGCGCACGG">
        <child id=""/>
      </parent>
      <parent id="A2B1C2G000002" sequence="GTTCTCACACCCTCCAGAGGATGTATGGCTGCGACGTGGGGTCGGACTGGCGCTTCCTGCGCGGGTACCACCAGTACGCCTACGACGGCAAGGATTACATCGCCCTGAAAGAGGACCTGCGCTCTTGGACCGCGGCGGACATGGCAGCTCAGACCACCAAGCACAAGTGGGAGGCGGCCCATGTGGCGGAGCAGTTGAGAGCCTACCTGGAGGGCACGTGCGTGGAGTGGCTCCGCAGATACCTGGAGAACGGGAAGGAGACGCTGCAGCGCACGG">
        <child id="59C"/>
        <child id="12T-59C"/>
        <child id=""/>
        <child id="12A-42C-48G-59C"/>
        <child id="19T-59C"/>
        <child id="12A-19T-59C"/>
        <child id="12A-59C"/>
      </parent>
      <parent id="A1B1C1G000073" sequence="GTTCTCACACCATCCAGATGATGTATGGCTGCGACGTGGGGTCGGACGGGCGCTTCCTCCGCGGGTACCAGCAGGACGCCTACGACGGCAAGGATTACATCGCCTTGAACGAGGACCTGCGCTCTTGGACCGCGGCGGACATGGCGGCTCAGATCACCCAGCGCAAGTGGGAGGCGGCCCGTGTGGCGGAGCAGTTGAGAGCCTACCTGGAGGGCCGGTGCGTGGAGTGGCTCCGCAGATACCTGGAGAACGGGAAGGAGACGCTGCAGCGCACGG">
        <child id=""/>
      </parent>
      <parent id="A1B2C2G000058" sequence="GTTCTCACACCCTCCAGATGATGTTTGGCTGCGACGTGGGGTCGGACGGGCGCTTCCTCCGCGGGTACCACCAGTACGCCTACGACGGCAAGGATTACATCGCCCTGAAAGAGGACCTGCGCTCTTGGACTGCGGCGGACATGGCGGCTCAGATCACCAAGCGCAAGTGGGAGGCGGCCCATGTGGCGGAGCAGCAGAGAGCCTACCTGGAGGGCACGTGCGTGGAGTGGCTCCGCAGATACCTGGAGAACGGGAAGGAGACGCTGCAGCGCACGG">
        <child id=""/>
      </parent>
      <parent id="A1B2C2G000053" sequence="GTTCTCACACCATCCAGAGGATGTATGGCTGCGACGTGGGGCCGGACGGGCGCTTCCTCCGCGGGTACCAGCAGGACGCTTACGACGGCAAGGATTACATCGCCCTGAACGAGGACCTGCGCTCTTGGACCGCGGCGGACATGGCGGCTCAGATCACCCAGCGCAAGTGGGAGGCGGCCCATGAGGCGGAGCAGCAGAGAGCCTACCTGGAGGGCAGGTGCGTGGAGTGGCTCCGCAGATACCTGGAGAACGGGAAGGAGACGCTGCAGCGCACGG">
        <child id=""/>
      </parent>
      <parent id="A1B2C1G000024" sequence="GTTCTCACACCATCCAGATAATGTATGGCTGCGACGTGGGGCCGGACGGGCGCTTCCTCCGCGGGTACCGGCAGGACGCCTACGACGGCAAGGATTACATCGCCCTGAACGAGGACCTGCGCTCTTGGACCGCGGCGGACATGGCAGCTCAGATCACCAAGCGCAAGTGGGAGGCGGCCCATGAGGCGGAGCAGTTGAGAGCCTACCTGGAGGGCCGGTGCGTGGAGTGGCTCCGCAGATACCTGGAGAACGGGAAGGAGACGCTGCAGCGCACGG">
        <child id=""/>
      </parent>
      <parent id="A2B2C2G000017" sequence="GTTCTCACACCCTCCAGATGATGTTTGGCTGCGACGTGGGGTCGGACGGGCCCTTCCTCCGCGGGTACCACCAGTACGCCTACGACGGCAAGGATTACATCGCCCTGAAAGAGGACCTGCGCTCTTGGACCGCGGCGGACATGGCGGCTCAGATCACCCAGCGCAAGTGGGAGGCGGCCCGTGTGGCGGAGCAGTTGAGAGCCTACCTGGAGGGCACGTGCGTGGACGGGCTCCGCAGATACCTGGAGAACGGGAAGGAGACGCTGCAGCGCACGG">
        <child id=""/>
      </parent>
      <parent id="A1B1C1G000012" sequence="GTTCTCACACCCTCCAGATGATGTTTGGCTGCGACGTGGGGTCGGACGGGCGCTTCCTCCGCGGGTACCAGCAGGACGCCTACGACGGCAAGGATTACATCGCCTTGAACGAGGACCTGCGCTCTTGGACCGCGGCGGACATGGCGGCTCAGATCACCCAGCGCAAGTGGGAGGCGGCCCGTGTGGCGGAGCAGTTGAGAGCCTACCTGGAGGGCACGTGCGTGGAGTGGCTCCGCAGATACCTGGAGAACGGGAAGGAGACGCTGCAGCGCACGG">
        <child id=""/>
      </parent>
      <parent id="A1B1C1G000033" sequence="GTTCTCACACCATCCAGATAATGTATGGCTGCGACGTGGGGTCGGACGGGCGCTTCCTCCGCGGGTACCGGCAGGACGCCTACGACGGCAAGGATTACATCGCCCTGAACGAGGACCTGCGCTCTTGGACCGCGGCGGACATGGCGGCTCAGATCACCAAGCGCAAGTGGGAGGCGGCCCGTCGGGCGGAGCAGCTGAGAGCCTACCTGGAGGGCGAGTGCGTGGACGGGCTCCGCAGATACCTGGAGAACGGGAAGGAGACGCTGCAGCGCACGG">
        <child id=""/>
      </parent>
      <parent id="A1B1C2G000020" sequence="GTTCTCACACCCTCCAGATGATGTTTGGCTGCGACGTGGGGTCGGACGGGCGCTTCCTCCGCGGGTATGACCAGTCCGCCTACGACGGCAAGGATTACATCGCCCTGAAAGAGGACCTGCGCTCTTGGACCGCGGCGGACATGGCGGCTCAGATCACCAAGCGCAAGTGGGAGGCGGCCCATGTGGCGGAGCAGCAGAGAGCCTACCTGGAGGGCACGTGCGTGGACGGGCTCCGCAGATACCTGGAGAACGGGAAGGAGACGCTGCAGCGCACGG">
        <child id=""/>
      </parent>
      <parent id="A2B2C2G000003" sequence="GTTCTCACACCATCCAGAGGATGTATGGCTGCGACGTGGGGCCGGACGGGCGCTTCCTCCGCGGGTACCACCAGTACGCCTACGACGGCAAGGATTACATCGCCCTGAAAGAGGACCTGCGCTCTTGGACCGCGGCGGACATGGCAGCTCAGACCACCAAGCACAAGTGGGAGGCGGCCCATGTGGCGGAGCAGTGGAGAGCCTACCTGGAGGGCACGTGCGTGGAGTGGCTCCGCAGATACCTGGAGAACGGGAAGGAGAGGCTGCAGCGCACGG">
        <child id=""/>
      </parent>
      <parent id="A1B1C2G000091" sequence="GGTATCACATCCTCCAGGGAATGTTTGGCTGCGACCTGGGGCCCGACGGGCGTCTCCTCCGCGGGTATGAGCAGTATGCCTACGACGGCAAGGATTACATCGCCCTGAACGAGGACCTGCGCTCCTGGACCGCCGCGGATACCGCGGCTCAGATTACCCAGCGCAAGTATGAGGCGGCCAATGTGGCTGAGCAAAGGAGAGCCTACCTGGAGGGCACCTGCATGGAGTGGCTCCGCAGACACCTGGAGAACGGGAAGGAGACGCTGCAGCGCGCGG">
        <child id=""/>
      </parent>
      <parent id="A2B1C2G000013" sequence="GTTCTCACACCATCCAGATGATGTATGGCTGCGACGTGGGGTCGGACGGGCGCTTCCTCCGCGGGTACCGGCAGGACGCCTACGACGGCAAGGATTACATCGCCCTGAAAGAGGACCTGCGCTCTTGGACCGCGGCGGACATGGCAGCTCAGACCACCAAGCACAAGTGGGAGGCGGCCCATGTGGCGGAGCAGTTGAGAGCCTACCTGGAGGGCACGTGCGTGGAGTGGCTCCGCAGATACCTGGAGAACGGGAAGGAGACGCTGCAGCGCACGG">
        <child id=""/>
      </parent>
      <parent id="A1B1C1G000069" sequence="GTTCTCACACCGTCCAGAGGATGTTTGGCTGCGACGTGGGGTCGGACGGGCGCTTCCTCCGCGGGTACCACCAGTACGCCTACGACGGCAAGGATTACATCGCCCTGAAAGAGGACCTGCGCTCTTGGACCGCGGCGGACATGGCAGCTCAGACCACCAAGCACAAGTGGGAGGCGGCCCATGTGGCGGAGCAGCAGAGAGCCTACCTGGAGGGCACGTGCGTGGAGTGGCTCCGCAGATACCTGGAGAACGGGAAGGAGACGCTGCAGCGCACGG">
        <child id=""/>
      </parent>
      <parent id="A2B2C2G000037" sequence="GGTCTAACACCCTCCAGATAATGTATGGCTGCGACTCGGGGCTGGAACGGCGCCTCCTCCGCGGGTATGAACAGCACGCCAACGATGGCAAGGATTACATAGCCCGGAACTAGGACCTGCGCTCCTGGACCGCGGCGGACATGGCGGCTCAGATCACCAAGCGCAAGTGGGAGGCAGAAGAATTTGCAGAGCAGATCAGGGCCTACCTGGAGGGCACGTGCGTGGAGAGGCTCGCAGACACCTGGAGAACGGGAAGGAGATGCTGCAGCTCACGG">
        <child id=""/>
      </parent>
      <parent id="A1B1C1G000017" sequence="GTTCTCACACCCTCCAGATGATGTTTGGCTGCGACGTGGGGTCGGACGGGCGCTTCCTCCGCGGGTACCACCAGTACGCCTACGACGGCAAGGATTACATCGCCCTGAAAGAGGACCTGCGCTCTTGGACCGCGGCGGACATGGCGGCTCAGATCACCCAGCGCAAGTGGGAGGCGGCCCGTGTGGCGGAGCAGTTGAGAGCCTACCTGGAGGGCACGTGCGTGGACGGGCTCCGCAGATACCTGGAGAACGGGAAGGAGACGCTGCAGCCCACGG">
        <child id=""/>
      </parent>
      <parent id="A1B1C1G000037" sequence="GGTCTAACACCCTCCAGATAATGTATGGCTGCGACTTGGGGCTGGAAGGGCGCCTCCTCCGCGGGTATGAACAGCACGCCAACGATGGCAAGGATTACATAGCCCGGAACTAGGACCTGCGCTCCTGGACCGCGGCGGACATGGCGGCTCAGATCACCAAGCGCAAGTGGGAGGCAGAAGAATTTGCAGAGCAGATCAGGGCCTACCTGGAGGGCACGTGCGTGGAGAGGCTCGCAGACACCTGGAGAACGGGAAGGAGACGCTGCAGCTCACGG">
        <child id=""/>
      </parent>
      <parent id="A1B1C2G000057" sequence="GGTCTCACACCCTGCAGTGGATGCATGGCTGCGAGCTGGGGCCCGACAGGCGCTTCCTCCGCGGGTATGAACAGTTCGCCTACGACGGCAAGGATTATCTCACCCTGAATGAGGACCTGCGCTCCTGGACCGCGGTGGACACGGCGGCTCAGATCTCCGAGCAAAAGTCAAATGATGCCTCTGAGGCGGAGCACCAGAGAGCCTACCTGGAAGACACATGCGTGGAGTGGCTCCACAAATACCTGGAGAAGGGGAAGGAGACGCTGCTTCACCTGG">
        <child id=""/>
      </parent>
      <parent id="A1B1C1G000102" sequence="GTTCTCACACCCTCCAGATGATGTTTGGCTGCGACGTGGGGCCGGACGGGCGCCTCCTCCGCGGGTATGACCAGGACGCCTACGACGGCAAGGATTACATCGCCCTGAAAGAGGACCTGCGCTCTTGGACCGCGGCGGACATGGCGGCTCAGATCACCCAGCGCAAGTGGGAGGCGGCCCGTGTGGCGGAGCAGTTGAGAGCCTACCTGGAGGGCACGTGCGTGGACGGGCTCCGCAGATACCTGGAGAACGGGAAGGAGACGCTGCAGCGCACGG">
        <child id=""/>
      </parent>
      <parent id="A1B2C1G000102" sequence="GTTCTCACACCCTCCAGATGATGTTTGGCTGCGACGTGGGGCCGGACGGGCGCCTCCTCCGCGGGTACCAGCAGGACGCCTACGACGGCAAGGATTACATCGCCCTGAAAGAGGACCTGCGCTCTTGGACCGCGGCGGACATGGCGGCTCAGATCACCCAGCGCAAGTGGGAGGCGGCCCGTGTGGCGGAGCAGTTGAGAGCCTACCTGGAGGGCACGTGCGTGGACGGGCTCCGCAGATACCTGGAGAACGGGAAGGAGACGCTGCAGCGCACGG">
        <child id=""/>
      </parent>
      <parent id="A1B2C2G000036" sequence="GTTCTCACACCATCCAGATGATGTATGGCTGCGACGTGGGGTCGGACGGGCGCTTCCTCCGCGGGTACCAGCAGGACGCCTACGACGGCAAGGATTACATCGCCTTGAACGAGGACCTGCGCTCTTGGACCGCGGCGGACATGGCGGCTCAGATCACCCAGCGCAAGTGGGAGGCGGCCCGTGTGGCGGAGCAGCAGAGAGCCTACCTGGAGGGCACGTGCGTGGAGTGGCTCCGCAGATACCTGGAGAACGGGAAGGAGACGCTGCAGCGCACGG">
        <child id=""/>
      </parent>
      <parent id="A2B1C2G000057" sequence="GGTCTCACACCCTGCAGTGGATGCATGGCTGCGAGCTGGGGCCCGACAGGCGCTTCCTCCGCGGGTATGAACAGTTCGCCTACGACGGCAAGGATTATCTCACCCTGAATGAGGACCTGCGCTCCTGGACCGCGGTGGACACGGCGGCTCAGATCTCCGAGCAAAAGTCAAATGATGCCTCTGAGGCGGAGCACCAGAGAGTCTACCTGGAAGACACATGCGTGGAGTGGCTCCACAAATACCTGGAGAAGGGGAAGGAGACGCTGCTTCACCTGG">
        <child id=""/>
      </parent>
      <parent id="A1B1C1G000122" sequence="GTTCTCACACCATCCAGATGATGTATGGCTGCGACGTGGGGTCGGACGGGCGCTTCCTCCGCGGGTACCAGCAGGACGCCTACGACGGCAAGGATTACATCGCCTTGAACGAGGACCTGCGCTCTTGGACCGCGGCGGACATGGCAGCTCAGATCACCAAGCGCAAGTGGGAGGCGGCCCATGCGGCGGAGCAGCAGAGAGCCTACCTGGAGGGCCGGTGCGTGGAGTGGCTCCGCAGATACCTGGAGAACGGGAAGGAGACGCTGCAGCGCACGG">
        <child id=""/>
      </parent>
      <parent id="A1B2C2G000045" sequence="GTTCTCACACCCTCCAGATGATGTATGGCTGCGACGTGGGGTCGGACGGGCGCTTCCTCCGCGGGTACCGGCAGGACGCCTACGACGGCAAGGATTACATCGCCCTGAAAGAGGACCTGCGCTCTTGGACCGCGGCGGACATGGCGGCTCAGATCACCAAGCGCAAGTGGGAGGCGGCCCATGTGGCGGAGCAGCAGAGAGCCTACCTGGAGGGCACGTGCGTGGACGGGCTCCGCAGATACCTGGAGAACGGGAAGGAGACGCTGCAGCGCACGG">
        <child id=""/>
      </parent>
      <parent id="A1B1C2G000039" sequence="GTTCTCACACCATCCAGAGGATGTATGGCTGCGACGTGGGGCCGGACGGGCGCTTCCTCCGCGGGTACCAGCAGGACGCTTACGACGGCAAGGATTACATCGCCCTGAACGAGGACCTGCGCTCTTGGACCGCGGCGGACATGGCGGCTCAGATCACCCAGCGCAAGTGGGAGACGGCCCATGAGGCGGAGCAGTGGAGAGCCTACCTGGAGGGCGAGTGCGTGGAGTGGCTCCGCAGATACCTGGAGAACGGGAAGCAGACGCTGCAGCGCACGG">
        <child id=""/>
      </parent>
      <parent id="A1B1C1G000057" sequence="GGTCTCACACCCTGCAGTGGATGCATGGCTGCGAGCTGGGGCCCGACGGGCGCTTCCTCCGCGGGTATGAACAGTTCGCCTACGACGGCAAGGATTATCTCACCCTGAATGAGGACCTGCGCTCCTGGACCGCGGTGGACACGGCGGCTCAGATCTCCGAGCAAAAGTCAAATGATGCCTCTGAGGCGGAGCACCAGGGAGCCTACCTGGAAGACACATGCGTGGAGTGGCTCCACAAATACCTGGAGAAGGGGAAGGAGACGCTGCTTCACCTGG">
        <child id=""/>
      </parent>
      <parent id="A1B1C2G000009" sequence="GTTCTCACACCATCCAGATGATGTATGGCTGCGACGTGGGGTCGGACGGGCGCTTCCTCCGCGGGTACCAGCAGGACGCCTACGACGGCAAGGATTACATCGCCTTGAACGAGGACCTGCGCTCTTGGACCGCGGCGGACATGGCGGCTCAGATCACCCAGCGCAAGTGGGAGGCGGCCCGTGTGGCGGAGCAGTTGAGAGCCTACCTGGAGGGCACGTGCGTGGAGTGGCTCCGCAGATACCTGGAGAACGGGAAGGAGACGCTGCAGCGCACGG">
        <child id="118C"/>
        <child id="48A"/>
        <child id="247C"/>
        <child id="123C"/>
        <child id="189A"/>
        <child id="127C"/>
        <child id="32A"/>
        <child id="19A"/>
        <child id="187T"/>
        <child id="122G"/>
        <child id="145T"/>
        <child id="253C"/>
        <child id="36C"/>
        <child id="137A"/>
        <child id="217G"/>
        <child id="181A"/>
        <child id="271T"/>
        <child id="240C"/>
        <child id="124A"/>
        <child id="273G"/>
        <child id="45A"/>
        <child id="35T"/>
        <child id="83G"/>
        <child id="203T"/>
        <child id="54G"/>
        <child id="141G"/>
        <child id="240A"/>
        <child id="113C"/>
        <child id="196G"/>
        <child id="188A"/>
        <child id="78T"/>
        <child id="44C"/>
        <child id="130A"/>
        <child id="139G"/>
        <child id="184C"/>
        <child id="57G"/>
        <child id="228A"/>
        <child id="87C"/>
        <child id="177A"/>
        <child id="137C"/>
        <child id="149A"/>
        <child id="195C"/>
        <child id="67G"/>
        <child id="187A"/>
        <child id="63T"/>
        <child id="184A"/>
        <child id="61C"/>
        <child id="120T"/>
        <child id="225C"/>
        <child id="168C"/>
        <child id="275A"/>
        <child id="262A"/>
        <child id="132A"/>
        <child id="68T"/>
        <child id="250G"/>
        <child id=""/>
        <child id="234A"/>
        <child id="158G"/>
        <child id="222C"/>
        <child id="221T"/>
        <child id="175T"/>
        <child id="1T"/>
        <child id="193C"/>
        <child id="52C"/>
        <child id="73G"/>
        <child id="104T"/>
        <child id="127A"/>
        <child id="3G"/>
        <child id="105C"/>
        <child id="132C"/>
        <child id="111C"/>
        <child id="131T"/>
        <child id="43T"/>
        <child id="139C"/>
        <child id="64A"/>
        <child id="117A"/>
        <child id="176A"/>
        <child id="102C"/>
        <child id="125C"/>
        <child id="21T"/>
        <child id="140G"/>
        <child id="84A"/>
        <child id="134C"/>
        <child id="236T"/>
        <child id="207T"/>
        <child id="229C"/>
        <child id="162T"/>
        <child id="213A"/>
        <child id="101T"/>
        <child id="65T"/>
        <child id="152C"/>
        <child id="155T"/>
        <child id="265C"/>
      </parent>
      <parent id="A1B1C2G000068" sequence="GTTCTCACACCATCCAGATAATGTATGGCTGCGACGTGGGGCCGGACGGGCGCTTCCTCCGCGGGTACCGGCAGGACGCCTACGACGGCAAGGATTACATCGCCCTGAACGAGGACCTGCGCTCTTGGACCGCGGCGGACATGGCAGCTCAGATCACCAAGCGCAAGTGGGAGGCGGCCCATGTGGCGGAGCAGCAGAGAGCCTACCTGGAGGGCACGTGCGTGGACGGGCTCCGCAGATACCTGGAGAACGGGAAGGAGACGCTGCAGCGCACGG">
        <child id=""/>
      </parent>
      <parent id="A1B2C2G000022" sequence="GTTCTCACACCATCCAGATAATGTATGGCTGCGACGTGGGGCCGGACGGGCGCTTCCTCCGCGGGTACCGGCAGGACGCCTACGACTGCAAGGATTACATCGCCCTGAACGAGGACCTGCGCTCTTGGACCGCGGCGGACATGGCAGCTCAGATCACCAAGCGCAAGTGGGAGGCGGTCCATGCGGCGGAGCAGCGGAGAGTCTACCTGGAGGGCACGTGCGTGGAGTGGCTCCGCAGATACCTGGAGAACGGGAAGGAGACGCTGCAGCGCACGG">
        <child id=""/>
      </parent>
      <parent id="A1B1C1G000116" sequence="GTTCTCACACCGTCCAGAGGATGTGTGGCTGCGACGTGGGGTCGGACTGGCGCTTCCTCCGCGGGTACCACCAGTACGCCTACGACGGCAAGGATTACATCGCCCTGAAAGAGGACCTGCGCTCTTGGACCGCGGCGGACATGGCAGCTCAGATCACCAAGCGCAAGTGGGAGGCGGCCCATGCGGCGGAGCAGTTGAGAGCCTACCTGGAGGGCACGTGCGTGGAGTGGCTCCGCAGATACCTGGAGAACGGGAAGGAGACGCTGCAGCGCACGG">
        <child id=""/>
      </parent>
      <parent id="A2B1C1G000000" sequence="GTTCTCACACCCTCCAGATGATGTTTGGCTGCGACGTGGGGTCGGACGGGCGCTTCCTCCGCGGGTACCGGCAGGACGCCTACGACGGCAAGGATTACATCGCCCTGAAAGAGGACCTGCGCTCTTGGACCGCGGCGGACATGGCGGCTCAGATCACCCAGCGCAAGTGGGAGGCGGCCCGTGTGGCGGAGCAGTTGAGAGCCTACCTGGAGGGCACGTGCGTGGACGGGCTCCGCAGATACCTGGAGAACGGGAAGGAGACGCTGCAGCGCACGG">
        <child id=""/>
      </parent>
      <parent id="A1B2C2G000013" sequence="GTTCTCACACCCTCCAGAGGATGTATGGCTGCGACGTGGGGTCGGACGGGCGCTTCCTCCGCGGGTACCGGCAGGACGCCTACGACGGCAAGGATTACATCGCCCTGAAAGAGGACCTGCGCTCTTGGACCGCGGCGGACATGGCAGCTCAGACCACCAAGCACAAGTGGGAGGCGGCCCATGTGGCGGAGCAGTGGAGAGCCTACCTGGAGGGCACGTGCGTGGAGTGGCTCCGCAGATACCTGGAGAACGGGAAGGAGACGCTGCAGCGCACGG">
        <child id=""/>
      </parent>
      <parent id="A1B2C1G000061" sequence="GTTCTCACACCATCCAGATAATGTATGGCTGCGACGTGGGGTCGGACGGGCGCTTCCTCCGCGGGTATGAACAGCACGCCTACGACGGCAAGGATTACATCGCCCTGAACGAGGACCTGCGCTCTTGGACCGCGGCGGACATGGCGGCTCAGATCACCAAGCGCAAGTGGGAGGCGGCCCATGTGGCGGAGCAGCAGAGAGCCTACCTGGATGGCACGTGCGTGGAGTGGCTCCGCAGATACCTGGAGAACGGGAAGGAGACGCTGCAGCGCACGG">
        <child id=""/>
      </parent>
      <parent id="A1B2C2G000055" sequence="GTTCTCACACCATCCAGATGATGTATGGCTGCGACGTGGGGCCGGACGGGCGCCTCCTCCGCGGGTACCAGCAGGACGCCTACGACGGCAAGGATTACATCGCCTTGAACGAGGACCTGCGCTCTTGGACCGCGGCGGACATGGCGGCTCAGATCACCCAGCGCAAGTGGGAGGCGGCCCATGAGGCGGAGCAGTGGAGAGCCTACCTGGAGGGCACGTGCGTGGAGTGGCTCCGCAGATACCTGGAGAACGGGAAGGAGACGCTGCAGCGCACGG">
        <child id=""/>
      </parent>
      <parent id="A1B2C2G000037" sequence="GGTCTAACAACCTCCAGATAATGTATGGCTGCGACTTGGGGCTGGAAGGGCGCCTCCTCCGCGGGTATGAACAGCACGCCAACGATGGCAAGGATTACATAGCCCGGAACTAGGACCTGCGCTCCTGGACCGCGGCGGACATGGCGGCTCAGATCACCAAGCGCAAGTGGGAGGCAGAAGAATTTGCAGAGCAGATCAGGGCCTACCTGGAGGGCACGTGCGTGGAGAGGCTCGCAGACACCTGGAGAACGGGAAGGAGATGCTGCAGCTCACGG">
        <child id=""/>
      </parent>
      <parent id="A1B1C1G000036" sequence="GTTCTCACACCATCCAGATGATGTATGGCTGCGACGTGGGGTCGGACGGGCGCTTCCTCCGCGGGTACCGGCAGGACGCCTACGACGGCAAGGATTACATCGCCTTGAACGAGGACCTGCGCTCTTGGACCGCGGCGGACATGGCGGCTCAGATCACCCAGCGCAAGTGGGAGGCGGCCCATGAGGCGGAGCAGCAGAGAGCCTACCTGGAGGGCACGTGCGTGGAGTGGCTCCGCAGATACCTGGAGAACGGGAAGGAGACGCTGCAGCGCACGG">
        <child id=""/>
      </parent>
      <parent id="A1B1C2G000117" sequence="GTTCTCACACCGTCCAGAGGATGTATGGCTGCGACGTGGGGTCGGACGGGCGCTTCCTCCGCGGGTACCGGCAGGACGCCTACGACGGCAAGGATTACATCGCCCTGAACGAGGACCTGCGCTCTTGGACCGCGGCGGACATGGCGGCTCAGATCACCAAGCGCAAGTGGGAGGCGGCCCATGAGGCGGAGCAGTTGAGAGCCTACCTGGATGGCACGTGCGTGGAGTGGCTCCGCAGATACCTGGAGAACGGGAAGGAGACGCTGCAGCGCACGG">
        <child id=""/>
      </parent>
      <parent id="A1B1C1G000083" sequence="GTTCTCACACCATCCAGATAATGTATGGCTGCGACGTGGGGCCGGACGGGCGCTTCCTCCGCGGGTACCGGCAGGACGCCTACGACGGCAAGGATTACATCGCCCTGAACGAGGACCTGCGCTCTTGGACCGCGGCGGACATGGCAGCTCAGATCACCCAGCGCAAGTGGGAGACGGCCCATGAGGCGGAGCAGTGGAGAGCCTACCTGGAGGGCCGGTGCGTGGAGTGGCTCCGCAGATACCTGGAGAACGGGAAGGAGACGCTGCAGCGCACGG">
        <child id=""/>
      </parent>
      <parent id="A2B1C2G000015" sequence="GTTCTCACACCATCCAGATAATGTATGGCTGCGACGTGGGGTCGGACGGGCGCTTCCTCCGCGGGTACGGGCAGGACGCCTACGACGGCAAGGATTACATCGCCCTGAACGAGGACCTGCGCTCTTGGACCGCGGCGGACATGGCGGCTCAGATCACCAAGCGCAAGTGGGAGGCGGCCCATGTGGCGGAGCAGCAGAGAGCCTACCTGGATGGCACGTGCGTGGAGTGGCTCCGCAGATACCTGGAGAACGGGAAGGAGACGCTGCAGCGCACGG">
        <child id=""/>
      </parent>
      <parent id="A1B2C2G000014" sequence="GTTCTCACACCGTCCAGAGGATGTATGGCTGCGACGTGGGGCCGGACGGGCGCTTCCTCCGCGGGTACCGGCAGGACGCCTACGACGGCAAGGATTACATCGCCCTGAACGAGGACCTGCGCTCTTGGACCGCGGCGGACATGGCAGCTCAGATCACCAAGCGCAAGTGGGAGGCGGTCCATGCGGCGGAGCAGCGGAGAGTCTACCTGGAGGGCCGGTGCGTGGACGGGCTCCGCAGATACCTGGAGAACGGGAAGGAGACGCTGCAGCGCACGG">
        <child id=""/>
      </parent>
      <parent id="A1B1C2G000001" sequence="GTTCTCACACCCTCCAGATGATGTTTGGCTGCGACGTGGGGTCGGACGGGCGCTTCCTCCGCGGGTACCACCAGTACGCCTACGACGGCAAGGATTACATCGCCCTGAAAGAGGACCTGCGCTCTTGGACCGCGGCGGACATGGCGGCTCAGATCACCAAGCGCAAGTGGGAGGCGGCCCATGTGGCGGAGCAGCAGAGAGCCTACCTGGAGGGCACGTGCGTGGAGTGGCTCCGCAGATACCTGGAGAACGGGAAGGAGACGCTGCAGCGCACGG">
        <child id=""/>
      </parent>
      <parent id="A1B1C1G000004" sequence="GTTCTCACACCATCCAGATAATGTATGGCTGCGACGTGGGGCCGGACGGGCGCTTCCTCCGCGGGTACCGGCAGGACGCCTACGACGGCAAGGATTACATCGCCCTGAACGAGGACCTGCGCTCTTGGACCGCGGCGGACATGGCAGCTCAGATCACCAAGCGCAAGTGGGAGGCGGCCCATGCGGCGGAGCAGCAGAGAGCCTACGTGGAGGGCCGGTGCGTGGAGTGGCTCCGCAGATACCTGGAGAACGGGAAGGAGACGCTGCAGCGCACGG">
        <child id=""/>
      </parent>
      <parent id="A1B1C1G000090" sequence="GTTCTCACACCCTCCAGATGATGTTTGGCTGCGACGTGGGGCCGGACGGGCGCTTCCTCCGCGGGTACCGGCAGGACGCCTACGACGGCAAGGATTACATCGCCCTGAACGAGGACCTGCGCTCTTGGACCGCGGCGGACATGGCAGCTCAGATCACCAAGCGCAAGTGGGAGGCGGCCCATGCGGCGGAGCAGCAGAGAGCCTACCTGGAGGGCCGGTGCGTGGAGTGGCTCCGCAGATACCTGGAGAACGGGAAGGAGACGCTGCAGCGCACGG">
        <child id=""/>
      </parent>
      <parent id="A1B1C1G000070" sequence="GTTCTCACACCGTCCAGAGGATGTATGGCTGCGACGTGGGGTCGGACGGGCGCCTCCTCCGCGGGCATGACCAGTTAGCCTACGACGGCAAGGATTACATCGCCCTGAAAGAGGACCTGCGCTCTTGGACCGCGGCGGACATGGCAGCTCAGACCACCAAGCACAAGTGGGAGGCGGCCCATGTGGCGGAGCAGTTGAGAGCCTACCTGGAGGGCACGTGCGTGGAGTGGCTCCGCAGATACCTGGAGAACGGGAAGGAGACGCTGCAGCGCACGG">
        <child id=""/>
      </parent>
      <parent id="A2B1C1G000028" sequence="GTTCTCACACCATGCAGGTGATGTATGGCTGCGACGTGGGGCCCGACGGGCGCTTCCTCCGCGGGTATGAACAGCACGCCTACGACGGCAAGGATTACATCGCCCTGAACGAGGACCTGCGCTCCTGGACCGCGGCGGACATGGCAGCTCAGATCACCAAGCGCAAGTGGGAGGCGGCCCGTCGGGCGGAGCAGCTGAGAGCCTACCTGGAGGGCGAGTTCGTGGAGTGGCTCCGCAGATACCTGGAGAACGGGAAGGAGACGCTGCAGCGCGCGG">
        <child id=""/>
      </parent>
      <parent id="A1B1C1G000092" sequence="GTTCTCACACCATCCAGATAATGTATGGCTGCGACGTGGGGCCGGACGGGCGCTTCCTCCGCGGGTACCACCAGTACGCCTACGACGGCAAGGATTACATCGCCCTGAACGAGGACCTGCGCTCTTGGACCGCGGCGGACATGGCAGCTCAGATCACCAAGCGCAAGTGGGAGGCGGTCCATGCGGCGGAGCAGCGGAGAGTCTACCTGGAGGGCCGGTGCGTGGACGGGCTCCGCAGATACCTGGAGAACGGGAAGGAGACGCTGCAGCGCACGG">
        <child id=""/>
      </parent>
      <parent id="A1B2C2G000051" sequence="GTTCTCACACCCTCCAGATGATGTTTGGCTGCGACGTGGGGTCGGACGGGCGCTTCCTCCGCGGGTACCACCAGTACGCCTACGACGGCAAGGATTACATCGCCCTGAAAGAGGACCTGCGCTCTTGGACCGCGGCGGACATGGCAGCTCAGACCACCAAGCACAAGTGGGAGGCGGCCCATGTGGCGGAGCAGTGGAGAGCCTACCTGGAGGGCACGTGCGTGGAGTGGCTCCGCAGATACCTGGAGAACGGGAAGGAGACGCTGCAGCGCACGG">
        <child id=""/>
      </parent>
      <parent id="A1B2C1G000036" sequence="GTTCTCACACCATCCAGATGATGTATGGCTGCCACGTGGGGTCGGACGGGCGCTTCCTCCGCGGGTACCGGCAGGACGCCTACGACGGCAAGGATTACATCGCCTTGAACGAGGACCTGCGCTCTTGGACCGCGGCGGACATGGCGGCTCAGATCACCCAGCGCAAGTGGGAGGCGGCCCGTGTGGCGGAGCAGCAGAGAGCCTACCTGGAGGGCACGTGCGTGGAGTGGCTCCGCAGATACCTGGAGAACGGGAAGGAGACGCTGCAGCGCACGG">
        <child id=""/>
      </parent>
      <parent id="A2B1C2G000008" sequence="GTTCTCACACCCTCCAGATGATGTTTGGCTGCGACGTGGGGTCGGACGGGCGCTTCCTCCGCGGGTACCACCAGTACGCCTACGACGGCAAGGATTACATCGCCCTGAAAGAGGACCTGCGCTCTTGGACCGCGGCGGACATGGCGGCTCAGATCACCAAGCGCAAGTGGGAGGCGGCCCATGTGGCGGAGCAGTTGAGAGCCTACCTGGAGGGCACGTGCGTGGACGGGCTCCGCAGATACCTGGAGAACGGGAAGGAGACGCTGCAGCGCACGG">
        <child id=""/>
        <child id="195C"/>
      </parent>
      <parent id="A1B1C1G000015" sequence="GTTCTCACACCATCCAGATAATGTATGGCTGCGACGTGGGGTCGGACGGGCGCTTCCTCCGCGGGTACCGGCAGGACGCCTACGACGGCAAGGATTACATCGCCCTGAACGAGGACCTGCGCTCTTGGACCGCGGCGGACATGGCGGCTCAGATCACCAAGCGCAAGTGGGAGGCGGCCCATGTGGCGGAGCAGCAGAGAGCCTACCTGGATGGCACGTGCGTGGAGTGGTTCCGCAGATACCTGGAGAACGGGAAGGAGACGCTGCAGCGCACGG">
        <child id=""/>
      </parent>
      <parent id="A1B2C1G000044" sequence="GTTCTCACACCGTCCAGAGGATGTATGGCTGCGACGTGGGGTCGGACTGGCGCTTCCTCCGCGGGTACCACCAGTACGCCTACGACGGCAAGGATTACATCGCCCTGAAAGAGGACCTGCGCTCTTGGACCGCGGCGGACATGGCAGCTCAGACCACCAAGCACAAGTGGGAGGCGGCCCATGTGGCGGAGCAGCAGAGAGCCTACCTGGAGGGCACGTGCGTGGACGGGCTCCGCAGATACCTGGAGAACGGGAAGGAGACGCTGCAGCGCACGG">
        <child id=""/>
      </parent>
      <parent id="A1B1C2G000007" sequence="GTTCTCACACCATCCAGATAATGTATGGCTGCGACGTGGGGTCGGACGGGCGCTTCCTCCGCGGGTACCGGCAGGACGCCTACGACGGCAAGGATTACATCGCCCTGAACGAGGACCTGCGCTCTTGGACCGCGGCGGACATGGCGGCTCAGATCACCCAGCGCAAGTGGGAGGCGGCCCGTGTGGCGGAGCAGTTGAGAGCCTACCTGGAGGGCACGTGCGTGGAGTGGCTCCGCAGATACCTGGAGAACGGGAAGGAGACGCTGCAGCGCACGG">
        <child id=""/>
      </parent>
      <parent id="A1B2C2G000075" sequence="GTTCTCACACCGTCCAGAGGATGTATGGCTGCGACGTGGGGTCGGACTGGCGCTTCCTCCGCGGGTATGACCAGTCCGCCTACGACGGCAAGGATTACATCGCCCTGAAAGAGGACCTGCGCTCTTGGACCGCGGCGGACATGGCAGCTCAGACCACCAAGCACAAGTGGGAGGCGGCCCATGTGGCGGAGCAGTTGAGAGCCTACCTGGAGGGCACGTGCGTGGAGTGGCTCCGCAGATACCTGGAGAACGGGAAGGAGACGCTGCAGCGCACGG">
        <child id=""/>
      </parent>
      <parent id="A1B1C1G000075" sequence="GTTCTCACACCGTCCAGAGGATGTATGGCTGCGACGTGGGGTCGGACTGGCGCTTCCTCCGCGGGTATGAGCAGTATGCCTACGACGGCAAGGATTACATCGCCCTGAAAGAGGACCTGCGCTCTTGGACCGCGGCGGACATGGCAGCTCAGACCACCAAGCACAAGTGGGAGGCGGCCCATGTGGCGGAGCAGTTGAGAGCCTACCTGGAGGGCACGTGCGTGGAGTGGCTCCGCAGATACCTGGAGAACGGGAAGGAGACGCTGCAGCGCACGG">
        <child id=""/>
      </parent>
      <parent id="A1B1C1G000085" sequence="GTTCTCACACCGTCCAGAGGATGTATGGCTGCGACGTGGGGTCGGACTGGCGCTTCCTCCGCGGGTACCACCAGTACGCCTAGACGGCAAGGATTACATCGCCCTGAAAGAGGACCTGCGCTCTTGGACCGCGGCGGACATGGCAGCTCAGACCACCAAGCACAAGTGGGAGGCGGCCCATGTGGCGGAGCAGTTGAGAGCCTACCTGGAGGGCACGTGCGTGGAGTGGCTCCGCAGATACCTGGAGAACGGGAAGGAGACGCTGCAGCGCACGG">
        <child id=""/>
      </parent>
      <parent id="A1B1C1G000097" sequence="GTTCTCACACCATCCAGATAATGTATGGCTGCGACGTGGGGCCCGACGGGCGCTTCCTCCGCGGGTATGAACAGCACGCCTACGACGGCAAGGATTACATCGCCCTGAACGAGGACCTGCGCTCTTGGACCGCGGCGGACATGGCGGCTCAGATCACCAAGCGCAAGTGGGAGGCGGCCCATGAGGCGGAGCAGTTGAGAGCCTACCTGGATGGCACGTGCGTGGAGTGGCTCCGCAGATACCTGGAGAACGGGAAGGAGACGCTGCAGCGCACGG">
        <child id=""/>
      </parent>
      <parent id="A1B1C2G000042" sequence="GTTCTCACACCATCCAGATGATGTATGGCTGCGACGTGGGGCCGGACGGGCGCCTCCTCCGCGGGTACCAGCAGGACGCCTACGACGGCAAGGATTACATCGCCCTGAACGAGGACCTGCGCTCTTGGACCGCGGCGGACATGGCGGCTCAGATCACCAAGCGCAAGTGGGAGGCGGCCCGTGTGGCGGAGCAGTTGAGAGCCTACCTGGAGGGCACGTGCGTGGAGTGGCTCCGCAGATACCTGGAGAACGGGAAGGAGACGCTGCAGCGCACGG">
        <child id=""/>
      </parent>
      <parent id="A1B1C1G000113" sequence="GTTCTCACACCATCCAGATGATGTATGGCTGCGACGTGGGGTCGGACGGGCGCTTCCTCCGCGGGTACCAGCAGGACGCCTACGACGGCAAGGATTACATCGCCTTGAACGAGGACCTGAGCTCCTGGACCGCGGCGGACATGGCGGCTCAGATCACCCAGCGCAAGTGGGAGGCGGCCCGTGTGGCGGAGCAGTTGAGAGCCTACCTGGAGGGCACGTGCGTGGAGTGGCTCCGCAGATACCTGGAGAACGGGAAGGAGACGCTGCAGCGCACGG">
        <child id=""/>
      </parent>
      <parent id="A2B2C2G000013" sequence="GTTCTCACACCGTCCAGAGGATGTATGGCTGCGACGTGGGGTCGGACGGGCGCTTCCTCCGCGGGTACCGGCAGGACGCCTACGACGGCAAGGATTACATCGCCCTGAAAGAGGACCTGCGCTCTTGGACCGCGGCGGACATGGCAGCTCAGACCACCAAGCACAAGTGGGAGGCGGCCCATGTGGCGGAGCAGTGGAGAGCCTACCTGGAGGGCACGTGCGTGGAGTGGCTCCGCAGATACCTGGAGAACGGGAAGGAGACGCTGCAGCGCACGG">
        <child id=""/>
        <child id="12A"/>
        <child id="19T"/>
      </parent>
      <parent id="A2B2C2G000018" sequence="GTTCTCACACCATCCAGAGGATGTATGGCTGCGACGTGGGGCCGGACGGGCGCTTCCTCCGCGGGTACCAGCAGGACGCTTACGACGGCAAGGATTACATCGCCCTGAACGAGGACCTGCGCTCTTGGACCGCGGCGGACATGGCGGCTCAGATCACCCAGCGCAAGTGGGAGACGGCCCATGAGGCGGAGCAGTGGAGAGCCTACCTGGAGGGCGGGTGCGTGGAGTGGCTCCGCAGATACCTGGAGAACGGGAAGGAGACGCTGCAGCGCACGG">
        <child id="217C"/>
        <child id="216T"/>
        <child id=""/>
        <child id="217A"/>
      </parent>
      <parent id="A1B2C1G000060" sequence="GTTCTCACACCGTCCAGAGGATGTATGGCTGCGACGTGGGGTCGGACTGGCGCTTCCTCCGCGGGTACCACCAGTACGCCTACGACGGCAAGGATTACATCGCCCTGAAAGAGGACCTGCGCTCTTGGACCGCGGCGGACATGGCGGCTCAGATCACCAAGCGCAAGTGGGAGGCGGCCCATGAGGCGGAGCAGTTGAGAGCCTACCTGGAGGGCACGTGCGTGGAGTGGCTCCGCAGATACCTGGAGAACGGGAAGGAGACGCTGCAGCGCACGG">
        <child id=""/>
      </parent>
      <parent id="A1B2C1G000009" sequence="GTTCTCACACCATCCAGATGATGTATGGCTGCGACGTGGGGCCGGACGGGCGCCTCCTCCGCGGGTACCAGCAGGACGCCTACGACGGCAAGGATTACATCGCCTTGAACGAGGACCTGCGCTCTTGGACCGCGGCGGACATGGCGGCTCAGATCACCCAGCGCAAGTGGGAGGCGGCCCGTGTGGCGGAGCAGTTGAGAGCCTACCTGGAGGGCACGTGCGTGGAGTGGCTCCGCAGATACCTGGAGAACGGGAAGGAGACGCTGCAGCGCACGG">
        <child id="111A"/>
        <child id="70G"/>
        <child id="228C"/>
        <child id="229C"/>
        <child id="195C"/>
        <child id="58A"/>
        <child id="252C"/>
        <child id="139C"/>
        <child id="131A"/>
        <child id="111C"/>
        <child id="80T"/>
        <child id="142A"/>
        <child id="181A"/>
        <child id="86T"/>
        <child id="235C"/>
        <child id=""/>
        <child id="259T"/>
        <child id="262T"/>
        <child id="180A"/>
        <child id="46G"/>
        <child id="217G"/>
        <child id="182A"/>
        <child id="265C"/>
        <child id="87C"/>
        <child id="251G"/>
        <child id="110T"/>
        <child id="212T"/>
        <child id="102C"/>
        <child id="142C"/>
        <child id="155A"/>
        <child id="68G"/>
        <child id="188A"/>
        <child id="244A"/>
        <child id="252A"/>
        <child id="44T"/>
        <child id="273G"/>
        <child id="105C"/>
        <child id="221T"/>
        <child id="230A"/>
        <child id="222A"/>
        <child id="165T"/>
        <child id="189A"/>
        <child id="101A"/>
        <child id="133T"/>
        <child id="36C"/>
      </parent>
      <parent id="A1B1C1G000104" sequence="GTTCTCACACCCTCCAGATGATGTTTGGCTGCGACGTGGGGTCGGACGGGCGCTTCCTCCGCGGGTACCACCAGTACGCCTACGACGGCAAGGATTACATCGCCCTGAAAGAGGACCTGCGCTCTTGGACCGCGGCGGACATGGCGGCTCAGACCACCAAGCACAAGTGGGAGGCGGCCCATGTGGCGGAGCAGTTGAGAGCCTACCTGGAGGGCACGTGCGTGGACGGGCTCCGCAGATACCTGGAGAACGGGAAGGAGACGCTGCAGCGCACGG">
        <child id=""/>
      </parent>
      <parent id="A1B1C1G000112" sequence="GTTCTCACACCGTCCAGAGGATGTGTGGCTGCGACGTGGGGTCGGACTGGCGCTTCCTCCGCGGGTACCACCAGTACGCCTACGACGGCAAGGATTACATCGCCCTGAAAGAGGACCTGCGCTCTTGGACCGCGGCGGACATGGCAGCTCAGACCACCAAGCACAAGTGGGAGGCGGCCCGTGAGGCGGAGCAGTTGAGAGCCTACCTGGAGGGCACGTGCGTGGAGTGGCTCCGCAGATACCTGGAGAACGGGAAGGAGACGCTGCAGCGCACGG">
        <child id=""/>
      </parent>
      <parent id="A1B1C2G000012" sequence="GTTCTCACACCGTCCAGAGGATGTATGGCTGCGACGTGGGGTCGGACGGGCGCTTCCTCCGCGGGTACCAGCAGGACGCCTACGACGGCAAGGATTACATCGCCTTGAACGAGGACCTGCGCTCTTGGACCGCGGCGGACATGGCGGCTCAGATCACCCAGCGCAAGTGGGAGGCGGCCCGTGTGGCGGAGCAGTTGAGAGCCTACCTGGAGGGCACGTGCGTGGAGTGGCTCCGCAGATACCTGGAGAACGGGAAGGAGACGCTGCAGCGCACGG">
        <child id=""/>
      </parent>
      <parent id="A1B1C1G000000" sequence="GTTCTCACACCCTCCAGATGATGTTTGGCTGCGACGTGGGGTCGGACGGGCGCTTCCTCCGCGGGTACCGGCAGGACGCCTACGACGGCAAGGATTACATCGCCCTGAACGAGGACCTGCGCTCTTGGACCGCGGCGGACATGGCGGCTCAGATCACCCAGCGCAAGTGGGAGGCGGCCCGTGTGGCGGAGCAGTTGAGAGCCTACCTGGAGGGCACGTGCGTGGACGGGCTCCGCAGATACCTGGAGAACGGGAAGGAGACGCTGCAGCGCACGG">
        <child id=""/>
      </parent>
      <parent id="A1B1C1G000040" sequence="GTTCTCACACCCTCCAGATGATGTTTGGCTGCGACGTGGGGTCGGACGGGCGCTTCCTCCGCGGGTACCACCAGTACGCCTACGACGGCAAGGATTACATCGCCCTGAAAGAGGACCTGCGCTCTTGGACCGCGGCGGACATGGCGGCTCAGATCACCCAGCGCAAGTGGGAGGCGGCCCGTGTGGCGGAACGGGTGAGAGCCTACCTGGAGGGCACGTGCGTGGACGGGCTCCGCAGATACCTGGAGAACGGGAAGGAGACGCTGCAGCGCACGG">
        <child id=""/>
      </parent>
      <parent id="A1B2C2G000021" sequence="GTTCTCACACCATCCAGATGATGTATGGCTGCGACGTGGGGTCGGACGGGCGCTTCCTCCGCGGGTACCGGCAGGACGCCTACGACGGCAAGGATTACATCGCCCTGAAAGAGGACCTGCGCTCTTGGACCGCGGCGGACATGGCAGCTCAGACCACCAAGCACAAGTGGGAGGCGGCCCATGTGGCGGAGCAGCTGAGAGCCTACCTGGAGGGCACGTGCGTGGAGTGGCTCCGCAGATACCTGGAGAACGGGAAGGAGACGCTGCAGCGCACGG">
        <child id=""/>
      </parent>
      <parent id="A1B1C1G000086" sequence="GTTCTCACACCATCCAGATAATGTATGGCTGCGACGTGGGGTCGGACGGGCGCTTCCTCCGCGGGTACCGGCAGGACGCCTACGACGGCAAGGATTACATCGCCCTGAACGAGGACCTGCGCTCCTGGACCGCGGCGGACATGGCAGCTCAGATCACCAAGCGCAAGTGGGAGGCGGCCCGTCGGGCGGAGCAGCTGAGAGCCTACCTGGATGGCACGTGCGTGGAGTGGCTCCGCAGATACCTGGAGAACGGGAAGGAGACGCTGCAGCGCACGG">
        <child id=""/>
      </parent>
      <parent id="A1B1C2G000037" sequence="GGTCTAACACCCTCCAGATAATGTATGGCTGCGACTTGGGGCTGGAAGGGCGCCTCCTCCGCGGGTATGAACAGCACCCCAACGATGGCAAGGATTACATAGCCCGGAACTAGGACCTGCGCTCCTGGACCGCGGCGGACATGGAGGCTCAGATCACCAAGCGCAAGTGGGAGGCAGAAGAATTTGCAGAGCAGATCAGGGCCTACCTGGAGGGCACGTGCGTGGAGAGGCTCGCAGACACCTGGAGAACGGGAAGGAGATGCTGCAGCTCACGG">
        <child id=""/>
      </parent>
      <parent id="A2B2C2G000011" sequence="GTTCTCACACCATCCAGATAATGTATGGCTGCGACGTGGGGCCGGACGGGCGCTTCCTCCGCGGGTACCGGCAGGACGCCTACGACGGCAAGGATTACATCGCCCTGAACGAGGACCTGCGCTCTTGGACCGCGGCGGACATGGCAGCTCAGATCACCAAGCGCAAGTGGGAGGCGGTCCATGCGGCGGAGCAGCGGAGAGTCTACCTGGAGGGCTGGTGCGTGGACGGGCTCCGCAGATACCTGGAGAACGGGAAGGAGACGCTGCAGCGCACGG">
        <child id="216G"/>
        <child id=""/>
      </parent>
      <parent id="A1B1C1G000029" sequence="GTTCTCATACCCTCCAGTGGATGATTGGCTGCGACCTGGGGTCCGACGGACGCCTCCTCCGCGGGTATGAACAGTATGCCTACGATGGCAAGGATTACCTCGCCCTGAACGAGGACCTGCGCTCCTGGACCGCAGCGGACACTGCGGCTCAGATCTCCAAGCGCAAGTGTGAGGCGGCCAATGTGGCTGAACAAAGGAGAGCCTACCTGGAGGGCACGTGCGTGGAGTGGCTCCGCAGACACCTGGAGAACGGGAAGGAGATGCTGCAGCGCGCGG">
        <child id=""/>
      </parent>
      <parent id="A2B1C2G000011" sequence="GTTCTCACACCATCCAGATAATGTATGGCTGCGACGTGGGGCCGGACGGGCGCTTCCTCCGCGGGTACCGGCAGGACGCCTACGACGGCAAGGATTACATCGCCCTGAACCAGGACCTGCGCTCTTGGACCGCGGCGGACATGGCAGCTCAGATCACCAAGCGCAAGTGGGAGGCGGTCCATGCGGCGGAGCAGCGGAGAGTCTACCTGGAGGGCCGGTGCGTGGACGGGCTCCGCAGATACCTGGAGAACGGGAAGGAGACGCTGCAGCGCACGG">
        <child id="111T"/>
        <child id="111A"/>
        <child id=""/>
      </parent>
      <parent id="A1B2C2G000044" sequence="GTTCTCACACCGTCCAGAGGATGTATGGCTGCGACGTGGGGTCGGACTGGCGCTTCCTCCGCGGGTACCACCAGTACGCCTACGACGGCAAGGATTACATCGCCCTGAAAGAGGACCTGCGCTCTTGGACCGCGGCGGACATGGCAGCTCAGATCACCAAGCGCAAGTGGGAGGCGGCCCATGTGGCGGAGCAGCAGAGAGCCTACCTGGAGGGCACGTGCGTGGAGTGGCTCCGCAGATACCTGGAGAACGGGAAGGAGACGCTGCAGCGCACGG">
        <child id=""/>
      </parent>
      <parent id="A1B1C1G000076" sequence="GTTCTCACACCATCCAGATAATGTATGGCTGCGACGTGGGGTCGGACGGGCGCTTCCTCCGCGGGTACCGGCAGGACGCCTACGACGGCAAGGATTACATCGCCCTGAACGAGGACCTGCGCTCTTGGACCGCGGCGGACATGGCGGCTCAGATCACCCAGCGCAAGTGGGAGGCGGCCCGTGAGGCGGAGCAGCGGAGAGCCTACCTGGAGGGCACGTGCGTGGAGTGGCTCCGCAGATACCTGGAGAACGGGAAGGAGACGCTGCAGCGCACGG">
        <child id=""/>
      </parent>
      <parent id="A1B1C2G000071" sequence="GTTCTCACACCATCCAGATGATGTATGGCTGCGACGTGGGGCCGGACGGGCGCCTCCTCCGCGGGTACCAGCAGGACGCCTACGACGGCAAGGATTACATCGCCCTGAAAGAGGACCTGCGCTCTTGGACCGCGGCGGACATGGCGGCTCAGATCACCCAGCGCAAGTGGGAGGCGGCCCGTGTGGCGGAGCAGTTGAGAGCCTACCTGGAGGGCACGTGCGTGGAGTGGCTCCGCAGATACCTGGAGAACGGGAAGGAGACGCTGCAGCGCACGG">
        <child id=""/>
      </parent>
      <parent id="A1B1C1G000035" sequence="GTTCTCACACCGTCCAGAGGATGTATGGCTGCGACGTGGGGTCGGACTGGCGCATCCTCCGCGGGTACCACCAGTACGCCTACGACGGCAAGGATTACATCGCCCTGAAAGAGGACCTGCGCTCTTGGACCGCGGCGGACATGGCAGCTCAGACCACCAAGCACAAGTGGGAGGCGGCCCATGTGGCGGAGCAGTTGAGAGCCTACCTGGAGGGCGAGTGCGTGGAGTGGCTCCGCAGATACCTGGAGAACGGGAAGGAGACGCTGCAGCGCACGG">
        <child id=""/>
      </parent>
      <parent id="A2B2C2G000025" sequence="GTTCTCACACCATCCAGATGATGTATGGCTGCGACGTGGGGTCGGACGGGCGCTTCCTCCGCGGGTACCAGCAGGACGCCTACGACGGCAAGGATTACATAGCCTTGAACGAGGACCTGCGCTCTTGGACCGCGGCGGACATGGCGGCTCAGATCACCCAGCGCAAGTGGGAGGCGGCCCGTGTGGCGGAGCAGTTGAGAGCCTACCTGGAGGGCACGTGCGTGGAGTGGCTCCGCAGACACCTGGAGAACGGGAAGGAGACGCTGCAGCGCACGG">
        <child id="101C-110G"/>
        <child id="101C-159A"/>
        <child id=""/>
        <child id="22C-101C"/>
        <child id="101C-120A-125C"/>
        <child id="101C-139C"/>
        <child id="47G-101C"/>
        <child id="27C-101C"/>
        <child id="78A-101C"/>
        <child id="101C-187A"/>
      </parent>
      <parent id="A1B1C2G000053" sequence="GTTCTCACACCATCCAGAGGATGTATGGCTGCGACGTGGGGCCGGACGGGCGCTTCCTCCGCGGGTACCAGCAGGACGCTTACGACGGCAAGGATTACATCGCCCTGAACGAGGACCTGCGCTCTTGGACCGCGGCGGACATGGCGGCTCAGATCACCCAGCGCAAGTGGGAGGCGGCCCGTGTGGCGGAGCAGCTGAGAGCCTACCTGGAGGGCCGGTGCGTGGAGTGGCTCCGCAGATACCTGGAGAACGGGAAGGAGACGCTGCAGCGCACGG">
        <child id=""/>
      </parent>
      <parent id="A1B1C1G000066" sequence="GTTCTCACACCCTCCAGATGATGTTTGGCTGCGACGTGGGGTCGGACGGGCGCTTCCTCCGCGGGTACCACCAGTACGCCTACGACGGCAAGGATTACATCGCCCTGAAAGAGGACCTGCGCTCTTGGACCGCGGCGGACATGGCGGCTCAGATCACCAAGCGCAAGTGGGAGGCGGCCCATGTGGCGGAGCAGCAGAGAGCCTACCTGGAGGGCACGTGCGTGGACGGGCTCCGCAGATACCTGGAGAACGGGAAGGAGACGCTGCAGCGAAGGAGACGCTGCAGCGCACGG">
        <child id=""/>
      </parent>
      <parent id="A1B2C2G000042" sequence="GTTCTCACACCATCCAGATGATGTATGGCTGCGACGTGGGGCCGGACGGGCGCCTCCTCCGCGGGTACCAGCAGGACGCCTACGACGGCAAGGATTACATCGCCCTGAAAGAGGACCTGCGCTCTTGGACCGCGGCGGACATGGCGGCTCAGATCACCAAGCGCAAGTGGGAGGCGGCCCGTGTGGCGGAGCAGTTGAGAGCCTACCTGGAGGGCACGTGCGTGGAGTGGCTCCGCAGATACCTGGAGAACGGGAAGGAGACGCTGCAGCGCACGG">
        <child id=""/>
      </parent>
      <parent id="A1B1C1G000091" sequence="CGTATCACATCCTCCAGGGAATGTTTGGCTGCGACCTGGGGCCCGACGGGCGTCTCCTCCGCGGGTATGAGCAGTATGCCTACGACGGCAAGGATTACATCGCCCTGAACGAGGACCTGCGCTCCTGGACCGCCGCGGATACCGCGGCTCAGATTACCCAGCGCAAGTATGAGGCGGCCAATGTGGCTGAGCAAAGGAGAGCCTACCTGGAGGGCACCTGCATGGAGTGGCTCCGCAGACACCTGGAGAACGGGAAGGAGACGCTGCAGCGCGCGG">
        <child id=""/>
      </parent>
      <parent id="A1B2C2G000034" sequence="GTTCTCACACCATCCAGATAATGTATGGCTGCGACGTGGGGTCGGACGGGCGCTTCCTCCGCGCGTACCGGCAGGACGCTTACGACGGCAAGGATTACATCGCCCTGAACGAGGACCTGCGCTCTTGGACCGCGGCGGACATGGCGGCTCAGATCACCCAGCGCAAGTGGGAGACGGCCCATGAGGCGGAGCAGTTGAGAGCCTACCTGGAGGGCACGTGCGTGGAGTGGCTCCGCAGATACCTGGAGAACGGGAAGGAGACGCTGCAGCGCACGG">
        <child id=""/>
      </parent>
      <parent id="A1B2C2G000020" sequence="GTTCTCACACCCTCCAGATGATGTTTGGCTGCGACGTGGGGTCGGACGGGCGCTTCCTCCGCGGGTATGAACAGCACGCCTACGACGGCAAGGATTACATCGCCCTGAAAGAGGACCTGCGCTCTTGGACCGCGGCGGACATGGCGGCTCAGATCACCAAGCGCAAGTGGGAGGCGGCCCATGTGGCGGAGCAGCAGAGAGCCTACCTGGAGGGCACGTGCGTGGACGGGCTCCGCAGATACCTGGAGAACGGGAAGGAGACGCTGCAGCGCACGG">
        <child id=""/>
      </parent>
      <parent id="A1B2C1G000022" sequence="GTTCTCACACCATCCAGATAATGTATGGCTGCGACGTGGGGCCGGACGGGCGCTTCCTCCGCGGGTACCGGCAGGACGCCTACGACGGCAAGGATTACATCGCCCTGAACGAGGACCTGCGCTCTTGGACCGCGGCGGACATGGCAGCTCAGATCACCAAGCGCAAGTGGGAGGCGGCCCATGCGGCGGAGCAGCAGAGAGCCTACCTGGATGGCACGTGCGTGGAGTGGCTCCGCAGATACCTGGAGAACGGGAAGGAGACGCTGCAGCGCACGG">
        <child id=""/>
      </parent>
      <parent id="A1B1C1G000049" sequence="GTTCTCACACCGTCCAGAGGATGTATGGCTGCGACCTGGGGCCCGACGGGCGCCTCCTCCGCGGGTATAACCAGTTCGCCTACGACGGCAAGGATTACATCGCCCTGAAAGAGGACCTGCGCTCTTGGACCGCGGCGGACATGGCAGCTCAGACCACCAAGCACAAGTGGGAGGCGGCCCATGTGGCGGAGCAGTTGAGAGCCTACCTGGAGGGCACGTGCGTGGAGTGGCTCCGCAGATACCTGGAGAACGGGAAGGAGACGCTGCAGCGCACGG">
        <child id=""/>
      </parent>
      <parent id="A1B1C1G000034" sequence="GTTCTCACACCATCCAGATAATGTATGGCTGCGACGTGGGGTCGGACGGGCGCTTCCTCCGCGGGTACCGGCAGGACGCTTACGACGGCAAGGATTACATCGCCCTGAACGAGGACCTGCGCTCTTGGACCGCGGCGGACATGGCGGCTCAGATCACCCAGCGCAAGTGGGAGACGGCCCATGAGGCGGAGCAGCTGAGAGCCTACCTGGAGGGCACGTGCGTGGAGTGGCTCCGCAGATACCTGGAGAACGGGAAGGAGACGCTGCAGCGCACGG">
        <child id=""/>
      </parent>
      <parent id="A1B2C2G000018" sequence="GTTCTCACACCATCCAGAGGATGTATGGCTGCGACGTGGGGCCGGACGGGCGCTTCCTCCGCGGGTACCAGCAGGACGCTTACGACGGCAAGGATTACATCGCCCTGAACGAGGACCTGCGCTCTTGGACCGCGGCGGACATGGCGGCTCAGATCACCCAGCGCAAGTGGGAGACGGCCCATGAGGCGGAGCAGTGGAGAGCCTACCTGGAGGGCACGTGCGTGGAGTGGCTCCGCAGATACCTGGAGAACGGGAAGGAGACGCTGCAGCGCACGG">
        <child id=""/>
        <child id="217G"/>
      </parent>
      <parent id="A1B1C1G000055" sequence="GTTCTCACACCATCCAGATGATGTATGGCTGCGACGTGGGGCCGGACGGGCGCCTCCTCCGCGGGTACCAGCAGGACGCCTACGACGGCAAGGATTACATCGCCTTGAACGAGGACCTGCGCTCTTGGACCGCGGCGGACATGGCGGCTCAGATCACCCAGCGCAAGTGGGAGGCGGCCCATGAGGCGGAGCAGTTGAGAGCCTACCTGGAGGGCACGTGCGTGGAGTGGCTCCGCAGATACCTGGAGAACGGGAAGGAGACGCTGCAGCGCACGG">
        <child id=""/>
      </parent>
      <parent id="A1B1C1G000072" sequence="GTTCTCACACCATCCAGATGATGTATGGCTGCGACGTGGGGTCGGACGGGCGCTTCCTCCGCGGGTACCAGCAGGACGCCTACGACGGCAAGGATTACATCGCCCTGAACGAGGACCTGCGCTCTTGGACCGCGGCGGACATGGCAGCTCAGATCACCAAGCGCAAGTGGGAGGCGGTCCATGCGGCGGAGCAGTTGAGAGCCTACCTGGAGGGCACGTGCGTGGAGTGGCTCCGCAGATACCTGGAGAACGGGAAGGAGACGCTGCAGCGCACGG">
        <child id=""/>
      </parent>
      <parent id="A1B1C1G000114" sequence="GTTCTCACACCATCCAGATAATGTATGGCTGCGACGTGGGGTCGGACGGGCGCTTCCTCCGCGGGTACCGGCAGGACGCCTACGACGGCAAGGATTACATCGCCCTGAACGAGGACCTGCGCTCTTGGACCGCGGCGGACATGGCGGCTCAGATCACCAAGCGCAAGTGGGAGGCGGCCCATGAGGCGGAGCAGTTGGCCTACCTGGATGGCACGTGCGTGGAGTGGCTCCGCAGATACCTGGAGAACGGGAAGGAGACGCTGCAGCGCACGG">
        <child id=""/>
      </parent>
      <parent id="A1B1C1G000125" sequence="GTTCTCACACCATCGACGTGATGTATGGCTGCGACGTGGGGCCCGACGGGCGCTTCCTCCGCGGGTATGAACAGTACGCCTACGACAGCAAGGATTACATCGCTCTGACCGAGGACCTGCGCTCCTGGACCGCGGCGGACATGGCAGCTCAGATCACCAAGCGCAAGTGGGAGGCGGCCCGTCAGGCGGAGCAGCTGAGAGCCTACCTGGAGGGCGAGTTCGTGGAGTGGCTCCGCAGATACCTGGAGAACGGGAAGGAGACGCTGCAGCGCGCGG">
        <child id=""/>
      </parent>
      <parent id="A1B1C2G000006" sequence="GTTCTCACACCATCCAGATAATGTATGGCTGCGACGTGGGGTCGGACGGGCGCTTCCTCCGCGGGTACCGGCAGGACGCCTACGACGGCAAGGATTACATCGCCCTGAACGAGGACCTGCGCTCTTGGACCGCGGCGGACATGGCGGCTCAGATCACCAAGCGCAAGTGGGAGGCGGCCCATGAGGCGGAGCAGTTGAGAGCCTACCTGGATGGCACGTGCGTGGAGTGGCTCCGCAGATACCTGGAGAACGGGAAGGAGACGCTGCAGCGCACGG">
        <child id="86A"/>
        <child id="20G"/>
        <child id="233T"/>
        <child id="172G"/>
        <child id="252C"/>
        <child id="41A"/>
        <child id="252A-263A"/>
        <child id="136G"/>
        <child id="110A"/>
        <child id="181G-184T"/>
        <child id="114C"/>
        <child id="246A"/>
        <child id="22G"/>
        <child id="184C"/>
        <child id="185A"/>
        <child id="66C"/>
        <child id="124G"/>
        <child id="275A"/>
        <child id="104T"/>
        <child id="185C"/>
        <child id="73G"/>
        <child id="69G"/>
        <child id="146A-154C"/>
        <child id="54C"/>
        <child id="159C"/>
        <child id="217T"/>
        <child id="232A"/>
        <child id="7G"/>
        <child id="25T"/>
        <child id="218T"/>
        <child id="133T"/>
        <child id="268T"/>
        <child id="45A-46T"/>
        <child id="134A"/>
        <child id="271T"/>
        <child id="149C"/>
        <child id="94G"/>
        <child id="82G"/>
        <child id="190G"/>
        <child id="144C"/>
        <child id="70C"/>
        <child id="107T"/>
        <child id="39A"/>
        <child id="184T"/>
        <child id="183A"/>
        <child id="38A"/>
        <child id="273G-275A"/>
        <child id="80T"/>
        <child id="36C"/>
        <child id="175T"/>
        <child id="188A"/>
        <child id="48T"/>
        <child id="63C"/>
        <child id="153T"/>
        <child id="102T"/>
        <child id="194A"/>
        <child id="145T"/>
        <child id="132A"/>
        <child id="252A"/>
        <child id="49T"/>
        <child id="194C"/>
        <child id="67G"/>
        <child id="105T-159C"/>
        <child id="196G"/>
        <child id="273G"/>
        <child id="47A"/>
        <child id="146A"/>
        <child id="105T"/>
        <child id="44T"/>
        <child id="142C-143C"/>
        <child id="36C-42C"/>
        <child id="218C"/>
        <child id="154C"/>
        <child id="13A"/>
        <child id="52T"/>
        <child id="110G"/>
        <child id="254A"/>
        <child id="68G"/>
        <child id="94C"/>
        <child id="217G"/>
        <child id="48C"/>
        <child id="163C"/>
        <child id="227C-228G"/>
        <child id="187T"/>
        <child id="10T"/>
        <child id="196A"/>
        <child id="22C"/>
        <child id="17A"/>
        <child id="251T"/>
        <child id="189A"/>
        <child id="123C"/>
        <child id="64C"/>
        <child id="175A"/>
        <child id="262T"/>
        <child id="159C-174A"/>
        <child id="77T"/>
        <child id="240C"/>
        <child id="126G"/>
        <child id="14T"/>
        <child id="170A"/>
        <child id="147A"/>
        <child id="12C-20G"/>
        <child id="158A"/>
        <child id="216G-217A"/>
        <child id="180T"/>
        <child id="52C"/>
        <child id="70A"/>
        <child id="53A"/>
        <child id="269A"/>
        <child id="215T"/>
        <child id="111C"/>
        <child id="202T"/>
        <child id=""/>
        <child id="141T"/>
        <child id="212G"/>
        <child id="232C"/>
        <child id="102C"/>
        <child id="83A"/>
        <child id="231A"/>
        <child id="125C"/>
        <child id="43T"/>
        <child id="127C"/>
        <child id="112T"/>
        <child id="162A"/>
        <child id="87T"/>
        <child id="162T"/>
        <child id="42C"/>
        <child id="120A"/>
        <child id="141C"/>
        <child id="218C-222A"/>
      </parent>
      <parent id="A1B1C2G000046" sequence="GTTCTCACACCATCCAGATAATGTTTGGCTGCGACGTGGGGTCGGACGGGCGCTTCCTCCGCGGGTACCACCAGTACGCCTACGACGGCAAGGATTACATCGCCCTGAACGAGGACCTGCGCTCTTGGACCGCGGCGGACATGGCGGCTCAGATCACCAAGCGCAAGTGGGAGGCGGCCCATGAGGCGGAGCAGTTGAGAGCCTACCTGGATGGCACGTGCGTGGAGTGGCTCCGCAGATACCTGGAGAACGGGAAGGAGACGCTGCAGCGCACGG">
        <child id=""/>
      </parent>
      <parent id="A1B1C2G000035" sequence="GTTCTCACACCGTCCAGAGGATGTGTGGCTGCGACGTGGGGTCGGACTGGCGCTTCCTCCGCGGGTACCACCAGTACGCCTACGACGGCAAGGATTACATCGCCCTGAAAGAGGACCTGCGCTCTTGGACCGCGGCGGACATGGCAGCTCAGACCACCAAGCACAAGTGGGAGGCGGCCCATGTGGCGGAGCAGTTGAGAGCCTACCTGGAGGGCGAGTTCGTGGAGTGGCTCCGCAGATACCTGGAGAACGGGAAGGAGACGCTGCAGCGCACGG">
        <child id=""/>
      </parent>
      <parent id="A1B1C1G000048" sequence="GTTCTCACACCATCCAGATGATGTATGGCTGCGACGTGGGGTCGGACGGGCGCTTCCTCCGCGGGTACCGGCAGGACGCCTACGACGGCAAGGATTACATCGCCCTGAAAGAGGACCTGCGCTCTTGGACCGCGGCGGACATGGCGGCTCAGATCACCAAGCGCAAGTGGGAGGCGGCCCATGTGGCGGAGCAGCAGAGAGCCTACCTGGAGGGCACGTGCGTGGAGTGGCTCCGCAGATACCTGGAGAACGGGAAGGAGACGCTGCAGCGCACGG">
        <child id=""/>
      </parent>
      <parent id="A2B1C2G000021" sequence="GTTCTCACACCATCCAGATGATGTATGGCTGCGACGTGGGGTCGGACGGGCGCTTCCTCCGCGGGTACCGGCAGGACGCCTACGACGGCAAGGATTACATCGCCCTGAAAGAGGACCTGCGCTCTTGGACCGCGGCGGACATGGCAGCTCAGACCACCAAGCACAAGTGGGAGGCGGCCCATGTGGCGGAGCAGTGGAGAGCCTACCTGGAGGGCACGTGCGTGGAGTGGCTCCGCAGATACCTGGAGAACGGGAAGGAGACGCTGCAGCGCACCG">
        <child id=""/>
        <child id="275A"/>
        <child id="275T"/>
      </parent>
      <parent id="A1B1C1G000020" sequence="GTTCTCACACCCTCCAGATGATGTTTGGCTGCGACGTGGGGTCGGACGGGCGCTTCCTCCGCGGGTATGACCAGGACGCCTACGACGGCAAGGATTACATCGCCCTGAAAGAGGACCTGCGCTCTTGGACCGCGGCGGACATGGCGGCTCAGATCACCAAGCGCAAGTGGGAGGCGGCCCATGTGGCGGAGCAGCAGAGAGCCTACCTGGAGGGCACGTGCGTGGACGGGCTCCGCAGATACCTGGAGAACGGGAAGGAGACGCTGCAGCGCACGG">
        <child id=""/>
      </parent>
      <parent id="A1B1C1G000006" sequence="GTTCTCACACCATCCAGATAATGTATGGCTGCGACGTGGGGTCGGACGGGCGCTTCCTCCGCGGGTACCGGCAGGACGCCTACGACGGCAAGGATTACATCGCCCTGAACGAGGACCTGCGCTCTTGGACCGCGGCGGACATGGCGGCTCAGATCACCAAGCGCAAGTGGGAGGCGGCCCATGAGGCGGAGCAGTTGAGAGCCTACCTGGATGCCACGTGCGTGGAGTGGCTCCGCAGATACCTGGAGAACGGGAAGGAGACGCTGCAGCGCACGG">
        <child id=""/>
      </parent>
      <parent id="A1B1C1G000030" sequence="GTTCTCATACCCTCCAGTGGATGATTGGCTGCGACCTGGGGTCCGACGGACGCCTCCTCCGCGGGTATGAACAGTATGCCTACGATGGCAAGGATTACCTCGCCCTGAACGAGGACTGCGCTCCTGGACCGCAGCGGACACTGCGGCTCAGATCTCCAAGCGCAAGTGTGAGGCGGCCAATGTGGCTGAACAAAGGAGAGCCTACCTGGAGGGCACGTGCGTGGAGTGGCTCCACAGATACCTGGAGAACGGGAAGGAGATGCTGCAGCGCGCGG">
        <child id=""/>
      </parent>
      <parent id="A1B1C2G000016" sequence="GTTCTCACACCATCCAGATGATGTATGGCTGCGACGTGGGGCCGGACGGGCGCCTCCTCCGCGGGTACCAGCAGGACGCCTACGACGGCAAGGATTACATCGCCTTGAACGAGGACCTGCGCTCTTGGACCGCGGCGGACATGGCGGCTCAGATCACCCAGCGCAAGTGGGAGGCGGCCCGTGTGGCGGAGCAGTTGAGAGCCTACCTGGAGGGCACGTGCGTGGACGGGCTCCGCAGATACCTGGAGAACGGGAAGGAGACGCTGCAGCGCACGG">
        <child id=""/>
      </parent>
      <parent id="A1B2C2G000061" sequence="GTTCTCACACCATCCAGATAATGTATGGCTGCGACGTGGGGTCGGACGGGCGCTTCCTCCGCGGGTATGAACAGCACGCCTACGACGGCAAGGATTACATCGCCCTGAACGAGGACCTGCGCTCTTGGACCGCGGCGGACATGGCGGCTCAGATCACCCAGCGCAAGTGGGAGGCGGCCCATGTGGCGGAGCAGTGGAGAGCCTACCTGGAGGGCACGTGCGTGGAGTCGCTCCGCAGATACCTGGAGAACGGGAAGGAGACGCTGCAGCGCACGG">
        <child id=""/>
      </parent>
      <parent id="A1B1C2G000116" sequence="GTTCTCACACCGTCCAGAGGATGTATGGCTGCGACGTGGGGTCGGACTGGCGCTTCCTCCGCGGGTACCACCAGTACGCCTACGACGGCAAGGATTACATCGCCCTGAAAGAGGACCTGCGCTCTTGGACCGCGGCGGACATGGCAGCTCAGATCACCCAGCGCAAGTGGGAGGCGGCCCATGTGGCGGAGCAGTTGAGAGCCTACCTGGAGGGCACGTGCGTGGAGTGGCTCCGCAGATACCTGGAGAACGGGAAGGAGACGCTGCAGCGCACGG">
        <child id=""/>
      </parent>
      <parent id="A2B2C2G000006" sequence="GTTCTCACACCATCCAGATAATGTATGGCTGCGACGTGGGGTCGGACGGGCGCTTCCTCCGCGGGTACCGGCAGGACGCCTACGACGGCAAGGATTACATCGCCCTGAACGAGGACCTGCGCTCTTGGACCGCGGCGGACATGGCGGCTCAGATCACCAAGCGCAAGTGGGAGGCGGCCCATGAGGCGGAGCAGCAGAGAGCCTACCTGGATGGCACGTGCGTGGAGTGGCTCCGCAGATACCTGGAGAACGGGAAGGAGACGCTGCAGCGCACGG">
        <child id="196G"/>
        <child id=""/>
      </parent>
      <parent id="A1B2C1G000000" sequence="GTTCTCACACCCTCCAGATGATGTTTGGCTGCGACGTGGGGTCGGACGGGCGCTTCCTCCGCGGGTACCACCAGTACGCCTACGACGGCAAGGATTACATCGCCCTGAACGAGGACCTGCGCTCTTGGACCGCGGCGGACATGGCGGCTCAGATCACCCAGCGCAAGTGGGAGGCGGCCCGTGTGGCGGAGCAGTTGAGAGCCTACCTGGAGGGCACGTGCGTGGACGGGCTCCGCAGATACCTGGAGAACGGGAAGGAGACGCTGCAGCGCACGG">
        <child id=""/>
      </parent>
      <parent id="A1B1C2G000036" sequence="GTTCTCACACCATCCAGATGATGTATGGCTGCGACGTGGGGTCGGACGGGCGCTTCCTCCGCGGGTACCAGCAGGACGCCTACGACGGCAAGGATTACATCGCCTTGAACGAGGACCTGCGCTCTTGGACCGCGGCGGACATGGCGGCTCAGATCACCCAGCGCAAGTGGGAGGCGGCCCGTGAGGCGGAGCAGCGGAGAGCCTACCTGGAGGGCACGTGCGTGGAGTGGCTCCGCAGATACCTGGAGAACGGGAAGGAGACGCTGCAGCGCACGG">
        <child id=""/>
      </parent>
      <parent id="A1B1C2G000019" sequence="GTTCTCACACCCTCCAGATGATGTTTGGCTGCGACGTGGGGTCGGACGGGCGCTTCCTCCGCGGGTACCACCAGTACGCCTACGACGGCAAGGATTACATCGCCCTGAAAGAGGACCTGCGCTCTTGGACCGCGGCGGACATGGCGGCTCAGATCACCAAGCGCAAGTGGGAGGCGGCCCATGTGGCGGAGCAGTGGAGAGCCTACCTGGAGGGCACGTGCGTGGAGTGGCTCCGCAGATACCTGGAGAACGGGAAGGAGACGCTGCAGCGCACGG">
        <child id=""/>
      </parent>
      <parent id="A1B1C2G000056" sequence="GTTCTCACACCGTCCAGAGGATGTATGGCTGCGACGTGGGGTCGGACGGGCGCTTCCTCCGCGGGTATGAACAGCACGCCTACGACGGCAAGGATTACATCGCCCTGAAAGAGGACCTGCGCTCTTGGACCGCGGCGGACATGGCAGCTCAGACCACCAAGCACAAGTGGGAGGCGGCCCATGTGGCGGAGCAGTTGAGAGCCTACCTGGAGGGCACGTGCGTGGAGTGGCTCCGCAGATACCTGGAGAACGGGAAGGAGACGCTGCAGCGCACGG">
        <child id=""/>
      </parent>
      <parent id="A1B1C1G000062" sequence="GTTCTCACACCGTCCAGAGGATGTATGGCTGCGACGTGGGGTCGGACTGGCGCTTCCTCCGCGGGTACCACCAGTACGCCTACGACGGCAAGGATTACATCGCCCTGAAAGAGGACCTGCGCTCTTGGACCGCGGCGGACATGGCAGCTCAGACCACCAAGCACAAGTGGGAGACGGCCCATGAGGCGGAGCAGCAGAGAGCCTACCTGGAGGGCACGTGCGTGGAGTGGCTCCGCAGATACCTGGAGAACGGGAAGGAGACGCTGCAGCGCACGG">
        <child id=""/>
      </parent>
      <parent id="A2B1C1G000005" sequence="GTTCTCACACCATCCAGATAATGTATGGCTGCGACGTGGGGTCGGACGGGCGCTTCCTCCGCGGGTATGAACAGCACGCCTACGACGGCAAGGATTACATCGCCCTGAATGAGGACCTGCGCTCTTGGACCGCGGCGGACATGGCGGCTCAGATCACCCAGCGCAAGTGGGAGGCGGCCCGTCGGGCGGAGCAGTTGAGAGCCTACCTGGAGGGCACGTGCGTGGAGTGGCTCCGCAGATACCTGGAGAACGGGAAGGAGACGCTGCAGCGCACGG">
        <child id="110A"/>
        <child id=""/>
      </parent>
      <parent id="A1B1C1G000010" sequence="GTTCTCACACCATCCAGAGGATGTATGGCTGCGACGTGGGGCCGGACGGGCGCTTCCTCCGCGGGTACCAGCAGGACGCTTACGACGGCAAGGATTACATCGCCCTGAACGAGGACCTGAGCTCCTGGACCGCGGCGGACACCGCGGCTCAGATCACCCAGCGCAAGTGGGAGACGGCCCATGAGGCGGAGCAGTGGAGAGCCTACCTGGAGGGCCGGTGCGTGGAGTGGCTCCGCAGATACCTGGAGAACGGGAAGGAGACGCTGCAGCGCACGG">
        <child id=""/>
      </parent>
      <parent id="A1B1C2G000097" sequence="GTTCTCACACCATCCAGATAATGTATGGCTGCGACGTGGGGTCGGACGGGCGCTTCCTCCGCGGGTATGAACAGCACGCCTACGACGGCAAGGATTACATCGCCCTGAACGAGGACCTGCGCTCTTGGACCGCGGCGGACATGGCGGCTCAGATCACCAAGCGCAAGTGGGAGGCGGCCCATGAGGCGGAGCAGTTGAGAGCCTACCTGGATGGCACGTGCGTGGAGTGGCTCCGCAGATACCTGGAGAACGGGAAGGAGACGCTGCAGCGCACGG">
        <child id=""/>
      </parent>
      <parent id="A2B2C1G000005" sequence="GTTCTCACACCCTCCAGATAATGTATGGCTGCGACGTGGGGTCGGACGGGCGCTTCCTCCGCGGGTATGAACAGCACGCCTACGACGGCAAGGATTACATCGCCCTGAACGAGGACCTGCGCTCTTGGACCGCGGCGGACATGGCGGCTCAGATCACCCAGCGCAAGTGGGAGGCGGCCCGTCGGGCGGAGCAGTTGAGAGCCTACCTGGAGGGCACGTGCGTGGAGTGGCTCCGCAGATACCTGGAGAACGGGAAGGAGACGCTGCAGCGCACGG">
        <child id=""/>
      </parent>
      <parent id="A1B1C1G000054" sequence="GGTCTCACACCCTCCAGGGAATGAATGGCTGCGACATGGGGCCCGACGGACGCCTCCTCCGCGGGTATCACCAGCACGCGTACGACGGCAAGGATTACATCTCCCTGAACGAGGACCTGCGCTCCTGGACCGCGGCGGACACCGTGGCTCAGATCACCCAGCGCTTCTATGAGGCAGAGGAATATGCAGAGGAGTTCAGGACCTACCTGGAGGGCGAGTGCCTGGAGTTGCTCCGCAGATACTTGGAGAATGGGAAGGAGACGCTACAGCGCGCAG">
        <child id=""/>
      </parent>
      <parent id="A1B2C2G000068" sequence="GTTCTCACACCATCCAGATAATGTATGGCTGCGACGTGGGGCCGGACGGGCGCTTCCTCCGCGGGTACCGGCAGGACGCCTACGACGGCAAGGATTACATCGCCCTGAAAGAGGACCTGCGCTCTTGGACCGCGGCGGACATGGCGGCTCAGATCACCAAGCGCAAGTGGGAGGCGGCCCATGTGGCGGAGCAGCAGAGAGCCTACCTGGAGGGCACGTGCGTGGACGGGCTCCGCAGATACCTGGAGAACGGGAAGGAGACGCTGCAGCGCACGG">
        <child id=""/>
      </parent>
      <parent id="A1B2C2G000008" sequence="GTTCTCACACCCTCCAGATGATGTTTGGCTGCGACGTGGGGTCGGACGGGCGCTTCCTCCGCGGGTACCACCAGTACGCCTACGACGGCAAGGATTACATCGCCCTGAAAGAGGACCTGCGCTCTTGGACCGCGGCGGACATGGCGGCTCAGATCACCAAGCGCAAGTGGGAGGCGGCCCATGTGGCGGAGCAGCAGAGAGCCTACCTGGAGGGCACGTGCGTGGACGGGCTCCGCAGATACCTGGAGAACGGGAAGGAGACGCTGCAGCGCACGG">
        <child id="91G"/>
        <child id="216C-217T"/>
        <child id="175A"/>
        <child id="75G"/>
        <child id="22C"/>
        <child id="57A"/>
        <child id="262T"/>
        <child id="165C"/>
        <child id="239C"/>
        <child id="244G"/>
        <child id="155A"/>
        <child id="162A"/>
        <child id="39T"/>
        <child id="202T"/>
        <child id="188A"/>
        <child id="163C"/>
        <child id="228T"/>
        <child id="187T"/>
        <child id="234G"/>
        <child id="172T"/>
        <child id="86G"/>
        <child id="267A"/>
        <child id="32A"/>
        <child id="79G"/>
        <child id="132A-133A"/>
        <child id="251T"/>
        <child id="274A"/>
        <child id="105T-110C"/>
        <child id="16G"/>
        <child id="110T"/>
        <child id="178T"/>
        <child id="174A"/>
        <child id="156C"/>
        <child id="232G"/>
        <child id="180T"/>
        <child id="12G"/>
        <child id="36C"/>
        <child id="182C"/>
        <child id="182A"/>
        <child id="145A"/>
        <child id="107A"/>
        <child id="271T"/>
        <child id="193G"/>
        <child id="218A"/>
        <child id="216G-217A"/>
        <child id="135A"/>
        <child id="77T"/>
        <child id="56G"/>
        <child id="75C"/>
        <child id="147A"/>
        <child id="65C"/>
        <child id="159C"/>
        <child id="65T"/>
        <child id="29T"/>
        <child id="64A"/>
        <child id="73G"/>
        <child id="83A"/>
        <child id="201C"/>
        <child id="130T"/>
        <child id="51T"/>
        <child id="252T"/>
        <child id="125C"/>
        <child id="131T"/>
        <child id="117T"/>
        <child id="270A"/>
        <child id="142G"/>
        <child id="221T"/>
        <child id="150T"/>
        <child id="84A"/>
        <child id="134C"/>
        <child id="19G"/>
        <child id="199A"/>
        <child id="12A"/>
        <child id="85C"/>
        <child id="27A"/>
        <child id="81C"/>
        <child id="262G"/>
        <child id="61A"/>
        <child id="119T"/>
        <child id="86A"/>
        <child id="263C"/>
        <child id="113A"/>
        <child id="116T"/>
        <child id="41A"/>
        <child id="275T"/>
        <child id="30C"/>
        <child id="181G"/>
        <child id="84T"/>
        <child id="271A"/>
        <child id="162T"/>
        <child id="19G-25A-48T"/>
        <child id="94T"/>
        <child id="201A"/>
        <child id="152C"/>
        <child id="140T"/>
        <child id="42C"/>
        <child id="105G"/>
        <child id="59A"/>
        <child id="139C"/>
        <child id="120A"/>
        <child id="39C"/>
        <child id="52T"/>
        <child id="111A"/>
        <child id="262A"/>
        <child id="244C"/>
        <child id="274G"/>
        <child id="59G"/>
        <child id="15G"/>
        <child id="49T"/>
        <child id="161C"/>
        <child id="275A"/>
        <child id="134A"/>
        <child id="67G"/>
        <child id="275C"/>
        <child id="54C"/>
        <child id="68T-69G"/>
        <child id="274T"/>
        <child id="17C"/>
        <child id="104T"/>
        <child id="126C"/>
        <child id="78A"/>
        <child id="169C"/>
        <child id="175T"/>
        <child id="188C"/>
        <child id="1T"/>
        <child id=""/>
        <child id="260A"/>
        <child id="101A"/>
        <child id="106C"/>
        <child id="25A-42C"/>
        <child id="233T"/>
        <child id="83T"/>
        <child id="68T-69A"/>
        <child id="58C"/>
        <child id="197C"/>
        <child id="163A"/>
        <child id="196G"/>
        <child id="251A"/>
        <child id="50A"/>
        <child id="99C"/>
        <child id="130G"/>
        <child id="136T"/>
        <child id="10A"/>
        <child id="199C"/>
        <child id="18T-19G-24A"/>
        <child id="86T"/>
        <child id="163T"/>
        <child id="240C"/>
        <child id="153C"/>
        <child id="87A"/>
        <child id="149C"/>
        <child id="56T"/>
        <child id="252A"/>
        <child id="143A"/>
        <child id="196C"/>
        <child id="100A"/>
        <child id="189T"/>
        <child id="71G-75G"/>
        <child id="141G"/>
        <child id="240A"/>
        <child id="12G-19G-25A"/>
        <child id="77A"/>
        <child id="217T"/>
        <child id="230A"/>
        <child id="63A"/>
        <child id="158T"/>
        <child id="78T"/>
        <child id="200G"/>
        <child id="77G"/>
        <child id="66C"/>
        <child id="195T-196G"/>
        <child id="76C"/>
        <child id="122T"/>
        <child id="87C"/>
        <child id="16T"/>
        <child id="12A-25A"/>
        <child id="187A"/>
        <child id="36A"/>
        <child id="25A"/>
        <child id="273G-275A"/>
        <child id="142C"/>
        <child id="206G"/>
        <child id="183A"/>
        <child id="273G"/>
        <child id="228C"/>
        <child id="146A"/>
        <child id="22A"/>
        <child id="142C-143C"/>
        <child id="154C"/>
        <child id="71T"/>
        <child id="110C"/>
        <child id="76T"/>
        <child id="212T"/>
      </parent>
      <parent id="A1B1C2G000111" sequence="GTTCTCACACCGTCCAGAGGATGTATGGCTGCGACGTGGGGTCGGACGGGCGCTTCCTCCGCGGGTACCAGCAGGACGCTTACGACGGCAAGGATTACATCGCCCTGAACGAGGACCTGCGCTCTTGGACCGCGGCGGACATGGCGGCTCAGATCACCCAGCGCAAGTGGGAGGCGGCCCATGTGGCGGAGCAGTTGAGAGCCTACCTGGAGGGCACGTGCGTGGAGTGGCTCCGCAGATACCTGGAGAACGGGAAGGAGACGCTGCAGCGCACGG">
        <child id=""/>
      </parent>
      <parent id="A1B1C1G000117" sequence="GTTCTCACACCATCCAGAGGATGTATGGCTGCGACGTGGGGCCGGACGGGCGCTTCCTCCGCGGGTACCGGCAGGACGCCTACGACGGCAAGGATTACATCGCCCTGAACGAGGACCTGCGCTCTTGGACCGCGGCGGACATGGCGGCTCAGATCACCAAGCGCAAGTGGGAGGCGGCCCATGAGGCGGAGCAGTTGAGAGCCTACCTGGATGGCACGTGCGTGGAGTGGCTCCGCAGATACCTGGAGAACGGGAAGGAGACGCTGCAGCGCACGG">
        <child id=""/>
      </parent>
      <parent id="A1B1C2G000010" sequence="GTTCTCACACCATCCAGAGGATGTATGGCTGCGACGTGGGGCCGGACGGGCGCTTCCTCCGCGGGTACCAGCAGGACGCTTACGACGGCAAGGATTACATCGCCCTGAACGAGGACCTGCGCTCCTGGACCGCGGCGGACATGGCGGCTCAGATCACCCAGCGCAAGTGGGAGACGGCCCATGAGGCGGAGCAGTGGAGAGCCTACCTGGAGGGCCGGTGCGTGGAGTGGCTCCGCAGATACCTGGAGAACGGGAAGGAGACGCTGCAGCGCACGG">
        <child id=""/>
      </parent>
      <parent id="A1B2C2G000001" sequence="GTTCTCACACCCTCCAGATGATGTTTGGCTGCGACGTGGGGTCGGACGGGCGCTTCCTCCGCGGGTACCACCAGTACGCCTACGACGGCAAGGATTACATCGCCCTGAAAGAGGACCTGCGCTCTTGGACCGCGGCGGACATGGCGGCTCAGATCACCAAGCGCAAGTGGGAGGCGGCCCATGTGGCGGAGCAGCAGAGAGCCTACCTGGAGGGCCGGTGCGTGGAGTGGCTCCGCAGATACCTGGAGAACGGGAAGGAGACGCTGCAGCGCACGG">
        <child id=""/>
        <child id="227C-228G"/>
      </parent>
      <parent id="A1B1C2G000043" sequence="GTTCTCACACCCTCCAGAGGATGTATGGCTGCGACGTGGGGTCGGACTGGCGCTTCCTGCGCGGGTACCACCAGTACGCCTACGACGGCAAGGATTACATCGCCCTGAAAGAGGACCTGCGCTCTTGGACCGCGGCGGACATGGCAGCTCAGACCACCAAGCACAAGTGGGAGGCGGCCCATGTGGCGGAGCAGTGGAGAGCCTACCTGGAGGGCCGGTGCGTGGAGTGGCTCCGCAGATACCTGGAGAACGGGAAGGAGACGCTGCAGCGCACGG">
        <child id=""/>
      </parent>
      <parent id="A1B1C2G000004" sequence="GTTCTCACACCATCCAGATAATGTATGGCTGCGACGTGGGGCCGGACGGGCGCTTCCTCCGCGGGTACCGGCAGGACGCCTACGACGGCAAGGATTACATCGCCCTGAACGAGGACCTGCGCTCTTGGACCGCGGCGGACATGGCAGCTCAGATCACCAAGCGCAAGTGGGAGGCGGCCCATGCGGCGGAGCAGCAGAGAGCCTACCTGGAGGGCCGGTGCGTGGACGGGCTCCGCAGATACCTGGAGAACGGGAAGGAGACGCTGCAGCGCACGG">
        <child id=""/>
      </parent>
      <parent id="A1B2C2G000006" sequence="GTTCTCACACCATCCAGATAATGTATGGCTGCGACGTGGGGTCGGACGGGCGCTTCCTCCGCGGGTACCGGCAGGACGCCTACGACGGCAAGGATTACATCGCCCTGAACGAGGACCTGCGCTCTTGGACCGCGGCGGACATGGCGGCTCAGATCACCAAGCGCAAGTGGGAGGCGGCCCATGAGGCGGAGCAGCTGAGAGCCTACCTGGATGGCACGTGCGTGGAGTGGCTCCGCAGATACCTGGAGAACGGGAAGGAGACGCTGCAGCGCACGG">
        <child id=""/>
        <child id="212G"/>
      </parent>
      <parent id="A1B2C1G000037" sequence="GGTCTAACACCCTCCAGATAATGTATGGCTGCGACTTGGGGCTGGAAGGGCGCCTCCTCCGCGGGTATGAACAGCACGCCAACGATGGCAAGGATTACATAGCCCGGAACTAGGACCTGCGCTCCTGGACCGCGGCGGACATGGCGGCTCAGATCATCAAGCGCAAGTGGGAGGCAGAAGAATTTGCAGAGCAGATCAGGGCCTACCTGGAGGGCACGTGCGTGGAGAGGCTCGCAGACACCTGGAGAACGGGAAGGAGACGCTGCAGCTCACTG">
        <child id=""/>
      </parent>
      <parent id="A1B1C1G000041" sequence="GTTCTCACACCATCCAGATGATGTATGGCTGCGACGTGGGGTCGGACGGGCGCTTCCTCCGCGGGTACCGGCAGGACGCCTACGACGGCAAGGATTACATCGCCTTGAACGAGGACCTGCGCTCTTGGACCGCGGCGGACATGGCAGCTCAGACCACCAAGCACAAGTGGGAGGCGGCCCATGTGGCGGAGCAGTTGAGAGCCTACCTGGAGGGCACGTGCGTGGAGTGGCTCCGCAGATACCTGGAGAACGGGAAGGAGACGCTGCAGCGCACGG">
        <child id=""/>
      </parent>
      <parent id="A1B2C2G000057" sequence="GGTCTCACACCCTGCAGTGGATGCATGGCTGCGAGCTGGGGCCCGACGGGCGCTTCCTCCGCGGGTATGAACAGTTCGCCTACGACGGCAAGGATTATCTCACCCTGAATGAGGACCTGCGCTCCTGGACCGCGGTGGACACGGCGGCTCAGATCTCCGAGCAAAAGTCAAATGATGCCTCTGAGGCGGAGCACCAGAGAGCCTACCTGGAAGACACATGCGTGGAGTGGCTCCACAAATACCTGGAGAAGGGGAAGGAGACGCTGCTTCACCTGG">
        <child id=""/>
      </parent>
      <parent id="A1B1C1G000106" sequence="GTTCTCACACCATCCAGATAATGTATGGCGTGGGGTCGGACGGGCGCTTCCTCCGCGGGTACCGGCAGGACGCCTACGACGGCAAGGATTACATCGCCCTGAACGAGGACCTGCGCTCTTGGACCGCGGCGGACATGGCGGCTCAGATCACCAAGCGCAAGTGGGAGGCGGCCCATGAGGCGGAGCAGTTGAGAGCCTACCTGGATGGCACGTGCGTGGAGTGGCTCCGCAGATACCTGGAGAACGGGAAGGAGACGCTGCAGCGCACGG">
        <child id=""/>
      </parent>
      <parent id="A1B1C2G000058" sequence="GTTCTCACACCCTCCAGATGATGTTTGGCTGCGACGTGGGGTCGGACGGGCGCTTCCTCCGCGGGTACCACCAGTACGCCTACGACGGCAAGGATTACATCGCCCTGAAAGAGGACCTGCGCTCTTGGACCGCGGCGGACATGGCGGCTCAGATCACCAAGCGCAAGTGGGAGGCGGCCCATGTGGCGGAGCAGCAGAGAGCCTACCTGGAGGGCACGTGCGTGGAGTGGCTCCGCAGATACCTGGAGAACGGGAAGGAGACGCTGCAGCGCACTG">
        <child id=""/>
      </parent>
      <parent id="A1B1C2G000028" sequence="GTTCTCACACCATGCAGGTGATGTATGGCTGCGACGTGGGGCCCGACGGGCGCTTCCTCCGCGGGTATGAACAGCACGCCTACGACAGCAAGGATTACATCGCTCTGAACGAGGACCTGCGCTCCTGGACCGCGGCGGACATGGCAGCTCAGATCACCAAGCGCAAGTGGGAGGCGGCCCGTCAGGCGGAGCAGCTGAGAGCCTACCTGGAGGGCGAGTTCGTGGAGTGGCTCCGCAGATACCTGGAGAACGGGAAGGAGACGCTGCAGCGCGCGG">
        <child id=""/>
      </parent>
    </target>
  </ruleset>
</project>
